------Start of DE processing------ = [02/05/2022 12:12:57:852 BRT]
Exception = com.ibm.ws.container.service.state.StateChangeException
Source = com.ibm.ws.app.manager.module.internal.SimpleDeployedAppInfoBase
probeid = 548
Stack Dump = com.ibm.ws.container.service.state.StateChangeException: org.jboss.weld.exceptions.DefinitionException: HV000151: A method overriding another method must not redefine the parameter constraint configuration, but method BrandDAO#save(Brand) redefines the configuration of GenericDAO#save(Object).
	at com.ibm.ws.container.service.state.internal.ApplicationStateManager.fireStarting(ApplicationStateManager.java:55)
	at com.ibm.ws.container.service.state.internal.StateChangeServiceImpl.fireApplicationStarting(StateChangeServiceImpl.java:50)
	at com.ibm.ws.app.manager.module.internal.SimpleDeployedAppInfoBase.preDeployApp(SimpleDeployedAppInfoBase.java:547)
	at com.ibm.ws.app.manager.module.internal.SimpleDeployedAppInfoBase.installApp(SimpleDeployedAppInfoBase.java:508)
	at com.ibm.ws.app.manager.module.internal.DeployedAppInfoBase.deployApp(DeployedAppInfoBase.java:349)
	at com.ibm.ws.app.manager.war.internal.WARApplicationHandlerImpl.install(WARApplicationHandlerImpl.java:65)
	at com.ibm.ws.app.manager.internal.statemachine.StartAction.execute(StartAction.java:161)
	at com.ibm.ws.app.manager.internal.statemachine.ApplicationStateMachineImpl.enterState(ApplicationStateMachineImpl.java:1357)
	at com.ibm.ws.app.manager.internal.statemachine.ApplicationStateMachineImpl.performAction(ApplicationStateMachineImpl.java:1222)
	at com.ibm.ws.app.manager.internal.statemachine.ApplicationStateMachineImpl.run(ApplicationStateMachineImpl.java:909)
	at com.ibm.ws.threading.internal.ExecutorServiceImpl$RunnableWrapper.run(ExecutorServiceImpl.java:245)
	at java.base/java.util.concurrent.ThreadPoolExecutor.runWorker(ThreadPoolExecutor.java:1136)
	at java.base/java.util.concurrent.ThreadPoolExecutor$Worker.run(ThreadPoolExecutor.java:635)
	at java.base/java.lang.Thread.run(Thread.java:833)
Caused by: org.jboss.weld.exceptions.DefinitionException: HV000151: A method overriding another method must not redefine the parameter constraint configuration, but method BrandDAO#save(Brand) redefines the configuration of GenericDAO#save(Object).
	at org.jboss.weld.bootstrap.events.ContainerLifecycleEvents.fireProcessAnnotatedType(ContainerLifecycleEvents.java:189)
	at org.jboss.weld.bootstrap.events.ContainerLifecycleEvents.fireProcessAnnotatedType(ContainerLifecycleEvents.java:173)
	at org.jboss.weld.bootstrap.BeanDeployer.processAnnotatedTypes(BeanDeployer.java:166)
	at org.jboss.weld.bootstrap.BeanDeployment.createTypes(BeanDeployment.java:219)
	at org.jboss.weld.bootstrap.WeldStartup.startInitialization(WeldStartup.java:426)
	at org.jboss.weld.bootstrap.WeldBootstrap.startInitialization(WeldBootstrap.java:79)
	at com.ibm.ws.cdi.impl.CDIContainerImpl$2.run(CDIContainerImpl.java:156)
	at com.ibm.ws.cdi.impl.CDIContainerImpl$2.run(CDIContainerImpl.java:153)
	at java.base/java.security.AccessController.doPrivileged(AccessController.java:318)
	at com.ibm.ws.cdi.impl.CDIContainerImpl.startInitialization(CDIContainerImpl.java:153)
	at com.ibm.ws.cdi.liberty.CDIRuntimeImpl.applicationStarting(CDIRuntimeImpl.java:480)
	at com.ibm.ws.container.service.state.internal.ApplicationStateManager.fireStarting(ApplicationStateManager.java:51)
	... 13 more
Caused by: jakarta.validation.ConstraintDeclarationException: HV000151: A method overriding another method must not redefine the parameter constraint configuration, but method BrandDAO#save(Brand) redefines the configuration of GenericDAO#save(Object).
	at org.hibernate.validator.internal.metadata.aggregated.rule.OverridingMethodMustNotAlterParameterConstraints.apply(OverridingMethodMustNotAlterParameterConstraints.java:24)
	at org.hibernate.validator.internal.metadata.aggregated.ExecutableMetaData$Builder.assertCorrectnessOfConfiguration(ExecutableMetaData.java:462)
	at org.hibernate.validator.internal.metadata.aggregated.ExecutableMetaData$Builder.build(ExecutableMetaData.java:380)
	at org.hibernate.validator.internal.metadata.aggregated.BeanMetaDataBuilder$BuilderDelegate.build(BeanMetaDataBuilder.java:260)
	at org.hibernate.validator.internal.metadata.aggregated.BeanMetaDataBuilder.build(BeanMetaDataBuilder.java:133)
	at org.hibernate.validator.internal.metadata.BeanMetaDataManagerImpl.createBeanMetaData(BeanMetaDataManagerImpl.java:206)
	at org.hibernate.validator.internal.metadata.BeanMetaDataManagerImpl.getBeanMetaData(BeanMetaDataManagerImpl.java:165)
	at org.hibernate.validator.internal.engine.ValidatorImpl.getConstraintsForClass(ValidatorImpl.java:316)
	at org.hibernate.validator.cdi.ValidationExtension.determineConstrainedCallables(ValidationExtension.java:251)
	at org.hibernate.validator.cdi.ValidationExtension.processAnnotatedType(ValidationExtension.java:238)
	at com.ibm.ws.beanvalidation.v20.cdi.internal.LibertyHibernateValidatorExtension.processAnnotatedType(LibertyHibernateValidatorExtension.java:168)
	at jdk.internal.reflect.GeneratedMethodAccessor1443.invoke(Unknown Source)
	at java.base/java.lang.reflect.Method.invoke(Method.java:568)
	at org.jboss.weld.injection.StaticMethodInjectionPoint.invoke(StaticMethodInjectionPoint.java:95)
	at org.jboss.weld.injection.StaticMethodInjectionPoint.invoke(StaticMethodInjectionPoint.java:85)
	at org.jboss.weld.injection.MethodInvocationStrategy$SimpleMethodInvocationStrategy.invoke(MethodInvocationStrategy.java:168)
	at org.jboss.weld.event.ObserverMethodImpl.sendEvent(ObserverMethodImpl.java:330)
	at org.jboss.weld.event.ExtensionObserverMethodImpl.sendEvent(ExtensionObserverMethodImpl.java:123)
	at org.jboss.weld.event.ObserverMethodImpl.sendEvent(ObserverMethodImpl.java:308)
	at org.jboss.weld.event.ObserverMethodImpl.notify(ObserverMethodImpl.java:286)
	at jakarta.enterprise.inject.spi.ObserverMethod.notify(ObserverMethod.java:125)
	at org.jboss.weld.util.Observers.notify(Observers.java:166)
	at org.jboss.weld.event.ObserverNotifier.notifySyncObservers(ObserverNotifier.java:285)
	at org.jboss.weld.event.ObserverNotifier.notify(ObserverNotifier.java:273)
	at org.jboss.weld.event.ObserverNotifier.fireEvent(ObserverNotifier.java:189)
	at org.jboss.weld.bootstrap.events.ContainerLifecycleEvents.fireProcessAnnotatedType(ContainerLifecycleEvents.java:187)
	... 24 more

Dump of callerThis
Object type = com.ibm.ws.app.manager.war.internal.WARDeployedAppInfo
  CONTEXT_ROOT = "context-root"
  webContainerModuleInfo = class com.ibm.ws.app.manager.module.internal.SimpleDeployedAppInfoBase$WebModuleContainerInfo@15e0d557
    contextRoot = "/restapi"
    defaultContextRoot = "restapi"
    serialVersionUID = 4617657913043497664
    $$$tc$$$ = class com.ibm.websphere.ras.TraceComponent@7960f962
      strings[0] = "TraceComponent[com.ibm.ws.app.manager.module.internal.SimpleDeployedAppInfoBase$WebModuleContainerInfo,class com.ibm.ws.app.manager.module.internal.SimpleDeployedAppInfoBase$WebModuleContainerInfo,[applications, app.manager],null,null]"
    moduleHandler = class com.ibm.ws.app.manager.web.internal.WebModuleHandlerImpl@75db2704
      serialVersionUID = 4795602325763828210
      $$$tc$$$ = class com.ibm.websphere.ras.TraceComponent@60866013
      futureMonitor = class com.ibm.ws.threading.internal.FutureMonitorImpl@e19d4c7
      metaDataService = class com.ibm.ws.container.service.metadata.internal.MetaDataServiceImpl@5ea2e17
      stateChangeService = class com.ibm.ws.container.service.state.internal.StateChangeServiceImpl@20fff407
      moduleRuntimeContainer = class com.ibm.ws.webcontainer.osgi.WebContainer@27146e54
      firstFailure = null
      serialVersionUID = -4563697739413190872
      $$$tc$$$ = class com.ibm.websphere.ras.TraceComponent@2955edc6
    moduleMetaDataExtenders = class java.util.Collections$UnmodifiableRandomAccessList@5eee5274
      serialVersionUID = "/* Could not access serialVersionUID */"
      serialVersionUID = "/* Could not access serialVersionUID */"
      list = "/* Could not access list */"
      serialVersionUID = "/* Could not access serialVersionUID */"
      c = "/* Could not access c */"
    nestedModuleMetaDataFactories = class java.util.Collections$UnmodifiableRandomAccessList@2740c97a
      serialVersionUID = "/* Could not access serialVersionUID */"
      serialVersionUID = "/* Could not access serialVersionUID */"
      list = "/* Could not access list */"
      serialVersionUID = "/* Could not access serialVersionUID */"
      c = "/* Could not access c */"
    nestedModules = null
    moduleName = "restapi"
    moduleDD = null
    moduleInfo = class com.ibm.ws.app.manager.module.internal.WebModuleInfoImpl@4394051
      contextRoot = "/restapi"
      isDefaultContextRootUsed = false
      defaultContextRoot = "restapi"
      serialVersionUID = -6699247856069243844
      $$$tc$$$ = class com.ibm.websphere.ras.TraceComponent@7f436446
      tc = class com.ibm.websphere.ras.TraceComponent@383eb900
      appInfo = class com.ibm.ws.container.service.app.deploy.internal.ApplicationInfoImpl@28334fca
      moduleName = "restapi"
      path = "restapi.war"
      moduleContainer = class com.ibm.ws.adaptable.module.internal.AdaptableContainerImpl@43a957f8
      altDDEntry = null
      moduleClassesContainers = class java.util.ArrayList@17c2a61
      classLoaderFactory = class com.ibm.ws.app.manager.war.internal.WARDeployedAppInfo@cd6c7cd
      containerInfoType = class com.ibm.ws.container.service.app.deploy.ContainerInfo$Type@5d1426c1
      classLoader = class com.ibm.ws.classloading.internal.AppClassLoader@53466017
      moduleMetaData = class com.ibm.ws.webcontainer.osgi.metadata.WebModuleMetaDataImpl@2cf6181f
      nestedModuleMetaDataTypes = class java.util.ArrayList@134073a
      nestedModuleMetaDataValues = class java.util.ArrayList@7339338b
      serialVersionUID = 3986734351620206554
    serialVersionUID = 5122721995888983779
    $$$tc$$$ = class com.ibm.websphere.ras.TraceComponent@8bd24c8
      strings[0] = "TraceComponent[com.ibm.ws.app.manager.module.internal.SimpleDeployedAppInfoBase$ModuleContainerInfoBase,class com.ibm.ws.app.manager.module.internal.SimpleDeployedAppInfoBase$ModuleContainerInfoBase,[applications, app.manager],null,null]"
    type = class com.ibm.ws.container.service.app.deploy.ContainerInfo$Type@5d1426c1
      MANIFEST_CLASSPATH = class com.ibm.ws.container.service.app.deploy.ContainerInfo$Type@320c1e29
      WEB_INF_CLASSES = class com.ibm.ws.container.service.app.deploy.ContainerInfo$Type@27d604b5
      WEB_INF_LIB = class com.ibm.ws.container.service.app.deploy.ContainerInfo$Type@5b037503
      EAR_LIB = class com.ibm.ws.container.service.app.deploy.ContainerInfo$Type@50eb8f41
      WEB_MODULE = class com.ibm.ws.container.service.app.deploy.ContainerInfo$Type@5d1426c1
      EJB_MODULE = class com.ibm.ws.container.service.app.deploy.ContainerInfo$Type@2443e23
      CLIENT_MODULE = class com.ibm.ws.container.service.app.deploy.ContainerInfo$Type@15a07172
      RAR_MODULE = class com.ibm.ws.container.service.app.deploy.ContainerInfo$Type@554ba5a8
      JAR_MODULE = class com.ibm.ws.container.service.app.deploy.ContainerInfo$Type@5956a9c7
      SHARED_LIB = class com.ibm.ws.container.service.app.deploy.ContainerInfo$Type@7a4031e8
      $VALUES = class com.ibm.ws.container.service.app.deploy.ContainerInfo$Type[10]
      name = "/* Could not access name */"
      ordinal = "/* Could not access ordinal */"
    name = "restapi.war"
    container = class com.ibm.ws.adaptable.module.internal.AdaptableContainerImpl@43a957f8
      root = class com.ibm.ws.adaptable.module.internal.AdaptableContainerImpl@43a957f8
      rootOverlay = class com.ibm.ws.artifact.overlay.internal.DirectoryBasedOverlayContainerImpl@1bab9a07
      factoryHolder = class com.ibm.ws.adaptable.module.internal.AdaptableModuleFactoryImpl@77731cda
      delegate = class com.ibm.ws.artifact.overlay.internal.DirectoryBasedOverlayContainerImpl@1bab9a07
      notifier = class com.ibm.ws.adaptable.module.internal.NotifierImpl@a149b95
      serialVersionUID = -5950528200509051684
      $$$tc$$$ = class com.ibm.websphere.ras.TraceComponent@113b06ef
    moduleClassLoaderFactory = class com.ibm.ws.app.manager.war.internal.WARDeployedAppInfo@cd6c7cd
    altDDEntry = null
    classesContainerInfo = class java.util.ArrayList@17c2a61
      serialVersionUID = "/* Could not access serialVersionUID */"
      DEFAULT_CAPACITY = "/* Could not access DEFAULT_CAPACITY */"
      EMPTY_ELEMENTDATA = "/* Could not access EMPTY_ELEMENTDATA */"
      DEFAULTCAPACITY_EMPTY_ELEMENTDATA = "/* Could not access DEFAULTCAPACITY_EMPTY_ELEMENTDATA */"
      elementData = "/* Could not access elementData */"
      size = "/* Could not access size */"
      modCount = "/* Could not access modCount */"
    serialVersionUID = 4636874131959542427
    $$$tc$$$ = class com.ibm.websphere.ras.TraceComponent@83d820f
      strings[0] = "TraceComponent[com.ibm.ws.app.manager.module.internal.SimpleDeployedAppInfoBase$ExtendedContainerInfo,class com.ibm.ws.app.manager.module.internal.SimpleDeployedAppInfoBase$ExtendedContainerInfo,[applications, app.manager],null,null]"
  DYNAMIC_IMPORT_PACKAGE_LIST = class java.util.Collections$UnmodifiableRandomAccessList@49c49421
    serialVersionUID = "/* Could not access serialVersionUID */"
    serialVersionUID = "/* Could not access serialVersionUID */"
    list = "/* Could not access list */"
    serialVersionUID = "/* Could not access serialVersionUID */"
    c = "/* Could not access c */"
  serialVersionUID = 6176035338244935179
  $$$tc$$$ = class com.ibm.websphere.ras.TraceComponent@7061b23
    strings[0] = "TraceComponent[com.ibm.ws.app.manager.war.internal.WARDeployedAppInfo,class com.ibm.ws.app.manager.war.internal.WARDeployedAppInfo,[webcontainer, applications, app.manager],com.ibm.ws.app.manager.war.internal.resources.Messages,null]"
  _tc = class com.ibm.websphere.ras.TraceComponent@55281e8e
    strings[0] = "TraceComponent[com.ibm.ws.app.manager.module.internal.DeployedAppInfoBase,class com.ibm.ws.app.manager.module.internal.DeployedAppInfoBase,[app.manager],com.ibm.ws.app.manager.module.internal.resources.Messages,null]"
  PERMISSION_XML = "permissions.xml"
  applicationInformation = class com.ibm.ws.app.manager.internal.ApplicationInstallInfo@5519b48
    _config = class com.ibm.ws.app.manager.internal.ApplicationConfig@34f741e
      tc = class com.ibm.websphere.ras.TraceComponent@3fe85fb7
      _configPid = "com.ibm.ws.app.manager_81"
      _config = class com.ibm.ws.config.admin.ConfigurationDictionary@39a29681
      _applicationManager = class com.ibm.ws.app.manager.ApplicationManager@5613cca2
      _location = "restapi.war"
      _type = "war"
      _name = "restapi"
      _notificationBroadcasterSupport = class javax.management.NotificationBroadcasterSupport@79d39cdd
      ONE_TIME_JANDEX_MSGS_DISPLAYED = true
      serialVersionUID = -2151423388299667431
    _handlerInfo = class java.util.concurrent.atomic.AtomicReference@15241ac4
      serialVersionUID = "/* Could not access serialVersionUID */"
      VALUE = "/* Could not access VALUE */"
      value = "/* Could not access value */"
    _container = class java.util.concurrent.atomic.AtomicReference@1adbd694
      serialVersionUID = "/* Could not access serialVersionUID */"
      VALUE = "/* Could not access VALUE */"
      value = "/* Could not access value */"
    _resolvedLocation = class java.util.concurrent.atomic.AtomicReference@26623edd
      serialVersionUID = "/* Could not access serialVersionUID */"
      VALUE = "/* Could not access VALUE */"
      value = "/* Could not access value */"
    _handler = class com.ibm.ws.app.manager.war.internal.WARApplicationHandlerImpl@5e75518b
      futureMonitor = class com.ibm.ws.threading.internal.FutureMonitorImpl@e19d4c7
      deployedAppFactory = class com.ibm.ws.app.manager.war.internal.WARDeployedAppInfoFactoryImpl@b50ec75
      serialVersionUID = 4622845147410944782
      $$$tc$$$ = class com.ibm.websphere.ras.TraceComponent@3134f371
    _ami = class java.util.concurrent.atomic.AtomicReference@6bb282bb
      serialVersionUID = "/* Could not access serialVersionUID */"
      VALUE = "/* Could not access VALUE */"
      value = "/* Could not access value */"
    _updateHandler = class com.ibm.ws.app.manager.internal.statemachine.ApplicationStateMachineImpl@2f99862f
      _tc = class com.ibm.websphere.ras.TraceComponent@163eb28a
      EMPTY_FUTURE_ARRAY = interface java.util.concurrent.Future[0]
      asmSequenceNumber = class java.util.concurrent.atomic.AtomicLong@1687db18
      _qscaCounter = class java.util.concurrent.atomic.AtomicInteger@5e3973b6
      _failedThrowable = null
      _interruptibleLock = class com.ibm.ws.app.manager.internal.statemachine.ApplicationStateMachineImpl$2@3b6929d8
      _interruptible = false
      _performingQueuedActions = true
      _queuedActions = class java.util.concurrent.ConcurrentLinkedQueue@62aff511
      _callbackState = class java.util.concurrent.atomic.AtomicReference@4ad8bd47
      blockAppStartingFutures = class java.util.Collections$SetFromMap@5f69d369
      waitingForAppHandlerFuture = class java.util.concurrent.atomic.AtomicReference@2dbc16b5
      waitingForExplicitStartFuture = class java.util.concurrent.atomic.AtomicReference@30a6796e
      startAfterFutures = class java.util.Collections$SetFromMap@3f1bd8b8
      completionListener = class java.util.concurrent.atomic.AtomicReference@2ef8b6a9
      _notifyAppStopped = class java.util.concurrent.ConcurrentLinkedQueue@63bc047d
      _notifyAppStarting = class java.util.concurrent.ConcurrentLinkedQueue@60526c6d
      _notifyAppInstallCalled = class java.util.concurrent.ConcurrentLinkedQueue@16db6c7
      _notifyAppStarted = class java.util.concurrent.ConcurrentLinkedQueue@6acb05bd
      _notifyAppRemoved = class java.util.concurrent.ConcurrentLinkedQueue@69d76b75
      _stateLock = class com.ibm.ws.app.manager.internal.statemachine.ApplicationStateMachineImpl$3@1a955326
      _internalState = class java.util.concurrent.atomic.AtomicReference@7622053d
      _currentAction = class java.util.concurrent.atomic.AtomicReference@447600a9
      _rfa = class java.util.concurrent.atomic.AtomicReference@16285791
      _appInstallInfo = class java.util.concurrent.atomic.AtomicReference@26943a11
      _update = class java.util.concurrent.atomic.AtomicBoolean@40f9c813
      _appConfig = class java.util.concurrent.atomic.AtomicReference@34feebed
      _nextAppConfig = class java.util.concurrent.atomic.AtomicReference@603eb63c
      _appContainer = class java.util.concurrent.atomic.AtomicReference@677d5c98
      _resolvedLocation = class java.util.concurrent.atomic.AtomicReference@69caa934
      _handler = class java.util.concurrent.atomic.AtomicReference@2a289663
      _asmSeqNo = 0
      _ctx = class org.eclipse.osgi.internal.framework.BundleContextImpl@3cde3639
      _locAdmin = class com.ibm.ws.kernel.service.location.internal.WsLocationAdminImpl@322648be
      _futureMonitor = class com.ibm.ws.threading.internal.FutureMonitorImpl@e19d4c7
      _artifactFactory = class com.ibm.ws.artifact.internal.ArtifactContainerFactoryService@6b2ec508
      _moduleFactory = class com.ibm.ws.adaptable.module.internal.AdaptableModuleFactoryImpl@77731cda
      _executorService = class com.ibm.ws.threading.internal.ExecutorServiceImpl@9f5a4fe
      _scheduledExecutorService = class com.ibm.ws.threading.internal.ScheduledExecutorImpl@606cc0e9
      _asmHelper = class com.ibm.ws.app.manager.internal.ApplicationConfigurator$NamedApplication@395510c3
      _appMonitor = class com.ibm.ws.app.manager.internal.monitor.ApplicationMonitor@4d218692
      _configurator = class com.ibm.ws.app.manager.internal.ApplicationConfigurator@7a4e9cb5
      enterStateCalled = class java.util.concurrent.atomic.AtomicBoolean@4dc24430
      serialVersionUID = 4458043999335554711
      serialVersionUID = -8760483717533387753
      $$$tc$$$ = class com.ibm.websphere.ras.TraceComponent@29f5e2d1
    serialVersionUID = 2630639237123415755
    $$$tc$$$ = class com.ibm.websphere.ras.TraceComponent@4927c963
      strings[0] = "TraceComponent[com.ibm.ws.app.manager.internal.ApplicationInstallInfo,class com.ibm.ws.app.manager.internal.ApplicationInstallInfo,[applications, app.manager],com.ibm.ws.app.manager.internal.resources.AppManagerMessages,null]"
  location = "/Users/iratuan/Documents/Projetos/estudos/udemy_jaxrs/target/liberty/wlp/usr/servers/defaultServer/apps/restapi.war.xml"
  classLoadingService = class com.ibm.ws.classloading.internal.ClassLoadingServiceImpl@63ef0bfd
    tc = class com.ibm.websphere.ras.TraceComponent@76b70a0d
      strings[0] = "TraceComponent[com.ibm.ws.classloading.internal.ClassLoadingServiceImpl,class com.ibm.ws.classloading.internal.ClassLoadingServiceImpl,[ClassLoadingService],com.ibm.ws.classloading.internal.resources.ClassLoadingServiceMessages,null]"
    leakDetectionMap = class java.util.HashMap@3ac395d9
      serialVersionUID = "/* Could not access serialVersionUID */"
      DEFAULT_INITIAL_CAPACITY = "/* Could not access DEFAULT_INITIAL_CAPACITY */"
      MAXIMUM_CAPACITY = "/* Could not access MAXIMUM_CAPACITY */"
      DEFAULT_LOAD_FACTOR = "/* Could not access DEFAULT_LOAD_FACTOR */"
      TREEIFY_THRESHOLD = "/* Could not access TREEIFY_THRESHOLD */"
      UNTREEIFY_THRESHOLD = "/* Could not access UNTREEIFY_THRESHOLD */"
      MIN_TREEIFY_CAPACITY = "/* Could not access MIN_TREEIFY_CAPACITY */"
      table = "/* Could not access table */"
      entrySet = "/* Could not access entrySet */"
      size = "/* Could not access size */"
      modCount = "/* Could not access modCount */"
      threshold = "/* Could not access threshold */"
      loadFactor = "/* Could not access loadFactor */"
      keySet = "/* Could not access keySet */"
      values = "/* Could not access values */"
    appClassLoaders = class java.util.Collections$SetFromMap@3408d026
      m = "/* Could not access m */"
      s = "/* Could not access s */"
      serialVersionUID = "/* Could not access serialVersionUID */"
    TCCL_LOCK_WAIT = 15000
    REFERENCE_GENERATORS = "generators"
    bundleContext = class org.eclipse.osgi.internal.framework.BundleContextImpl@1eef610c
    aclStore = class com.ibm.ws.classloading.internal.util.CanonicalStore@66819322
      map = class java.util.concurrent.ConcurrentHashMap@fdbd860
      q = class com.ibm.ws.classloading.internal.util.RefQueue@688240b8
      serialVersionUID = 6715157558227169968
      $$$tc$$$ = class com.ibm.websphere.ras.TraceComponent@72db4eaa
    tcclStore = class com.ibm.ws.classloading.internal.util.CanonicalStore@cf5c385
      map = class java.util.concurrent.ConcurrentHashMap@594eed57
      q = class com.ibm.ws.classloading.internal.util.RefQueue@45642081
      serialVersionUID = 6715157558227169968
      $$$tc$$$ = class com.ibm.websphere.ras.TraceComponent@72db4eaa
    tcclStoreLock = class java.util.concurrent.locks.ReentrantLock@2a3ef29f
      serialVersionUID = "/* Could not access serialVersionUID */"
      sync = "/* Could not access sync */"
    digraph = class org.eclipse.equinox.internal.region.StandardRegionDigraph@58c58e1e
      EMPTY_EDGE_SET = class java.util.Collections$UnmodifiableSet@64136ae1
      monitor = class java.lang.Object@8e7ff35
      regions = class java.util.HashMap@73d340b0
      bundleIdToRegionMapping = class org.eclipse.equinox.internal.region.StandardBundleIdToRegionMapping@708cfe85
      edges = class java.util.HashMap@fb7d617
      bundleContext = class org.eclipse.osgi.internal.framework.BundleContextImpl@796d3c9f
      threadLocal = class java.lang.ThreadLocal@389e9e83
      subgraphTraverser = class org.eclipse.equinox.internal.region.SubgraphTraverser@51218fe0
      bundleCollisionHook = class org.eclipse.equinox.internal.region.hook.RegionBundleCollisionHook@464e2b97
      bundleEventHook = class org.eclipse.equinox.internal.region.hook.RegionBundleEventHook@77f84a27
      bundleFindHook = class org.eclipse.equinox.internal.region.hook.RegionBundleFindHook@3b5eb8dd
      serviceEventHook = class org.eclipse.equinox.internal.region.hook.RegionServiceEventHook@665d6ed9
      serviceFindHook = class org.eclipse.equinox.internal.region.hook.RegionServiceFindHook@5178e316
      resolverHookFactory = class org.eclipse.equinox.internal.region.hook.RegionResolverHookFactory@64e4326c
      origin = null
      originUpdateCount = -1
      updateCount = class java.util.concurrent.atomic.AtomicLong@2ab2f67d
      defaultRegion = null
    redefiner = class com.ibm.ws.classloading.internal.util.ClassRedefiner@32b70ea7
      tc = class com.ibm.websphere.ras.TraceComponent@2259af6c
      LS = "
"
      inst = class jdk.proxy2.$Proxy3@4fc42540
      serialVersionUID = 2420101865139508526
    listener = class com.ibm.ws.classloading.internal.ClassLoadingServiceImpl$1@10fc1a9f
      this$0 = class com.ibm.ws.classloading.internal.ClassLoadingServiceImpl@63ef0bfd
      serialVersionUID = -9159707349812113172
      $$$tc$$$ = class com.ibm.websphere.ras.TraceComponent@77f5c5b2
    classloaders = class java.util.Collections$SynchronizedMap@4d0bb815
      serialVersionUID = "/* Could not access serialVersionUID */"
      m = "/* Could not access m */"
      mutex = "/* Could not access mutex */"
      keySet = "/* Could not access keySet */"
      entrySet = "/* Could not access entrySet */"
      values = "/* Could not access values */"
    resourceProviders = class com.ibm.ws.classloading.internal.CompositeResourceProvider@394a7ad4
      lockFactory = class java.util.concurrent.locks.ReentrantReadWriteLock@184f5a94
      providerMap = class com.ibm.ws.classloading.internal.util.MultiMap@75d13f5c
      serialVersionUID = -5576435894946156347
      $$$tc$$$ = class com.ibm.websphere.ras.TraceComponent@2d5f950
    rememberedBundles = class java.util.concurrent.ConcurrentHashMap@3382996c
      serialVersionUID = "/* Could not access serialVersionUID */"
      MAXIMUM_CAPACITY = "/* Could not access MAXIMUM_CAPACITY */"
      DEFAULT_CAPACITY = "/* Could not access DEFAULT_CAPACITY */"
      MAX_ARRAY_SIZE = "/* Could not access MAX_ARRAY_SIZE */"
      DEFAULT_CONCURRENCY_LEVEL = "/* Could not access DEFAULT_CONCURRENCY_LEVEL */"
      LOAD_FACTOR = "/* Could not access LOAD_FACTOR */"
      TREEIFY_THRESHOLD = "/* Could not access TREEIFY_THRESHOLD */"
      UNTREEIFY_THRESHOLD = "/* Could not access UNTREEIFY_THRESHOLD */"
      MIN_TREEIFY_CAPACITY = "/* Could not access MIN_TREEIFY_CAPACITY */"
      MIN_TRANSFER_STRIDE = "/* Could not access MIN_TRANSFER_STRIDE */"
      RESIZE_STAMP_BITS = "/* Could not access RESIZE_STAMP_BITS */"
      MAX_RESIZERS = "/* Could not access MAX_RESIZERS */"
      RESIZE_STAMP_SHIFT = "/* Could not access RESIZE_STAMP_SHIFT */"
      MOVED = "/* Could not access MOVED */"
      TREEBIN = "/* Could not access TREEBIN */"
      RESERVED = "/* Could not access RESERVED */"
      HASH_BITS = "/* Could not access HASH_BITS */"
      NCPU = "/* Could not access NCPU */"
      serialPersistentFields = "/* Could not access serialPersistentFields */"
      table = "/* Could not access table */"
      nextTable = "/* Could not access nextTable */"
      baseCount = "/* Could not access baseCount */"
      sizeCtl = "/* Could not access sizeCtl */"
      transferIndex = "/* Could not access transferIndex */"
      cellsBusy = "/* Could not access cellsBusy */"
      counterCells = "/* Could not access counterCells */"
      keySet = "/* Could not access keySet */"
      values = "/* Could not access values */"
      entrySet = "/* Could not access entrySet */"
      U = "/* Could not access U */"
      SIZECTL = "/* Could not access SIZECTL */"
      TRANSFERINDEX = "/* Could not access TRANSFERINDEX */"
      BASECOUNT = "/* Could not access BASECOUNT */"
      CELLSBUSY = "/* Could not access CELLSBUSY */"
      CELLVALUE = "/* Could not access CELLVALUE */"
      ABASE = "/* Could not access ABASE */"
      ASHIFT = "/* Could not access ASHIFT */"
      keySet = "/* Could not access keySet */"
      values = "/* Could not access values */"
    collectedBundles = class java.lang.ref.ReferenceQueue@435a4561
      NULL = "/* Could not access NULL */"
      ENQUEUED = "/* Could not access ENQUEUED */"
      lock = "/* Could not access lock */"
      head = "/* Could not access head */"
      queueLength = "/* Could not access queueLength */"
      $assertionsDisabled = "/* Could not access $assertionsDisabled */"
    generatorRefs = class com.ibm.wsspi.kernel.service.utils.ConcurrentServiceReferenceSet@5381960f
      referenceName = "generators"
      contextRef = class java.util.concurrent.atomic.AtomicReference@14590cc3
      elementMap = class java.util.LinkedHashMap@37a4326a
      elementSet = class java.util.concurrent.ConcurrentSkipListSet@50118ecf
      elementSetUnsorted = false
      serialVersionUID = 756240983881166148
      $$$tc$$$ = class com.ibm.websphere.ras.TraceComponent@2d20b3da
    generatorManager = class com.ibm.ws.classloading.internal.ClassGeneratorManager@39f7da71
      tc = class com.ibm.websphere.ras.TraceComponent@6be873ea
      generatorRefs = class com.ibm.wsspi.kernel.service.utils.ConcurrentServiceReferenceSet@5381960f
      serialVersionUID = 4152663586056483310
    appExtLibs = class java.util.concurrent.CopyOnWriteArrayList@1e197dda
      serialVersionUID = "/* Could not access serialVersionUID */"
      lock = "/* Could not access lock */"
      array = "/* Could not access array */"
    globalConfig = class com.ibm.ws.classloading.configuration.GlobalClassloadingConfiguration@ff94235
      properties = class org.apache.felix.scr.impl.helper.ReadOnlyDictionary@3bf612b0
      serialVersionUID = 452562347104713756
      $$$tc$$$ = class com.ibm.websphere.ras.TraceComponent@18963b3e
    systemTransformers = class java.util.concurrent.CopyOnWriteArrayList@50978c2b
      serialVersionUID = "/* Could not access serialVersionUID */"
      lock = "/* Could not access lock */"
      array = "/* Could not access array */"
    isBeta = false
    metaInfServicesProviders = class java.util.concurrent.ConcurrentHashMap@57b4e01a
      serialVersionUID = "/* Could not access serialVersionUID */"
      MAXIMUM_CAPACITY = "/* Could not access MAXIMUM_CAPACITY */"
      DEFAULT_CAPACITY = "/* Could not access DEFAULT_CAPACITY */"
      MAX_ARRAY_SIZE = "/* Could not access MAX_ARRAY_SIZE */"
      DEFAULT_CONCURRENCY_LEVEL = "/* Could not access DEFAULT_CONCURRENCY_LEVEL */"
      LOAD_FACTOR = "/* Could not access LOAD_FACTOR */"
      TREEIFY_THRESHOLD = "/* Could not access TREEIFY_THRESHOLD */"
      UNTREEIFY_THRESHOLD = "/* Could not access UNTREEIFY_THRESHOLD */"
      MIN_TREEIFY_CAPACITY = "/* Could not access MIN_TREEIFY_CAPACITY */"
      MIN_TRANSFER_STRIDE = "/* Could not access MIN_TRANSFER_STRIDE */"
      RESIZE_STAMP_BITS = "/* Could not access RESIZE_STAMP_BITS */"
      MAX_RESIZERS = "/* Could not access MAX_RESIZERS */"
      RESIZE_STAMP_SHIFT = "/* Could not access RESIZE_STAMP_SHIFT */"
      MOVED = "/* Could not access MOVED */"
      TREEBIN = "/* Could not access TREEBIN */"
      RESERVED = "/* Could not access RESERVED */"
      HASH_BITS = "/* Could not access HASH_BITS */"
      NCPU = "/* Could not access NCPU */"
      serialPersistentFields = "/* Could not access serialPersistentFields */"
      table = "/* Could not access table */"
      nextTable = "/* Could not access nextTable */"
      baseCount = "/* Could not access baseCount */"
      sizeCtl = "/* Could not access sizeCtl */"
      transferIndex = "/* Could not access transferIndex */"
      cellsBusy = "/* Could not access cellsBusy */"
      counterCells = "/* Could not access counterCells */"
      keySet = "/* Could not access keySet */"
      values = "/* Could not access values */"
      entrySet = "/* Could not access entrySet */"
      U = "/* Could not access U */"
      SIZECTL = "/* Could not access SIZECTL */"
      TRANSFERINDEX = "/* Could not access TRANSFERINDEX */"
      BASECOUNT = "/* Could not access BASECOUNT */"
      CELLSBUSY = "/* Could not access CELLSBUSY */"
      CELLVALUE = "/* Could not access CELLVALUE */"
      ABASE = "/* Could not access ABASE */"
      ASHIFT = "/* Could not access ASHIFT */"
      keySet = "/* Could not access keySet */"
      values = "/* Could not access values */"
    metaInfServicesRefs = class com.ibm.wsspi.kernel.service.utils.ConcurrentServiceReferenceMap@296a09b
      referenceName = "MetaInfServicesProvider"
      context = class org.apache.felix.scr.impl.manager.ComponentContextImpl@7a61ba8c
      elementMap = class java.util.concurrent.ConcurrentHashMap@46c07626
      serialVersionUID = 6980924785166233786
      $$$tc$$$ = class com.ibm.websphere.ras.TraceComponent@6b85f1b
    protectionDomainMap = class java.util.HashMap@473ba216
      serialVersionUID = "/* Could not access serialVersionUID */"
      DEFAULT_INITIAL_CAPACITY = "/* Could not access DEFAULT_INITIAL_CAPACITY */"
      MAXIMUM_CAPACITY = "/* Could not access MAXIMUM_CAPACITY */"
      DEFAULT_LOAD_FACTOR = "/* Could not access DEFAULT_LOAD_FACTOR */"
      TREEIFY_THRESHOLD = "/* Could not access TREEIFY_THRESHOLD */"
      UNTREEIFY_THRESHOLD = "/* Could not access UNTREEIFY_THRESHOLD */"
      MIN_TREEIFY_CAPACITY = "/* Could not access MIN_TREEIFY_CAPACITY */"
      table = "/* Could not access table */"
      entrySet = "/* Could not access entrySet */"
      size = "/* Could not access size */"
      modCount = "/* Could not access modCount */"
      threshold = "/* Could not access threshold */"
      loadFactor = "/* Could not access loadFactor */"
      keySet = "/* Could not access keySet */"
      values = "/* Could not access values */"
    metadataIdentifierService = class com.ibm.ws.container.service.metadata.internal.MetaDataServiceImpl@5ea2e17
    globalSharedLibrary = class java.util.concurrent.atomic.AtomicReference@2ba1880e
      serialVersionUID = "/* Could not access serialVersionUID */"
      VALUE = "/* Could not access VALUE */"
      value = "/* Could not access value */"
    serialVersionUID = 4843536364694456982
  globalSharedLibrary = class com.ibm.ws.library.internal.SharedLibraryImpl@207fe18b
    tc = class com.ibm.websphere.ras.TraceComponent@4b73fcc8
      strings[0] = "TraceComponent[com.ibm.ws.library.internal.SharedLibraryImpl,class com.ibm.ws.library.internal.SharedLibraryImpl,[SharedLibrary],com.ibm.ws.classloading.internal.resources.ClassLoadingServiceMessages,null]"
    EMPTY_LIBRARY_LISTENERS = interface com.ibm.wsspi.library.LibraryChangeListener[0]
    deleted = false
    libraryListenersTracker = class org.osgi.util.tracker.ServiceTracker@5b650950
      DEBUG = false
      context = class org.eclipse.osgi.internal.framework.BundleContextImpl@1eef610c
      filter = class org.eclipse.osgi.internal.framework.FilterImpl$And@33ffcdf2
      customizer = class org.osgi.util.tracker.ServiceTracker@5b650950
      listenerFilter = "(&(objectClass=com.ibm.wsspi.library.LibraryChangeListener)(|(library=global)(libraryRef=*com.ibm.ws.classloading.sharedlibrary_48*)))"
      trackClass = null
      trackReference = null
      tracked = class org.osgi.util.tracker.ServiceTracker$Tracked@61e6f334
      cachedReference = null
      cachedService = null
    libraryReg = class org.eclipse.osgi.internal.serviceregistry.ServiceRegistrationImpl@2e5316c3
      registry = class org.eclipse.osgi.internal.serviceregistry.ServiceRegistry@4a05486e
      context = class org.eclipse.osgi.internal.framework.BundleContextImpl@1eef610c
      bundle = class org.eclipse.osgi.internal.framework.EquinoxBundle@2aab2522
      clazzes = class java.lang.String[1]
      service = class com.ibm.ws.library.internal.SharedLibraryImpl@207fe18b
      reference = class org.eclipse.osgi.internal.serviceregistry.ServiceReferenceImpl@c72d2d
      contextsUsing = class java.util.ArrayList@5cfcbc0c
      properties = class java.util.Collections$UnmodifiableMap@3c5ac9c5
      serviceid = 391
      serviceranking = 3
      registrationLock = class java.lang.Object@194e5d05
      state = 0
      REGISTERED = 0
      UNREGISTERING = 1
      UNREGISTERED = 2
      FRAMEWORK_SET_SERVICE_PROPERTIES_COUNT = 4
      $assertionsDisabled = true
    ctx = class org.eclipse.osgi.internal.framework.BundleContextImpl@1eef610c
    classLoadingService = class com.ibm.ws.classloading.internal.ClassLoadingServiceImpl@63ef0bfd
    configAdmin = class com.ibm.ws.config.admin.internal.ConfigurationAdminImpl@6c40e8df
      tc = class com.ibm.websphere.ras.TraceComponent@75fc3dc2
      bundle = class org.eclipse.osgi.internal.framework.EquinoxBundle@2aab2522
      caFactory = class com.ibm.ws.config.admin.internal.ConfigAdminServiceFactory@4af897b0
      serialVersionUID = -2875522750804142523
    resolvedBasePath = "/Users/iratuan/Documents/Projetos/estudos/udemy_jaxrs/target/liberty/wlp/usr/servers/defaultServer/"
    generationLock = class com.ibm.ws.library.internal.SharedLibraryImpl$1@76f1cc53
      this$0 = class com.ibm.ws.library.internal.SharedLibraryImpl@207fe18b
      serialVersionUID = 2483639803450672373
      $$$tc$$$ = class com.ibm.websphere.ras.TraceComponent@61b698d3
    currentGeneration = class com.ibm.ws.library.internal.LibraryGeneration@5137db7b
      tc = class com.ibm.websphere.ras.TraceComponent@6538621e
      nextInt = class java.util.concurrent.atomic.AtomicInteger@4f17fad5
      libraryId = "global"
      genId = 3
      libraryProps = class java.util.Hashtable@49ae7133
      filesetRefs = class java.util.Collections$UnmodifiableRandomAccessList@6a66abd0
      apiTypeVisibility = class java.util.RegularEnumSet@1a57351b
      files = class java.util.Collections$EmptyList@5cd82c27
      folders = class java.util.ArrayList@1eb949ce
      fileAndFolderContainers = class java.util.LinkedList@242484c3
      filesets = class java.util.concurrent.ArrayBlockingQueue@7b4383bc
      filesetListenerRegs = class java.util.concurrent.ConcurrentLinkedQueue@589f8e22
      cancelled = false
      library = class com.ibm.ws.library.internal.SharedLibraryImpl@207fe18b
      serialVersionUID = 6965220007121905717
    nextGeneration = class com.ibm.ws.library.internal.LibraryGeneration@5137db7b
    artifactContainerFactory = class com.ibm.ws.library.internal.SharedLibraryFactory$1@226b7784
      this$0 = class com.ibm.ws.library.internal.SharedLibraryFactory@49ec6b08
      serialVersionUID = 7730244564205089330
      $$$tc$$$ = class com.ibm.websphere.ras.TraceComponent@7ad8efb8
    packageExporter = class com.ibm.ws.library.internal.LibraryPackageExporter@49866506
      EXPORTER_POSTFIX = "_library_exporter"
      REGION_EXPORT_TO_LIBERTY = "liberty.library.export.to.liberty"
      REGION_EXPORT_TO_OSGI_APPS = "liberty.library.export.to.osgi.app"
      REGION_KERNEL = "org.eclipse.equinox.region.kernel"
      counter = class java.util.concurrent.atomic.AtomicLong@64c8e2c0
      context = class org.eclipse.osgi.internal.framework.BundleContextImpl@1eef610c
      digraph = class org.eclipse.equinox.internal.region.StandardRegionDigraph@58c58e1e
      bundleToLibrary = class java.util.concurrent.ConcurrentHashMap@5e5720b9
      libraryToVisibility = class java.util.concurrent.ConcurrentHashMap@70dd5a71
      serialVersionUID = 8074378969667956573
      $$$tc$$$ = class com.ibm.websphere.ras.TraceComponent@5a5d9747
    serialVersionUID = 6288237618632180389
  sharedLibDeploymentInfo = class com.ibm.ws.app.manager.module.internal.DeployedAppInfoBase$SharedLibDeploymentInfo@1aadb2e6
    locAdmin = class com.ibm.ws.kernel.service.location.internal.WsLocationAdminImpl@322648be
    artifactFactory = class com.ibm.ws.artifact.internal.ArtifactContainerFactoryService@6b2ec508
    moduleFactory = class com.ibm.ws.adaptable.module.internal.AdaptableModuleFactoryImpl@77731cda
    classesContainerInfo = class java.util.ArrayList@3313861b
      serialVersionUID = "/* Could not access serialVersionUID */"
      DEFAULT_CAPACITY = "/* Could not access DEFAULT_CAPACITY */"
      EMPTY_ELEMENTDATA = "/* Could not access EMPTY_ELEMENTDATA */"
      DEFAULTCAPACITY_EMPTY_ELEMENTDATA = "/* Could not access DEFAULTCAPACITY_EMPTY_ELEMENTDATA */"
      elementData = "/* Could not access elementData */"
      size = "/* Could not access size */"
      modCount = "/* Could not access modCount */"
    serialVersionUID = 5154735746662585226
    $$$tc$$$ = class com.ibm.websphere.ras.TraceComponent@49a319f6
      strings[0] = "TraceComponent[com.ibm.ws.app.manager.module.internal.DeployedAppInfoBase$SharedLibDeploymentInfo,class com.ibm.ws.app.manager.module.internal.DeployedAppInfoBase$SharedLibDeploymentInfo,[applications, app.manager],null,null]"
  configAdmin = class com.ibm.ws.config.admin.internal.ConfigurationAdminImpl@77a5580e
    tc = class com.ibm.websphere.ras.TraceComponent@75fc3dc2
      strings[0] = "TraceComponent[com.ibm.ws.config.admin.internal.ConfigurationAdminImpl,class com.ibm.ws.config.admin.internal.ConfigurationAdminImpl,[config],com.ibm.ws.config.internal.resources.ConfigMessages,null]"
    bundle = class org.eclipse.osgi.internal.framework.EquinoxBundle@34704121
      equinoxContainer = class org.eclipse.osgi.internal.framework.EquinoxContainer@c442d8b
      module = class org.eclipse.osgi.internal.framework.EquinoxBundle$EquinoxModule@cbc5bc6
      monitor = class java.lang.Object@c3ec40e
      context = class org.eclipse.osgi.internal.framework.BundleContextImpl@20018fb4
      signedContent = null
      $SWITCH_TABLE$org$eclipse$osgi$container$Module$State = {1,2,3,4,5,6,7} /* array length = 7 */
    caFactory = class com.ibm.ws.config.admin.internal.ConfigAdminServiceFactory@4af897b0
      tc = class com.ibm.websphere.ras.TraceComponent@299b17cc
      configurationPermission = class org.osgi.service.cm.ConfigurationPermission@1e1b7ee9
      INDEX_DICTIONARY = 0
      INDEX_LOCATION = 1
      INDEX_METATYPE_PROCESSED = 2
      INDEX_IN_OVERRIDES_FILE = 3
      INDEX_REFERENCES = 4
      INDEX_UNIQUES = 5
      bundleContext = class org.eclipse.osgi.internal.framework.BundleContextImpl@6912fc33
      msTracker = class com.ibm.ws.config.admin.internal.ManagedServiceTracker@454468a1
      msfTracker = class com.ibm.ws.config.admin.internal.ManagedServiceFactoryTracker@66575f5b
      pluginManager = class com.ibm.ws.config.admin.internal.PluginManager@40b218f8
      configurationStore = class com.ibm.ws.config.admin.internal.ConfigurationStore@51bca31
      updateQueue = class com.ibm.ws.config.admin.internal.UpdateQueue@637cab53
      ced = class com.ibm.ws.config.admin.internal.ConfigEventDispatcher@3f8d8de0
      idMap = class java.util.Collections$SynchronizedMap@6f282731
      referenceMap = class java.util.Collections$SynchronizedMap@34b932a7
      variableRegistryTracker = class org.osgi.util.tracker.ServiceTracker@32192150
      variableRegistry = class com.ibm.ws.kernel.service.location.internal.VariableRegistryHelper@61a8587e
      configurationAdminRef = class org.eclipse.osgi.internal.serviceregistry.ServiceRegistrationImpl@19b2c345
      serialVersionUID = 6695202270027014725
    serialVersionUID = -2875522750804142523
  libraryConfigHelper = class com.ibm.ws.classloading.ClassLoaderConfigHelper@6c8e15e4
    tc = class com.ibm.websphere.ras.TraceComponent@440f1085
      strings[0] = "TraceComponent[com.ibm.ws.classloading.ClassLoaderConfigHelper,class com.ibm.ws.classloading.ClassLoaderConfigHelper,[ClassLoadingService],com.ibm.ws.classloading.internal.resources.ClassLoadingServiceMessages,null]"
    DEFAULT_API_TYPES = class java.util.RegularEnumSet@115a617d
      serialVersionUID = "/* Could not access serialVersionUID */"
      elements = "/* Could not access elements */"
      serialVersionUID = "/* Could not access serialVersionUID */"
      elementType = "/* Could not access elementType */"
      universe = "/* Could not access universe */"
    sharedLibraries = class java.util.Collections$EmptyList@5cd82c27
      serialVersionUID = "/* Could not access serialVersionUID */"
      modCount = "/* Could not access modCount */"
    commonLibraries = class java.util.Collections$EmptyList@5cd82c27
    classProviders = class java.util.Collections$EmptyList@5cd82c27
    sharedLibrariesPids = null
    commonLibrariesPids = null
    isDelegateLast = false
    apiTypes = class java.util.RegularEnumSet@115a617d
    classLoaderConfigProps = null
    serialVersionUID = 7643888529935916418
  isDelegateLast = false
  permissionManager = class com.ibm.ws.classloading.java2sec.PermissionManager@33a2d247
    tc = class com.ibm.websphere.ras.TraceComponent@fc27fe9
      strings[0] = "TraceComponent[com.ibm.ws.classloading.java2sec.PermissionManager,class com.ibm.ws.classloading.java2sec.PermissionManager,[Java2SecurityUtil],com.ibm.ws.classloading.internal.resources.Java2SecurityUtilMessages,null]"
    bundleContext = class org.eclipse.osgi.internal.framework.BundleContextImpl@1eef610c
      valid = true
      bundle = class org.eclipse.osgi.internal.framework.EquinoxBundle@2aab2522
      container = class org.eclipse.osgi.internal.framework.EquinoxContainer@c442d8b
      debug = class org.eclipse.osgi.internal.debug.Debug@7d92e824
      servicesInUse = class java.util.HashMap@31e259f3
      activator = null
      contextLock = class java.lang.Object@74d06af1
    classLoadingService = class com.ibm.ws.classloading.internal.ClassLoadingServiceImpl@63ef0bfd
    DEFAULT_SERVER_RESTRICTABLE_PERMISSIONS = class java.security.Permission[4]
      Permission[0] = class java.lang.RuntimePermission@7ab8df58
      Permission[1] = class java.lang.RuntimePermission@5443591f
      Permission[2] = class java.security.SecurityPermission@199e8e38
      Permission[3] = class javax.security.auth.AuthPermission@4fb7b16c
    DEFAULT_CLIENT_RESTRICTABLE_PERMISSIONS = class java.security.Permission[3]
      Permission[0] = class java.lang.RuntimePermission@19d323f3
      Permission[1] = class java.security.SecurityPermission@5b51335a
      Permission[2] = class javax.security.auth.AuthPermission@7d2ccd35
    isServer = true
    wsjarUrlStreamHandlerAvailable = true
    restrictablePermissions = class java.util.ArrayList@52f3ec24
      serialVersionUID = "/* Could not access serialVersionUID */"
      DEFAULT_CAPACITY = "/* Could not access DEFAULT_CAPACITY */"
      EMPTY_ELEMENTDATA = "/* Could not access EMPTY_ELEMENTDATA */"
      DEFAULTCAPACITY_EMPTY_ELEMENTDATA = "/* Could not access DEFAULTCAPACITY_EMPTY_ELEMENTDATA */"
      elementData = "/* Could not access elementData */"
      size = "/* Could not access size */"
      modCount = "/* Could not access modCount */"
    javaAllCodeBasePermissions = class java.util.ArrayList@66fdfce2
      serialVersionUID = "/* Could not access serialVersionUID */"
      DEFAULT_CAPACITY = "/* Could not access DEFAULT_CAPACITY */"
      EMPTY_ELEMENTDATA = "/* Could not access EMPTY_ELEMENTDATA */"
      DEFAULTCAPACITY_EMPTY_ELEMENTDATA = "/* Could not access DEFAULTCAPACITY_EMPTY_ELEMENTDATA */"
      elementData = "/* Could not access elementData */"
      size = "/* Could not access size */"
      modCount = "/* Could not access modCount */"
    expandProps = true
    grantedPermissions = class java.util.ArrayList@95d71f7
      serialVersionUID = "/* Could not access serialVersionUID */"
      DEFAULT_CAPACITY = "/* Could not access DEFAULT_CAPACITY */"
      EMPTY_ELEMENTDATA = "/* Could not access EMPTY_ELEMENTDATA */"
      DEFAULTCAPACITY_EMPTY_ELEMENTDATA = "/* Could not access DEFAULTCAPACITY_EMPTY_ELEMENTDATA */"
      elementData = "/* Could not access elementData */"
      size = "/* Could not access size */"
      modCount = "/* Could not access modCount */"
    KEY_PERMISSION = "permission"
    INCORRECT_PERMISSION_CONFIGURATION = "INCORRECT_PERMISSION_CONFIGURATION"
    PERMISSION_CLASSNOTFOUND = "PERMISSION_CLASSNOTFOUND"
    SERVER_XML = "server.xml"
    CLIENT_XML = "client.xml"
    JAVA_POLICY = "java.policy"
    os_name = "Mac OS X"
    os_version = "12.3.1"
    originationFile = "server.xml"
    permissions = class com.ibm.wsspi.kernel.service.utils.ConcurrentServiceReferenceSet@2f743fe5
      referenceName = "permission"
      contextRef = class java.util.concurrent.atomic.AtomicReference@20d9a544
      elementMap = class java.util.LinkedHashMap@197c718f
      elementSet = class java.util.concurrent.ConcurrentSkipListSet@73028784
      elementSetUnsorted = false
      serialVersionUID = 756240983881166148
      $$$tc$$$ = class com.ibm.websphere.ras.TraceComponent@2d20b3da
    codeBasePermissionMap = class java.util.HashMap@62ab64e3
      serialVersionUID = "/* Could not access serialVersionUID */"
      DEFAULT_INITIAL_CAPACITY = "/* Could not access DEFAULT_INITIAL_CAPACITY */"
      MAXIMUM_CAPACITY = "/* Could not access MAXIMUM_CAPACITY */"
      DEFAULT_LOAD_FACTOR = "/* Could not access DEFAULT_LOAD_FACTOR */"
      TREEIFY_THRESHOLD = "/* Could not access TREEIFY_THRESHOLD */"
      UNTREEIFY_THRESHOLD = "/* Could not access UNTREEIFY_THRESHOLD */"
      MIN_TREEIFY_CAPACITY = "/* Could not access MIN_TREEIFY_CAPACITY */"
      table = "/* Could not access table */"
      entrySet = "/* Could not access entrySet */"
      size = "/* Could not access size */"
      modCount = "/* Could not access modCount */"
      threshold = "/* Could not access threshold */"
      loadFactor = "/* Could not access loadFactor */"
      keySet = "/* Could not access keySet */"
      values = "/* Could not access values */"
    permissionXMLPermissionMap = class java.util.HashMap@6b389eb8
      serialVersionUID = "/* Could not access serialVersionUID */"
      DEFAULT_INITIAL_CAPACITY = "/* Could not access DEFAULT_INITIAL_CAPACITY */"
      MAXIMUM_CAPACITY = "/* Could not access MAXIMUM_CAPACITY */"
      DEFAULT_LOAD_FACTOR = "/* Could not access DEFAULT_LOAD_FACTOR */"
      TREEIFY_THRESHOLD = "/* Could not access TREEIFY_THRESHOLD */"
      UNTREEIFY_THRESHOLD = "/* Could not access UNTREEIFY_THRESHOLD */"
      MIN_TREEIFY_CAPACITY = "/* Could not access MIN_TREEIFY_CAPACITY */"
      table = "/* Could not access table */"
      entrySet = "/* Could not access entrySet */"
      size = "/* Could not access size */"
      modCount = "/* Could not access modCount */"
      threshold = "/* Could not access threshold */"
      loadFactor = "/* Could not access loadFactor */"
      keySet = "/* Could not access keySet */"
      values = "/* Could not access values */"
    serialVersionUID = 8583289148510585888
  permissionsConfig = null
  serialVersionUID = 1131686356392279747
  appInfo = class com.ibm.ws.container.service.app.deploy.internal.ApplicationInfoImpl@28334fca
    appName = "restapi"
    appMetaData = class com.ibm.ws.container.service.app.deploy.internal.ApplicationMetaDataImpl@418783b2
      j2eeName = class com.ibm.ws.container.service.metadata.internal.J2EENameImpl@501c0b85
      serialVersionUID = -7906531148367236579
      $$$tc$$$ = class com.ibm.websphere.ras.TraceComponent@4e82e3f0
      tc = class com.ibm.websphere.ras.TraceComponent@f385785
      NUM_STATIC_SLOTS = 4
      ID_UNINITIALIZED = -1
      id = 8
      metaDataInterface = class java.lang.Class@29c9e86c
      staticSlots = class java.lang.Object[4]
      dynamicSlots = class java.lang.Object[4]
    appContainer = class com.ibm.ws.adaptable.module.internal.AdaptableContainerImpl@43a957f8
    configHelper = class com.ibm.ws.app.manager.module.ApplicationNestedConfigHelper@80a5b01
      appInfo = class com.ibm.ws.app.manager.internal.ApplicationInstallInfo@5519b48
      serialVersionUID = -3174031738676705046
      $$$tc$$$ = class com.ibm.websphere.ras.TraceComponent@78bee5f6
    applicationInformation = class com.ibm.ws.app.manager.internal.ApplicationInstallInfo@5519b48
    serialVersionUID = 5227817860647895780
    $$$tc$$$ = class com.ibm.websphere.ras.TraceComponent@52f3bf67
      strings[0] = "TraceComponent[com.ibm.ws.container.service.app.deploy.internal.ApplicationInfoImpl,class com.ibm.ws.container.service.app.deploy.internal.ApplicationInfoImpl,[container.service],com.ibm.ws.container.service.resources.Messages,null]"
  appInfoRegistration = null
  modulesDeployed = class java.util.ArrayList@446f6c57
    serialVersionUID = "/* Could not access serialVersionUID */"
    DEFAULT_CAPACITY = "/* Could not access DEFAULT_CAPACITY */"
    EMPTY_ELEMENTDATA = "/* Could not access EMPTY_ELEMENTDATA */"
    DEFAULTCAPACITY_EMPTY_ELEMENTDATA = "/* Could not access DEFAULTCAPACITY_EMPTY_ELEMENTDATA */"
    elementData = "/* Could not access elementData */"
    size = "/* Could not access size */"
    modCount = "/* Could not access modCount */"
  starting = true
  started = false
  deployedAppServices = class com.ibm.ws.app.manager.module.internal.DeployedAppServicesImpl@267c0214
    SERVER_APPS_DIR = "${server.output.dir}/apps/"
    EXPANDED_APPS_DIR = "${server.output.dir}/apps/expanded/"
    bundleContext = class org.eclipse.osgi.internal.framework.BundleContextImpl@20018fb4
      valid = true
      bundle = class org.eclipse.osgi.internal.framework.EquinoxBundle@34704121
      container = class org.eclipse.osgi.internal.framework.EquinoxContainer@c442d8b
      debug = class org.eclipse.osgi.internal.debug.Debug@7d92e824
      servicesInUse = class java.util.HashMap@e569eca
      activator = null
      contextLock = class java.lang.Object@1e226203
    applicationInfoFactory = class com.ibm.ws.container.service.app.deploy.internal.ApplicationInfoFactoryImpl@19d739fc
    futureMonitor = class com.ibm.ws.threading.internal.FutureMonitorImpl@e19d4c7
    classLoadingService = class com.ibm.ws.classloading.internal.ClassLoadingServiceImpl@63ef0bfd
    globalSharedLibrary = class com.ibm.ws.library.internal.SharedLibraryImpl@207fe18b
    globalSharedLibraryPid = "com.ibm.ws.classloading.sharedlibrary_48"
    configAdmin = class com.ibm.ws.config.admin.internal.ConfigurationAdminImpl@77a5580e
    metaDataService = class com.ibm.ws.container.service.metadata.internal.MetaDataServiceImpl@5ea2e17
    stateChangeService = class com.ibm.ws.container.service.state.internal.StateChangeServiceImpl@20fff407
    allModuleTypes = class java.lang.String[4]
      String[0] = "ejb"
      String[1] = "web"
      String[2] = "client"
      String[3] = "connector"
    moduleMetaDataExtenders = class java.util.concurrent.ConcurrentHashMap@70d0532
      serialVersionUID = "/* Could not access serialVersionUID */"
      MAXIMUM_CAPACITY = "/* Could not access MAXIMUM_CAPACITY */"
      DEFAULT_CAPACITY = "/* Could not access DEFAULT_CAPACITY */"
      MAX_ARRAY_SIZE = "/* Could not access MAX_ARRAY_SIZE */"
      DEFAULT_CONCURRENCY_LEVEL = "/* Could not access DEFAULT_CONCURRENCY_LEVEL */"
      LOAD_FACTOR = "/* Could not access LOAD_FACTOR */"
      TREEIFY_THRESHOLD = "/* Could not access TREEIFY_THRESHOLD */"
      UNTREEIFY_THRESHOLD = "/* Could not access UNTREEIFY_THRESHOLD */"
      MIN_TREEIFY_CAPACITY = "/* Could not access MIN_TREEIFY_CAPACITY */"
      MIN_TRANSFER_STRIDE = "/* Could not access MIN_TRANSFER_STRIDE */"
      RESIZE_STAMP_BITS = "/* Could not access RESIZE_STAMP_BITS */"
      MAX_RESIZERS = "/* Could not access MAX_RESIZERS */"
      RESIZE_STAMP_SHIFT = "/* Could not access RESIZE_STAMP_SHIFT */"
      MOVED = "/* Could not access MOVED */"
      TREEBIN = "/* Could not access TREEBIN */"
      RESERVED = "/* Could not access RESERVED */"
      HASH_BITS = "/* Could not access HASH_BITS */"
      NCPU = "/* Could not access NCPU */"
      serialPersistentFields = "/* Could not access serialPersistentFields */"
      table = "/* Could not access table */"
      nextTable = "/* Could not access nextTable */"
      baseCount = "/* Could not access baseCount */"
      sizeCtl = "/* Could not access sizeCtl */"
      transferIndex = "/* Could not access transferIndex */"
      cellsBusy = "/* Could not access cellsBusy */"
      counterCells = "/* Could not access counterCells */"
      keySet = "/* Could not access keySet */"
      values = "/* Could not access values */"
      entrySet = "/* Could not access entrySet */"
      U = "/* Could not access U */"
      SIZECTL = "/* Could not access SIZECTL */"
      TRANSFERINDEX = "/* Could not access TRANSFERINDEX */"
      BASECOUNT = "/* Could not access BASECOUNT */"
      CELLSBUSY = "/* Could not access CELLSBUSY */"
      CELLVALUE = "/* Could not access CELLVALUE */"
      ABASE = "/* Could not access ABASE */"
      ASHIFT = "/* Could not access ASHIFT */"
      keySet = "/* Could not access keySet */"
      values = "/* Could not access values */"
    nestedModuleMetaDataFactories = class java.util.concurrent.ConcurrentHashMap@3eb8e54c
      serialVersionUID = "/* Could not access serialVersionUID */"
      MAXIMUM_CAPACITY = "/* Could not access MAXIMUM_CAPACITY */"
      DEFAULT_CAPACITY = "/* Could not access DEFAULT_CAPACITY */"
      MAX_ARRAY_SIZE = "/* Could not access MAX_ARRAY_SIZE */"
      DEFAULT_CONCURRENCY_LEVEL = "/* Could not access DEFAULT_CONCURRENCY_LEVEL */"
      LOAD_FACTOR = "/* Could not access LOAD_FACTOR */"
      TREEIFY_THRESHOLD = "/* Could not access TREEIFY_THRESHOLD */"
      UNTREEIFY_THRESHOLD = "/* Could not access UNTREEIFY_THRESHOLD */"
      MIN_TREEIFY_CAPACITY = "/* Could not access MIN_TREEIFY_CAPACITY */"
      MIN_TRANSFER_STRIDE = "/* Could not access MIN_TRANSFER_STRIDE */"
      RESIZE_STAMP_BITS = "/* Could not access RESIZE_STAMP_BITS */"
      MAX_RESIZERS = "/* Could not access MAX_RESIZERS */"
      RESIZE_STAMP_SHIFT = "/* Could not access RESIZE_STAMP_SHIFT */"
      MOVED = "/* Could not access MOVED */"
      TREEBIN = "/* Could not access TREEBIN */"
      RESERVED = "/* Could not access RESERVED */"
      HASH_BITS = "/* Could not access HASH_BITS */"
      NCPU = "/* Could not access NCPU */"
      serialPersistentFields = "/* Could not access serialPersistentFields */"
      table = "/* Could not access table */"
      nextTable = "/* Could not access nextTable */"
      baseCount = "/* Could not access baseCount */"
      sizeCtl = "/* Could not access sizeCtl */"
      transferIndex = "/* Could not access transferIndex */"
      cellsBusy = "/* Could not access cellsBusy */"
      counterCells = "/* Could not access counterCells */"
      keySet = "/* Could not access keySet */"
      values = "/* Could not access values */"
      entrySet = "/* Could not access entrySet */"
      U = "/* Could not access U */"
      SIZECTL = "/* Could not access SIZECTL */"
      TRANSFERINDEX = "/* Could not access TRANSFERINDEX */"
      BASECOUNT = "/* Could not access BASECOUNT */"
      CELLSBUSY = "/* Could not access CELLSBUSY */"
      CELLVALUE = "/* Could not access CELLVALUE */"
      ABASE = "/* Could not access ABASE */"
      ASHIFT = "/* Could not access ASHIFT */"
      keySet = "/* Could not access keySet */"
      values = "/* Could not access values */"
    permissionManager = class com.ibm.ws.classloading.java2sec.PermissionManager@33a2d247
    locAdmin = class com.ibm.ws.kernel.service.location.internal.WsLocationAdminImpl@322648be
      tc = class com.ibm.websphere.ras.TraceComponent@1eead104
      LOC_INTERNAL_LIB_DIR = "wlp.lib.dir"
      LOC_INTERNAL_WORKAREA_DIR = "wlp.workarea.dir"
      LOC_AREA_NAME_APPS = "shared/apps/"
      LOC_AREA_NAME_CONFIG = "shared/config/"
      LOC_AREA_NAME_RESC = "shared/resources/"
      LOC_AREA_NAME_STATE = "logs/state/"
      LOC_AREA_NAME_SERVERS = "servers/"
      LOC_AREA_NAME_CLIENTS = "clients/"
      LOC_AREA_NAME_WORKING = "workarea/"
      LOC_AREA_NAME_LOGS = "logs/"
      LOC_AREA_NAME_EXTENSION = "extension/"
      instance = class com.ibm.ws.kernel.service.location.internal.WsLocationAdminImpl@322648be
      installRoot = class com.ibm.ws.kernel.service.location.internal.SymbolicRootResource@4862efde
      installParentRoot = class com.ibm.ws.kernel.service.location.internal.SymbolicRootResource@56a010d
      userRoot = class com.ibm.ws.kernel.service.location.internal.SymbolicRootResource@65f7e434
      usrExtensionRoot = class com.ibm.ws.kernel.service.location.internal.SymbolicRootResource@69b0fe9
      serverConfigDir = class com.ibm.ws.kernel.service.location.internal.SymbolicRootResource@59d80cfb
      serverOutputDir = class com.ibm.ws.kernel.service.location.internal.SymbolicRootResource@59d80cfb
      bootstrapLib = class com.ibm.ws.kernel.service.location.internal.LocalFileResource@c6f0ca4
      serverWorkarea = class com.ibm.ws.kernel.service.location.internal.LocalFileResource@56e38f59
      serverState = class com.ibm.ws.kernel.service.location.internal.LocalFileResource@8d9362b
      sharedAppsRoot = class com.ibm.ws.kernel.service.location.internal.SymbolicRootResource@11ff5c1f
      sharedConfigRoot = class com.ibm.ws.kernel.service.location.internal.SymbolicRootResource@650168a8
      sharedResourceRoot = class com.ibm.ws.kernel.service.location.internal.SymbolicRootResource@2f52ba16
      tmpRoot = class com.ibm.ws.kernel.service.location.internal.SymbolicRootResource@6efba9b9
      serverName = "defaultServer"
      resourcePaths = class java.util.ArrayList@58f1fdd
      resourceGroups = class java.util.HashMap@6ba573ec
      commonRoot = class com.ibm.ws.kernel.service.location.internal.VirtualRootResource@511df684
      serverCfgDirStr = "/Users/iratuan/Documents/Projetos/estudos/udemy_jaxrs/target/liberty/wlp/usr/servers/defaultServer/"
      variableSourceDirs = "/Users/iratuan/Documents/Projetos/estudos/udemy_jaxrs/target/liberty/wlp/usr/servers/defaultServer/variables/"
      serialVersionUID = 7963438175177362522
    artifactFactory = class com.ibm.ws.artifact.internal.ArtifactContainerFactoryService@6b2ec508
      CATEGORY_PROP_NAME = "category"
      ENTRY_KEY = "com.ibm.wsspi.artifact.ArtifactEntry"
      helperMap = class com.ibm.wsspi.kernel.service.utils.ConcurrentServiceReferenceSetMap@7bbfa70e
      contributorMap = class com.ibm.wsspi.kernel.service.utils.ConcurrentServiceReferenceSetMap@762efcc2
      helperCategoryMap = class com.ibm.wsspi.kernel.service.utils.ConcurrentServiceReferenceSetMap@30843cb1
      contributorCategoryMap = class com.ibm.wsspi.kernel.service.utils.ConcurrentServiceReferenceSetMap@1ccbcea2
      categories = class java.util.Collections$SynchronizedSet@1aca9de2
      baseProperties = class org.apache.felix.scr.impl.helper.ReadOnlyDictionary@1b03aa95
      registration = class com.ibm.ws.kernel.service.util.ServiceRegistrationModifier@af36cf0
      serialVersionUID = 6566424214406946230
      $$$tc$$$ = class com.ibm.websphere.ras.TraceComponent@448ebdd3
    moduleFactory = class com.ibm.ws.adaptable.module.internal.AdaptableModuleFactoryImpl@77731cda
      adapterFactoryService = class com.ibm.ws.adaptable.module.internal.AdapterFactoryServiceImpl@3e5e5533
      containerFactory = class com.ibm.ws.artifact.internal.ArtifactContainerFactoryService@6b2ec508
      overlayContainerFactory = class com.ibm.ws.artifact.overlay.internal.OverlayContainerFactoryImpl@63ddcb2
      serialVersionUID = 4200251809856292987
      $$$tc$$$ = class com.ibm.websphere.ras.TraceComponent@7449d90b
    serialVersionUID = 8537801607979767986
    $$$tc$$$ = class com.ibm.websphere.ras.TraceComponent@66bcaca9
      strings[0] = "TraceComponent[com.ibm.ws.app.manager.module.internal.DeployedAppServicesImpl,class com.ibm.ws.app.manager.module.internal.DeployedAppServicesImpl,[applications, app.manager],null,null]"
  futureMonitor = class com.ibm.ws.threading.internal.FutureMonitorImpl@e19d4c7
    _monitor = class java.util.concurrent.ConcurrentLinkedQueue@1f3dd354
      serialVersionUID = "/* Could not access serialVersionUID */"
      head = "/* Could not access head */"
      tail = "/* Could not access tail */"
      MAX_HOPS = "/* Could not access MAX_HOPS */"
      HEAD = "/* Could not access HEAD */"
      TAIL = "/* Could not access TAIL */"
      ITEM = "/* Could not access ITEM */"
      NEXT = "/* Could not access NEXT */"
    _executor = class com.ibm.ws.threading.internal.ScheduledExecutorImpl@606cc0e9
      threadGroupName = "Scheduled Executor Thread Group"
      executor = class com.ibm.ws.threading.internal.ExecutorServiceImpl@9f5a4fe
      serialVersionUID = -9110693807503469597
      $$$tc$$$ = class com.ibm.websphere.ras.TraceComponent@305a25b7
      continueExistingPeriodicTasksAfterShutdown = "/* Could not access continueExistingPeriodicTasksAfterShutdown */"
      executeExistingDelayedTasksAfterShutdown = "/* Could not access executeExistingDelayedTasksAfterShutdown */"
      removeOnCancel = "/* Could not access removeOnCancel */"
      sequencer = "/* Could not access sequencer */"
      DEFAULT_KEEPALIVE_MILLIS = "/* Could not access DEFAULT_KEEPALIVE_MILLIS */"
      ctl = "/* Could not access ctl */"
      COUNT_BITS = "/* Could not access COUNT_BITS */"
      COUNT_MASK = "/* Could not access COUNT_MASK */"
      RUNNING = "/* Could not access RUNNING */"
      SHUTDOWN = "/* Could not access SHUTDOWN */"
      STOP = "/* Could not access STOP */"
      TIDYING = "/* Could not access TIDYING */"
      TERMINATED = "/* Could not access TERMINATED */"
      workQueue = "/* Could not access workQueue */"
      mainLock = "/* Could not access mainLock */"
      workers = "/* Could not access workers */"
      termination = "/* Could not access termination */"
      largestPoolSize = "/* Could not access largestPoolSize */"
      completedTaskCount = "/* Could not access completedTaskCount */"
      threadFactory = "/* Could not access threadFactory */"
      handler = "/* Could not access handler */"
      keepAliveTime = "/* Could not access keepAliveTime */"
      allowCoreThreadTimeOut = "/* Could not access allowCoreThreadTimeOut */"
      corePoolSize = "/* Could not access corePoolSize */"
      maximumPoolSize = "/* Could not access maximumPoolSize */"
      defaultHandler = "/* Could not access defaultHandler */"
      shutdownPerm = "/* Could not access shutdownPerm */"
      ONLY_ONE = "/* Could not access ONLY_ONE */"
      $assertionsDisabled = "/* Could not access $assertionsDisabled */"
    _threadRunning = class java.util.concurrent.atomic.AtomicBoolean@78703b8b
      serialVersionUID = "/* Could not access serialVersionUID */"
      VALUE = "/* Could not access VALUE */"
      value = "/* Could not access value */"
    _thread = class com.ibm.ws.threading.internal.FutureMonitorImpl$1@2b878d34
      this$0 = class com.ibm.ws.threading.internal.FutureMonitorImpl@e19d4c7
      serialVersionUID = 2422512430832938099
      $$$tc$$$ = class com.ibm.websphere.ras.TraceComponent@7e83fb7a
    serialVersionUID = 2765238413969174390
    $$$tc$$$ = class com.ibm.websphere.ras.TraceComponent@3c93cfc3
      strings[0] = "TraceComponent[com.ibm.ws.threading.internal.FutureMonitorImpl,class com.ibm.ws.threading.internal.FutureMonitorImpl,[Threading],com.ibm.ws.threading.internal.resources.ThreadingMessages,null]"
  appInfoFactory = class com.ibm.ws.container.service.app.deploy.internal.ApplicationInfoFactoryImpl@19d739fc
    j2eeNameFactory = class com.ibm.wsspi.kernel.service.utils.AtomicServiceReference@8eb461b
      referenceName = "j2eeNameFactory"
      tuple = class java.util.concurrent.atomic.AtomicReference@4d0edaaf
      serialVersionUID = 2226592364007985000
      $$$tc$$$ = class com.ibm.websphere.ras.TraceComponent@59a71447
    names = class java.util.HashSet@154fea35
      serialVersionUID = "/* Could not access serialVersionUID */"
      map = "/* Could not access map */"
      PRESENT = "/* Could not access PRESENT */"
    serialVersionUID = 6232436640731165768
    $$$tc$$$ = class com.ibm.websphere.ras.TraceComponent@6a3408f9
      strings[0] = "TraceComponent[com.ibm.ws.container.service.app.deploy.internal.ApplicationInfoFactoryImpl,class com.ibm.ws.container.service.app.deploy.internal.ApplicationInfoFactoryImpl,[container.service],com.ibm.ws.container.service.resources.Messages,null]"
  metaDataService = class com.ibm.ws.container.service.metadata.internal.MetaDataServiceImpl@5ea2e17
    applicationMetaDataManager = class com.ibm.ws.container.service.metadata.internal.ApplicationMetaDataManager@c07a21e
      serialVersionUID = 1843747281024490904
      $$$tc$$$ = class com.ibm.websphere.ras.TraceComponent@3bd9fb93
      listeners = class com.ibm.wsspi.kernel.service.utils.ConcurrentServiceReferenceSet@6398a065
      metaDataIDs = class com.ibm.ws.container.service.metadata.internal.IndexList@145ad340
      metaDatas = class java.util.ArrayList@51eef6ab
      slotIDs = class com.ibm.ws.container.service.metadata.internal.IndexList@3f6e37f3
      serialVersionUID = 5464421863354792977
      $$$tc$$$ = class com.ibm.websphere.ras.TraceComponent@4e1fa398
    moduleMetaDataManager = class com.ibm.ws.container.service.metadata.internal.ModuleMetaDataManager@70d9af71
      serialVersionUID = 2513574389899327209
      $$$tc$$$ = class com.ibm.websphere.ras.TraceComponent@16454a8c
      listeners = class com.ibm.wsspi.kernel.service.utils.ConcurrentServiceReferenceSet@afb2cc6
      metaDataIDs = class com.ibm.ws.container.service.metadata.internal.IndexList@76acc91a
      metaDatas = class java.util.ArrayList@27651777
      slotIDs = class com.ibm.ws.container.service.metadata.internal.IndexList@5d9814a3
      serialVersionUID = 5464421863354792977
      $$$tc$$$ = class com.ibm.websphere.ras.TraceComponent@4e1fa398
    componentMetaDataManager = class com.ibm.ws.container.service.metadata.internal.ComponentMetaDataManager@1016bc29
      serialVersionUID = 8629793739641703882
      $$$tc$$$ = class com.ibm.websphere.ras.TraceComponent@69b88f0f
      listeners = class com.ibm.wsspi.kernel.service.utils.ConcurrentServiceReferenceSet@7349f5dd
      metaDataIDs = class com.ibm.ws.container.service.metadata.internal.IndexList@3d0cd10a
      metaDatas = class java.util.ArrayList@508e67dd
      slotIDs = class com.ibm.ws.container.service.metadata.internal.IndexList@22c09071
      serialVersionUID = 5464421863354792977
      $$$tc$$$ = class com.ibm.websphere.ras.TraceComponent@4e1fa398
    methodMetaDataManager = class com.ibm.ws.container.service.metadata.internal.MethodMetaDataManager@5055d806
      serialVersionUID = -8002489041502300640
      $$$tc$$$ = class com.ibm.websphere.ras.TraceComponent@4ba01743
      listeners = class com.ibm.wsspi.kernel.service.utils.ConcurrentServiceReferenceSet@6b87e856
      metaDataIDs = class com.ibm.ws.container.service.metadata.internal.IndexList@4f4d959a
      metaDatas = class java.util.ArrayList@21c195de
      slotIDs = class com.ibm.ws.container.service.metadata.internal.IndexList@5ba52b5c
      serialVersionUID = 5464421863354792977
      $$$tc$$$ = class com.ibm.websphere.ras.TraceComponent@4e1fa398
    appModuleNameToModuleContainer = class java.util.concurrent.ConcurrentHashMap@61738740
      serialVersionUID = "/* Could not access serialVersionUID */"
      MAXIMUM_CAPACITY = "/* Could not access MAXIMUM_CAPACITY */"
      DEFAULT_CAPACITY = "/* Could not access DEFAULT_CAPACITY */"
      MAX_ARRAY_SIZE = "/* Could not access MAX_ARRAY_SIZE */"
      DEFAULT_CONCURRENCY_LEVEL = "/* Could not access DEFAULT_CONCURRENCY_LEVEL */"
      LOAD_FACTOR = "/* Could not access LOAD_FACTOR */"
      TREEIFY_THRESHOLD = "/* Could not access TREEIFY_THRESHOLD */"
      UNTREEIFY_THRESHOLD = "/* Could not access UNTREEIFY_THRESHOLD */"
      MIN_TREEIFY_CAPACITY = "/* Could not access MIN_TREEIFY_CAPACITY */"
      MIN_TRANSFER_STRIDE = "/* Could not access MIN_TRANSFER_STRIDE */"
      RESIZE_STAMP_BITS = "/* Could not access RESIZE_STAMP_BITS */"
      MAX_RESIZERS = "/* Could not access MAX_RESIZERS */"
      RESIZE_STAMP_SHIFT = "/* Could not access RESIZE_STAMP_SHIFT */"
      MOVED = "/* Could not access MOVED */"
      TREEBIN = "/* Could not access TREEBIN */"
      RESERVED = "/* Could not access RESERVED */"
      HASH_BITS = "/* Could not access HASH_BITS */"
      NCPU = "/* Could not access NCPU */"
      serialPersistentFields = "/* Could not access serialPersistentFields */"
      table = "/* Could not access table */"
      nextTable = "/* Could not access nextTable */"
      baseCount = "/* Could not access baseCount */"
      sizeCtl = "/* Could not access sizeCtl */"
      transferIndex = "/* Could not access transferIndex */"
      cellsBusy = "/* Could not access cellsBusy */"
      counterCells = "/* Could not access counterCells */"
      keySet = "/* Could not access keySet */"
      values = "/* Could not access values */"
      entrySet = "/* Could not access entrySet */"
      U = "/* Could not access U */"
      SIZECTL = "/* Could not access SIZECTL */"
      TRANSFERINDEX = "/* Could not access TRANSFERINDEX */"
      BASECOUNT = "/* Could not access BASECOUNT */"
      CELLSBUSY = "/* Could not access CELLSBUSY */"
      CELLVALUE = "/* Could not access CELLVALUE */"
      ABASE = "/* Could not access ABASE */"
      ASHIFT = "/* Could not access ASHIFT */"
      keySet = "/* Could not access keySet */"
      values = "/* Could not access values */"
    jeeNameToComponentMetaData = class java.util.concurrent.ConcurrentHashMap@5cec1e38
      serialVersionUID = "/* Could not access serialVersionUID */"
      MAXIMUM_CAPACITY = "/* Could not access MAXIMUM_CAPACITY */"
      DEFAULT_CAPACITY = "/* Could not access DEFAULT_CAPACITY */"
      MAX_ARRAY_SIZE = "/* Could not access MAX_ARRAY_SIZE */"
      DEFAULT_CONCURRENCY_LEVEL = "/* Could not access DEFAULT_CONCURRENCY_LEVEL */"
      LOAD_FACTOR = "/* Could not access LOAD_FACTOR */"
      TREEIFY_THRESHOLD = "/* Could not access TREEIFY_THRESHOLD */"
      UNTREEIFY_THRESHOLD = "/* Could not access UNTREEIFY_THRESHOLD */"
      MIN_TREEIFY_CAPACITY = "/* Could not access MIN_TREEIFY_CAPACITY */"
      MIN_TRANSFER_STRIDE = "/* Could not access MIN_TRANSFER_STRIDE */"
      RESIZE_STAMP_BITS = "/* Could not access RESIZE_STAMP_BITS */"
      MAX_RESIZERS = "/* Could not access MAX_RESIZERS */"
      RESIZE_STAMP_SHIFT = "/* Could not access RESIZE_STAMP_SHIFT */"
      MOVED = "/* Could not access MOVED */"
      TREEBIN = "/* Could not access TREEBIN */"
      RESERVED = "/* Could not access RESERVED */"
      HASH_BITS = "/* Could not access HASH_BITS */"
      NCPU = "/* Could not access NCPU */"
      serialPersistentFields = "/* Could not access serialPersistentFields */"
      table = "/* Could not access table */"
      nextTable = "/* Could not access nextTable */"
      baseCount = "/* Could not access baseCount */"
      sizeCtl = "/* Could not access sizeCtl */"
      transferIndex = "/* Could not access transferIndex */"
      cellsBusy = "/* Could not access cellsBusy */"
      counterCells = "/* Could not access counterCells */"
      keySet = "/* Could not access keySet */"
      values = "/* Could not access values */"
      entrySet = "/* Could not access entrySet */"
      U = "/* Could not access U */"
      SIZECTL = "/* Could not access SIZECTL */"
      TRANSFERINDEX = "/* Could not access TRANSFERINDEX */"
      BASECOUNT = "/* Could not access BASECOUNT */"
      CELLSBUSY = "/* Could not access CELLSBUSY */"
      CELLVALUE = "/* Could not access CELLVALUE */"
      ABASE = "/* Could not access ABASE */"
      ASHIFT = "/* Could not access ASHIFT */"
      keySet = "/* Could not access keySet */"
      values = "/* Could not access values */"
    deferredMetaDataFactories = class com.ibm.wsspi.kernel.service.utils.ConcurrentServiceReferenceSet@79be0678
      referenceName = "deferredMetaDataFactory"
      contextRef = class java.util.concurrent.atomic.AtomicReference@11f3001f
      elementMap = class java.util.LinkedHashMap@c53238e
      elementSet = class java.util.concurrent.ConcurrentSkipListSet@36494c00
      elementSetUnsorted = false
      serialVersionUID = 756240983881166148
      $$$tc$$$ = class com.ibm.websphere.ras.TraceComponent@2d20b3da
    deferredMetaDataInitializers = class com.ibm.wsspi.kernel.service.utils.ConcurrentServiceReferenceMap@75574a1
      referenceName = "deferredMetaDataFactory"
      context = class org.apache.felix.scr.impl.manager.ComponentContextImpl@6e803f3c
      elementMap = class java.util.concurrent.ConcurrentHashMap@197047ff
      serialVersionUID = 6980924785166233786
      $$$tc$$$ = class com.ibm.websphere.ras.TraceComponent@6b85f1b
    serialVersionUID = -2494605732980966097
    $$$tc$$$ = class com.ibm.websphere.ras.TraceComponent@4026a2ba
      strings[0] = "TraceComponent[com.ibm.ws.container.service.metadata.internal.MetaDataServiceImpl,class com.ibm.ws.container.service.metadata.internal.MetaDataServiceImpl,[Runtime],null,null]"
  stateChangeService = class com.ibm.ws.container.service.state.internal.StateChangeServiceImpl@20fff407
    applicationStateManager = class com.ibm.ws.container.service.state.internal.ApplicationStateManager@2ef81165
      serialVersionUID = -6685368059484454124
      $$$tc$$$ = class com.ibm.websphere.ras.TraceComponent@7e1bfed8
      listeners = class com.ibm.wsspi.kernel.service.utils.ConcurrentServiceReferenceSet@95cf3c3
      serialVersionUID = 2284273176985484160
      $$$tc$$$ = class com.ibm.websphere.ras.TraceComponent@22e0c626
    moduleStateManager = class com.ibm.ws.container.service.state.internal.ModuleStateManager@2dada5c8
      serialVersionUID = -5540260902341249963
      $$$tc$$$ = class com.ibm.websphere.ras.TraceComponent@4d9ee358
      listeners = class com.ibm.wsspi.kernel.service.utils.ConcurrentServiceReferenceSet@f34ad26
      serialVersionUID = 2284273176985484160
      $$$tc$$$ = class com.ibm.websphere.ras.TraceComponent@22e0c626
    serialVersionUID = -537917915330350560
    $$$tc$$$ = class com.ibm.websphere.ras.TraceComponent@508ece9e
      strings[0] = "TraceComponent[com.ibm.ws.container.service.state.internal.StateChangeServiceImpl,class com.ibm.ws.container.service.state.internal.StateChangeServiceImpl,[Runtime],null,null]"
  moduleClassesInfo = class com.ibm.ws.app.manager.module.internal.SimpleDeployedAppInfoBase$ModuleClassesInfoProvider@1f4d299b
    entryContainerInfosMap = class java.util.HashMap@31edbb31
      serialVersionUID = "/* Could not access serialVersionUID */"
      DEFAULT_INITIAL_CAPACITY = "/* Could not access DEFAULT_INITIAL_CAPACITY */"
      MAXIMUM_CAPACITY = "/* Could not access MAXIMUM_CAPACITY */"
      DEFAULT_LOAD_FACTOR = "/* Could not access DEFAULT_LOAD_FACTOR */"
      TREEIFY_THRESHOLD = "/* Could not access TREEIFY_THRESHOLD */"
      UNTREEIFY_THRESHOLD = "/* Could not access UNTREEIFY_THRESHOLD */"
      MIN_TREEIFY_CAPACITY = "/* Could not access MIN_TREEIFY_CAPACITY */"
      table = "/* Could not access table */"
      entrySet = "/* Could not access entrySet */"
      size = "/* Could not access size */"
      modCount = "/* Could not access modCount */"
      threshold = "/* Could not access threshold */"
      loadFactor = "/* Could not access loadFactor */"
      keySet = "/* Could not access keySet */"
      values = "/* Could not access values */"
    serialVersionUID = -70332790531324534
    $$$tc$$$ = class com.ibm.websphere.ras.TraceComponent@33535916
      strings[0] = "TraceComponent[com.ibm.ws.app.manager.module.internal.SimpleDeployedAppInfoBase$ModuleClassesInfoProvider,class com.ibm.ws.app.manager.module.internal.SimpleDeployedAppInfoBase$ModuleClassesInfoProvider,[applications, app.manager],null,null]"
  moduleContainerInfos = class java.util.ArrayList@3ff5fb57
    serialVersionUID = "/* Could not access serialVersionUID */"
    DEFAULT_CAPACITY = "/* Could not access DEFAULT_CAPACITY */"
    EMPTY_ELEMENTDATA = "/* Could not access EMPTY_ELEMENTDATA */"
    DEFAULTCAPACITY_EMPTY_ELEMENTDATA = "/* Could not access DEFAULTCAPACITY_EMPTY_ELEMENTDATA */"
    elementData = "/* Could not access elementData */"
    size = "/* Could not access size */"
    modCount = "/* Could not access modCount */"
  activeModuleHandlers = class java.util.IdentityHashMap@6b3bf028
    DEFAULT_CAPACITY = "/* Could not access DEFAULT_CAPACITY */"
    MINIMUM_CAPACITY = "/* Could not access MINIMUM_CAPACITY */"
    MAXIMUM_CAPACITY = "/* Could not access MAXIMUM_CAPACITY */"
    table = "/* Could not access table */"
    size = "/* Could not access size */"
    modCount = "/* Could not access modCount */"
    NULL_KEY = "/* Could not access NULL_KEY */"
    entrySet = "/* Could not access entrySet */"
    serialVersionUID = "/* Could not access serialVersionUID */"
    keySet = "/* Could not access keySet */"
    values = "/* Could not access values */"
  serialVersionUID = -2685719801501752993
  $$$tc$$$ = class com.ibm.websphere.ras.TraceComponent@66e0687a
    strings[0] = "TraceComponent[com.ibm.ws.app.manager.module.internal.SimpleDeployedAppInfoBase,class com.ibm.ws.app.manager.module.internal.SimpleDeployedAppInfoBase,[applications, app.manager],null,null]"

Dump of objectArray[0]
Object type = com.ibm.ws.threading.internal.NonCancelableResultFuture
  _done = false
  _result = null
  _failure = null
  _listeners = class java.util.concurrent.ConcurrentLinkedQueue@35c5d98e
    serialVersionUID = "/* Could not access serialVersionUID */"
    head = "/* Could not access head */"
    tail = "/* Could not access tail */"
    MAX_HOPS = "/* Could not access MAX_HOPS */"
    HEAD = "/* Could not access HEAD */"
    TAIL = "/* Could not access TAIL */"
    ITEM = "/* Could not access ITEM */"
    NEXT = "/* Could not access NEXT */"
  _notifiedListeners = class java.util.concurrent.atomic.AtomicBoolean@d27624
    serialVersionUID = "/* Could not access serialVersionUID */"
    VALUE = "/* Could not access VALUE */"
    value = "/* Could not access value */"
  serialVersionUID = -296387658814354272
  $$$tc$$$ = class com.ibm.websphere.ras.TraceComponent@6bacd49a
    strings[0] = "TraceComponent[com.ibm.ws.threading.internal.NonCancelableResultFuture,class com.ibm.ws.threading.internal.NonCancelableResultFuture,[Threading],com.ibm.ws.threading.internal.resources.ThreadingMessages,null]"

