------Start of DE processing------ = [01/05/2022 12:53:39:207 BRT]
Exception = com.ibm.wsspi.injectionengine.InjectionException
Source = com.ibm.ws.cdi.impl.weld.WebSphereCDIDeploymentImpl
probeid = 667
Stack Dump = com.ibm.wsspi.injectionengine.InjectionException: com.ibm.ejs.container.EJBConfigurationException: EJB class com.cruznobre.rest.core.persistence.BrandDAO must have a public constructor that takes no parameters : restapi#restapi.war#BrandDAO
	at com.ibm.ws.ejbcontainer.runtime.ComponentNameSpaceConfigurationProviderImpl.getComponentNameSpaceConfiguration(ComponentNameSpaceConfigurationProviderImpl.java:49)
	at com.ibm.ws.injectionengine.ReferenceContextImpl.processImpl(ReferenceContextImpl.java:326)
	at com.ibm.ws.injectionengine.ReferenceContextImpl.process(ReferenceContextImpl.java:287)
	at com.ibm.ws.injectionengine.osgi.internal.OSGiReferenceContextImpl.process(OSGiReferenceContextImpl.java:30)
	at com.ibm.ws.cdi.impl.weld.WebSphereCDIDeploymentImpl.initializeInjectionServices(WebSphereCDIDeploymentImpl.java:666)
	at com.ibm.ws.cdi.impl.CDIContainerImpl.startInitialization(CDIContainerImpl.java:145)
	at com.ibm.ws.cdi.liberty.CDIRuntimeImpl.applicationStarting(CDIRuntimeImpl.java:480)
	at com.ibm.ws.container.service.state.internal.ApplicationStateManager.fireStarting(ApplicationStateManager.java:51)
	at com.ibm.ws.container.service.state.internal.StateChangeServiceImpl.fireApplicationStarting(StateChangeServiceImpl.java:50)
	at com.ibm.ws.app.manager.module.internal.SimpleDeployedAppInfoBase.preDeployApp(SimpleDeployedAppInfoBase.java:547)
	at com.ibm.ws.app.manager.module.internal.SimpleDeployedAppInfoBase.installApp(SimpleDeployedAppInfoBase.java:508)
	at com.ibm.ws.app.manager.module.internal.DeployedAppInfoBase.deployApp(DeployedAppInfoBase.java:349)
	at com.ibm.ws.app.manager.war.internal.WARApplicationHandlerImpl.install(WARApplicationHandlerImpl.java:65)
	at com.ibm.ws.app.manager.internal.statemachine.StartAction.execute(StartAction.java:161)
	at com.ibm.ws.app.manager.internal.statemachine.ApplicationStateMachineImpl.enterState(ApplicationStateMachineImpl.java:1357)
	at com.ibm.ws.app.manager.internal.statemachine.ApplicationStateMachineImpl.run(ApplicationStateMachineImpl.java:901)
	at com.ibm.ws.threading.internal.ExecutorServiceImpl$RunnableWrapper.run(ExecutorServiceImpl.java:245)
	at java.base/java.util.concurrent.ThreadPoolExecutor.runWorker(ThreadPoolExecutor.java:1136)
	at java.base/java.util.concurrent.ThreadPoolExecutor$Worker.run(ThreadPoolExecutor.java:635)
	at java.base/java.lang.Thread.run(Thread.java:833)
Caused by: com.ibm.ejs.container.EJBConfigurationException: EJB class com.cruznobre.rest.core.persistence.BrandDAO must have a public constructor that takes no parameters : restapi#restapi.war#BrandDAO
	at com.ibm.ws.ejbcontainer.jitdeploy.EJBUtils.validateEjbClass(EJBUtils.java:346)
	at com.ibm.ws.ejbcontainer.jitdeploy.JITDeploy.validateInterfaceBasics(JITDeploy.java:203)
	at com.ibm.ws.metadata.ejb.EJBMDOrchestrator.loadCustomerProvidedClasses(EJBMDOrchestrator.java:3655)
	at com.ibm.ws.metadata.ejb.EJBMDOrchestrator.finishBMDInitForReferenceContext(EJBMDOrchestrator.java:6832)
	at com.ibm.ws.ejbcontainer.osgi.internal.EJBMDOrchestratorImpl.finishBMDInitForReferenceContextPrivileged(EJBMDOrchestratorImpl.java:1138)
	at com.ibm.ws.ejbcontainer.osgi.internal.EJBMDOrchestratorImpl.access$000(EJBMDOrchestratorImpl.java:70)
	at com.ibm.ws.ejbcontainer.osgi.internal.EJBMDOrchestratorImpl$1.run(EJBMDOrchestratorImpl.java:1151)
	at com.ibm.ws.ejbcontainer.osgi.internal.EJBMDOrchestratorImpl$1.run(EJBMDOrchestratorImpl.java:1148)
	at java.base/java.security.AccessController.doPrivileged(AccessController.java:569)
	at com.ibm.ws.ejbcontainer.osgi.internal.EJBMDOrchestratorImpl.finishBMDInitForReferenceContext(EJBMDOrchestratorImpl.java:1148)
	at com.ibm.ws.ejbcontainer.runtime.AbstractEJBRuntime.finishBMDInitForReferenceContext(AbstractEJBRuntime.java:1524)
	at com.ibm.ws.ejbcontainer.runtime.ComponentNameSpaceConfigurationProviderImpl.getComponentNameSpaceConfiguration(ComponentNameSpaceConfigurationProviderImpl.java:43)
	... 19 more
Caused by: java.lang.NoSuchMethodException: com.cruznobre.rest.core.persistence.BrandDAO.<init>()
	at java.base/java.lang.Class.getConstructor0(Class.java:3585)
	at java.base/java.lang.Class.getConstructor(Class.java:2271)
	at com.ibm.ws.ejbcontainer.jitdeploy.EJBUtils.validateEjbClass(EJBUtils.java:337)
	... 30 more

Dump of callerThis
Object type = com.ibm.ws.cdi.impl.weld.WebSphereCDIDeploymentImpl
  tc = class com.ibm.websphere.ras.TraceComponent@21d824d8
    strings[0] = "TraceComponent[com.ibm.ws.cdi.impl.weld.WebSphereCDIDeploymentImpl,class com.ibm.ws.cdi.impl.weld.WebSphereCDIDeploymentImpl,[JCDI],com.ibm.ws.cdi.internal.resources.CDI,null]"
  id = "restapi"
  deploymentDBAs = class java.util.HashMap@5186fef2
    serialVersionUID = "/* Could not access serialVersionUID */"
    DEFAULT_INITIAL_CAPACITY = "/* Could not access DEFAULT_INITIAL_CAPACITY */"
    MAXIMUM_CAPACITY = "/* Could not access MAXIMUM_CAPACITY */"
    DEFAULT_LOAD_FACTOR = "/* Could not access DEFAULT_LOAD_FACTOR */"
    TREEIFY_THRESHOLD = "/* Could not access TREEIFY_THRESHOLD */"
    UNTREEIFY_THRESHOLD = "/* Could not access UNTREEIFY_THRESHOLD */"
    MIN_TREEIFY_CAPACITY = "/* Could not access MIN_TREEIFY_CAPACITY */"
    table = "/* Could not access table */"
    entrySet = "/* Could not access entrySet */"
    size = "/* Could not access size */"
    modCount = "/* Could not access modCount */"
    threshold = "/* Could not access threshold */"
    loadFactor = "/* Could not access loadFactor */"
    keySet = "/* Could not access keySet */"
    values = "/* Could not access values */"
  applicationBDAs = class java.util.HashSet@1ad845d9
    serialVersionUID = "/* Could not access serialVersionUID */"
    map = "/* Could not access map */"
    PRESENT = "/* Could not access PRESENT */"
  extensionBDAs = class java.util.HashMap@1fb33e26
    serialVersionUID = "/* Could not access serialVersionUID */"
    DEFAULT_INITIAL_CAPACITY = "/* Could not access DEFAULT_INITIAL_CAPACITY */"
    MAXIMUM_CAPACITY = "/* Could not access MAXIMUM_CAPACITY */"
    DEFAULT_LOAD_FACTOR = "/* Could not access DEFAULT_LOAD_FACTOR */"
    TREEIFY_THRESHOLD = "/* Could not access TREEIFY_THRESHOLD */"
    UNTREEIFY_THRESHOLD = "/* Could not access UNTREEIFY_THRESHOLD */"
    MIN_TREEIFY_CAPACITY = "/* Could not access MIN_TREEIFY_CAPACITY */"
    table = "/* Could not access table */"
    entrySet = "/* Could not access entrySet */"
    size = "/* Could not access size */"
    modCount = "/* Could not access modCount */"
    threshold = "/* Could not access threshold */"
    loadFactor = "/* Could not access loadFactor */"
    keySet = "/* Could not access keySet */"
    values = "/* Could not access values */"
  orderedBDAs = class java.util.ArrayList@3aeea9bc
    serialVersionUID = "/* Could not access serialVersionUID */"
    DEFAULT_CAPACITY = "/* Could not access DEFAULT_CAPACITY */"
    EMPTY_ELEMENTDATA = "/* Could not access EMPTY_ELEMENTDATA */"
    DEFAULTCAPACITY_EMPTY_ELEMENTDATA = "/* Could not access DEFAULTCAPACITY_EMPTY_ELEMENTDATA */"
    elementData = "/* Could not access elementData */"
    size = "/* Could not access size */"
    modCount = "/* Could not access modCount */"
  bootstrap = class org.jboss.weld.bootstrap.WeldBootstrap@5c79b17d
    weldStartup = class org.jboss.weld.bootstrap.WeldStartup@5e1a1f00
      deploymentManager = null
      bdaMapping = null
      contexts = null
      extensions = null
      environment = null
      deployment = null
      deploymentVisitor = null
      initialServices = class org.jboss.weld.bootstrap.api.helpers.SimpleServiceRegistry@72e9d74
      contextId = null
      tracker = class org.jboss.weld.bootstrap.Trackers$1@4cfb1908
    weldRuntime = null
    beansXmlValidator = null
  classloader = class com.ibm.ws.classloading.internal.AppClassLoader@660c0642
    tc = class com.ibm.websphere.ras.TraceComponent@47632aee
      strings[0] = "TraceComponent[com.ibm.ws.classloading.internal.AppClassLoader,class com.ibm.ws.classloading.internal.AppClassLoader,[ClassLoadingService],com.ibm.ws.classloading.internal.resources.ClassLoadingServiceMessages,null]"
    forbiddenClassNames = class java.util.Collections$UnmodifiableSet@54098151
      serialVersionUID = "/* Could not access serialVersionUID */"
      serialVersionUID = "/* Could not access serialVersionUID */"
      c = "/* Could not access c */"
    FORBIDDEN_PROPERTIES = "forbidden.properties"
    disableSharedClassesCache = false
    PARENT_FIRST_SEARCH_ORDER = class java.util.Collections$UnmodifiableRandomAccessList@32f8305f
      serialVersionUID = "/* Could not access serialVersionUID */"
      serialVersionUID = "/* Could not access serialVersionUID */"
      list = "/* Could not access list */"
      serialVersionUID = "/* Could not access serialVersionUID */"
      c = "/* Could not access c */"
    packagesDefined = class java.util.Collections$SetFromMap@d59f2b9
      m = "/* Could not access m */"
      s = "/* Could not access s */"
      serialVersionUID = "/* Could not access serialVersionUID */"
    CLASS_LOADING_TRACE_PREFIX = "com.ibm.ws.class.load."
    DEFAULT_PACKAGE = "default.package"
    perPackageClassLoadingTraceComponents = class java.util.concurrent.ConcurrentHashMap@15c2e94a
      serialVersionUID = "/* Could not access serialVersionUID */"
      MAXIMUM_CAPACITY = "/* Could not access MAXIMUM_CAPACITY */"
      DEFAULT_CAPACITY = "/* Could not access DEFAULT_CAPACITY */"
      MAX_ARRAY_SIZE = "/* Could not access MAX_ARRAY_SIZE */"
      DEFAULT_CONCURRENCY_LEVEL = "/* Could not access DEFAULT_CONCURRENCY_LEVEL */"
      LOAD_FACTOR = "/* Could not access LOAD_FACTOR */"
      TREEIFY_THRESHOLD = "/* Could not access TREEIFY_THRESHOLD */"
      UNTREEIFY_THRESHOLD = "/* Could not access UNTREEIFY_THRESHOLD */"
      MIN_TREEIFY_CAPACITY = "/* Could not access MIN_TREEIFY_CAPACITY */"
      MIN_TRANSFER_STRIDE = "/* Could not access MIN_TRANSFER_STRIDE */"
      RESIZE_STAMP_BITS = "/* Could not access RESIZE_STAMP_BITS */"
      MAX_RESIZERS = "/* Could not access MAX_RESIZERS */"
      RESIZE_STAMP_SHIFT = "/* Could not access RESIZE_STAMP_SHIFT */"
      MOVED = "/* Could not access MOVED */"
      TREEBIN = "/* Could not access TREEBIN */"
      RESERVED = "/* Could not access RESERVED */"
      HASH_BITS = "/* Could not access HASH_BITS */"
      NCPU = "/* Could not access NCPU */"
      serialPersistentFields = "/* Could not access serialPersistentFields */"
      table = "/* Could not access table */"
      nextTable = "/* Could not access nextTable */"
      baseCount = "/* Could not access baseCount */"
      sizeCtl = "/* Could not access sizeCtl */"
      transferIndex = "/* Could not access transferIndex */"
      cellsBusy = "/* Could not access cellsBusy */"
      counterCells = "/* Could not access counterCells */"
      keySet = "/* Could not access keySet */"
      values = "/* Could not access values */"
      entrySet = "/* Could not access entrySet */"
      U = "/* Could not access U */"
      SIZECTL = "/* Could not access SIZECTL */"
      TRANSFERINDEX = "/* Could not access TRANSFERINDEX */"
      BASECOUNT = "/* Could not access BASECOUNT */"
      CELLSBUSY = "/* Could not access CELLSBUSY */"
      CELLVALUE = "/* Could not access CELLVALUE */"
      ABASE = "/* Could not access ABASE */"
      ASHIFT = "/* Could not access ASHIFT */"
      keySet = "/* Could not access keySet */"
      values = "/* Could not access values */"
    config = class com.ibm.ws.classloading.internal.ClassLoaderConfigurationImpl@4786f005
      DEFAULT_PROTECTION_DOMAIN = class java.security.ProtectionDomain@5f705ff5
      delegateLast = false
      includeAppExtensions = true
      id = class com.ibm.ws.classloading.serializable.ClassLoaderIdentityImpl@4b65c2a
      parentId = null
      sharedLibraries = class java.util.ArrayList@75212892
      commonLibraries = class java.util.Collections$EmptyList@4fd451f
      providers = class java.util.Collections$EmptyList@4fd451f
      nativeLibraryContainers = class java.util.Collections$EmptyList@4fd451f
      protectionDomain = class java.security.ProtectionDomain@74b1f963
      serialVersionUID = 9091690180200375339
      $$$tc$$$ = class com.ibm.websphere.ras.TraceComponent@431f1e49
    privateLibraries = null
    delegateLoaders = class com.ibm.ws.classloading.internal.util.CompositeIterable@340f5a62
      iterables = class java.util.Arrays$ArrayList@3ac2a67
      serialVersionUID = -1227195994638150837
      $$$tc$$$ = class com.ibm.websphere.ras.TraceComponent@1536bb02
    nativeLibraryFiles = class java.util.ArrayList@7681aa60
      serialVersionUID = "/* Could not access serialVersionUID */"
      DEFAULT_CAPACITY = "/* Could not access DEFAULT_CAPACITY */"
      EMPTY_ELEMENTDATA = "/* Could not access EMPTY_ELEMENTDATA */"
      DEFAULTCAPACITY_EMPTY_ELEMENTDATA = "/* Could not access DEFAULTCAPACITY_EMPTY_ELEMENTDATA */"
      elementData = "/* Could not access elementData */"
      size = "/* Could not access size */"
      modCount = "/* Could not access modCount */"
    transformers = class java.util.ArrayList@740b9543
      serialVersionUID = "/* Could not access serialVersionUID */"
      DEFAULT_CAPACITY = "/* Could not access DEFAULT_CAPACITY */"
      EMPTY_ELEMENTDATA = "/* Could not access EMPTY_ELEMENTDATA */"
      DEFAULTCAPACITY_EMPTY_ELEMENTDATA = "/* Could not access DEFAULTCAPACITY_EMPTY_ELEMENTDATA */"
      elementData = "/* Could not access elementData */"
      size = "/* Could not access size */"
      modCount = "/* Could not access modCount */"
    systemTransformers = class java.util.Collections$EmptyList@4fd451f
      serialVersionUID = "/* Could not access serialVersionUID */"
      modCount = "/* Could not access modCount */"
    apiAccess = class com.ibm.ws.classloading.internal.GatewayClassLoader@104e3943
      config = class com.ibm.ws.classloading.internal.GatewayConfigurationImpl@29638ff7
      wiringMonitor = class com.ibm.ws.classloading.internal.GatewayClassLoader$1@1f02d1fd
      bundle = class org.eclipse.osgi.internal.framework.EquinoxBundle@5e1dc1b2
      wiring = class org.eclipse.osgi.container.ModuleWiring@639b0f37
      cl = null
      bLoader = class org.eclipse.osgi.internal.loader.BundleLoader@181a88c6
      resourceProviders = class com.ibm.ws.classloading.internal.CompositeResourceProvider@2d33a005
      serialVersionUID = -5503641212193211983
      $$$tc$$$ = class com.ibm.websphere.ras.TraceComponent@222deae9
    generator = class com.ibm.ws.classloading.internal.ClassGeneratorManager@4a6fc3a8
      tc = class com.ibm.websphere.ras.TraceComponent@564f339c
      generatorRefs = class com.ibm.wsspi.kernel.service.utils.ConcurrentServiceReferenceSet@5d238e36
      serialVersionUID = 4152663586056483310
    protectionDomains = class java.util.concurrent.ConcurrentHashMap@31c6a22f
      serialVersionUID = "/* Could not access serialVersionUID */"
      MAXIMUM_CAPACITY = "/* Could not access MAXIMUM_CAPACITY */"
      DEFAULT_CAPACITY = "/* Could not access DEFAULT_CAPACITY */"
      MAX_ARRAY_SIZE = "/* Could not access MAX_ARRAY_SIZE */"
      DEFAULT_CONCURRENCY_LEVEL = "/* Could not access DEFAULT_CONCURRENCY_LEVEL */"
      LOAD_FACTOR = "/* Could not access LOAD_FACTOR */"
      TREEIFY_THRESHOLD = "/* Could not access TREEIFY_THRESHOLD */"
      UNTREEIFY_THRESHOLD = "/* Could not access UNTREEIFY_THRESHOLD */"
      MIN_TREEIFY_CAPACITY = "/* Could not access MIN_TREEIFY_CAPACITY */"
      MIN_TRANSFER_STRIDE = "/* Could not access MIN_TRANSFER_STRIDE */"
      RESIZE_STAMP_BITS = "/* Could not access RESIZE_STAMP_BITS */"
      MAX_RESIZERS = "/* Could not access MAX_RESIZERS */"
      RESIZE_STAMP_SHIFT = "/* Could not access RESIZE_STAMP_SHIFT */"
      MOVED = "/* Could not access MOVED */"
      TREEBIN = "/* Could not access TREEBIN */"
      RESERVED = "/* Could not access RESERVED */"
      HASH_BITS = "/* Could not access HASH_BITS */"
      NCPU = "/* Could not access NCPU */"
      serialPersistentFields = "/* Could not access serialPersistentFields */"
      table = "/* Could not access table */"
      nextTable = "/* Could not access nextTable */"
      baseCount = "/* Could not access baseCount */"
      sizeCtl = "/* Could not access sizeCtl */"
      transferIndex = "/* Could not access transferIndex */"
      cellsBusy = "/* Could not access cellsBusy */"
      counterCells = "/* Could not access counterCells */"
      keySet = "/* Could not access keySet */"
      values = "/* Could not access values */"
      entrySet = "/* Could not access entrySet */"
      U = "/* Could not access U */"
      SIZECTL = "/* Could not access SIZECTL */"
      TRANSFERINDEX = "/* Could not access TRANSFERINDEX */"
      BASECOUNT = "/* Could not access BASECOUNT */"
      CELLSBUSY = "/* Could not access CELLSBUSY */"
      CELLVALUE = "/* Could not access CELLVALUE */"
      ABASE = "/* Could not access ABASE */"
      ASHIFT = "/* Could not access ASHIFT */"
      keySet = "/* Could not access keySet */"
      values = "/* Could not access values */"
    hook = null
    serialVersionUID = 6298584331839778391
    tc = class com.ibm.websphere.ras.TraceComponent@66d6637d
      strings[0] = "TraceComponent[com.ibm.ws.classloading.internal.ContainerClassLoader,class com.ibm.ws.classloading.internal.ContainerClassLoader,[ClassLoadingService],com.ibm.ws.classloading.internal.resources.ClassLoadingServiceMessages,null]"
    smartClassPath = class com.ibm.ws.classloading.internal.ContainerClassLoader$SmartClassPathImpl@194f98d9
      rwLock = class java.util.concurrent.locks.ReentrantReadWriteLock@1f6e4071
      outstandingContainers = class java.util.concurrent.atomic.AtomicInteger@53fea7e2
      usePackageMap = true
      maxLastNotFound = 250
      maxLastFound = 900
      maxLastReallyNotFound = 900
      propsInUse = false
      classPath = class java.util.concurrent.CopyOnWriteArrayList@637d0610
      MAX_LASTNOTFOUND = 250
      lastNotFound = class java.util.concurrent.CopyOnWriteArrayList@12dda573
      MAX_LASTFOUND = 900
      lastFoundURL = class java.util.Collections$SynchronizedMap@343ac17d
      MAX_LASTREALLYNOTFOUND = 900
      lastReallyNotFoundURL = class java.util.Collections$SynchronizedMap@3ffc1c6c
      packageMap = class java.util.HashMap@28cfa835
      containers = class java.util.Collections$SetFromMap@57466662
      serialVersionUID = 1586111247084489525
      $$$tc$$$ = class com.ibm.websphere.ras.TraceComponent@91afbd2
    nativeLibraryContainers = class java.util.ArrayList@77f4e352
      serialVersionUID = "/* Could not access serialVersionUID */"
      DEFAULT_CAPACITY = "/* Could not access DEFAULT_CAPACITY */"
      EMPTY_ELEMENTDATA = "/* Could not access EMPTY_ELEMENTDATA */"
      DEFAULTCAPACITY_EMPTY_ELEMENTDATA = "/* Could not access DEFAULTCAPACITY_EMPTY_ELEMENTDATA */"
      elementData = "/* Could not access elementData */"
      size = "/* Could not access size */"
      modCount = "/* Could not access modCount */"
    redefiner = class com.ibm.ws.classloading.internal.util.ClassRedefiner@43320c87
      tc = class com.ibm.websphere.ras.TraceComponent@230a6484
      LS = "
"
      inst = class jdk.proxy2.$Proxy3@25d371cc
      serialVersionUID = 2420101865139508526
    jarProtocol = "wsjar:"
    mapCreationQueue = class java.util.concurrent.Executors$FinalizableDelegatedExecutorService@47610914
      e = "/* Could not access e */"
    serialVersionUID = 2907229643147424365
    parent = class com.ibm.ws.classloading.internal.GatewayClassLoader@104e3943
    serialVersionUID = 7632539847817580154
    $$$tc$$$ = class com.ibm.websphere.ras.TraceComponent@39377c3e
      strings[0] = "TraceComponent[com.ibm.ws.classloading.internal.LibertyLoader,class com.ibm.ws.classloading.internal.LibertyLoader,[ClassLoadingService],com.ibm.ws.classloading.internal.resources.ClassLoadingServiceMessages,null]"
    pdcache = "/* Could not access pdcache */"
  extensionClassLoaders = class java.util.HashSet@4d7d1a6
    serialVersionUID = "/* Could not access serialVersionUID */"
    map = "/* Could not access map */"
    PRESENT = "/* Could not access PRESENT */"
  cdiEnabled = true
  cdiStatusMap = class java.util.HashMap@2938d14
    serialVersionUID = "/* Could not access serialVersionUID */"
    DEFAULT_INITIAL_CAPACITY = "/* Could not access DEFAULT_INITIAL_CAPACITY */"
    MAXIMUM_CAPACITY = "/* Could not access MAXIMUM_CAPACITY */"
    DEFAULT_LOAD_FACTOR = "/* Could not access DEFAULT_LOAD_FACTOR */"
    TREEIFY_THRESHOLD = "/* Could not access TREEIFY_THRESHOLD */"
    UNTREEIFY_THRESHOLD = "/* Could not access UNTREEIFY_THRESHOLD */"
    MIN_TREEIFY_CAPACITY = "/* Could not access MIN_TREEIFY_CAPACITY */"
    table = "/* Could not access table */"
    entrySet = "/* Could not access entrySet */"
    size = "/* Could not access size */"
    modCount = "/* Could not access modCount */"
    threshold = "/* Could not access threshold */"
    loadFactor = "/* Could not access loadFactor */"
    keySet = "/* Could not access keySet */"
    values = "/* Could not access values */"
  classBDAMap = class java.util.concurrent.ConcurrentHashMap@4d7f77b3
    serialVersionUID = "/* Could not access serialVersionUID */"
    MAXIMUM_CAPACITY = "/* Could not access MAXIMUM_CAPACITY */"
    DEFAULT_CAPACITY = "/* Could not access DEFAULT_CAPACITY */"
    MAX_ARRAY_SIZE = "/* Could not access MAX_ARRAY_SIZE */"
    DEFAULT_CONCURRENCY_LEVEL = "/* Could not access DEFAULT_CONCURRENCY_LEVEL */"
    LOAD_FACTOR = "/* Could not access LOAD_FACTOR */"
    TREEIFY_THRESHOLD = "/* Could not access TREEIFY_THRESHOLD */"
    UNTREEIFY_THRESHOLD = "/* Could not access UNTREEIFY_THRESHOLD */"
    MIN_TREEIFY_CAPACITY = "/* Could not access MIN_TREEIFY_CAPACITY */"
    MIN_TRANSFER_STRIDE = "/* Could not access MIN_TRANSFER_STRIDE */"
    RESIZE_STAMP_BITS = "/* Could not access RESIZE_STAMP_BITS */"
    MAX_RESIZERS = "/* Could not access MAX_RESIZERS */"
    RESIZE_STAMP_SHIFT = "/* Could not access RESIZE_STAMP_SHIFT */"
    MOVED = "/* Could not access MOVED */"
    TREEBIN = "/* Could not access TREEBIN */"
    RESERVED = "/* Could not access RESERVED */"
    HASH_BITS = "/* Could not access HASH_BITS */"
    NCPU = "/* Could not access NCPU */"
    serialPersistentFields = "/* Could not access serialPersistentFields */"
    table = "/* Could not access table */"
    nextTable = "/* Could not access nextTable */"
    baseCount = "/* Could not access baseCount */"
    sizeCtl = "/* Could not access sizeCtl */"
    transferIndex = "/* Could not access transferIndex */"
    cellsBusy = "/* Could not access cellsBusy */"
    counterCells = "/* Could not access counterCells */"
    keySet = "/* Could not access keySet */"
    values = "/* Could not access values */"
    entrySet = "/* Could not access entrySet */"
    U = "/* Could not access U */"
    SIZECTL = "/* Could not access SIZECTL */"
    TRANSFERINDEX = "/* Could not access TRANSFERINDEX */"
    BASECOUNT = "/* Could not access BASECOUNT */"
    CELLSBUSY = "/* Could not access CELLSBUSY */"
    CELLVALUE = "/* Could not access CELLVALUE */"
    ABASE = "/* Could not access ABASE */"
    ASHIFT = "/* Could not access ASHIFT */"
    keySet = "/* Could not access keySet */"
    values = "/* Could not access values */"
  application = class com.ibm.ws.cdi.internal.archive.liberty.ApplicationImpl@5c9cc538
    tc = class com.ibm.websphere.ras.TraceComponent@7ce20828
      strings[0] = "TraceComponent[com.ibm.ws.cdi.internal.archive.liberty.ApplicationImpl,class com.ibm.ws.cdi.internal.archive.liberty.ApplicationImpl,[JCDI],com.ibm.ws.cdi.internal.resources.CDI,null]"
    applicationInfo = class com.ibm.ws.container.service.app.deploy.internal.ApplicationInfoImpl@711beca7
      appName = "restapi"
      appMetaData = class com.ibm.ws.container.service.app.deploy.internal.ApplicationMetaDataImpl@2118d97a
      appContainer = class com.ibm.ws.adaptable.module.internal.AdaptableContainerImpl@2012ff6
      configHelper = class com.ibm.ws.app.manager.module.ApplicationNestedConfigHelper@508362a
      applicationInformation = class com.ibm.ws.app.manager.internal.ApplicationInstallInfo@3beb7a56
      serialVersionUID = 5227817860647895780
      $$$tc$$$ = class com.ibm.websphere.ras.TraceComponent@4784310
    earApplicationInfo = null
    factory = class com.ibm.ws.cdi.internal.archive.liberty.RuntimeFactory@65ce0abc
      services = class com.ibm.ws.cdi.liberty.CDIRuntimeImpl@4eed9d55
      applications = class java.util.concurrent.ConcurrentHashMap@42bf461a
      serialVersionUID = -4454616462077940377
      $$$tc$$$ = class com.ibm.websphere.ras.TraceComponent@ef5973a
    type = class com.ibm.ws.cdi.internal.interfaces.ApplicationType@299fc484
      EAR = class com.ibm.ws.cdi.internal.interfaces.ApplicationType@6b748e47
      WAR = class com.ibm.ws.cdi.internal.interfaces.ApplicationType@299fc484
      $VALUES = class com.ibm.ws.cdi.internal.interfaces.ApplicationType[2]
      name = "/* Could not access name */"
      ordinal = "/* Could not access ordinal */"
    moduleArchives = class java.util.HashMap$Values@1d03004b
      this$0 = "/* Could not access this$0 */"
    libraryArchives = class java.util.HashMap$Values@136ffef4
      this$0 = "/* Could not access this$0 */"
    serialVersionUID = 2750581203715901427
  serviceRegistry = class org.jboss.weld.bootstrap.api.helpers.SimpleServiceRegistry@66fc65ec
    services = class java.util.HashMap@220dc871
      serialVersionUID = "/* Could not access serialVersionUID */"
      DEFAULT_INITIAL_CAPACITY = "/* Could not access DEFAULT_INITIAL_CAPACITY */"
      MAXIMUM_CAPACITY = "/* Could not access MAXIMUM_CAPACITY */"
      DEFAULT_LOAD_FACTOR = "/* Could not access DEFAULT_LOAD_FACTOR */"
      TREEIFY_THRESHOLD = "/* Could not access TREEIFY_THRESHOLD */"
      UNTREEIFY_THRESHOLD = "/* Could not access UNTREEIFY_THRESHOLD */"
      MIN_TREEIFY_CAPACITY = "/* Could not access MIN_TREEIFY_CAPACITY */"
      table = "/* Could not access table */"
      entrySet = "/* Could not access entrySet */"
      size = "/* Could not access size */"
      modCount = "/* Could not access modCount */"
      threshold = "/* Could not access threshold */"
      loadFactor = "/* Could not access loadFactor */"
      keySet = "/* Could not access keySet */"
      values = "/* Could not access values */"
  extensions = null
  injectionServices = class com.ibm.ws.cdi.impl.weld.injection.WebSphereInjectionServicesImpl@7819af0a
    tc = class com.ibm.websphere.ras.TraceComponent@16558449
      strings[0] = "TraceComponent[com.ibm.ws.cdi.impl.weld.injection.WebSphereInjectionServicesImpl,class com.ibm.ws.cdi.impl.weld.injection.WebSphereInjectionServicesImpl,[JCDI],com.ibm.ws.cdi.internal.resources.CDI,null]"
    ANNOTATIONS_KNOWN_TO_WELD = class java.util.HashSet@72b35111
      serialVersionUID = "/* Could not access serialVersionUID */"
      map = "/* Could not access map */"
      PRESENT = "/* Could not access PRESENT */"
    referenceContextMap = class java.util.concurrent.ConcurrentHashMap@21363df4
      serialVersionUID = "/* Could not access serialVersionUID */"
      MAXIMUM_CAPACITY = "/* Could not access MAXIMUM_CAPACITY */"
      DEFAULT_CAPACITY = "/* Could not access DEFAULT_CAPACITY */"
      MAX_ARRAY_SIZE = "/* Could not access MAX_ARRAY_SIZE */"
      DEFAULT_CONCURRENCY_LEVEL = "/* Could not access DEFAULT_CONCURRENCY_LEVEL */"
      LOAD_FACTOR = "/* Could not access LOAD_FACTOR */"
      TREEIFY_THRESHOLD = "/* Could not access TREEIFY_THRESHOLD */"
      UNTREEIFY_THRESHOLD = "/* Could not access UNTREEIFY_THRESHOLD */"
      MIN_TREEIFY_CAPACITY = "/* Could not access MIN_TREEIFY_CAPACITY */"
      MIN_TRANSFER_STRIDE = "/* Could not access MIN_TRANSFER_STRIDE */"
      RESIZE_STAMP_BITS = "/* Could not access RESIZE_STAMP_BITS */"
      MAX_RESIZERS = "/* Could not access MAX_RESIZERS */"
      RESIZE_STAMP_SHIFT = "/* Could not access RESIZE_STAMP_SHIFT */"
      MOVED = "/* Could not access MOVED */"
      TREEBIN = "/* Could not access TREEBIN */"
      RESERVED = "/* Could not access RESERVED */"
      HASH_BITS = "/* Could not access HASH_BITS */"
      NCPU = "/* Could not access NCPU */"
      serialPersistentFields = "/* Could not access serialPersistentFields */"
      table = "/* Could not access table */"
      nextTable = "/* Could not access nextTable */"
      baseCount = "/* Could not access baseCount */"
      sizeCtl = "/* Could not access sizeCtl */"
      transferIndex = "/* Could not access transferIndex */"
      cellsBusy = "/* Could not access cellsBusy */"
      counterCells = "/* Could not access counterCells */"
      keySet = "/* Could not access keySet */"
      values = "/* Could not access values */"
      entrySet = "/* Could not access entrySet */"
      U = "/* Could not access U */"
      SIZECTL = "/* Could not access SIZECTL */"
      TRANSFERINDEX = "/* Could not access TRANSFERINDEX */"
      BASECOUNT = "/* Could not access BASECOUNT */"
      CELLSBUSY = "/* Could not access CELLSBUSY */"
      CELLVALUE = "/* Could not access CELLVALUE */"
      ABASE = "/* Could not access ABASE */"
      ASHIFT = "/* Could not access ASHIFT */"
      keySet = "/* Could not access keySet */"
      values = "/* Could not access values */"
    referenceContexts = class java.util.Collections$SetFromMap@6ed0a96f
      m = "/* Could not access m */"
      s = "/* Could not access s */"
      serialVersionUID = "/* Could not access serialVersionUID */"
    injectionTargetListeners = class java.util.concurrent.ConcurrentHashMap@22d2aa84
      serialVersionUID = "/* Could not access serialVersionUID */"
      MAXIMUM_CAPACITY = "/* Could not access MAXIMUM_CAPACITY */"
      DEFAULT_CAPACITY = "/* Could not access DEFAULT_CAPACITY */"
      MAX_ARRAY_SIZE = "/* Could not access MAX_ARRAY_SIZE */"
      DEFAULT_CONCURRENCY_LEVEL = "/* Could not access DEFAULT_CONCURRENCY_LEVEL */"
      LOAD_FACTOR = "/* Could not access LOAD_FACTOR */"
      TREEIFY_THRESHOLD = "/* Could not access TREEIFY_THRESHOLD */"
      UNTREEIFY_THRESHOLD = "/* Could not access UNTREEIFY_THRESHOLD */"
      MIN_TREEIFY_CAPACITY = "/* Could not access MIN_TREEIFY_CAPACITY */"
      MIN_TRANSFER_STRIDE = "/* Could not access MIN_TRANSFER_STRIDE */"
      RESIZE_STAMP_BITS = "/* Could not access RESIZE_STAMP_BITS */"
      MAX_RESIZERS = "/* Could not access MAX_RESIZERS */"
      RESIZE_STAMP_SHIFT = "/* Could not access RESIZE_STAMP_SHIFT */"
      MOVED = "/* Could not access MOVED */"
      TREEBIN = "/* Could not access TREEBIN */"
      RESERVED = "/* Could not access RESERVED */"
      HASH_BITS = "/* Could not access HASH_BITS */"
      NCPU = "/* Could not access NCPU */"
      serialPersistentFields = "/* Could not access serialPersistentFields */"
      table = "/* Could not access table */"
      nextTable = "/* Could not access nextTable */"
      baseCount = "/* Could not access baseCount */"
      sizeCtl = "/* Could not access sizeCtl */"
      transferIndex = "/* Could not access transferIndex */"
      cellsBusy = "/* Could not access cellsBusy */"
      counterCells = "/* Could not access counterCells */"
      keySet = "/* Could not access keySet */"
      values = "/* Could not access values */"
      entrySet = "/* Could not access entrySet */"
      U = "/* Could not access U */"
      SIZECTL = "/* Could not access SIZECTL */"
      TRANSFERINDEX = "/* Could not access TRANSFERINDEX */"
      BASECOUNT = "/* Could not access BASECOUNT */"
      CELLSBUSY = "/* Could not access CELLSBUSY */"
      CELLVALUE = "/* Could not access CELLVALUE */"
      ABASE = "/* Could not access ABASE */"
      ASHIFT = "/* Could not access ASHIFT */"
      keySet = "/* Could not access keySet */"
      values = "/* Could not access values */"
    deployment = class com.ibm.ws.cdi.impl.weld.WebSphereCDIDeploymentImpl@6b223722
    serialVersionUID = 2515575801175940133
  cdiRuntime = class com.ibm.ws.cdi.liberty.CDIRuntimeImpl@4eed9d55
    tc = class com.ibm.websphere.ras.TraceComponent@6b610fc6
      strings[0] = "TraceComponent[com.ibm.ws.cdi.liberty.CDIRuntimeImpl,class com.ibm.ws.cdi.liberty.CDIRuntimeImpl,[JCDI],com.ibm.ws.cdi.internal.resources.CDI,null]"
    metaDataSlotServiceSR = class com.ibm.wsspi.kernel.service.utils.AtomicServiceReference@6894ae1
      referenceName = "metaDataSlotService"
      tuple = class java.util.concurrent.atomic.AtomicReference@77c718bd
      serialVersionUID = 2226592364007985000
      $$$tc$$$ = class com.ibm.websphere.ras.TraceComponent@7ebed3f7
    ejbEndpointServiceSR = class com.ibm.wsspi.kernel.service.utils.AtomicServiceReference@4628c7da
      referenceName = "ejbEndpointService"
      tuple = class java.util.concurrent.atomic.AtomicReference@319af305
      serialVersionUID = 2226592364007985000
      $$$tc$$$ = class com.ibm.websphere.ras.TraceComponent@7ebed3f7
    classLoadingSRRef = class com.ibm.wsspi.kernel.service.utils.AtomicServiceReference@5cf367c9
      referenceName = "classLoadingService"
      tuple = class java.util.concurrent.atomic.AtomicReference@6aafe05c
      serialVersionUID = 2226592364007985000
      $$$tc$$$ = class com.ibm.websphere.ras.TraceComponent@7ebed3f7
    ejbServices = class com.ibm.wsspi.kernel.service.utils.AtomicServiceReference@2fbe420f
      referenceName = "ejbServices"
      tuple = class java.util.concurrent.atomic.AtomicReference@7f980ab
      serialVersionUID = 2226592364007985000
      $$$tc$$$ = class com.ibm.websphere.ras.TraceComponent@7ebed3f7
    transactionService = class com.ibm.wsspi.kernel.service.utils.AtomicServiceReference@63acdb5b
      referenceName = "transactionService"
      tuple = class java.util.concurrent.atomic.AtomicReference@24fdffd1
      serialVersionUID = 2226592364007985000
      $$$tc$$$ = class com.ibm.websphere.ras.TraceComponent@7ebed3f7
    securityServices = class com.ibm.wsspi.kernel.service.utils.AtomicServiceReference@63bac6e3
      referenceName = "securityServices"
      tuple = class java.util.concurrent.atomic.AtomicReference@2ccbf3a3
      serialVersionUID = 2226592364007985000
      $$$tc$$$ = class com.ibm.websphere.ras.TraceComponent@7ebed3f7
    extensionsSR = class com.ibm.wsspi.kernel.service.utils.ConcurrentServiceReferenceSet@24303872
      referenceName = "extensionService"
      contextRef = class java.util.concurrent.atomic.AtomicReference@49671fde
      elementMap = class java.util.LinkedHashMap@d9ac9be
      elementSet = class java.util.concurrent.ConcurrentSkipListSet@6d433b91
      elementSetUnsorted = false
      serialVersionUID = 756240983881166148
      $$$tc$$$ = class com.ibm.websphere.ras.TraceComponent@580ef059
    spiExtensionsSR = class com.ibm.wsspi.kernel.service.utils.ConcurrentServiceReferenceSet@7943b8c1
      referenceName = "spiExtensionService"
      contextRef = class java.util.concurrent.atomic.AtomicReference@5ab025b4
      elementMap = class java.util.LinkedHashMap@6ef3e2ac
      elementSet = class java.util.concurrent.ConcurrentSkipListSet@2d25868b
      elementSetUnsorted = false
      serialVersionUID = 756240983881166148
      $$$tc$$$ = class com.ibm.websphere.ras.TraceComponent@580ef059
    containerFactorySRRef = class com.ibm.wsspi.kernel.service.utils.AtomicServiceReference@7cb0c2b1
      referenceName = "containerFactory"
      tuple = class java.util.concurrent.atomic.AtomicReference@13e6331
      serialVersionUID = 2226592364007985000
      $$$tc$$$ = class com.ibm.websphere.ras.TraceComponent@7ebed3f7
    adaptableModuleFactorySRRef = class com.ibm.wsspi.kernel.service.utils.AtomicServiceReference@49088e1a
      referenceName = "adaptableModuleFactory"
      tuple = class java.util.concurrent.atomic.AtomicReference@24b71167
      serialVersionUID = 2226592364007985000
      $$$tc$$$ = class com.ibm.websphere.ras.TraceComponent@7ebed3f7
    injectionEngineServiceRef = class com.ibm.wsspi.kernel.service.utils.AtomicServiceReference@6cdecce1
      referenceName = "injectionEngine"
      tuple = class java.util.concurrent.atomic.AtomicReference@2ed3c077
      serialVersionUID = 2226592364007985000
      $$$tc$$$ = class com.ibm.websphere.ras.TraceComponent@7ebed3f7
    scheduledExecutorServiceRef = class com.ibm.wsspi.kernel.service.utils.AtomicServiceReference@83fe40b
      referenceName = "scheduledExecutorService"
      tuple = class java.util.concurrent.atomic.AtomicReference@49cdaf3c
      serialVersionUID = 2226592364007985000
      $$$tc$$$ = class com.ibm.websphere.ras.TraceComponent@7ebed3f7
    executorServiceRef = class com.ibm.wsspi.kernel.service.utils.AtomicServiceReference@72e01af7
      referenceName = "executorService"
      tuple = class java.util.concurrent.atomic.AtomicReference@351574de
      serialVersionUID = 2226592364007985000
      $$$tc$$$ = class com.ibm.websphere.ras.TraceComponent@7ebed3f7
    managedExecutorServiceRef = class com.ibm.wsspi.kernel.service.utils.AtomicServiceReference@7f1522ef
      referenceName = "managedExecutorService"
      tuple = class java.util.concurrent.atomic.AtomicReference@4338977
      serialVersionUID = 2226592364007985000
      $$$tc$$$ = class com.ibm.websphere.ras.TraceComponent@7ebed3f7
    resourceRefConfigFactoryRef = class com.ibm.wsspi.kernel.service.utils.AtomicServiceReference@65b65028
      referenceName = "resourceRefConfigFactory"
      tuple = class java.util.concurrent.atomic.AtomicReference@48f64a05
      serialVersionUID = 2226592364007985000
      $$$tc$$$ = class com.ibm.websphere.ras.TraceComponent@7ebed3f7
    deferredMetaDataFactoryRef = class com.ibm.wsspi.kernel.service.utils.AtomicServiceReference@12deff29
      referenceName = "cdiDeferredMetaDataFactoryImpl"
      tuple = class java.util.concurrent.atomic.AtomicReference@42192290
      serialVersionUID = 2226592364007985000
      $$$tc$$$ = class com.ibm.websphere.ras.TraceComponent@7ebed3f7
    beansXmlParser = class com.ibm.ws.cdi.impl.CDI20BeansXmlParserImpl@601b6827
      serialVersionUID = -2551917422868296378
      $$$tc$$$ = class com.ibm.websphere.ras.TraceComponent@55f07254
    cdiContainerConfig = class com.ibm.ws.cdi.impl.CDI20AggregatedConfigurationImpl@36cf2c91
      serialVersionUID = -5651906535577980940
      $$$tc$$$ = class com.ibm.websphere.ras.TraceComponent@5aa5f7ab
      tc = class com.ibm.websphere.ras.TraceComponent@115de440
      serialVersionUID = -7132961694066908028
      tc = class com.ibm.websphere.ras.TraceComponent@697d4cc1
      ENABLE_IMPLICIT_BEAN_ARCHIVES = "enableImplicitBeanArchives"
      EMPTY_BEANS_XML_EXPLICIT_BEAN_ARCHIVE = "emptyBeansXMLExplicitArchive"
      ENABLE_IMPLICIT_BEAN_ARCHIVES_DEFAULT = true
      EMPTY_BEANS_XML_EXPLICIT_BEAN_ARCHIVE_DEFAULT = false
      cdi12EnableImplicitBeanArchives = null
      cdiEnableImplicitBeanArchives = null
      cdiEmptyBeansXMLExplicitArchive = null
      enableImplicitBeanArchives = true
      emptyBeansXMLExplicitArchive = false
      serialVersionUID = 6954700360719704120
    extensionArchiveProviders = class java.util.concurrent.CopyOnWriteArrayList@612f0d70
      serialVersionUID = "/* Could not access serialVersionUID */"
      lock = "/* Could not access lock */"
      array = "/* Could not access array */"
    applicationSlot = class com.ibm.ws.runtime.metadata.MetaDataSlotImpl@4ed81cb
      id = 4
      destroyed = false
      metadataIntf = class java.lang.Class@55f2d8a1
      manager = class com.ibm.ws.container.service.metadata.internal.ApplicationMetaDataManager@57132d2d
      bundle = class org.eclipse.osgi.internal.framework.EquinoxBundle@4fcd32ef
    isClientProcess = false
    runtimeFactory = class com.ibm.ws.cdi.internal.archive.liberty.RuntimeFactory@65ce0abc
    proxyServices = class com.ibm.ws.cdi.proxy.ProxyServicesImpl@3f8c8b21
      serialVersionUID = -7369589418872664615
      $$$tc$$$ = class com.ibm.websphere.ras.TraceComponent@b63f807
      WELD_PACKAGES = class org.eclipse.osgi.util.ManifestElement[1]
      CLASS_LOADER_FOR_SYSTEM_CLASSES = class org.eclipse.osgi.internal.loader.EquinoxClassLoader@7cbb667
      loaderMap = class com.ibm.ws.cdi.proxy.AbstractProxyServices$3@5583460c
      serialVersionUID = -4294199391817608652
      $$$tc$$$ = class com.ibm.websphere.ras.TraceComponent@10dc657c
    appTccls = class java.util.concurrent.ConcurrentHashMap@706883e5
      serialVersionUID = "/* Could not access serialVersionUID */"
      MAXIMUM_CAPACITY = "/* Could not access MAXIMUM_CAPACITY */"
      DEFAULT_CAPACITY = "/* Could not access DEFAULT_CAPACITY */"
      MAX_ARRAY_SIZE = "/* Could not access MAX_ARRAY_SIZE */"
      DEFAULT_CONCURRENCY_LEVEL = "/* Could not access DEFAULT_CONCURRENCY_LEVEL */"
      LOAD_FACTOR = "/* Could not access LOAD_FACTOR */"
      TREEIFY_THRESHOLD = "/* Could not access TREEIFY_THRESHOLD */"
      UNTREEIFY_THRESHOLD = "/* Could not access UNTREEIFY_THRESHOLD */"
      MIN_TREEIFY_CAPACITY = "/* Could not access MIN_TREEIFY_CAPACITY */"
      MIN_TRANSFER_STRIDE = "/* Could not access MIN_TRANSFER_STRIDE */"
      RESIZE_STAMP_BITS = "/* Could not access RESIZE_STAMP_BITS */"
      MAX_RESIZERS = "/* Could not access MAX_RESIZERS */"
      RESIZE_STAMP_SHIFT = "/* Could not access RESIZE_STAMP_SHIFT */"
      MOVED = "/* Could not access MOVED */"
      TREEBIN = "/* Could not access TREEBIN */"
      RESERVED = "/* Could not access RESERVED */"
      HASH_BITS = "/* Could not access HASH_BITS */"
      NCPU = "/* Could not access NCPU */"
      serialPersistentFields = "/* Could not access serialPersistentFields */"
      table = "/* Could not access table */"
      nextTable = "/* Could not access nextTable */"
      baseCount = "/* Could not access baseCount */"
      sizeCtl = "/* Could not access sizeCtl */"
      transferIndex = "/* Could not access transferIndex */"
      cellsBusy = "/* Could not access cellsBusy */"
      counterCells = "/* Could not access counterCells */"
      keySet = "/* Could not access keySet */"
      values = "/* Could not access values */"
      entrySet = "/* Could not access entrySet */"
      U = "/* Could not access U */"
      SIZECTL = "/* Could not access SIZECTL */"
      TRANSFERINDEX = "/* Could not access TRANSFERINDEX */"
      BASECOUNT = "/* Could not access BASECOUNT */"
      CELLSBUSY = "/* Could not access CELLSBUSY */"
      CELLVALUE = "/* Could not access CELLVALUE */"
      ABASE = "/* Could not access ABASE */"
      ASHIFT = "/* Could not access ASHIFT */"
      keySet = "/* Could not access keySet */"
      values = "/* Could not access values */"
    serialVersionUID = -3875282966338803173
    cdiContainer = class com.ibm.ws.cdi.impl.CDIContainerImpl@69b54415
      tc = class com.ibm.websphere.ras.TraceComponent@3742389f
      CLASSLOADER = class org.eclipse.osgi.internal.loader.EquinoxClassLoader@75cb75b8
      EXTENSION_API_CLASSES = "api.classes"
      EXTENSION_BEAN_DEFINING_ANNOTATIONS = "bean.defining.annotations"
      EXTENSION_APP_BDAS_VISIBLE = "application.bdas.visible"
      EXTENSION_CLASSES_ONLY_MODE = "extension.classes.only"
      EXTENSION_API_CLASSES_SEPARATOR = ";"
      runtimeExtensionMap = class java.util.HashMap@5cd1294a
      probeExtensionArchive = null
      currentDeployment = class java.lang.ThreadLocal@13989221
      cdiRuntime = class com.ibm.ws.cdi.liberty.CDIRuntimeImpl@4eed9d55
      WELD_DISABLE_BEANSXML_VALIDATING = "org.jboss.weld.xml.disableValidating"
      serialVersionUID = 1204499492802664347
    serialVersionUID = -3685775177967064433
    $$$tc$$$ = class com.ibm.websphere.ras.TraceComponent@3f8d55b2
      strings[0] = "TraceComponent[com.ibm.ws.cdi.impl.AbstractCDIRuntime,class com.ibm.ws.cdi.impl.AbstractCDIRuntime,[JCDI],com.ibm.ws.cdi.internal.resources.CDI,null]"
  cdi = class com.ibm.ws.cdi.impl.CDIImpl@746234b5
    cdiService = class com.ibm.ws.cdi.liberty.CDIRuntimeImpl@4eed9d55
    serialVersionUID = -7939958868102936626
    $$$tc$$$ = class com.ibm.websphere.ras.TraceComponent@61f8a84f
      strings[0] = "TraceComponent[com.ibm.ws.cdi.impl.CDIImpl,class com.ibm.ws.cdi.impl.CDIImpl,[JCDI],com.ibm.ws.cdi.internal.resources.CDI,null]"
    knownClassNames = class org.jboss.weld.util.collections.ImmutableTinySet$Tripleton@4a014c16
      serialVersionUID = 1
      element1 = "com.ibm.ws.cdi.impl.CDIImpl"
      element2 = "org.jboss.weld.AbstractCDI"
      element3 = "jakarta.enterprise.inject.spi.Unmanaged"
    instanceCache = class org.jboss.weld.util.cache.ReentrantMapBackedComputingCache@5ac8113f
      map = class java.util.concurrent.ConcurrentHashMap@7e57077b
      maxSize = null
      function = class org.jboss.weld.util.cache.ReentrantMapBackedComputingCache$$Lambda$632/0x0000000801a0b6e0@1ccaf5c4
    lock = class java.lang.Object@31b840d8
    discoveredProviders = null
    configuredProvider = class com.ibm.ws.cdi.liberty.CDIRuntimeImpl@4eed9d55
  serialVersionUID = 741167280954358959

