------Start of DE processing------ = [01/05/2022 10:27:56:581 BRT]
Exception = jakarta.persistence.PersistenceException
Source = com.ibm.ws.jpa.container.osgi.internal.JPAComponentImpl
probeid = 366
Stack Dump = jakarta.persistence.PersistenceException: CWWJP0040E: The persistence.xml in application restapi, module restapi.war, has a syntax error at line number: 1, column number: 1.
	at com.ibm.ws.jpa.management.JaxbUnmarshaller.unmarshal(JaxbUnmarshaller.java:132)
	at com.ibm.ws.jpa.management.JPAPxmlInfo.extractPersistenceUnits(JPAPxmlInfo.java:82)
	at com.ibm.ws.jpa.management.JPAScopeInfo.processPersistenceUnit(JPAScopeInfo.java:88)
	at com.ibm.ws.jpa.management.JPAApplInfo.addPersistenceUnits(JPAApplInfo.java:119)
	at com.ibm.ws.jpa.container.osgi.internal.JPAComponentImpl.processWebModulePersistenceXml(JPAComponentImpl.java:575)
	at com.ibm.ws.jpa.container.osgi.internal.JPAComponentImpl.applicationStarting(JPAComponentImpl.java:362)
	at com.ibm.ws.container.service.state.internal.ApplicationStateManager.fireStarting(ApplicationStateManager.java:51)
	at com.ibm.ws.container.service.state.internal.StateChangeServiceImpl.fireApplicationStarting(StateChangeServiceImpl.java:50)
	at com.ibm.ws.app.manager.module.internal.SimpleDeployedAppInfoBase.preDeployApp(SimpleDeployedAppInfoBase.java:547)
	at com.ibm.ws.app.manager.module.internal.SimpleDeployedAppInfoBase.installApp(SimpleDeployedAppInfoBase.java:508)
	at com.ibm.ws.app.manager.module.internal.DeployedAppInfoBase.deployApp(DeployedAppInfoBase.java:349)
	at com.ibm.ws.app.manager.war.internal.WARApplicationHandlerImpl.install(WARApplicationHandlerImpl.java:65)
	at com.ibm.ws.app.manager.internal.statemachine.StartAction.execute(StartAction.java:161)
	at com.ibm.ws.app.manager.internal.statemachine.ApplicationStateMachineImpl.enterState(ApplicationStateMachineImpl.java:1357)
	at com.ibm.ws.app.manager.internal.statemachine.ApplicationStateMachineImpl.performAction(ApplicationStateMachineImpl.java:1222)
	at com.ibm.ws.app.manager.internal.statemachine.ApplicationStateMachineImpl.run(ApplicationStateMachineImpl.java:909)
	at com.ibm.ws.threading.internal.ExecutorServiceImpl$RunnableWrapper.run(ExecutorServiceImpl.java:245)
	at java.base/java.util.concurrent.ThreadPoolExecutor.runWorker(ThreadPoolExecutor.java:1136)
	at java.base/java.util.concurrent.ThreadPoolExecutor$Worker.run(ThreadPoolExecutor.java:635)
	at java.base/java.lang.Thread.run(Thread.java:833)
Caused by: org.xml.sax.SAXParseException; lineNumber: 1; columnNumber: 1; Fim prematuro do arquivo.
	at java.xml/com.sun.org.apache.xerces.internal.util.ErrorHandlerWrapper.createSAXParseException(ErrorHandlerWrapper.java:204)
	at java.xml/com.sun.org.apache.xerces.internal.util.ErrorHandlerWrapper.fatalError(ErrorHandlerWrapper.java:178)
	at java.xml/com.sun.org.apache.xerces.internal.impl.XMLErrorReporter.reportError(XMLErrorReporter.java:400)
	at java.xml/com.sun.org.apache.xerces.internal.impl.XMLErrorReporter.reportError(XMLErrorReporter.java:327)
	at java.xml/com.sun.org.apache.xerces.internal.impl.XMLScanner.reportFatalError(XMLScanner.java:1465)
	at java.xml/com.sun.org.apache.xerces.internal.impl.XMLDocumentScannerImpl$PrologDriver.next(XMLDocumentScannerImpl.java:1013)
	at java.xml/com.sun.org.apache.xerces.internal.impl.XMLDocumentScannerImpl.next(XMLDocumentScannerImpl.java:605)
	at java.xml/com.sun.org.apache.xerces.internal.impl.XMLNSDocumentScannerImpl.next(XMLNSDocumentScannerImpl.java:112)
	at java.xml/com.sun.org.apache.xerces.internal.impl.XMLDocumentFragmentScannerImpl.scanDocument(XMLDocumentFragmentScannerImpl.java:542)
	at java.xml/com.sun.org.apache.xerces.internal.parsers.XML11Configuration.parse(XML11Configuration.java:889)
	at java.xml/com.sun.org.apache.xerces.internal.parsers.XML11Configuration.parse(XML11Configuration.java:825)
	at java.xml/com.sun.org.apache.xerces.internal.parsers.XMLParser.parse(XMLParser.java:141)
	at java.xml/com.sun.org.apache.xerces.internal.parsers.AbstractSAXParser.parse(AbstractSAXParser.java:1224)
	at java.xml/com.sun.org.apache.xerces.internal.jaxp.SAXParserImpl$JAXPSAXParser.parse(SAXParserImpl.java:637)
	at java.xml/com.sun.org.apache.xerces.internal.jaxp.SAXParserImpl.parse(SAXParserImpl.java:326)
	at java.xml/javax.xml.parsers.SAXParser.parse(SAXParser.java:197)
	at com.ibm.ws.jpa.management.JaxbUnmarshaller.unmarshal(JaxbUnmarshaller.java:90)
	... 19 more

Dump of callerThis
Object type = com.ibm.ws.jpa.container.osgi.internal.JPAComponentImpl
  tc = class com.ibm.websphere.ras.TraceComponent@4f62ce93
    strings[0] = "TraceComponent[com.ibm.ws.jpa.container.osgi.internal.JPAComponentImpl,class com.ibm.ws.jpa.container.osgi.internal.JPAComponentImpl,[JPA],com.ibm.ws.jpa.jpa,null]"
  priv = class com.ibm.ws.kernel.service.util.SecureAction@2eed26ec
    controlContext = class java.security.AccessControlContext@6999ec1d
      context = "/* Could not access context */"
      isPrivileged = "/* Could not access isPrivileged */"
      isAuthorized = "/* Could not access isAuthorized */"
      privilegedContext = "/* Could not access privilegedContext */"
      combiner = "/* Could not access combiner */"
      permissions = "/* Could not access permissions */"
      parent = "/* Could not access parent */"
      isWrapped = "/* Could not access isWrapped */"
      isLimited = "/* Could not access isLimited */"
      limitedContext = "/* Could not access limitedContext */"
      debugInit = "/* Could not access debugInit */"
      debug = "/* Could not access debug */"
    bootClassLoader = class com.ibm.ws.kernel.service.util.SecureAction$1$1@27c38d50
      this$0 = class com.ibm.ws.kernel.service.util.SecureAction$1@552e58f
      serialVersionUID = -7098890353587179347
      $$$tc$$$ = class com.ibm.websphere.ras.TraceComponent@3ca18c76
    getContextClassLoaderAction = class com.ibm.ws.kernel.service.util.SecureAction$29@1a45325b
      serialVersionUID = 1004559485883092134
      $$$tc$$$ = class com.ibm.websphere.ras.TraceComponent@674b3261
    getSystemClassLoaderAction = class com.ibm.ws.kernel.service.util.SecureAction$30@39b9cde5
      serialVersionUID = -1280454777262235986
      $$$tc$$$ = class com.ibm.websphere.ras.TraceComponent@1f137d51
  REFERENCE_JPA_RUNTIME = "jpaRuntime"
  REFERENCE_TRANSACTION_MANAGER = "transactionManager"
  REFERENCE_CONTEXT_ACCESSOR = "contextAccessor"
  REFERENCE_RESOURCE_BINDING_LISTENERS = "resourceBindingListeners"
  REFERENCE_JPA_PROVIDER = "jpaProvider"
  REFERENCE_JPA_PROPS_PROVIDER = "jpaPropsProvider"
  REFERENCE_APP_COORD = "appCoord"
  REFERENCE_CLASSLOADING_SERVICE = "classLoadingService"
  DEFAULT_PROPS_PREFIX = "defaultProperties.0.property."
  DEFAULT_PROPS_NAME = ".name"
  DEFAULT_PROPS_VALUE = ".value"
  context = class org.apache.felix.scr.impl.manager.ComponentContextImpl@5586d2ba
    m_componentManager = class org.apache.felix.scr.impl.manager.SingleComponentManager@55f32370
      m_useCount = class java.util.concurrent.atomic.AtomicInteger@2b251991
      m_componentContext = class org.apache.felix.scr.impl.manager.ComponentContextImpl@5586d2ba
      m_configurationProperties = class java.util.HashMap@651eb27b
      m_factoryProperties = null
      m_properties = class java.util.HashMap@2371611e
      m_serviceProperties = null
      REASONS = class java.lang.String[7]
      m_container = class org.apache.felix.scr.impl.ComponentRegistry$DefaultConfigurableComponentHolder@775e7c32
      m_factoryInstance = false
      m_componentId = 344
      m_componentMethods = class org.apache.felix.scr.impl.inject.internal.ComponentMethodsImpl@4f1261af
      m_dependencyManagers = class java.util.ArrayList@1ba72343
      m_dependencyManagersInitialized = true
      m_trackingCount = class java.util.concurrent.atomic.AtomicInteger@1f9c63e9
      m_stateLock = class java.util.concurrent.locks.ReentrantLock@648a5807
      m_enabledLatchRef = class java.util.concurrent.atomic.AtomicReference@38c94220
      state = class java.util.concurrent.atomic.AtomicReference@1ad6d341
      m_floor = 11
      m_ceiling = 11
      m_missingLock = class java.util.concurrent.locks.ReentrantLock@66a978d9
      m_missingCondition = class java.util.concurrent.locks.AbstractQueuedSynchronizer$ConditionObject@50554e6b
      m_missing = class java.util.TreeSet@227fde03
      m_activationLock = class java.util.concurrent.locks.ReentrantReadWriteLock@e9f5dd6
      failureReason = null
      taskCounter = class java.util.concurrent.atomic.AtomicLong@235d836c
      registrationManager = class org.apache.felix.scr.impl.manager.AbstractComponentManager$3@5981a77a
    edgeInfos = class org.apache.felix.scr.impl.manager.EdgeInfo[9]
      EdgeInfo[0] = class org.apache.felix.scr.impl.manager.EdgeInfo@76ec5792
      EdgeInfo[1] = class org.apache.felix.scr.impl.manager.EdgeInfo@5d8b058a
      EdgeInfo[2] = class org.apache.felix.scr.impl.manager.EdgeInfo@54b1c15e
      EdgeInfo[3] = class org.apache.felix.scr.impl.manager.EdgeInfo@50f883d1
      EdgeInfo[4] = class org.apache.felix.scr.impl.manager.EdgeInfo@443c0e9b
      EdgeInfo[5] = class org.apache.felix.scr.impl.manager.EdgeInfo@411ef4c3
      EdgeInfo[6] = class org.apache.felix.scr.impl.manager.EdgeInfo@1b7f668f
      EdgeInfo[7] = class org.apache.felix.scr.impl.manager.EdgeInfo@f8d883a
      EdgeInfo[8] = class org.apache.felix.scr.impl.manager.EdgeInfo@2b611786
    m_componentInstance = class org.apache.felix.scr.impl.manager.ComponentContextImpl$ComponentInstanceImpl@133e6386
      m_componentContext = class org.apache.felix.scr.impl.manager.ComponentContextImpl@5586d2ba
    m_usingBundle = class org.eclipse.osgi.internal.framework.EquinoxBundle@3d280be0
      equinoxContainer = class org.eclipse.osgi.internal.framework.EquinoxContainer@72130031
      module = class org.eclipse.osgi.internal.framework.EquinoxBundle$EquinoxModule@4a5ab0f
      monitor = class java.lang.Object@82fff51
      context = class org.eclipse.osgi.internal.framework.BundleContextImpl@3a85b42d
      signedContent = null
      $SWITCH_TABLE$org$eclipse$osgi$container$Module$State = {1,2,3,4,5,6,7} /* array length = 7 */
    m_serviceRegistration = class org.eclipse.osgi.internal.serviceregistry.ServiceRegistrationImpl@504f695a
      registry = class org.eclipse.osgi.internal.serviceregistry.ServiceRegistry@71d7791e
      context = class org.eclipse.osgi.internal.framework.BundleContextImpl@3a85b42d
      bundle = class org.eclipse.osgi.internal.framework.EquinoxBundle@3d280be0
      clazzes = class java.lang.String[4]
      service = class org.apache.felix.scr.impl.manager.SingleComponentManager@55f32370
      reference = class org.eclipse.osgi.internal.serviceregistry.ServiceReferenceImpl@6a30187d
      contextsUsing = class java.util.ArrayList@78dce629
      properties = class java.util.Collections$UnmodifiableMap@32897fa5
      serviceid = 864
      serviceranking = 1000
      registrationLock = class java.lang.Object@7a0a28c5
      state = 0
      REGISTERED = 0
      UNREGISTERING = 1
      UNREGISTERED = 2
      FRAMEWORK_SET_SERVICE_PROPERTIES_COUNT = 4
      $assertionsDisabled = true
    m_implementationObject = class com.ibm.ws.jpa.container.osgi.internal.JPAComponentImpl@56b16d1f
    m_implementationAccessible = true
    accessibleLatch = class java.util.concurrent.CountDownLatch@59db5cb3
      sync = "/* Could not access sync */"
    serviceObjectsHelper = class org.apache.felix.scr.impl.helper.ComponentServiceObjectsHelper@157f1c5b
      bundleContext = class org.eclipse.osgi.internal.framework.BundleContextImpl@3a85b42d
      services = class java.util.concurrent.ConcurrentHashMap@1def56c5
      closedServices = class java.util.ArrayList@7d4410e9
      prototypeInstances = class java.util.concurrent.ConcurrentHashMap@1eeb8b23
    boundValues = null
  props = class org.apache.felix.scr.impl.helper.ReadOnlyDictionary@63b33d64
    m_delegate = class java.util.Hashtable@7bde7b82
      table = "/* Could not access table */"
      count = "/* Could not access count */"
      threshold = "/* Could not access threshold */"
      loadFactor = "/* Could not access loadFactor */"
      modCount = "/* Could not access modCount */"
      serialVersionUID = "/* Could not access serialVersionUID */"
      MAX_ARRAY_SIZE = "/* Could not access MAX_ARRAY_SIZE */"
      keySet = "/* Could not access keySet */"
      entrySet = "/* Could not access entrySet */"
      values = "/* Could not access values */"
      KEYS = "/* Could not access KEYS */"
      VALUES = "/* Could not access VALUES */"
      ENTRIES = "/* Could not access ENTRIES */"
    m_serviceReference = null
  defaultProps = class java.util.HashMap@4156d45c
    serialVersionUID = "/* Could not access serialVersionUID */"
    DEFAULT_INITIAL_CAPACITY = "/* Could not access DEFAULT_INITIAL_CAPACITY */"
    MAXIMUM_CAPACITY = "/* Could not access MAXIMUM_CAPACITY */"
    DEFAULT_LOAD_FACTOR = "/* Could not access DEFAULT_LOAD_FACTOR */"
    TREEIFY_THRESHOLD = "/* Could not access TREEIFY_THRESHOLD */"
    UNTREEIFY_THRESHOLD = "/* Could not access UNTREEIFY_THRESHOLD */"
    MIN_TREEIFY_CAPACITY = "/* Could not access MIN_TREEIFY_CAPACITY */"
    table = "/* Could not access table */"
    entrySet = "/* Could not access entrySet */"
    size = "/* Could not access size */"
    modCount = "/* Could not access modCount */"
    threshold = "/* Could not access threshold */"
    loadFactor = "/* Could not access loadFactor */"
    keySet = "/* Could not access keySet */"
    values = "/* Could not access values */"
  server = true
  stuckApps = class java.util.concurrent.ConcurrentSkipListSet@6cb50dc
    serialVersionUID = "/* Could not access serialVersionUID */"
    m = "/* Could not access m */"
  jpaRuntime = class com.ibm.wsspi.kernel.service.utils.AtomicServiceReference@65bb51bd
    referenceName = "jpaRuntime"
    tuple = class java.util.concurrent.atomic.AtomicReference@7f621295
      serialVersionUID = "/* Could not access serialVersionUID */"
      VALUE = "/* Could not access VALUE */"
      value = "/* Could not access value */"
    serialVersionUID = 2226592364007985000
    $$$tc$$$ = class com.ibm.websphere.ras.TraceComponent@742a75fc
  ivTransactionManagerSR = class com.ibm.wsspi.kernel.service.utils.AtomicServiceReference@1f190873
    referenceName = "transactionManager"
    tuple = class java.util.concurrent.atomic.AtomicReference@7b36c2e0
      serialVersionUID = "/* Could not access serialVersionUID */"
      VALUE = "/* Could not access VALUE */"
      value = "/* Could not access value */"
    serialVersionUID = 2226592364007985000
    $$$tc$$$ = class com.ibm.websphere.ras.TraceComponent@742a75fc
  ivContextAccessorSR = class com.ibm.wsspi.kernel.service.utils.AtomicServiceReference@689acbf8
    referenceName = "contextAccessor"
    tuple = class java.util.concurrent.atomic.AtomicReference@26a665be
      serialVersionUID = "/* Could not access serialVersionUID */"
      VALUE = "/* Could not access VALUE */"
      value = "/* Could not access value */"
    serialVersionUID = 2226592364007985000
    $$$tc$$$ = class com.ibm.websphere.ras.TraceComponent@742a75fc
  resourceBindingListeners = class com.ibm.wsspi.kernel.service.utils.ConcurrentServiceReferenceSet@340b3b87
    referenceName = "resourceBindingListeners"
    contextRef = class java.util.concurrent.atomic.AtomicReference@262f4793
      serialVersionUID = "/* Could not access serialVersionUID */"
      VALUE = "/* Could not access VALUE */"
      value = "/* Could not access value */"
    elementMap = class java.util.LinkedHashMap@4e246ffe
      serialVersionUID = "/* Could not access serialVersionUID */"
      head = "/* Could not access head */"
      tail = "/* Could not access tail */"
      accessOrder = "/* Could not access accessOrder */"
      serialVersionUID = "/* Could not access serialVersionUID */"
      DEFAULT_INITIAL_CAPACITY = "/* Could not access DEFAULT_INITIAL_CAPACITY */"
      MAXIMUM_CAPACITY = "/* Could not access MAXIMUM_CAPACITY */"
      DEFAULT_LOAD_FACTOR = "/* Could not access DEFAULT_LOAD_FACTOR */"
      TREEIFY_THRESHOLD = "/* Could not access TREEIFY_THRESHOLD */"
      UNTREEIFY_THRESHOLD = "/* Could not access UNTREEIFY_THRESHOLD */"
      MIN_TREEIFY_CAPACITY = "/* Could not access MIN_TREEIFY_CAPACITY */"
      table = "/* Could not access table */"
      entrySet = "/* Could not access entrySet */"
      size = "/* Could not access size */"
      modCount = "/* Could not access modCount */"
      threshold = "/* Could not access threshold */"
      loadFactor = "/* Could not access loadFactor */"
      keySet = "/* Could not access keySet */"
      values = "/* Could not access values */"
    elementSet = class java.util.concurrent.ConcurrentSkipListSet@43839549
      serialVersionUID = "/* Could not access serialVersionUID */"
      m = "/* Could not access m */"
    elementSetUnsorted = false
    serialVersionUID = 756240983881166148
    $$$tc$$$ = class com.ibm.websphere.ras.TraceComponent@3481c420
      strings[0] = "TraceComponent[com.ibm.wsspi.kernel.service.utils.ConcurrentServiceReferenceSet,class com.ibm.wsspi.kernel.service.utils.ConcurrentServiceReferenceSet,[kernelUtils],com.ibm.ws.kernel.service.utils.resources.ServiceMessages,null]"
  providerIntegrationSR = class com.ibm.wsspi.kernel.service.utils.AtomicServiceReference@b02a202
    referenceName = "jpaProvider"
    tuple = class java.util.concurrent.atomic.AtomicReference@68b5c512
      serialVersionUID = "/* Could not access serialVersionUID */"
      VALUE = "/* Could not access VALUE */"
      value = "/* Could not access value */"
    serialVersionUID = 2226592364007985000
    $$$tc$$$ = class com.ibm.websphere.ras.TraceComponent@742a75fc
      strings[0] = "TraceComponent[com.ibm.wsspi.kernel.service.utils.AtomicServiceReference,class com.ibm.wsspi.kernel.service.utils.AtomicServiceReference,[kernelUtils],com.ibm.ws.kernel.service.utils.resources.ServiceMessages,null]"
  propProviderSRs = class com.ibm.wsspi.kernel.service.utils.ConcurrentServiceReferenceSet@5c8f7981
    referenceName = "jpaPropsProvider"
    contextRef = class java.util.concurrent.atomic.AtomicReference@3103bbdd
      serialVersionUID = "/* Could not access serialVersionUID */"
      VALUE = "/* Could not access VALUE */"
      value = "/* Could not access value */"
    elementMap = class java.util.LinkedHashMap@6dcc61b1
      serialVersionUID = "/* Could not access serialVersionUID */"
      head = "/* Could not access head */"
      tail = "/* Could not access tail */"
      accessOrder = "/* Could not access accessOrder */"
      serialVersionUID = "/* Could not access serialVersionUID */"
      DEFAULT_INITIAL_CAPACITY = "/* Could not access DEFAULT_INITIAL_CAPACITY */"
      MAXIMUM_CAPACITY = "/* Could not access MAXIMUM_CAPACITY */"
      DEFAULT_LOAD_FACTOR = "/* Could not access DEFAULT_LOAD_FACTOR */"
      TREEIFY_THRESHOLD = "/* Could not access TREEIFY_THRESHOLD */"
      UNTREEIFY_THRESHOLD = "/* Could not access UNTREEIFY_THRESHOLD */"
      MIN_TREEIFY_CAPACITY = "/* Could not access MIN_TREEIFY_CAPACITY */"
      table = "/* Could not access table */"
      entrySet = "/* Could not access entrySet */"
      size = "/* Could not access size */"
      modCount = "/* Could not access modCount */"
      threshold = "/* Could not access threshold */"
      loadFactor = "/* Could not access loadFactor */"
      keySet = "/* Could not access keySet */"
      values = "/* Could not access values */"
    elementSet = class java.util.concurrent.ConcurrentSkipListSet@faa869
      serialVersionUID = "/* Could not access serialVersionUID */"
      m = "/* Could not access m */"
    elementSetUnsorted = false
    serialVersionUID = 756240983881166148
    $$$tc$$$ = class com.ibm.websphere.ras.TraceComponent@3481c420
  classLoadingService = class com.ibm.ws.classloading.internal.ClassLoadingServiceImpl@62f4bce3
    tc = class com.ibm.websphere.ras.TraceComponent@2edde263
      strings[0] = "TraceComponent[com.ibm.ws.classloading.internal.ClassLoadingServiceImpl,class com.ibm.ws.classloading.internal.ClassLoadingServiceImpl,[ClassLoadingService],com.ibm.ws.classloading.internal.resources.ClassLoadingServiceMessages,null]"
    leakDetectionMap = class java.util.HashMap@73fdd99d
      serialVersionUID = "/* Could not access serialVersionUID */"
      DEFAULT_INITIAL_CAPACITY = "/* Could not access DEFAULT_INITIAL_CAPACITY */"
      MAXIMUM_CAPACITY = "/* Could not access MAXIMUM_CAPACITY */"
      DEFAULT_LOAD_FACTOR = "/* Could not access DEFAULT_LOAD_FACTOR */"
      TREEIFY_THRESHOLD = "/* Could not access TREEIFY_THRESHOLD */"
      UNTREEIFY_THRESHOLD = "/* Could not access UNTREEIFY_THRESHOLD */"
      MIN_TREEIFY_CAPACITY = "/* Could not access MIN_TREEIFY_CAPACITY */"
      table = "/* Could not access table */"
      entrySet = "/* Could not access entrySet */"
      size = "/* Could not access size */"
      modCount = "/* Could not access modCount */"
      threshold = "/* Could not access threshold */"
      loadFactor = "/* Could not access loadFactor */"
      keySet = "/* Could not access keySet */"
      values = "/* Could not access values */"
    appClassLoaders = class java.util.Collections$SetFromMap@7d32efba
      m = "/* Could not access m */"
      s = "/* Could not access s */"
      serialVersionUID = "/* Could not access serialVersionUID */"
    TCCL_LOCK_WAIT = 15000
    REFERENCE_GENERATORS = "generators"
    bundleContext = class org.eclipse.osgi.internal.framework.BundleContextImpl@3f4ebd92
      valid = true
      bundle = class org.eclipse.osgi.internal.framework.EquinoxBundle@543a90af
      container = class org.eclipse.osgi.internal.framework.EquinoxContainer@72130031
      debug = class org.eclipse.osgi.internal.debug.Debug@63b12e89
      servicesInUse = class java.util.HashMap@6f3adde1
      activator = null
      contextLock = class java.lang.Object@596afebd
    aclStore = class com.ibm.ws.classloading.internal.util.CanonicalStore@15088b30
      map = class java.util.concurrent.ConcurrentHashMap@87de1f4
      q = class com.ibm.ws.classloading.internal.util.RefQueue@3c6140e3
      serialVersionUID = 6715157558227169968
      $$$tc$$$ = class com.ibm.websphere.ras.TraceComponent@6d530c01
    tcclStore = class com.ibm.ws.classloading.internal.util.CanonicalStore@824893d
      map = class java.util.concurrent.ConcurrentHashMap@10932409
      q = class com.ibm.ws.classloading.internal.util.RefQueue@fe1659c
      serialVersionUID = 6715157558227169968
      $$$tc$$$ = class com.ibm.websphere.ras.TraceComponent@6d530c01
    tcclStoreLock = class java.util.concurrent.locks.ReentrantLock@6201f8bc
      serialVersionUID = "/* Could not access serialVersionUID */"
      sync = "/* Could not access sync */"
    digraph = class org.eclipse.equinox.internal.region.StandardRegionDigraph@3fcee768
      EMPTY_EDGE_SET = class java.util.Collections$UnmodifiableSet@3d95725f
      monitor = class java.lang.Object@5a2b4256
      regions = class java.util.HashMap@7b5d2a2
      bundleIdToRegionMapping = class org.eclipse.equinox.internal.region.StandardBundleIdToRegionMapping@4545f3e4
      edges = class java.util.HashMap@53547699
      bundleContext = class org.eclipse.osgi.internal.framework.BundleContextImpl@c68a5f8
      threadLocal = class java.lang.ThreadLocal@536db757
      subgraphTraverser = class org.eclipse.equinox.internal.region.SubgraphTraverser@7ae45f5a
      bundleCollisionHook = class org.eclipse.equinox.internal.region.hook.RegionBundleCollisionHook@10544931
      bundleEventHook = class org.eclipse.equinox.internal.region.hook.RegionBundleEventHook@6044051c
      bundleFindHook = class org.eclipse.equinox.internal.region.hook.RegionBundleFindHook@5eadd14c
      serviceEventHook = class org.eclipse.equinox.internal.region.hook.RegionServiceEventHook@66b4b4c
      serviceFindHook = class org.eclipse.equinox.internal.region.hook.RegionServiceFindHook@34448771
      resolverHookFactory = class org.eclipse.equinox.internal.region.hook.RegionResolverHookFactory@74681800
      origin = null
      originUpdateCount = -1
      updateCount = class java.util.concurrent.atomic.AtomicLong@18929298
      defaultRegion = null
    redefiner = class com.ibm.ws.classloading.internal.util.ClassRedefiner@3391882e
      tc = class com.ibm.websphere.ras.TraceComponent@58ede35e
      LS = "
"
      inst = class jdk.proxy2.$Proxy3@b050b55
      serialVersionUID = 2420101865139508526
    listener = class com.ibm.ws.classloading.internal.ClassLoadingServiceImpl$1@6eceaaaa
      this$0 = class com.ibm.ws.classloading.internal.ClassLoadingServiceImpl@62f4bce3
      serialVersionUID = -9159707349812113172
      $$$tc$$$ = class com.ibm.websphere.ras.TraceComponent@62fad47a
    classloaders = class java.util.Collections$SynchronizedMap@428fbb2f
      serialVersionUID = "/* Could not access serialVersionUID */"
      m = "/* Could not access m */"
      mutex = "/* Could not access mutex */"
      keySet = "/* Could not access keySet */"
      entrySet = "/* Could not access entrySet */"
      values = "/* Could not access values */"
    resourceProviders = class com.ibm.ws.classloading.internal.CompositeResourceProvider@2450c2ec
      lockFactory = class java.util.concurrent.locks.ReentrantReadWriteLock@6b64564c
      providerMap = class com.ibm.ws.classloading.internal.util.MultiMap@63992c0
      serialVersionUID = -5576435894946156347
      $$$tc$$$ = class com.ibm.websphere.ras.TraceComponent@3052a911
    rememberedBundles = class java.util.concurrent.ConcurrentHashMap@2f267fda
      serialVersionUID = "/* Could not access serialVersionUID */"
      MAXIMUM_CAPACITY = "/* Could not access MAXIMUM_CAPACITY */"
      DEFAULT_CAPACITY = "/* Could not access DEFAULT_CAPACITY */"
      MAX_ARRAY_SIZE = "/* Could not access MAX_ARRAY_SIZE */"
      DEFAULT_CONCURRENCY_LEVEL = "/* Could not access DEFAULT_CONCURRENCY_LEVEL */"
      LOAD_FACTOR = "/* Could not access LOAD_FACTOR */"
      TREEIFY_THRESHOLD = "/* Could not access TREEIFY_THRESHOLD */"
      UNTREEIFY_THRESHOLD = "/* Could not access UNTREEIFY_THRESHOLD */"
      MIN_TREEIFY_CAPACITY = "/* Could not access MIN_TREEIFY_CAPACITY */"
      MIN_TRANSFER_STRIDE = "/* Could not access MIN_TRANSFER_STRIDE */"
      RESIZE_STAMP_BITS = "/* Could not access RESIZE_STAMP_BITS */"
      MAX_RESIZERS = "/* Could not access MAX_RESIZERS */"
      RESIZE_STAMP_SHIFT = "/* Could not access RESIZE_STAMP_SHIFT */"
      MOVED = "/* Could not access MOVED */"
      TREEBIN = "/* Could not access TREEBIN */"
      RESERVED = "/* Could not access RESERVED */"
      HASH_BITS = "/* Could not access HASH_BITS */"
      NCPU = "/* Could not access NCPU */"
      serialPersistentFields = "/* Could not access serialPersistentFields */"
      table = "/* Could not access table */"
      nextTable = "/* Could not access nextTable */"
      baseCount = "/* Could not access baseCount */"
      sizeCtl = "/* Could not access sizeCtl */"
      transferIndex = "/* Could not access transferIndex */"
      cellsBusy = "/* Could not access cellsBusy */"
      counterCells = "/* Could not access counterCells */"
      keySet = "/* Could not access keySet */"
      values = "/* Could not access values */"
      entrySet = "/* Could not access entrySet */"
      U = "/* Could not access U */"
      SIZECTL = "/* Could not access SIZECTL */"
      TRANSFERINDEX = "/* Could not access TRANSFERINDEX */"
      BASECOUNT = "/* Could not access BASECOUNT */"
      CELLSBUSY = "/* Could not access CELLSBUSY */"
      CELLVALUE = "/* Could not access CELLVALUE */"
      ABASE = "/* Could not access ABASE */"
      ASHIFT = "/* Could not access ASHIFT */"
      keySet = "/* Could not access keySet */"
      values = "/* Could not access values */"
    collectedBundles = class java.lang.ref.ReferenceQueue@671b38f1
      NULL = "/* Could not access NULL */"
      ENQUEUED = "/* Could not access ENQUEUED */"
      lock = "/* Could not access lock */"
      head = "/* Could not access head */"
      queueLength = "/* Could not access queueLength */"
      $assertionsDisabled = "/* Could not access $assertionsDisabled */"
    generatorRefs = class com.ibm.wsspi.kernel.service.utils.ConcurrentServiceReferenceSet@d619980
      referenceName = "generators"
      contextRef = class java.util.concurrent.atomic.AtomicReference@fba4ee4
      elementMap = class java.util.LinkedHashMap@6e18118a
      elementSet = class java.util.concurrent.ConcurrentSkipListSet@64abe6d3
      elementSetUnsorted = false
      serialVersionUID = 756240983881166148
      $$$tc$$$ = class com.ibm.websphere.ras.TraceComponent@3481c420
    generatorManager = class com.ibm.ws.classloading.internal.ClassGeneratorManager@3220c359
      tc = class com.ibm.websphere.ras.TraceComponent@64034bea
      generatorRefs = class com.ibm.wsspi.kernel.service.utils.ConcurrentServiceReferenceSet@d619980
      serialVersionUID = 4152663586056483310
    appExtLibs = class java.util.concurrent.CopyOnWriteArrayList@7c1b5542
      serialVersionUID = "/* Could not access serialVersionUID */"
      lock = "/* Could not access lock */"
      array = "/* Could not access array */"
    globalConfig = class com.ibm.ws.classloading.configuration.GlobalClassloadingConfiguration@43f2df2d
      properties = class org.apache.felix.scr.impl.helper.ReadOnlyDictionary@70becb4c
      serialVersionUID = 452562347104713756
      $$$tc$$$ = class com.ibm.websphere.ras.TraceComponent@79f9b4c5
    systemTransformers = class java.util.concurrent.CopyOnWriteArrayList@5fb6a026
      serialVersionUID = "/* Could not access serialVersionUID */"
      lock = "/* Could not access lock */"
      array = "/* Could not access array */"
    isBeta = false
    metaInfServicesProviders = class java.util.concurrent.ConcurrentHashMap@61d4d791
      serialVersionUID = "/* Could not access serialVersionUID */"
      MAXIMUM_CAPACITY = "/* Could not access MAXIMUM_CAPACITY */"
      DEFAULT_CAPACITY = "/* Could not access DEFAULT_CAPACITY */"
      MAX_ARRAY_SIZE = "/* Could not access MAX_ARRAY_SIZE */"
      DEFAULT_CONCURRENCY_LEVEL = "/* Could not access DEFAULT_CONCURRENCY_LEVEL */"
      LOAD_FACTOR = "/* Could not access LOAD_FACTOR */"
      TREEIFY_THRESHOLD = "/* Could not access TREEIFY_THRESHOLD */"
      UNTREEIFY_THRESHOLD = "/* Could not access UNTREEIFY_THRESHOLD */"
      MIN_TREEIFY_CAPACITY = "/* Could not access MIN_TREEIFY_CAPACITY */"
      MIN_TRANSFER_STRIDE = "/* Could not access MIN_TRANSFER_STRIDE */"
      RESIZE_STAMP_BITS = "/* Could not access RESIZE_STAMP_BITS */"
      MAX_RESIZERS = "/* Could not access MAX_RESIZERS */"
      RESIZE_STAMP_SHIFT = "/* Could not access RESIZE_STAMP_SHIFT */"
      MOVED = "/* Could not access MOVED */"
      TREEBIN = "/* Could not access TREEBIN */"
      RESERVED = "/* Could not access RESERVED */"
      HASH_BITS = "/* Could not access HASH_BITS */"
      NCPU = "/* Could not access NCPU */"
      serialPersistentFields = "/* Could not access serialPersistentFields */"
      table = "/* Could not access table */"
      nextTable = "/* Could not access nextTable */"
      baseCount = "/* Could not access baseCount */"
      sizeCtl = "/* Could not access sizeCtl */"
      transferIndex = "/* Could not access transferIndex */"
      cellsBusy = "/* Could not access cellsBusy */"
      counterCells = "/* Could not access counterCells */"
      keySet = "/* Could not access keySet */"
      values = "/* Could not access values */"
      entrySet = "/* Could not access entrySet */"
      U = "/* Could not access U */"
      SIZECTL = "/* Could not access SIZECTL */"
      TRANSFERINDEX = "/* Could not access TRANSFERINDEX */"
      BASECOUNT = "/* Could not access BASECOUNT */"
      CELLSBUSY = "/* Could not access CELLSBUSY */"
      CELLVALUE = "/* Could not access CELLVALUE */"
      ABASE = "/* Could not access ABASE */"
      ASHIFT = "/* Could not access ASHIFT */"
      keySet = "/* Could not access keySet */"
      values = "/* Could not access values */"
    metaInfServicesRefs = class com.ibm.wsspi.kernel.service.utils.ConcurrentServiceReferenceMap@47432fac
      referenceName = "MetaInfServicesProvider"
      context = class org.apache.felix.scr.impl.manager.ComponentContextImpl@79c777d
      elementMap = class java.util.concurrent.ConcurrentHashMap@3e7077ba
      serialVersionUID = 6980924785166233786
      $$$tc$$$ = class com.ibm.websphere.ras.TraceComponent@216143e6
    protectionDomainMap = class java.util.HashMap@129d9bde
      serialVersionUID = "/* Could not access serialVersionUID */"
      DEFAULT_INITIAL_CAPACITY = "/* Could not access DEFAULT_INITIAL_CAPACITY */"
      MAXIMUM_CAPACITY = "/* Could not access MAXIMUM_CAPACITY */"
      DEFAULT_LOAD_FACTOR = "/* Could not access DEFAULT_LOAD_FACTOR */"
      TREEIFY_THRESHOLD = "/* Could not access TREEIFY_THRESHOLD */"
      UNTREEIFY_THRESHOLD = "/* Could not access UNTREEIFY_THRESHOLD */"
      MIN_TREEIFY_CAPACITY = "/* Could not access MIN_TREEIFY_CAPACITY */"
      table = "/* Could not access table */"
      entrySet = "/* Could not access entrySet */"
      size = "/* Could not access size */"
      modCount = "/* Could not access modCount */"
      threshold = "/* Could not access threshold */"
      loadFactor = "/* Could not access loadFactor */"
      keySet = "/* Could not access keySet */"
      values = "/* Could not access values */"
    metadataIdentifierService = class com.ibm.ws.container.service.metadata.internal.MetaDataServiceImpl@7840ae3b
      applicationMetaDataManager = class com.ibm.ws.container.service.metadata.internal.ApplicationMetaDataManager@3061f9df
      moduleMetaDataManager = class com.ibm.ws.container.service.metadata.internal.ModuleMetaDataManager@3683a034
      componentMetaDataManager = class com.ibm.ws.container.service.metadata.internal.ComponentMetaDataManager@52400e06
      methodMetaDataManager = class com.ibm.ws.container.service.metadata.internal.MethodMetaDataManager@6f306e53
      appModuleNameToModuleContainer = class java.util.concurrent.ConcurrentHashMap@5020dd6b
      jeeNameToComponentMetaData = class java.util.concurrent.ConcurrentHashMap@7b09555b
      deferredMetaDataFactories = class com.ibm.wsspi.kernel.service.utils.ConcurrentServiceReferenceSet@296b4402
      deferredMetaDataInitializers = class com.ibm.wsspi.kernel.service.utils.ConcurrentServiceReferenceMap@4545e58a
      serialVersionUID = -2494605732980966097
      $$$tc$$$ = class com.ibm.websphere.ras.TraceComponent@c7714e9
    globalSharedLibrary = class java.util.concurrent.atomic.AtomicReference@3fef86fd
      serialVersionUID = "/* Could not access serialVersionUID */"
      VALUE = "/* Could not access VALUE */"
      value = "/* Could not access value */"
    serialVersionUID = 4843536364694456982
  serialVersionUID = -2370793881760414845
  tc = class com.ibm.websphere.ras.TraceComponent@3dfa1814
    strings[0] = "TraceComponent[com.ibm.ws.jpa.management.AbstractJPAComponent,class com.ibm.ws.jpa.management.AbstractJPAComponent,[JPA],com.ibm.ws.jpa.jpa,null]"
  PASSWORD_PROPS = class java.util.Arrays$ArrayList@fce7439
    serialVersionUID = "/* Could not access serialVersionUID */"
    a = "/* Could not access a */"
    modCount = "/* Could not access modCount */"
  applList = class java.util.Collections$SynchronizedMap@1142d570
    serialVersionUID = "/* Could not access serialVersionUID */"
    m = "/* Could not access m */"
    mutex = "/* Could not access mutex */"
    keySet = "/* Could not access keySet */"
    entrySet = "/* Could not access entrySet */"
    values = "/* Could not access values */"
  ivCallBackHandler = class com.ibm.ws.jpa.management.JPAUserTxCallBackHandler@3626f5a8
    tc = class com.ibm.websphere.ras.TraceComponent@71db8497
      strings[0] = "TraceComponent[com.ibm.ws.jpa.management.JPAUserTxCallBackHandler,class com.ibm.ws.jpa.management.JPAUserTxCallBackHandler,[JPA],com.ibm.ws.jpa.jpa,null]"
    ivAbstractJPAComponent = class com.ibm.ws.jpa.container.osgi.internal.JPAComponentImpl@56b16d1f
  ivTxCallbackRegistered = false

Dump of objectArray[0]
Object type = com.ibm.ws.container.service.app.deploy.internal.ApplicationInfoImpl
  appName = "restapi"
  appMetaData = class com.ibm.ws.container.service.app.deploy.internal.ApplicationMetaDataImpl@f6d6b0c
    j2eeName = class com.ibm.ws.container.service.metadata.internal.J2EENameImpl@1045a194
      serialVersionUID = 7488184044073147667
      application = "restapi"
      module = null
      component = null
      string = null
      j2eeNameBytes = null
      $$$tc$$$ = class com.ibm.websphere.ras.TraceComponent@746f9ff1
    serialVersionUID = -7906531148367236579
    $$$tc$$$ = class com.ibm.websphere.ras.TraceComponent@1b08cfdd
      strings[0] = "TraceComponent[com.ibm.ws.container.service.app.deploy.internal.ApplicationMetaDataImpl,class com.ibm.ws.container.service.app.deploy.internal.ApplicationMetaDataImpl,[container.service],com.ibm.ws.container.service.resources.Messages,null]"
    tc = class com.ibm.websphere.ras.TraceComponent@47d3abf0
      strings[0] = "TraceComponent[com.ibm.ws.runtime.metadata.MetaDataImpl,class com.ibm.ws.runtime.metadata.MetaDataImpl,[Runtime],null,null]"
    NUM_STATIC_SLOTS = 4
    ID_UNINITIALIZED = -1
    id = 8
    metaDataInterface = class java.lang.Class@5b6fba06
      ANNOTATION = "/* Could not access ANNOTATION */"
      ENUM = "/* Could not access ENUM */"
      SYNTHETIC = "/* Could not access SYNTHETIC */"
      cachedConstructor = "/* Could not access cachedConstructor */"
      name = "/* Could not access name */"
      module = "/* Could not access module */"
      packageName = "/* Could not access packageName */"
      componentType = "/* Could not access componentType */"
      allPermDomain = "/* Could not access allPermDomain */"
      reflectionData = "/* Could not access reflectionData */"
      classRedefinedCount = "/* Could not access classRedefinedCount */"
      genericInfo = "/* Could not access genericInfo */"
      EMPTY_CLASS_ARRAY = "/* Could not access EMPTY_CLASS_ARRAY */"
      serialVersionUID = "/* Could not access serialVersionUID */"
      serialPersistentFields = "/* Could not access serialPersistentFields */"
      reflectionFactory = "/* Could not access reflectionFactory */"
      enumConstants = "/* Could not access enumConstants */"
      enumConstantDirectory = "/* Could not access enumConstantDirectory */"
      annotationData = "/* Could not access annotationData */"
      annotationType = "/* Could not access annotationType */"
      classValueMap = "/* Could not access classValueMap */"
    staticSlots = class java.lang.Object[4]
      Object[0] = null
      Object[1] = class com.ibm.ws.injectionengine.osgi.internal.OSGiInjectionScopeData@4825a2c6
      Object[2] = null
      Object[3] = null
    dynamicSlots = class java.lang.Object[4]
      Object[0] = null
      Object[1] = "restapi"
      Object[2] = null
      Object[3] = null
  appContainer = class com.ibm.ws.adaptable.module.internal.AdaptableContainerImpl@64ab6d26
    root = class com.ibm.ws.adaptable.module.internal.AdaptableContainerImpl@64ab6d26
    rootOverlay = class com.ibm.ws.artifact.overlay.internal.DirectoryBasedOverlayContainerImpl@680a7741
      base = class com.ibm.ws.artifact.loose.internal.LooseArchive@247a5e66
      maskSet = class java.util.HashSet@402b74ee
      cfHolder = class com.ibm.ws.artifact.overlay.internal.OverlayContainerFactoryImpl@6cce2c9a
      fileOverlayContainer = class com.ibm.ws.artifact.file.internal.FileContainer@12d767c9
      overlayDirectory = class java.io.File@4332867d
      cacheDirForOverlay = class java.io.File@35cd7913
      overlayNotifier = class com.ibm.ws.artifact.overlay.internal.DirectoryBasedOverlayNotifier@2edae740
      enclosingContainer = null
      entryInEnclosingContainer = null
      nestedOverlays = class java.util.concurrent.ConcurrentHashMap@79a247d
      cacheStore = class com.ibm.ws.artifact.overlay.internal.OverlayCache@50cc5b9d
      parentOverlay = null
      isPassThroughMode = true
      serialVersionUID = -6650153487216279998
      $$$tc$$$ = class com.ibm.websphere.ras.TraceComponent@7988fc7e
    factoryHolder = class com.ibm.ws.adaptable.module.internal.AdaptableModuleFactoryImpl@41badd7f
      adapterFactoryService = class com.ibm.ws.adaptable.module.internal.AdapterFactoryServiceImpl@290889d7
      containerFactory = class com.ibm.ws.artifact.internal.ArtifactContainerFactoryService@53210e28
      overlayContainerFactory = class com.ibm.ws.artifact.overlay.internal.OverlayContainerFactoryImpl@6cce2c9a
      serialVersionUID = 4200251809856292987
      $$$tc$$$ = class com.ibm.websphere.ras.TraceComponent@4832d5ec
    delegate = class com.ibm.ws.artifact.overlay.internal.DirectoryBasedOverlayContainerImpl@680a7741
    notifier = class com.ibm.ws.adaptable.module.internal.NotifierImpl@770ea313
      root = class com.ibm.ws.adaptable.module.internal.AdaptableContainerImpl@64ab6d26
      delegateNotifier = class com.ibm.ws.artifact.overlay.internal.DirectoryBasedOverlayNotifier@2edae740
      delegateRoot = class com.ibm.ws.artifact.overlay.internal.DirectoryBasedOverlayContainerImpl@680a7741
      listenerDelegates = class java.util.HashMap@2838a109
      serialVersionUID = 6839382523957017880
      $$$tc$$$ = class com.ibm.websphere.ras.TraceComponent@b29edc1
    serialVersionUID = -5950528200509051684
    $$$tc$$$ = class com.ibm.websphere.ras.TraceComponent@3e108988
      strings[0] = "TraceComponent[com.ibm.ws.adaptable.module.internal.AdaptableContainerImpl,class com.ibm.ws.adaptable.module.internal.AdaptableContainerImpl,[archive.adaptable],null,null]"
  configHelper = class com.ibm.ws.app.manager.module.ApplicationNestedConfigHelper@62c61d07
    appInfo = class com.ibm.ws.app.manager.internal.ApplicationInstallInfo@39cd1f39
    serialVersionUID = -3174031738676705046
    $$$tc$$$ = class com.ibm.websphere.ras.TraceComponent@1a810b68
      strings[0] = "TraceComponent[com.ibm.ws.app.manager.module.ApplicationNestedConfigHelper,class com.ibm.ws.app.manager.module.ApplicationNestedConfigHelper,[applications, app.manager],null,null]"
  applicationInformation = class com.ibm.ws.app.manager.internal.ApplicationInstallInfo@39cd1f39
    _config = class com.ibm.ws.app.manager.internal.ApplicationConfig@a17e906
      tc = class com.ibm.websphere.ras.TraceComponent@ce4a543
      _configPid = "com.ibm.ws.app.manager_75"
      _config = class com.ibm.ws.config.admin.ConfigurationDictionary@20d5533e
      _applicationManager = class com.ibm.ws.app.manager.ApplicationManager@69c8043d
      _location = "restapi.war"
      _type = "war"
      _name = "restapi"
      _notificationBroadcasterSupport = class javax.management.NotificationBroadcasterSupport@478c9d83
      ONE_TIME_JANDEX_MSGS_DISPLAYED = true
      serialVersionUID = -2151423388299667431
    _handlerInfo = class java.util.concurrent.atomic.AtomicReference@67ba5f72
      serialVersionUID = "/* Could not access serialVersionUID */"
      VALUE = "/* Could not access VALUE */"
      value = "/* Could not access value */"
    _container = class java.util.concurrent.atomic.AtomicReference@3b3cc27d
      serialVersionUID = "/* Could not access serialVersionUID */"
      VALUE = "/* Could not access VALUE */"
      value = "/* Could not access value */"
    _resolvedLocation = class java.util.concurrent.atomic.AtomicReference@5af5fbda
      serialVersionUID = "/* Could not access serialVersionUID */"
      VALUE = "/* Could not access VALUE */"
      value = "/* Could not access value */"
    _handler = class com.ibm.ws.app.manager.war.internal.WARApplicationHandlerImpl@6f9f765b
      futureMonitor = class com.ibm.ws.threading.internal.FutureMonitorImpl@2eded1d2
      deployedAppFactory = class com.ibm.ws.app.manager.war.internal.WARDeployedAppInfoFactoryImpl@60b57b08
      serialVersionUID = 4622845147410944782
      $$$tc$$$ = class com.ibm.websphere.ras.TraceComponent@18afe0d3
    _ami = class java.util.concurrent.atomic.AtomicReference@5aebf515
      serialVersionUID = "/* Could not access serialVersionUID */"
      VALUE = "/* Could not access VALUE */"
      value = "/* Could not access value */"
    _updateHandler = class com.ibm.ws.app.manager.internal.statemachine.ApplicationStateMachineImpl@799fb1f
      _tc = class com.ibm.websphere.ras.TraceComponent@6c1eb12b
      EMPTY_FUTURE_ARRAY = interface java.util.concurrent.Future[0]
      asmSequenceNumber = class java.util.concurrent.atomic.AtomicLong@6a508cc7
      _qscaCounter = class java.util.concurrent.atomic.AtomicInteger@2895559f
      _failedThrowable = null
      _interruptibleLock = class com.ibm.ws.app.manager.internal.statemachine.ApplicationStateMachineImpl$2@701d411e
      _interruptible = false
      _performingQueuedActions = true
      _queuedActions = class java.util.concurrent.ConcurrentLinkedQueue@3bbb092e
      _callbackState = class java.util.concurrent.atomic.AtomicReference@55e38c2a
      blockAppStartingFutures = class java.util.Collections$SetFromMap@575812a4
      waitingForAppHandlerFuture = class java.util.concurrent.atomic.AtomicReference@4d57ace0
      waitingForExplicitStartFuture = class java.util.concurrent.atomic.AtomicReference@2e463e1d
      startAfterFutures = class java.util.Collections$SetFromMap@678d6523
      completionListener = class java.util.concurrent.atomic.AtomicReference@70579644
      _notifyAppStopped = class java.util.concurrent.ConcurrentLinkedQueue@170402
      _notifyAppStarting = class java.util.concurrent.ConcurrentLinkedQueue@1fbe64cb
      _notifyAppInstallCalled = class java.util.concurrent.ConcurrentLinkedQueue@1316be62
      _notifyAppStarted = class java.util.concurrent.ConcurrentLinkedQueue@5f3feff2
      _notifyAppRemoved = class java.util.concurrent.ConcurrentLinkedQueue@67b0d703
      _stateLock = class com.ibm.ws.app.manager.internal.statemachine.ApplicationStateMachineImpl$3@bc47f02
      _internalState = class java.util.concurrent.atomic.AtomicReference@2d8725b6
      _currentAction = class java.util.concurrent.atomic.AtomicReference@de71f8b
      _rfa = class java.util.concurrent.atomic.AtomicReference@6c0ed9fb
      _appInstallInfo = class java.util.concurrent.atomic.AtomicReference@449a9717
      _update = class java.util.concurrent.atomic.AtomicBoolean@5024a0a7
      _appConfig = class java.util.concurrent.atomic.AtomicReference@650af66f
      _nextAppConfig = class java.util.concurrent.atomic.AtomicReference@7f513a34
      _appContainer = class java.util.concurrent.atomic.AtomicReference@6fe328e6
      _resolvedLocation = class java.util.concurrent.atomic.AtomicReference@1ab79c25
      _handler = class java.util.concurrent.atomic.AtomicReference@283ca892
      _asmSeqNo = 0
      _ctx = class org.eclipse.osgi.internal.framework.BundleContextImpl@4f4b43cf
      _locAdmin = class com.ibm.ws.kernel.service.location.internal.WsLocationAdminImpl@5ecab73b
      _futureMonitor = class com.ibm.ws.threading.internal.FutureMonitorImpl@2eded1d2
      _artifactFactory = class com.ibm.ws.artifact.internal.ArtifactContainerFactoryService@53210e28
      _moduleFactory = class com.ibm.ws.adaptable.module.internal.AdaptableModuleFactoryImpl@41badd7f
      _executorService = class com.ibm.ws.threading.internal.ExecutorServiceImpl@43de21af
      _scheduledExecutorService = class com.ibm.ws.threading.internal.ScheduledExecutorImpl@2818001c
      _asmHelper = class com.ibm.ws.app.manager.internal.ApplicationConfigurator$NamedApplication@76e7d0aa
      _appMonitor = class com.ibm.ws.app.manager.internal.monitor.ApplicationMonitor@ee8e78e
      _configurator = class com.ibm.ws.app.manager.internal.ApplicationConfigurator@7c07c376
      enterStateCalled = class java.util.concurrent.atomic.AtomicBoolean@435db6f9
      serialVersionUID = 4458043999335554711
      serialVersionUID = -8760483717533387753
      $$$tc$$$ = class com.ibm.websphere.ras.TraceComponent@1e002f30
    serialVersionUID = 2630639237123415755
    $$$tc$$$ = class com.ibm.websphere.ras.TraceComponent@13876e7e
      strings[0] = "TraceComponent[com.ibm.ws.app.manager.internal.ApplicationInstallInfo,class com.ibm.ws.app.manager.internal.ApplicationInstallInfo,[applications, app.manager],com.ibm.ws.app.manager.internal.resources.AppManagerMessages,null]"
  serialVersionUID = 5227817860647895780
  $$$tc$$$ = class com.ibm.websphere.ras.TraceComponent@77bea347
    strings[0] = "TraceComponent[com.ibm.ws.container.service.app.deploy.internal.ApplicationInfoImpl,class com.ibm.ws.container.service.app.deploy.internal.ApplicationInfoImpl,[container.service],com.ibm.ws.container.service.resources.Messages,null]"

