------Start of DE processing------ = [02/05/2022 12:15:05:366 BRT]
Exception = com.ibm.ws.container.service.state.StateChangeException
Source = com.ibm.ws.app.manager.module.internal.SimpleDeployedAppInfoBase
probeid = 548
Stack Dump = com.ibm.ws.container.service.state.StateChangeException: org.jboss.weld.exceptions.DefinitionException: HV000151: A method overriding another method must not redefine the parameter constraint configuration, but method BrandDAO#save(Brand) redefines the configuration of GenericDAO#save(Object).
	at com.ibm.ws.container.service.state.internal.ApplicationStateManager.fireStarting(ApplicationStateManager.java:55)
	at com.ibm.ws.container.service.state.internal.StateChangeServiceImpl.fireApplicationStarting(StateChangeServiceImpl.java:50)
	at com.ibm.ws.app.manager.module.internal.SimpleDeployedAppInfoBase.preDeployApp(SimpleDeployedAppInfoBase.java:547)
	at com.ibm.ws.app.manager.module.internal.SimpleDeployedAppInfoBase.installApp(SimpleDeployedAppInfoBase.java:508)
	at com.ibm.ws.app.manager.module.internal.DeployedAppInfoBase.deployApp(DeployedAppInfoBase.java:349)
	at com.ibm.ws.app.manager.war.internal.WARApplicationHandlerImpl.install(WARApplicationHandlerImpl.java:65)
	at com.ibm.ws.app.manager.internal.statemachine.StartAction.execute(StartAction.java:161)
	at com.ibm.ws.app.manager.internal.statemachine.ApplicationStateMachineImpl.enterState(ApplicationStateMachineImpl.java:1357)
	at com.ibm.ws.app.manager.internal.statemachine.ApplicationStateMachineImpl.run(ApplicationStateMachineImpl.java:901)
	at com.ibm.ws.threading.internal.ExecutorServiceImpl$RunnableWrapper.run(ExecutorServiceImpl.java:245)
	at java.base/java.util.concurrent.ThreadPoolExecutor.runWorker(ThreadPoolExecutor.java:1136)
	at java.base/java.util.concurrent.ThreadPoolExecutor$Worker.run(ThreadPoolExecutor.java:635)
	at java.base/java.lang.Thread.run(Thread.java:833)
Caused by: org.jboss.weld.exceptions.DefinitionException: HV000151: A method overriding another method must not redefine the parameter constraint configuration, but method BrandDAO#save(Brand) redefines the configuration of GenericDAO#save(Object).
	at org.jboss.weld.bootstrap.events.ContainerLifecycleEvents.fireProcessAnnotatedType(ContainerLifecycleEvents.java:189)
	at org.jboss.weld.bootstrap.events.ContainerLifecycleEvents.fireProcessAnnotatedType(ContainerLifecycleEvents.java:173)
	at org.jboss.weld.bootstrap.BeanDeployer.processAnnotatedTypes(BeanDeployer.java:166)
	at org.jboss.weld.bootstrap.BeanDeployment.createTypes(BeanDeployment.java:219)
	at org.jboss.weld.bootstrap.WeldStartup.startInitialization(WeldStartup.java:426)
	at org.jboss.weld.bootstrap.WeldBootstrap.startInitialization(WeldBootstrap.java:79)
	at com.ibm.ws.cdi.impl.CDIContainerImpl$2.run(CDIContainerImpl.java:156)
	at com.ibm.ws.cdi.impl.CDIContainerImpl$2.run(CDIContainerImpl.java:153)
	at java.base/java.security.AccessController.doPrivileged(AccessController.java:318)
	at com.ibm.ws.cdi.impl.CDIContainerImpl.startInitialization(CDIContainerImpl.java:153)
	at com.ibm.ws.cdi.liberty.CDIRuntimeImpl.applicationStarting(CDIRuntimeImpl.java:480)
	at com.ibm.ws.container.service.state.internal.ApplicationStateManager.fireStarting(ApplicationStateManager.java:51)
	... 12 more
Caused by: jakarta.validation.ConstraintDeclarationException: HV000151: A method overriding another method must not redefine the parameter constraint configuration, but method BrandDAO#save(Brand) redefines the configuration of GenericDAO#save(Object).
	at org.hibernate.validator.internal.metadata.aggregated.rule.OverridingMethodMustNotAlterParameterConstraints.apply(OverridingMethodMustNotAlterParameterConstraints.java:24)
	at org.hibernate.validator.internal.metadata.aggregated.ExecutableMetaData$Builder.assertCorrectnessOfConfiguration(ExecutableMetaData.java:462)
	at org.hibernate.validator.internal.metadata.aggregated.ExecutableMetaData$Builder.build(ExecutableMetaData.java:380)
	at org.hibernate.validator.internal.metadata.aggregated.BeanMetaDataBuilder$BuilderDelegate.build(BeanMetaDataBuilder.java:260)
	at org.hibernate.validator.internal.metadata.aggregated.BeanMetaDataBuilder.build(BeanMetaDataBuilder.java:133)
	at org.hibernate.validator.internal.metadata.BeanMetaDataManagerImpl.createBeanMetaData(BeanMetaDataManagerImpl.java:206)
	at org.hibernate.validator.internal.metadata.BeanMetaDataManagerImpl.getBeanMetaData(BeanMetaDataManagerImpl.java:165)
	at org.hibernate.validator.internal.engine.ValidatorImpl.getConstraintsForClass(ValidatorImpl.java:316)
	at org.hibernate.validator.cdi.ValidationExtension.determineConstrainedCallables(ValidationExtension.java:251)
	at org.hibernate.validator.cdi.ValidationExtension.processAnnotatedType(ValidationExtension.java:238)
	at com.ibm.ws.beanvalidation.v20.cdi.internal.LibertyHibernateValidatorExtension.processAnnotatedType(LibertyHibernateValidatorExtension.java:168)
	at jdk.internal.reflect.GeneratedMethodAccessor1328.invoke(Unknown Source)
	at java.base/java.lang.reflect.Method.invoke(Method.java:568)
	at org.jboss.weld.injection.StaticMethodInjectionPoint.invoke(StaticMethodInjectionPoint.java:95)
	at org.jboss.weld.injection.StaticMethodInjectionPoint.invoke(StaticMethodInjectionPoint.java:85)
	at org.jboss.weld.injection.MethodInvocationStrategy$SimpleMethodInvocationStrategy.invoke(MethodInvocationStrategy.java:168)
	at org.jboss.weld.event.ObserverMethodImpl.sendEvent(ObserverMethodImpl.java:330)
	at org.jboss.weld.event.ExtensionObserverMethodImpl.sendEvent(ExtensionObserverMethodImpl.java:123)
	at org.jboss.weld.event.ObserverMethodImpl.sendEvent(ObserverMethodImpl.java:308)
	at org.jboss.weld.event.ObserverMethodImpl.notify(ObserverMethodImpl.java:286)
	at jakarta.enterprise.inject.spi.ObserverMethod.notify(ObserverMethod.java:125)
	at org.jboss.weld.util.Observers.notify(Observers.java:166)
	at org.jboss.weld.event.ObserverNotifier.notifySyncObservers(ObserverNotifier.java:285)
	at org.jboss.weld.event.ObserverNotifier.notify(ObserverNotifier.java:273)
	at org.jboss.weld.event.ObserverNotifier.fireEvent(ObserverNotifier.java:189)
	at org.jboss.weld.bootstrap.events.ContainerLifecycleEvents.fireProcessAnnotatedType(ContainerLifecycleEvents.java:187)
	... 23 more

Dump of callerThis
Object type = com.ibm.ws.app.manager.war.internal.WARDeployedAppInfo
  CONTEXT_ROOT = "context-root"
  webContainerModuleInfo = class com.ibm.ws.app.manager.module.internal.SimpleDeployedAppInfoBase$WebModuleContainerInfo@27cceb44
    contextRoot = "/restapi"
    defaultContextRoot = "restapi"
    serialVersionUID = 4617657913043497664
    $$$tc$$$ = class com.ibm.websphere.ras.TraceComponent@23036ce4
      strings[0] = "TraceComponent[com.ibm.ws.app.manager.module.internal.SimpleDeployedAppInfoBase$WebModuleContainerInfo,class com.ibm.ws.app.manager.module.internal.SimpleDeployedAppInfoBase$WebModuleContainerInfo,[applications, app.manager],null,null]"
    moduleHandler = class com.ibm.ws.app.manager.web.internal.WebModuleHandlerImpl@2f1e0a31
      serialVersionUID = 4795602325763828210
      $$$tc$$$ = class com.ibm.websphere.ras.TraceComponent@76d3bb12
      futureMonitor = class com.ibm.ws.threading.internal.FutureMonitorImpl@2e7162bd
      metaDataService = class com.ibm.ws.container.service.metadata.internal.MetaDataServiceImpl@489a705e
      stateChangeService = class com.ibm.ws.container.service.state.internal.StateChangeServiceImpl@564394b
      moduleRuntimeContainer = class com.ibm.ws.webcontainer.osgi.WebContainer@dcb29fb
      firstFailure = null
      serialVersionUID = -4563697739413190872
      $$$tc$$$ = class com.ibm.websphere.ras.TraceComponent@5c88b1e7
    moduleMetaDataExtenders = class java.util.Collections$UnmodifiableRandomAccessList@440f2869
      serialVersionUID = "/* Could not access serialVersionUID */"
      serialVersionUID = "/* Could not access serialVersionUID */"
      list = "/* Could not access list */"
      serialVersionUID = "/* Could not access serialVersionUID */"
      c = "/* Could not access c */"
    nestedModuleMetaDataFactories = class java.util.Collections$UnmodifiableRandomAccessList@1dbf7a9c
      serialVersionUID = "/* Could not access serialVersionUID */"
      serialVersionUID = "/* Could not access serialVersionUID */"
      list = "/* Could not access list */"
      serialVersionUID = "/* Could not access serialVersionUID */"
      c = "/* Could not access c */"
    nestedModules = null
    moduleName = "restapi"
    moduleDD = null
    moduleInfo = class com.ibm.ws.app.manager.module.internal.WebModuleInfoImpl@b548a65
      contextRoot = "/restapi"
      isDefaultContextRootUsed = false
      defaultContextRoot = "restapi"
      serialVersionUID = -6699247856069243844
      $$$tc$$$ = class com.ibm.websphere.ras.TraceComponent@31d06b1c
      tc = class com.ibm.websphere.ras.TraceComponent@1b05c3af
      appInfo = class com.ibm.ws.container.service.app.deploy.internal.ApplicationInfoImpl@67a7b0cf
      moduleName = "restapi"
      path = "restapi.war"
      moduleContainer = class com.ibm.ws.adaptable.module.internal.AdaptableContainerImpl@77c79a4c
      altDDEntry = null
      moduleClassesContainers = class java.util.ArrayList@3a3efb4
      classLoaderFactory = class com.ibm.ws.app.manager.war.internal.WARDeployedAppInfo@2fb700f1
      containerInfoType = class com.ibm.ws.container.service.app.deploy.ContainerInfo$Type@1a00ef99
      classLoader = class com.ibm.ws.classloading.internal.AppClassLoader@11741079
      moduleMetaData = class com.ibm.ws.webcontainer.osgi.metadata.WebModuleMetaDataImpl@6ae3a45e
      nestedModuleMetaDataTypes = class java.util.ArrayList@2d0293a4
      nestedModuleMetaDataValues = class java.util.ArrayList@62763755
      serialVersionUID = 3986734351620206554
    serialVersionUID = 5122721995888983779
    $$$tc$$$ = class com.ibm.websphere.ras.TraceComponent@3f8b0d22
      strings[0] = "TraceComponent[com.ibm.ws.app.manager.module.internal.SimpleDeployedAppInfoBase$ModuleContainerInfoBase,class com.ibm.ws.app.manager.module.internal.SimpleDeployedAppInfoBase$ModuleContainerInfoBase,[applications, app.manager],null,null]"
    type = class com.ibm.ws.container.service.app.deploy.ContainerInfo$Type@1a00ef99
      MANIFEST_CLASSPATH = class com.ibm.ws.container.service.app.deploy.ContainerInfo$Type@4aa41c5c
      WEB_INF_CLASSES = class com.ibm.ws.container.service.app.deploy.ContainerInfo$Type@cbf08d2
      WEB_INF_LIB = class com.ibm.ws.container.service.app.deploy.ContainerInfo$Type@8bad0fb
      EAR_LIB = class com.ibm.ws.container.service.app.deploy.ContainerInfo$Type@1afe0538
      WEB_MODULE = class com.ibm.ws.container.service.app.deploy.ContainerInfo$Type@1a00ef99
      EJB_MODULE = class com.ibm.ws.container.service.app.deploy.ContainerInfo$Type@7052bcc7
      CLIENT_MODULE = class com.ibm.ws.container.service.app.deploy.ContainerInfo$Type@4dfc387
      RAR_MODULE = class com.ibm.ws.container.service.app.deploy.ContainerInfo$Type@5a3ce6ef
      JAR_MODULE = class com.ibm.ws.container.service.app.deploy.ContainerInfo$Type@3001ff55
      SHARED_LIB = class com.ibm.ws.container.service.app.deploy.ContainerInfo$Type@55d0d916
      $VALUES = class com.ibm.ws.container.service.app.deploy.ContainerInfo$Type[10]
      name = "/* Could not access name */"
      ordinal = "/* Could not access ordinal */"
    name = "restapi.war"
    container = class com.ibm.ws.adaptable.module.internal.AdaptableContainerImpl@77c79a4c
      root = class com.ibm.ws.adaptable.module.internal.AdaptableContainerImpl@77c79a4c
      rootOverlay = class com.ibm.ws.artifact.overlay.internal.DirectoryBasedOverlayContainerImpl@2cf71376
      factoryHolder = class com.ibm.ws.adaptable.module.internal.AdaptableModuleFactoryImpl@6cfccc82
      delegate = class com.ibm.ws.artifact.overlay.internal.DirectoryBasedOverlayContainerImpl@2cf71376
      notifier = class com.ibm.ws.adaptable.module.internal.NotifierImpl@7b276b3b
      serialVersionUID = -5950528200509051684
      $$$tc$$$ = class com.ibm.websphere.ras.TraceComponent@6b8edd0
    moduleClassLoaderFactory = class com.ibm.ws.app.manager.war.internal.WARDeployedAppInfo@2fb700f1
    altDDEntry = null
    classesContainerInfo = class java.util.ArrayList@3a3efb4
      serialVersionUID = "/* Could not access serialVersionUID */"
      DEFAULT_CAPACITY = "/* Could not access DEFAULT_CAPACITY */"
      EMPTY_ELEMENTDATA = "/* Could not access EMPTY_ELEMENTDATA */"
      DEFAULTCAPACITY_EMPTY_ELEMENTDATA = "/* Could not access DEFAULTCAPACITY_EMPTY_ELEMENTDATA */"
      elementData = "/* Could not access elementData */"
      size = "/* Could not access size */"
      modCount = "/* Could not access modCount */"
    serialVersionUID = 4636874131959542427
    $$$tc$$$ = class com.ibm.websphere.ras.TraceComponent@187e0b7b
      strings[0] = "TraceComponent[com.ibm.ws.app.manager.module.internal.SimpleDeployedAppInfoBase$ExtendedContainerInfo,class com.ibm.ws.app.manager.module.internal.SimpleDeployedAppInfoBase$ExtendedContainerInfo,[applications, app.manager],null,null]"
  DYNAMIC_IMPORT_PACKAGE_LIST = class java.util.Collections$UnmodifiableRandomAccessList@3acb4bf5
    serialVersionUID = "/* Could not access serialVersionUID */"
    serialVersionUID = "/* Could not access serialVersionUID */"
    list = "/* Could not access list */"
    serialVersionUID = "/* Could not access serialVersionUID */"
    c = "/* Could not access c */"
  serialVersionUID = 6176035338244935179
  $$$tc$$$ = class com.ibm.websphere.ras.TraceComponent@4b7983b6
    strings[0] = "TraceComponent[com.ibm.ws.app.manager.war.internal.WARDeployedAppInfo,class com.ibm.ws.app.manager.war.internal.WARDeployedAppInfo,[webcontainer, applications, app.manager],com.ibm.ws.app.manager.war.internal.resources.Messages,null]"
  _tc = class com.ibm.websphere.ras.TraceComponent@2739b691
    strings[0] = "TraceComponent[com.ibm.ws.app.manager.module.internal.DeployedAppInfoBase,class com.ibm.ws.app.manager.module.internal.DeployedAppInfoBase,[app.manager],com.ibm.ws.app.manager.module.internal.resources.Messages,null]"
  PERMISSION_XML = "permissions.xml"
  applicationInformation = class com.ibm.ws.app.manager.internal.ApplicationInstallInfo@25d91c7b
    _config = class com.ibm.ws.app.manager.internal.ApplicationConfig@38899835
      tc = class com.ibm.websphere.ras.TraceComponent@20bfd921
      _configPid = "com.ibm.ws.app.manager_60"
      _config = class com.ibm.ws.config.admin.ConfigurationDictionary@13f5fedd
      _applicationManager = class com.ibm.ws.app.manager.ApplicationManager@11e5604a
      _location = "restapi.war"
      _type = "war"
      _name = "restapi"
      _notificationBroadcasterSupport = class javax.management.NotificationBroadcasterSupport@35c1962c
      ONE_TIME_JANDEX_MSGS_DISPLAYED = true
      serialVersionUID = -2151423388299667431
    _handlerInfo = class java.util.concurrent.atomic.AtomicReference@133bc0c4
      serialVersionUID = "/* Could not access serialVersionUID */"
      VALUE = "/* Could not access VALUE */"
      value = "/* Could not access value */"
    _container = class java.util.concurrent.atomic.AtomicReference@6a95f05a
      serialVersionUID = "/* Could not access serialVersionUID */"
      VALUE = "/* Could not access VALUE */"
      value = "/* Could not access value */"
    _resolvedLocation = class java.util.concurrent.atomic.AtomicReference@10c20c5d
      serialVersionUID = "/* Could not access serialVersionUID */"
      VALUE = "/* Could not access VALUE */"
      value = "/* Could not access value */"
    _handler = class com.ibm.ws.app.manager.war.internal.WARApplicationHandlerImpl@64fe6640
      futureMonitor = class com.ibm.ws.threading.internal.FutureMonitorImpl@2e7162bd
      deployedAppFactory = class com.ibm.ws.app.manager.war.internal.WARDeployedAppInfoFactoryImpl@1205f66c
      serialVersionUID = 4622845147410944782
      $$$tc$$$ = class com.ibm.websphere.ras.TraceComponent@5a7a2e48
    _ami = class java.util.concurrent.atomic.AtomicReference@290ea7fb
      serialVersionUID = "/* Could not access serialVersionUID */"
      VALUE = "/* Could not access VALUE */"
      value = "/* Could not access value */"
    _updateHandler = class com.ibm.ws.app.manager.internal.statemachine.ApplicationStateMachineImpl@6cdc95a0
      _tc = class com.ibm.websphere.ras.TraceComponent@4d35f67a
      EMPTY_FUTURE_ARRAY = interface java.util.concurrent.Future[0]
      asmSequenceNumber = class java.util.concurrent.atomic.AtomicLong@7ff3ef32
      _qscaCounter = class java.util.concurrent.atomic.AtomicInteger@45ae37b6
      _failedThrowable = null
      _interruptibleLock = class com.ibm.ws.app.manager.internal.statemachine.ApplicationStateMachineImpl$2@7c67a9d9
      _interruptible = false
      _performingQueuedActions = true
      _queuedActions = class java.util.concurrent.ConcurrentLinkedQueue@589b9ca7
      _callbackState = class java.util.concurrent.atomic.AtomicReference@38f172f9
      blockAppStartingFutures = class java.util.Collections$SetFromMap@c56e1d6
      waitingForAppHandlerFuture = class java.util.concurrent.atomic.AtomicReference@4d3eb8e4
      waitingForExplicitStartFuture = class java.util.concurrent.atomic.AtomicReference@49447b40
      startAfterFutures = class java.util.Collections$SetFromMap@7a91be2b
      completionListener = class java.util.concurrent.atomic.AtomicReference@41f2b8fe
      _notifyAppStopped = class java.util.concurrent.ConcurrentLinkedQueue@7933d1bc
      _notifyAppStarting = class java.util.concurrent.ConcurrentLinkedQueue@13473ba1
      _notifyAppInstallCalled = class java.util.concurrent.ConcurrentLinkedQueue@64d0af04
      _notifyAppStarted = class java.util.concurrent.ConcurrentLinkedQueue@3031de28
      _notifyAppRemoved = class java.util.concurrent.ConcurrentLinkedQueue@576847a3
      _stateLock = class com.ibm.ws.app.manager.internal.statemachine.ApplicationStateMachineImpl$3@7d58e4dc
      _internalState = class java.util.concurrent.atomic.AtomicReference@1c11dcfc
      _currentAction = class java.util.concurrent.atomic.AtomicReference@22ef81c8
      _rfa = class java.util.concurrent.atomic.AtomicReference@37af8f69
      _appInstallInfo = class java.util.concurrent.atomic.AtomicReference@debf344
      _update = class java.util.concurrent.atomic.AtomicBoolean@1f8f3839
      _appConfig = class java.util.concurrent.atomic.AtomicReference@41300bc1
      _nextAppConfig = class java.util.concurrent.atomic.AtomicReference@aaf0049
      _appContainer = class java.util.concurrent.atomic.AtomicReference@588cb38b
      _resolvedLocation = class java.util.concurrent.atomic.AtomicReference@3e241653
      _handler = class java.util.concurrent.atomic.AtomicReference@7f0b7c55
      _asmSeqNo = 0
      _ctx = class org.eclipse.osgi.internal.framework.BundleContextImpl@4e19d383
      _locAdmin = class com.ibm.ws.kernel.service.location.internal.WsLocationAdminImpl@30f97c7f
      _futureMonitor = class com.ibm.ws.threading.internal.FutureMonitorImpl@2e7162bd
      _artifactFactory = class com.ibm.ws.artifact.internal.ArtifactContainerFactoryService@abc5af2
      _moduleFactory = class com.ibm.ws.adaptable.module.internal.AdaptableModuleFactoryImpl@6cfccc82
      _executorService = class com.ibm.ws.threading.internal.ExecutorServiceImpl@411c649b
      _scheduledExecutorService = class com.ibm.ws.threading.internal.ScheduledExecutorImpl@2374842e
      _asmHelper = class com.ibm.ws.app.manager.internal.ApplicationConfigurator$NamedApplication@517e8469
      _appMonitor = class com.ibm.ws.app.manager.internal.monitor.ApplicationMonitor@58951ebb
      _configurator = class com.ibm.ws.app.manager.internal.ApplicationConfigurator@7a46b265
      enterStateCalled = class java.util.concurrent.atomic.AtomicBoolean@7d54eb9e
      serialVersionUID = 4458043999335554711
      serialVersionUID = -8760483717533387753
      $$$tc$$$ = class com.ibm.websphere.ras.TraceComponent@7e75c80c
    serialVersionUID = 2630639237123415755
    $$$tc$$$ = class com.ibm.websphere.ras.TraceComponent@3e379d2b
      strings[0] = "TraceComponent[com.ibm.ws.app.manager.internal.ApplicationInstallInfo,class com.ibm.ws.app.manager.internal.ApplicationInstallInfo,[applications, app.manager],com.ibm.ws.app.manager.internal.resources.AppManagerMessages,null]"
  location = "/Users/iratuan/Documents/Projetos/estudos/udemy_jaxrs/target/liberty/wlp/usr/servers/defaultServer/apps/restapi.war.xml"
  classLoadingService = class com.ibm.ws.classloading.internal.ClassLoadingServiceImpl@1cbbe97a
    tc = class com.ibm.websphere.ras.TraceComponent@ef158e1
      strings[0] = "TraceComponent[com.ibm.ws.classloading.internal.ClassLoadingServiceImpl,class com.ibm.ws.classloading.internal.ClassLoadingServiceImpl,[ClassLoadingService],com.ibm.ws.classloading.internal.resources.ClassLoadingServiceMessages,null]"
    leakDetectionMap = class java.util.HashMap@2f22ef47
      serialVersionUID = "/* Could not access serialVersionUID */"
      DEFAULT_INITIAL_CAPACITY = "/* Could not access DEFAULT_INITIAL_CAPACITY */"
      MAXIMUM_CAPACITY = "/* Could not access MAXIMUM_CAPACITY */"
      DEFAULT_LOAD_FACTOR = "/* Could not access DEFAULT_LOAD_FACTOR */"
      TREEIFY_THRESHOLD = "/* Could not access TREEIFY_THRESHOLD */"
      UNTREEIFY_THRESHOLD = "/* Could not access UNTREEIFY_THRESHOLD */"
      MIN_TREEIFY_CAPACITY = "/* Could not access MIN_TREEIFY_CAPACITY */"
      table = "/* Could not access table */"
      entrySet = "/* Could not access entrySet */"
      size = "/* Could not access size */"
      modCount = "/* Could not access modCount */"
      threshold = "/* Could not access threshold */"
      loadFactor = "/* Could not access loadFactor */"
      keySet = "/* Could not access keySet */"
      values = "/* Could not access values */"
    appClassLoaders = class java.util.Collections$SetFromMap@46147c3
      m = "/* Could not access m */"
      s = "/* Could not access s */"
      serialVersionUID = "/* Could not access serialVersionUID */"
    TCCL_LOCK_WAIT = 15000
    REFERENCE_GENERATORS = "generators"
    bundleContext = class org.eclipse.osgi.internal.framework.BundleContextImpl@5b0f9837
      valid = true
      bundle = class org.eclipse.osgi.internal.framework.EquinoxBundle@3b47da0e
      container = class org.eclipse.osgi.internal.framework.EquinoxContainer@6dceebd
      debug = class org.eclipse.osgi.internal.debug.Debug@897721a
      servicesInUse = class java.util.HashMap@36a65e11
      activator = null
      contextLock = class java.lang.Object@4110ddcf
    aclStore = class com.ibm.ws.classloading.internal.util.CanonicalStore@49d991bf
      map = class java.util.concurrent.ConcurrentHashMap@5314d5c8
      q = class com.ibm.ws.classloading.internal.util.RefQueue@520fb812
      serialVersionUID = 6715157558227169968
      $$$tc$$$ = class com.ibm.websphere.ras.TraceComponent@68e45e3d
    tcclStore = class com.ibm.ws.classloading.internal.util.CanonicalStore@3b3d9ed
      map = class java.util.concurrent.ConcurrentHashMap@7333fe7d
      q = class com.ibm.ws.classloading.internal.util.RefQueue@2b802481
      serialVersionUID = 6715157558227169968
      $$$tc$$$ = class com.ibm.websphere.ras.TraceComponent@68e45e3d
    tcclStoreLock = class java.util.concurrent.locks.ReentrantLock@3b53560b
      serialVersionUID = "/* Could not access serialVersionUID */"
      sync = "/* Could not access sync */"
    digraph = class org.eclipse.equinox.internal.region.StandardRegionDigraph@350241fd
      EMPTY_EDGE_SET = class java.util.Collections$UnmodifiableSet@244fa999
      monitor = class java.lang.Object@37ea61d
      regions = class java.util.HashMap@70b63c52
      bundleIdToRegionMapping = class org.eclipse.equinox.internal.region.StandardBundleIdToRegionMapping@7205281a
      edges = class java.util.HashMap@2bdf54a2
      bundleContext = class org.eclipse.osgi.internal.framework.BundleContextImpl@796d3c9f
      threadLocal = class java.lang.ThreadLocal@5de7518a
      subgraphTraverser = class org.eclipse.equinox.internal.region.SubgraphTraverser@1cf2a2c8
      bundleCollisionHook = class org.eclipse.equinox.internal.region.hook.RegionBundleCollisionHook@476c1cb4
      bundleEventHook = class org.eclipse.equinox.internal.region.hook.RegionBundleEventHook@16c73abf
      bundleFindHook = class org.eclipse.equinox.internal.region.hook.RegionBundleFindHook@71cb52ec
      serviceEventHook = class org.eclipse.equinox.internal.region.hook.RegionServiceEventHook@78a65aff
      serviceFindHook = class org.eclipse.equinox.internal.region.hook.RegionServiceFindHook@5f8870e3
      resolverHookFactory = class org.eclipse.equinox.internal.region.hook.RegionResolverHookFactory@70b5ab6f
      origin = null
      originUpdateCount = -1
      updateCount = class java.util.concurrent.atomic.AtomicLong@5bc2cba7
      defaultRegion = null
    redefiner = class com.ibm.ws.classloading.internal.util.ClassRedefiner@30d36a8b
      tc = class com.ibm.websphere.ras.TraceComponent@3f5b1829
      LS = "
"
      inst = class jdk.proxy2.$Proxy3@379b4521
      serialVersionUID = 2420101865139508526
    listener = class com.ibm.ws.classloading.internal.ClassLoadingServiceImpl$1@2d32a1cd
      this$0 = class com.ibm.ws.classloading.internal.ClassLoadingServiceImpl@1cbbe97a
      serialVersionUID = -9159707349812113172
      $$$tc$$$ = class com.ibm.websphere.ras.TraceComponent@4f071a2c
    classloaders = class java.util.Collections$SynchronizedMap@cf0596e
      serialVersionUID = "/* Could not access serialVersionUID */"
      m = "/* Could not access m */"
      mutex = "/* Could not access mutex */"
      keySet = "/* Could not access keySet */"
      entrySet = "/* Could not access entrySet */"
      values = "/* Could not access values */"
    resourceProviders = class com.ibm.ws.classloading.internal.CompositeResourceProvider@2b5aeca4
      lockFactory = class java.util.concurrent.locks.ReentrantReadWriteLock@6e73b911
      providerMap = class com.ibm.ws.classloading.internal.util.MultiMap@762e93e5
      serialVersionUID = -5576435894946156347
      $$$tc$$$ = class com.ibm.websphere.ras.TraceComponent@1cac394a
    rememberedBundles = class java.util.concurrent.ConcurrentHashMap@765c76
      serialVersionUID = "/* Could not access serialVersionUID */"
      MAXIMUM_CAPACITY = "/* Could not access MAXIMUM_CAPACITY */"
      DEFAULT_CAPACITY = "/* Could not access DEFAULT_CAPACITY */"
      MAX_ARRAY_SIZE = "/* Could not access MAX_ARRAY_SIZE */"
      DEFAULT_CONCURRENCY_LEVEL = "/* Could not access DEFAULT_CONCURRENCY_LEVEL */"
      LOAD_FACTOR = "/* Could not access LOAD_FACTOR */"
      TREEIFY_THRESHOLD = "/* Could not access TREEIFY_THRESHOLD */"
      UNTREEIFY_THRESHOLD = "/* Could not access UNTREEIFY_THRESHOLD */"
      MIN_TREEIFY_CAPACITY = "/* Could not access MIN_TREEIFY_CAPACITY */"
      MIN_TRANSFER_STRIDE = "/* Could not access MIN_TRANSFER_STRIDE */"
      RESIZE_STAMP_BITS = "/* Could not access RESIZE_STAMP_BITS */"
      MAX_RESIZERS = "/* Could not access MAX_RESIZERS */"
      RESIZE_STAMP_SHIFT = "/* Could not access RESIZE_STAMP_SHIFT */"
      MOVED = "/* Could not access MOVED */"
      TREEBIN = "/* Could not access TREEBIN */"
      RESERVED = "/* Could not access RESERVED */"
      HASH_BITS = "/* Could not access HASH_BITS */"
      NCPU = "/* Could not access NCPU */"
      serialPersistentFields = "/* Could not access serialPersistentFields */"
      table = "/* Could not access table */"
      nextTable = "/* Could not access nextTable */"
      baseCount = "/* Could not access baseCount */"
      sizeCtl = "/* Could not access sizeCtl */"
      transferIndex = "/* Could not access transferIndex */"
      cellsBusy = "/* Could not access cellsBusy */"
      counterCells = "/* Could not access counterCells */"
      keySet = "/* Could not access keySet */"
      values = "/* Could not access values */"
      entrySet = "/* Could not access entrySet */"
      U = "/* Could not access U */"
      SIZECTL = "/* Could not access SIZECTL */"
      TRANSFERINDEX = "/* Could not access TRANSFERINDEX */"
      BASECOUNT = "/* Could not access BASECOUNT */"
      CELLSBUSY = "/* Could not access CELLSBUSY */"
      CELLVALUE = "/* Could not access CELLVALUE */"
      ABASE = "/* Could not access ABASE */"
      ASHIFT = "/* Could not access ASHIFT */"
      keySet = "/* Could not access keySet */"
      values = "/* Could not access values */"
    collectedBundles = class java.lang.ref.ReferenceQueue@3872b97c
      NULL = "/* Could not access NULL */"
      ENQUEUED = "/* Could not access ENQUEUED */"
      lock = "/* Could not access lock */"
      head = "/* Could not access head */"
      queueLength = "/* Could not access queueLength */"
      $assertionsDisabled = "/* Could not access $assertionsDisabled */"
    generatorRefs = class com.ibm.wsspi.kernel.service.utils.ConcurrentServiceReferenceSet@3647bc35
      referenceName = "generators"
      contextRef = class java.util.concurrent.atomic.AtomicReference@71e07a58
      elementMap = class java.util.LinkedHashMap@347c4359
      elementSet = class java.util.concurrent.ConcurrentSkipListSet@1bb461b4
      elementSetUnsorted = false
      serialVersionUID = 756240983881166148
      $$$tc$$$ = class com.ibm.websphere.ras.TraceComponent@2d20b3da
    generatorManager = class com.ibm.ws.classloading.internal.ClassGeneratorManager@4a845995
      tc = class com.ibm.websphere.ras.TraceComponent@49e864fb
      generatorRefs = class com.ibm.wsspi.kernel.service.utils.ConcurrentServiceReferenceSet@3647bc35
      serialVersionUID = 4152663586056483310
    appExtLibs = class java.util.concurrent.CopyOnWriteArrayList@7823295f
      serialVersionUID = "/* Could not access serialVersionUID */"
      lock = "/* Could not access lock */"
      array = "/* Could not access array */"
    globalConfig = class com.ibm.ws.classloading.configuration.GlobalClassloadingConfiguration@55b7c67e
      properties = class org.apache.felix.scr.impl.helper.ReadOnlyDictionary@3ebe49db
      serialVersionUID = 452562347104713756
      $$$tc$$$ = class com.ibm.websphere.ras.TraceComponent@7de6e9b7
    systemTransformers = class java.util.concurrent.CopyOnWriteArrayList@5e9a7ee9
      serialVersionUID = "/* Could not access serialVersionUID */"
      lock = "/* Could not access lock */"
      array = "/* Could not access array */"
    isBeta = false
    metaInfServicesProviders = class java.util.concurrent.ConcurrentHashMap@36badc5e
      serialVersionUID = "/* Could not access serialVersionUID */"
      MAXIMUM_CAPACITY = "/* Could not access MAXIMUM_CAPACITY */"
      DEFAULT_CAPACITY = "/* Could not access DEFAULT_CAPACITY */"
      MAX_ARRAY_SIZE = "/* Could not access MAX_ARRAY_SIZE */"
      DEFAULT_CONCURRENCY_LEVEL = "/* Could not access DEFAULT_CONCURRENCY_LEVEL */"
      LOAD_FACTOR = "/* Could not access LOAD_FACTOR */"
      TREEIFY_THRESHOLD = "/* Could not access TREEIFY_THRESHOLD */"
      UNTREEIFY_THRESHOLD = "/* Could not access UNTREEIFY_THRESHOLD */"
      MIN_TREEIFY_CAPACITY = "/* Could not access MIN_TREEIFY_CAPACITY */"
      MIN_TRANSFER_STRIDE = "/* Could not access MIN_TRANSFER_STRIDE */"
      RESIZE_STAMP_BITS = "/* Could not access RESIZE_STAMP_BITS */"
      MAX_RESIZERS = "/* Could not access MAX_RESIZERS */"
      RESIZE_STAMP_SHIFT = "/* Could not access RESIZE_STAMP_SHIFT */"
      MOVED = "/* Could not access MOVED */"
      TREEBIN = "/* Could not access TREEBIN */"
      RESERVED = "/* Could not access RESERVED */"
      HASH_BITS = "/* Could not access HASH_BITS */"
      NCPU = "/* Could not access NCPU */"
      serialPersistentFields = "/* Could not access serialPersistentFields */"
      table = "/* Could not access table */"
      nextTable = "/* Could not access nextTable */"
      baseCount = "/* Could not access baseCount */"
      sizeCtl = "/* Could not access sizeCtl */"
      transferIndex = "/* Could not access transferIndex */"
      cellsBusy = "/* Could not access cellsBusy */"
      counterCells = "/* Could not access counterCells */"
      keySet = "/* Could not access keySet */"
      values = "/* Could not access values */"
      entrySet = "/* Could not access entrySet */"
      U = "/* Could not access U */"
      SIZECTL = "/* Could not access SIZECTL */"
      TRANSFERINDEX = "/* Could not access TRANSFERINDEX */"
      BASECOUNT = "/* Could not access BASECOUNT */"
      CELLSBUSY = "/* Could not access CELLSBUSY */"
      CELLVALUE = "/* Could not access CELLVALUE */"
      ABASE = "/* Could not access ABASE */"
      ASHIFT = "/* Could not access ASHIFT */"
      keySet = "/* Could not access keySet */"
      values = "/* Could not access values */"
    metaInfServicesRefs = class com.ibm.wsspi.kernel.service.utils.ConcurrentServiceReferenceMap@57b27207
      referenceName = "MetaInfServicesProvider"
      context = class org.apache.felix.scr.impl.manager.ComponentContextImpl@7fe559a0
      elementMap = class java.util.concurrent.ConcurrentHashMap@1efdb897
      serialVersionUID = 6980924785166233786
      $$$tc$$$ = class com.ibm.websphere.ras.TraceComponent@6b85f1b
    protectionDomainMap = class java.util.HashMap@3cdddab9
      serialVersionUID = "/* Could not access serialVersionUID */"
      DEFAULT_INITIAL_CAPACITY = "/* Could not access DEFAULT_INITIAL_CAPACITY */"
      MAXIMUM_CAPACITY = "/* Could not access MAXIMUM_CAPACITY */"
      DEFAULT_LOAD_FACTOR = "/* Could not access DEFAULT_LOAD_FACTOR */"
      TREEIFY_THRESHOLD = "/* Could not access TREEIFY_THRESHOLD */"
      UNTREEIFY_THRESHOLD = "/* Could not access UNTREEIFY_THRESHOLD */"
      MIN_TREEIFY_CAPACITY = "/* Could not access MIN_TREEIFY_CAPACITY */"
      table = "/* Could not access table */"
      entrySet = "/* Could not access entrySet */"
      size = "/* Could not access size */"
      modCount = "/* Could not access modCount */"
      threshold = "/* Could not access threshold */"
      loadFactor = "/* Could not access loadFactor */"
      keySet = "/* Could not access keySet */"
      values = "/* Could not access values */"
    metadataIdentifierService = class com.ibm.ws.container.service.metadata.internal.MetaDataServiceImpl@489a705e
    globalSharedLibrary = class java.util.concurrent.atomic.AtomicReference@31bd86fd
      serialVersionUID = "/* Could not access serialVersionUID */"
      VALUE = "/* Could not access VALUE */"
      value = "/* Could not access value */"
    serialVersionUID = 4843536364694456982
  globalSharedLibrary = class com.ibm.ws.library.internal.SharedLibraryImpl@f63f395
    tc = class com.ibm.websphere.ras.TraceComponent@641cc95b
      strings[0] = "TraceComponent[com.ibm.ws.library.internal.SharedLibraryImpl,class com.ibm.ws.library.internal.SharedLibraryImpl,[SharedLibrary],com.ibm.ws.classloading.internal.resources.ClassLoadingServiceMessages,null]"
    EMPTY_LIBRARY_LISTENERS = interface com.ibm.wsspi.library.LibraryChangeListener[0]
    deleted = false
    libraryListenersTracker = class org.osgi.util.tracker.ServiceTracker@15d0573e
      DEBUG = false
      context = class org.eclipse.osgi.internal.framework.BundleContextImpl@5b0f9837
      filter = class org.eclipse.osgi.internal.framework.FilterImpl$And@52c0fa55
      customizer = class org.osgi.util.tracker.ServiceTracker@15d0573e
      listenerFilter = "(&(objectClass=com.ibm.wsspi.library.LibraryChangeListener)(|(library=global)(libraryRef=*com.ibm.ws.classloading.sharedlibrary_40*)))"
      trackClass = null
      trackReference = null
      tracked = class org.osgi.util.tracker.ServiceTracker$Tracked@4f19d58d
      cachedReference = null
      cachedService = null
    libraryReg = class org.eclipse.osgi.internal.serviceregistry.ServiceRegistrationImpl@120b6463
      registry = class org.eclipse.osgi.internal.serviceregistry.ServiceRegistry@d26fd64
      context = class org.eclipse.osgi.internal.framework.BundleContextImpl@5b0f9837
      bundle = class org.eclipse.osgi.internal.framework.EquinoxBundle@3b47da0e
      clazzes = class java.lang.String[1]
      service = class com.ibm.ws.library.internal.SharedLibraryImpl@f63f395
      reference = class org.eclipse.osgi.internal.serviceregistry.ServiceReferenceImpl@2f7804ac
      contextsUsing = class java.util.ArrayList@18f679
      properties = class java.util.Collections$UnmodifiableMap@3aefe6c3
      serviceid = 395
      serviceranking = 3
      registrationLock = class java.lang.Object@59bedb31
      state = 0
      REGISTERED = 0
      UNREGISTERING = 1
      UNREGISTERED = 2
      FRAMEWORK_SET_SERVICE_PROPERTIES_COUNT = 4
      $assertionsDisabled = true
    ctx = class org.eclipse.osgi.internal.framework.BundleContextImpl@5b0f9837
    classLoadingService = class com.ibm.ws.classloading.internal.ClassLoadingServiceImpl@1cbbe97a
    configAdmin = class com.ibm.ws.config.admin.internal.ConfigurationAdminImpl@6603535
      tc = class com.ibm.websphere.ras.TraceComponent@5e21877e
      bundle = class org.eclipse.osgi.internal.framework.EquinoxBundle@3b47da0e
      caFactory = class com.ibm.ws.config.admin.internal.ConfigAdminServiceFactory@6c660cfb
      serialVersionUID = -2875522750804142523
    resolvedBasePath = "/Users/iratuan/Documents/Projetos/estudos/udemy_jaxrs/target/liberty/wlp/usr/servers/defaultServer/"
    generationLock = class com.ibm.ws.library.internal.SharedLibraryImpl$1@51e5bdd6
      this$0 = class com.ibm.ws.library.internal.SharedLibraryImpl@f63f395
      serialVersionUID = 2483639803450672373
      $$$tc$$$ = class com.ibm.websphere.ras.TraceComponent@6b1ff76c
    currentGeneration = class com.ibm.ws.library.internal.LibraryGeneration@347ef504
      tc = class com.ibm.websphere.ras.TraceComponent@449772a0
      nextInt = class java.util.concurrent.atomic.AtomicInteger@56d62752
      libraryId = "global"
      genId = 3
      libraryProps = class java.util.Hashtable@20ed5536
      filesetRefs = class java.util.Collections$UnmodifiableRandomAccessList@74792b7c
      apiTypeVisibility = class java.util.RegularEnumSet@13726e16
      files = class java.util.Collections$EmptyList@1bac675e
      folders = class java.util.ArrayList@44d7a9c3
      fileAndFolderContainers = class java.util.LinkedList@e59008a
      filesets = class java.util.concurrent.ArrayBlockingQueue@3346f8f6
      filesetListenerRegs = class java.util.concurrent.ConcurrentLinkedQueue@33c43256
      cancelled = false
      library = class com.ibm.ws.library.internal.SharedLibraryImpl@f63f395
      serialVersionUID = 6965220007121905717
    nextGeneration = class com.ibm.ws.library.internal.LibraryGeneration@347ef504
    artifactContainerFactory = class com.ibm.ws.library.internal.SharedLibraryFactory$1@23003d12
      this$0 = class com.ibm.ws.library.internal.SharedLibraryFactory@39663194
      serialVersionUID = 7730244564205089330
      $$$tc$$$ = class com.ibm.websphere.ras.TraceComponent@5bed7037
    packageExporter = class com.ibm.ws.library.internal.LibraryPackageExporter@24ce6dda
      EXPORTER_POSTFIX = "_library_exporter"
      REGION_EXPORT_TO_LIBERTY = "liberty.library.export.to.liberty"
      REGION_EXPORT_TO_OSGI_APPS = "liberty.library.export.to.osgi.app"
      REGION_KERNEL = "org.eclipse.equinox.region.kernel"
      counter = class java.util.concurrent.atomic.AtomicLong@6e913bdf
      context = class org.eclipse.osgi.internal.framework.BundleContextImpl@5b0f9837
      digraph = class org.eclipse.equinox.internal.region.StandardRegionDigraph@350241fd
      bundleToLibrary = class java.util.concurrent.ConcurrentHashMap@7dc74c3a
      libraryToVisibility = class java.util.concurrent.ConcurrentHashMap@5a9424b
      serialVersionUID = 8074378969667956573
      $$$tc$$$ = class com.ibm.websphere.ras.TraceComponent@580fa32e
    serialVersionUID = 6288237618632180389
  sharedLibDeploymentInfo = class com.ibm.ws.app.manager.module.internal.DeployedAppInfoBase$SharedLibDeploymentInfo@1844da00
    locAdmin = class com.ibm.ws.kernel.service.location.internal.WsLocationAdminImpl@30f97c7f
    artifactFactory = class com.ibm.ws.artifact.internal.ArtifactContainerFactoryService@abc5af2
    moduleFactory = class com.ibm.ws.adaptable.module.internal.AdaptableModuleFactoryImpl@6cfccc82
    classesContainerInfo = class java.util.ArrayList@1a6e72a6
      serialVersionUID = "/* Could not access serialVersionUID */"
      DEFAULT_CAPACITY = "/* Could not access DEFAULT_CAPACITY */"
      EMPTY_ELEMENTDATA = "/* Could not access EMPTY_ELEMENTDATA */"
      DEFAULTCAPACITY_EMPTY_ELEMENTDATA = "/* Could not access DEFAULTCAPACITY_EMPTY_ELEMENTDATA */"
      elementData = "/* Could not access elementData */"
      size = "/* Could not access size */"
      modCount = "/* Could not access modCount */"
    serialVersionUID = 5154735746662585226
    $$$tc$$$ = class com.ibm.websphere.ras.TraceComponent@24d4c566
      strings[0] = "TraceComponent[com.ibm.ws.app.manager.module.internal.DeployedAppInfoBase$SharedLibDeploymentInfo,class com.ibm.ws.app.manager.module.internal.DeployedAppInfoBase$SharedLibDeploymentInfo,[applications, app.manager],null,null]"
  configAdmin = class com.ibm.ws.config.admin.internal.ConfigurationAdminImpl@7830ae1e
    tc = class com.ibm.websphere.ras.TraceComponent@5e21877e
      strings[0] = "TraceComponent[com.ibm.ws.config.admin.internal.ConfigurationAdminImpl,class com.ibm.ws.config.admin.internal.ConfigurationAdminImpl,[config],com.ibm.ws.config.internal.resources.ConfigMessages,null]"
    bundle = class org.eclipse.osgi.internal.framework.EquinoxBundle@7bf42ba4
      equinoxContainer = class org.eclipse.osgi.internal.framework.EquinoxContainer@6dceebd
      module = class org.eclipse.osgi.internal.framework.EquinoxBundle$EquinoxModule@78b6e9fa
      monitor = class java.lang.Object@2b29a526
      context = class org.eclipse.osgi.internal.framework.BundleContextImpl@37a54f59
      signedContent = null
      $SWITCH_TABLE$org$eclipse$osgi$container$Module$State = {1,2,3,4,5,6,7} /* array length = 7 */
    caFactory = class com.ibm.ws.config.admin.internal.ConfigAdminServiceFactory@6c660cfb
      tc = class com.ibm.websphere.ras.TraceComponent@24ca6701
      configurationPermission = class org.osgi.service.cm.ConfigurationPermission@776b7f2f
      INDEX_DICTIONARY = 0
      INDEX_LOCATION = 1
      INDEX_METATYPE_PROCESSED = 2
      INDEX_IN_OVERRIDES_FILE = 3
      INDEX_REFERENCES = 4
      INDEX_UNIQUES = 5
      bundleContext = class org.eclipse.osgi.internal.framework.BundleContextImpl@2ecf85b9
      msTracker = class com.ibm.ws.config.admin.internal.ManagedServiceTracker@42b2faa
      msfTracker = class com.ibm.ws.config.admin.internal.ManagedServiceFactoryTracker@7f0e188f
      pluginManager = class com.ibm.ws.config.admin.internal.PluginManager@5ab9b7e4
      configurationStore = class com.ibm.ws.config.admin.internal.ConfigurationStore@7687399b
      updateQueue = class com.ibm.ws.config.admin.internal.UpdateQueue@2b0c1e9e
      ced = class com.ibm.ws.config.admin.internal.ConfigEventDispatcher@2449a110
      idMap = class java.util.Collections$SynchronizedMap@335834ea
      referenceMap = class java.util.Collections$SynchronizedMap@7c5c98fb
      variableRegistryTracker = class org.osgi.util.tracker.ServiceTracker@376f8100
      variableRegistry = class com.ibm.ws.kernel.service.location.internal.VariableRegistryHelper@5e47f7dc
      configurationAdminRef = class org.eclipse.osgi.internal.serviceregistry.ServiceRegistrationImpl@1bae1610
      serialVersionUID = 6695202270027014725
    serialVersionUID = -2875522750804142523
  libraryConfigHelper = class com.ibm.ws.classloading.ClassLoaderConfigHelper@3b83785b
    tc = class com.ibm.websphere.ras.TraceComponent@19af2d08
      strings[0] = "TraceComponent[com.ibm.ws.classloading.ClassLoaderConfigHelper,class com.ibm.ws.classloading.ClassLoaderConfigHelper,[ClassLoadingService],com.ibm.ws.classloading.internal.resources.ClassLoadingServiceMessages,null]"
    DEFAULT_API_TYPES = class java.util.RegularEnumSet@58b96f98
      serialVersionUID = "/* Could not access serialVersionUID */"
      elements = "/* Could not access elements */"
      serialVersionUID = "/* Could not access serialVersionUID */"
      elementType = "/* Could not access elementType */"
      universe = "/* Could not access universe */"
    sharedLibraries = class java.util.Collections$EmptyList@1bac675e
      serialVersionUID = "/* Could not access serialVersionUID */"
      modCount = "/* Could not access modCount */"
    commonLibraries = class java.util.Collections$EmptyList@1bac675e
    classProviders = class java.util.Collections$EmptyList@1bac675e
    sharedLibrariesPids = null
    commonLibrariesPids = null
    isDelegateLast = false
    apiTypes = class java.util.RegularEnumSet@58b96f98
    classLoaderConfigProps = null
    serialVersionUID = 7643888529935916418
  isDelegateLast = false
  permissionManager = class com.ibm.ws.classloading.java2sec.PermissionManager@2beccbe5
    tc = class com.ibm.websphere.ras.TraceComponent@c716356
      strings[0] = "TraceComponent[com.ibm.ws.classloading.java2sec.PermissionManager,class com.ibm.ws.classloading.java2sec.PermissionManager,[Java2SecurityUtil],com.ibm.ws.classloading.internal.resources.Java2SecurityUtilMessages,null]"
    bundleContext = class org.eclipse.osgi.internal.framework.BundleContextImpl@5b0f9837
    classLoadingService = class com.ibm.ws.classloading.internal.ClassLoadingServiceImpl@1cbbe97a
    DEFAULT_SERVER_RESTRICTABLE_PERMISSIONS = class java.security.Permission[4]
      Permission[0] = class java.lang.RuntimePermission@12df7b4c
      Permission[1] = class java.lang.RuntimePermission@2d9bd515
      Permission[2] = class java.security.SecurityPermission@7ed0b1d9
      Permission[3] = class javax.security.auth.AuthPermission@1e8762a8
    DEFAULT_CLIENT_RESTRICTABLE_PERMISSIONS = class java.security.Permission[3]
      Permission[0] = class java.lang.RuntimePermission@4cd29725
      Permission[1] = class java.security.SecurityPermission@4eba0716
      Permission[2] = class javax.security.auth.AuthPermission@1e6c12dc
    isServer = true
    wsjarUrlStreamHandlerAvailable = true
    restrictablePermissions = class java.util.ArrayList@453e75b0
      serialVersionUID = "/* Could not access serialVersionUID */"
      DEFAULT_CAPACITY = "/* Could not access DEFAULT_CAPACITY */"
      EMPTY_ELEMENTDATA = "/* Could not access EMPTY_ELEMENTDATA */"
      DEFAULTCAPACITY_EMPTY_ELEMENTDATA = "/* Could not access DEFAULTCAPACITY_EMPTY_ELEMENTDATA */"
      elementData = "/* Could not access elementData */"
      size = "/* Could not access size */"
      modCount = "/* Could not access modCount */"
    javaAllCodeBasePermissions = class java.util.ArrayList@597cecec
      serialVersionUID = "/* Could not access serialVersionUID */"
      DEFAULT_CAPACITY = "/* Could not access DEFAULT_CAPACITY */"
      EMPTY_ELEMENTDATA = "/* Could not access EMPTY_ELEMENTDATA */"
      DEFAULTCAPACITY_EMPTY_ELEMENTDATA = "/* Could not access DEFAULTCAPACITY_EMPTY_ELEMENTDATA */"
      elementData = "/* Could not access elementData */"
      size = "/* Could not access size */"
      modCount = "/* Could not access modCount */"
    expandProps = true
    grantedPermissions = class java.util.ArrayList@7118a091
      serialVersionUID = "/* Could not access serialVersionUID */"
      DEFAULT_CAPACITY = "/* Could not access DEFAULT_CAPACITY */"
      EMPTY_ELEMENTDATA = "/* Could not access EMPTY_ELEMENTDATA */"
      DEFAULTCAPACITY_EMPTY_ELEMENTDATA = "/* Could not access DEFAULTCAPACITY_EMPTY_ELEMENTDATA */"
      elementData = "/* Could not access elementData */"
      size = "/* Could not access size */"
      modCount = "/* Could not access modCount */"
    KEY_PERMISSION = "permission"
    INCORRECT_PERMISSION_CONFIGURATION = "INCORRECT_PERMISSION_CONFIGURATION"
    PERMISSION_CLASSNOTFOUND = "PERMISSION_CLASSNOTFOUND"
    SERVER_XML = "server.xml"
    CLIENT_XML = "client.xml"
    JAVA_POLICY = "java.policy"
    os_name = "Mac OS X"
    os_version = "12.3.1"
    originationFile = "server.xml"
    permissions = class com.ibm.wsspi.kernel.service.utils.ConcurrentServiceReferenceSet@50ced4ba
      referenceName = "permission"
      contextRef = class java.util.concurrent.atomic.AtomicReference@4a273995
      elementMap = class java.util.LinkedHashMap@38e7b833
      elementSet = class java.util.concurrent.ConcurrentSkipListSet@6ed742fd
      elementSetUnsorted = false
      serialVersionUID = 756240983881166148
      $$$tc$$$ = class com.ibm.websphere.ras.TraceComponent@2d20b3da
    codeBasePermissionMap = class java.util.HashMap@66eba8e6
      serialVersionUID = "/* Could not access serialVersionUID */"
      DEFAULT_INITIAL_CAPACITY = "/* Could not access DEFAULT_INITIAL_CAPACITY */"
      MAXIMUM_CAPACITY = "/* Could not access MAXIMUM_CAPACITY */"
      DEFAULT_LOAD_FACTOR = "/* Could not access DEFAULT_LOAD_FACTOR */"
      TREEIFY_THRESHOLD = "/* Could not access TREEIFY_THRESHOLD */"
      UNTREEIFY_THRESHOLD = "/* Could not access UNTREEIFY_THRESHOLD */"
      MIN_TREEIFY_CAPACITY = "/* Could not access MIN_TREEIFY_CAPACITY */"
      table = "/* Could not access table */"
      entrySet = "/* Could not access entrySet */"
      size = "/* Could not access size */"
      modCount = "/* Could not access modCount */"
      threshold = "/* Could not access threshold */"
      loadFactor = "/* Could not access loadFactor */"
      keySet = "/* Could not access keySet */"
      values = "/* Could not access values */"
    permissionXMLPermissionMap = class java.util.HashMap@58ce335b
      serialVersionUID = "/* Could not access serialVersionUID */"
      DEFAULT_INITIAL_CAPACITY = "/* Could not access DEFAULT_INITIAL_CAPACITY */"
      MAXIMUM_CAPACITY = "/* Could not access MAXIMUM_CAPACITY */"
      DEFAULT_LOAD_FACTOR = "/* Could not access DEFAULT_LOAD_FACTOR */"
      TREEIFY_THRESHOLD = "/* Could not access TREEIFY_THRESHOLD */"
      UNTREEIFY_THRESHOLD = "/* Could not access UNTREEIFY_THRESHOLD */"
      MIN_TREEIFY_CAPACITY = "/* Could not access MIN_TREEIFY_CAPACITY */"
      table = "/* Could not access table */"
      entrySet = "/* Could not access entrySet */"
      size = "/* Could not access size */"
      modCount = "/* Could not access modCount */"
      threshold = "/* Could not access threshold */"
      loadFactor = "/* Could not access loadFactor */"
      keySet = "/* Could not access keySet */"
      values = "/* Could not access values */"
    serialVersionUID = 8583289148510585888
  permissionsConfig = null
  serialVersionUID = 1131686356392279747
  appInfo = class com.ibm.ws.container.service.app.deploy.internal.ApplicationInfoImpl@67a7b0cf
    appName = "restapi"
    appMetaData = class com.ibm.ws.container.service.app.deploy.internal.ApplicationMetaDataImpl@118a78eb
      j2eeName = class com.ibm.ws.container.service.metadata.internal.J2EENameImpl@2e67b0ca
      serialVersionUID = -7906531148367236579
      $$$tc$$$ = class com.ibm.websphere.ras.TraceComponent@52a9299d
      tc = class com.ibm.websphere.ras.TraceComponent@53d074fa
      NUM_STATIC_SLOTS = 4
      ID_UNINITIALIZED = -1
      id = 8
      metaDataInterface = class java.lang.Class@525b20b0
      staticSlots = class java.lang.Object[4]
      dynamicSlots = class java.lang.Object[4]
    appContainer = class com.ibm.ws.adaptable.module.internal.AdaptableContainerImpl@77c79a4c
    configHelper = class com.ibm.ws.app.manager.module.ApplicationNestedConfigHelper@42985b05
      appInfo = class com.ibm.ws.app.manager.internal.ApplicationInstallInfo@25d91c7b
      serialVersionUID = -3174031738676705046
      $$$tc$$$ = class com.ibm.websphere.ras.TraceComponent@7d0fae35
    applicationInformation = class com.ibm.ws.app.manager.internal.ApplicationInstallInfo@25d91c7b
    serialVersionUID = 5227817860647895780
    $$$tc$$$ = class com.ibm.websphere.ras.TraceComponent@5be5e125
      strings[0] = "TraceComponent[com.ibm.ws.container.service.app.deploy.internal.ApplicationInfoImpl,class com.ibm.ws.container.service.app.deploy.internal.ApplicationInfoImpl,[container.service],com.ibm.ws.container.service.resources.Messages,null]"
  appInfoRegistration = null
  modulesDeployed = class java.util.ArrayList@15468042
    serialVersionUID = "/* Could not access serialVersionUID */"
    DEFAULT_CAPACITY = "/* Could not access DEFAULT_CAPACITY */"
    EMPTY_ELEMENTDATA = "/* Could not access EMPTY_ELEMENTDATA */"
    DEFAULTCAPACITY_EMPTY_ELEMENTDATA = "/* Could not access DEFAULTCAPACITY_EMPTY_ELEMENTDATA */"
    elementData = "/* Could not access elementData */"
    size = "/* Could not access size */"
    modCount = "/* Could not access modCount */"
  starting = true
  started = false
  deployedAppServices = class com.ibm.ws.app.manager.module.internal.DeployedAppServicesImpl@1be7de85
    SERVER_APPS_DIR = "${server.output.dir}/apps/"
    EXPANDED_APPS_DIR = "${server.output.dir}/apps/expanded/"
    bundleContext = class org.eclipse.osgi.internal.framework.BundleContextImpl@37a54f59
      valid = true
      bundle = class org.eclipse.osgi.internal.framework.EquinoxBundle@7bf42ba4
      container = class org.eclipse.osgi.internal.framework.EquinoxContainer@6dceebd
      debug = class org.eclipse.osgi.internal.debug.Debug@897721a
      servicesInUse = class java.util.HashMap@10a773e
      activator = null
      contextLock = class java.lang.Object@577e0d00
    applicationInfoFactory = class com.ibm.ws.container.service.app.deploy.internal.ApplicationInfoFactoryImpl@687b9caa
    futureMonitor = class com.ibm.ws.threading.internal.FutureMonitorImpl@2e7162bd
    classLoadingService = class com.ibm.ws.classloading.internal.ClassLoadingServiceImpl@1cbbe97a
    globalSharedLibrary = class com.ibm.ws.library.internal.SharedLibraryImpl@f63f395
    globalSharedLibraryPid = "com.ibm.ws.classloading.sharedlibrary_40"
    configAdmin = class com.ibm.ws.config.admin.internal.ConfigurationAdminImpl@7830ae1e
    metaDataService = class com.ibm.ws.container.service.metadata.internal.MetaDataServiceImpl@489a705e
    stateChangeService = class com.ibm.ws.container.service.state.internal.StateChangeServiceImpl@564394b
    allModuleTypes = class java.lang.String[4]
      String[0] = "ejb"
      String[1] = "web"
      String[2] = "client"
      String[3] = "connector"
    moduleMetaDataExtenders = class java.util.concurrent.ConcurrentHashMap@15e396c5
      serialVersionUID = "/* Could not access serialVersionUID */"
      MAXIMUM_CAPACITY = "/* Could not access MAXIMUM_CAPACITY */"
      DEFAULT_CAPACITY = "/* Could not access DEFAULT_CAPACITY */"
      MAX_ARRAY_SIZE = "/* Could not access MAX_ARRAY_SIZE */"
      DEFAULT_CONCURRENCY_LEVEL = "/* Could not access DEFAULT_CONCURRENCY_LEVEL */"
      LOAD_FACTOR = "/* Could not access LOAD_FACTOR */"
      TREEIFY_THRESHOLD = "/* Could not access TREEIFY_THRESHOLD */"
      UNTREEIFY_THRESHOLD = "/* Could not access UNTREEIFY_THRESHOLD */"
      MIN_TREEIFY_CAPACITY = "/* Could not access MIN_TREEIFY_CAPACITY */"
      MIN_TRANSFER_STRIDE = "/* Could not access MIN_TRANSFER_STRIDE */"
      RESIZE_STAMP_BITS = "/* Could not access RESIZE_STAMP_BITS */"
      MAX_RESIZERS = "/* Could not access MAX_RESIZERS */"
      RESIZE_STAMP_SHIFT = "/* Could not access RESIZE_STAMP_SHIFT */"
      MOVED = "/* Could not access MOVED */"
      TREEBIN = "/* Could not access TREEBIN */"
      RESERVED = "/* Could not access RESERVED */"
      HASH_BITS = "/* Could not access HASH_BITS */"
      NCPU = "/* Could not access NCPU */"
      serialPersistentFields = "/* Could not access serialPersistentFields */"
      table = "/* Could not access table */"
      nextTable = "/* Could not access nextTable */"
      baseCount = "/* Could not access baseCount */"
      sizeCtl = "/* Could not access sizeCtl */"
      transferIndex = "/* Could not access transferIndex */"
      cellsBusy = "/* Could not access cellsBusy */"
      counterCells = "/* Could not access counterCells */"
      keySet = "/* Could not access keySet */"
      values = "/* Could not access values */"
      entrySet = "/* Could not access entrySet */"
      U = "/* Could not access U */"
      SIZECTL = "/* Could not access SIZECTL */"
      TRANSFERINDEX = "/* Could not access TRANSFERINDEX */"
      BASECOUNT = "/* Could not access BASECOUNT */"
      CELLSBUSY = "/* Could not access CELLSBUSY */"
      CELLVALUE = "/* Could not access CELLVALUE */"
      ABASE = "/* Could not access ABASE */"
      ASHIFT = "/* Could not access ASHIFT */"
      keySet = "/* Could not access keySet */"
      values = "/* Could not access values */"
    nestedModuleMetaDataFactories = class java.util.concurrent.ConcurrentHashMap@47398ed2
      serialVersionUID = "/* Could not access serialVersionUID */"
      MAXIMUM_CAPACITY = "/* Could not access MAXIMUM_CAPACITY */"
      DEFAULT_CAPACITY = "/* Could not access DEFAULT_CAPACITY */"
      MAX_ARRAY_SIZE = "/* Could not access MAX_ARRAY_SIZE */"
      DEFAULT_CONCURRENCY_LEVEL = "/* Could not access DEFAULT_CONCURRENCY_LEVEL */"
      LOAD_FACTOR = "/* Could not access LOAD_FACTOR */"
      TREEIFY_THRESHOLD = "/* Could not access TREEIFY_THRESHOLD */"
      UNTREEIFY_THRESHOLD = "/* Could not access UNTREEIFY_THRESHOLD */"
      MIN_TREEIFY_CAPACITY = "/* Could not access MIN_TREEIFY_CAPACITY */"
      MIN_TRANSFER_STRIDE = "/* Could not access MIN_TRANSFER_STRIDE */"
      RESIZE_STAMP_BITS = "/* Could not access RESIZE_STAMP_BITS */"
      MAX_RESIZERS = "/* Could not access MAX_RESIZERS */"
      RESIZE_STAMP_SHIFT = "/* Could not access RESIZE_STAMP_SHIFT */"
      MOVED = "/* Could not access MOVED */"
      TREEBIN = "/* Could not access TREEBIN */"
      RESERVED = "/* Could not access RESERVED */"
      HASH_BITS = "/* Could not access HASH_BITS */"
      NCPU = "/* Could not access NCPU */"
      serialPersistentFields = "/* Could not access serialPersistentFields */"
      table = "/* Could not access table */"
      nextTable = "/* Could not access nextTable */"
      baseCount = "/* Could not access baseCount */"
      sizeCtl = "/* Could not access sizeCtl */"
      transferIndex = "/* Could not access transferIndex */"
      cellsBusy = "/* Could not access cellsBusy */"
      counterCells = "/* Could not access counterCells */"
      keySet = "/* Could not access keySet */"
      values = "/* Could not access values */"
      entrySet = "/* Could not access entrySet */"
      U = "/* Could not access U */"
      SIZECTL = "/* Could not access SIZECTL */"
      TRANSFERINDEX = "/* Could not access TRANSFERINDEX */"
      BASECOUNT = "/* Could not access BASECOUNT */"
      CELLSBUSY = "/* Could not access CELLSBUSY */"
      CELLVALUE = "/* Could not access CELLVALUE */"
      ABASE = "/* Could not access ABASE */"
      ASHIFT = "/* Could not access ASHIFT */"
      keySet = "/* Could not access keySet */"
      values = "/* Could not access values */"
    permissionManager = class com.ibm.ws.classloading.java2sec.PermissionManager@2beccbe5
    locAdmin = class com.ibm.ws.kernel.service.location.internal.WsLocationAdminImpl@30f97c7f
      tc = class com.ibm.websphere.ras.TraceComponent@fb28b63
      LOC_INTERNAL_LIB_DIR = "wlp.lib.dir"
      LOC_INTERNAL_WORKAREA_DIR = "wlp.workarea.dir"
      LOC_AREA_NAME_APPS = "shared/apps/"
      LOC_AREA_NAME_CONFIG = "shared/config/"
      LOC_AREA_NAME_RESC = "shared/resources/"
      LOC_AREA_NAME_STATE = "logs/state/"
      LOC_AREA_NAME_SERVERS = "servers/"
      LOC_AREA_NAME_CLIENTS = "clients/"
      LOC_AREA_NAME_WORKING = "workarea/"
      LOC_AREA_NAME_LOGS = "logs/"
      LOC_AREA_NAME_EXTENSION = "extension/"
      instance = class com.ibm.ws.kernel.service.location.internal.WsLocationAdminImpl@30f97c7f
      installRoot = class com.ibm.ws.kernel.service.location.internal.SymbolicRootResource@38c74d96
      installParentRoot = class com.ibm.ws.kernel.service.location.internal.SymbolicRootResource@171780a7
      userRoot = class com.ibm.ws.kernel.service.location.internal.SymbolicRootResource@2a9cb2bf
      usrExtensionRoot = class com.ibm.ws.kernel.service.location.internal.SymbolicRootResource@62d3fa67
      serverConfigDir = class com.ibm.ws.kernel.service.location.internal.SymbolicRootResource@60faa056
      serverOutputDir = class com.ibm.ws.kernel.service.location.internal.SymbolicRootResource@60faa056
      bootstrapLib = class com.ibm.ws.kernel.service.location.internal.LocalFileResource@4bc31656
      serverWorkarea = class com.ibm.ws.kernel.service.location.internal.LocalFileResource@4854cdb
      serverState = class com.ibm.ws.kernel.service.location.internal.LocalFileResource@79789eee
      sharedAppsRoot = class com.ibm.ws.kernel.service.location.internal.SymbolicRootResource@4cb57987
      sharedConfigRoot = class com.ibm.ws.kernel.service.location.internal.SymbolicRootResource@1f17a7e1
      sharedResourceRoot = class com.ibm.ws.kernel.service.location.internal.SymbolicRootResource@315ac34c
      tmpRoot = class com.ibm.ws.kernel.service.location.internal.SymbolicRootResource@c68a467
      serverName = "defaultServer"
      resourcePaths = class java.util.ArrayList@6bf68d2c
      resourceGroups = class java.util.HashMap@49fc071c
      commonRoot = class com.ibm.ws.kernel.service.location.internal.VirtualRootResource@2e5bedcc
      serverCfgDirStr = "/Users/iratuan/Documents/Projetos/estudos/udemy_jaxrs/target/liberty/wlp/usr/servers/defaultServer/"
      variableSourceDirs = "/Users/iratuan/Documents/Projetos/estudos/udemy_jaxrs/target/liberty/wlp/usr/servers/defaultServer/variables/"
      serialVersionUID = 7963438175177362522
    artifactFactory = class com.ibm.ws.artifact.internal.ArtifactContainerFactoryService@abc5af2
      CATEGORY_PROP_NAME = "category"
      ENTRY_KEY = "com.ibm.wsspi.artifact.ArtifactEntry"
      helperMap = class com.ibm.wsspi.kernel.service.utils.ConcurrentServiceReferenceSetMap@4346e608
      contributorMap = class com.ibm.wsspi.kernel.service.utils.ConcurrentServiceReferenceSetMap@26a06213
      helperCategoryMap = class com.ibm.wsspi.kernel.service.utils.ConcurrentServiceReferenceSetMap@49b02027
      contributorCategoryMap = class com.ibm.wsspi.kernel.service.utils.ConcurrentServiceReferenceSetMap@5171b7a6
      categories = class java.util.Collections$SynchronizedSet@25737d26
      baseProperties = class org.apache.felix.scr.impl.helper.ReadOnlyDictionary@e62361
      registration = class com.ibm.ws.kernel.service.util.ServiceRegistrationModifier@489f9a42
      serialVersionUID = 6566424214406946230
      $$$tc$$$ = class com.ibm.websphere.ras.TraceComponent@73bef27e
    moduleFactory = class com.ibm.ws.adaptable.module.internal.AdaptableModuleFactoryImpl@6cfccc82
      adapterFactoryService = class com.ibm.ws.adaptable.module.internal.AdapterFactoryServiceImpl@62155251
      containerFactory = class com.ibm.ws.artifact.internal.ArtifactContainerFactoryService@abc5af2
      overlayContainerFactory = class com.ibm.ws.artifact.overlay.internal.OverlayContainerFactoryImpl@25218bbf
      serialVersionUID = 4200251809856292987
      $$$tc$$$ = class com.ibm.websphere.ras.TraceComponent@53bdabf4
    serialVersionUID = 8537801607979767986
    $$$tc$$$ = class com.ibm.websphere.ras.TraceComponent@5630aa9
      strings[0] = "TraceComponent[com.ibm.ws.app.manager.module.internal.DeployedAppServicesImpl,class com.ibm.ws.app.manager.module.internal.DeployedAppServicesImpl,[applications, app.manager],null,null]"
  futureMonitor = class com.ibm.ws.threading.internal.FutureMonitorImpl@2e7162bd
    _monitor = class java.util.concurrent.ConcurrentLinkedQueue@79461569
      serialVersionUID = "/* Could not access serialVersionUID */"
      head = "/* Could not access head */"
      tail = "/* Could not access tail */"
      MAX_HOPS = "/* Could not access MAX_HOPS */"
      HEAD = "/* Could not access HEAD */"
      TAIL = "/* Could not access TAIL */"
      ITEM = "/* Could not access ITEM */"
      NEXT = "/* Could not access NEXT */"
    _executor = class com.ibm.ws.threading.internal.DeferrableScheduledExecutorImpl@22f8ef7c
      PERIOD_MILLISECONDS = 15000
      executor = class com.ibm.ws.threading.internal.ScheduledExecutorImpl@2374842e
      serialVersionUID = 117550544710569826
      $$$tc$$$ = class com.ibm.websphere.ras.TraceComponent@5c859f0b
    _threadRunning = class java.util.concurrent.atomic.AtomicBoolean@60f1f1d9
      serialVersionUID = "/* Could not access serialVersionUID */"
      VALUE = "/* Could not access VALUE */"
      value = "/* Could not access value */"
    _thread = class com.ibm.ws.threading.internal.FutureMonitorImpl$1@a624770
      this$0 = class com.ibm.ws.threading.internal.FutureMonitorImpl@2e7162bd
      serialVersionUID = 2422512430832938099
      $$$tc$$$ = class com.ibm.websphere.ras.TraceComponent@117a85fa
    serialVersionUID = 2765238413969174390
    $$$tc$$$ = class com.ibm.websphere.ras.TraceComponent@2c48a3bf
      strings[0] = "TraceComponent[com.ibm.ws.threading.internal.FutureMonitorImpl,class com.ibm.ws.threading.internal.FutureMonitorImpl,[Threading],com.ibm.ws.threading.internal.resources.ThreadingMessages,null]"
  appInfoFactory = class com.ibm.ws.container.service.app.deploy.internal.ApplicationInfoFactoryImpl@687b9caa
    j2eeNameFactory = class com.ibm.wsspi.kernel.service.utils.AtomicServiceReference@713c43e2
      referenceName = "j2eeNameFactory"
      tuple = class java.util.concurrent.atomic.AtomicReference@f3474e4
      serialVersionUID = 2226592364007985000
      $$$tc$$$ = class com.ibm.websphere.ras.TraceComponent@66168893
    names = class java.util.HashSet@5841f275
      serialVersionUID = "/* Could not access serialVersionUID */"
      map = "/* Could not access map */"
      PRESENT = "/* Could not access PRESENT */"
    serialVersionUID = 6232436640731165768
    $$$tc$$$ = class com.ibm.websphere.ras.TraceComponent@7d035829
      strings[0] = "TraceComponent[com.ibm.ws.container.service.app.deploy.internal.ApplicationInfoFactoryImpl,class com.ibm.ws.container.service.app.deploy.internal.ApplicationInfoFactoryImpl,[container.service],com.ibm.ws.container.service.resources.Messages,null]"
  metaDataService = class com.ibm.ws.container.service.metadata.internal.MetaDataServiceImpl@489a705e
    applicationMetaDataManager = class com.ibm.ws.container.service.metadata.internal.ApplicationMetaDataManager@64306567
      serialVersionUID = 1843747281024490904
      $$$tc$$$ = class com.ibm.websphere.ras.TraceComponent@328d5a64
      listeners = class com.ibm.wsspi.kernel.service.utils.ConcurrentServiceReferenceSet@2ffb3084
      metaDataIDs = class com.ibm.ws.container.service.metadata.internal.IndexList@68426e11
      metaDatas = class java.util.ArrayList@27f4a3da
      slotIDs = class com.ibm.ws.container.service.metadata.internal.IndexList@41123297
      serialVersionUID = 5464421863354792977
      $$$tc$$$ = class com.ibm.websphere.ras.TraceComponent@3050a3e5
    moduleMetaDataManager = class com.ibm.ws.container.service.metadata.internal.ModuleMetaDataManager@6d6c829a
      serialVersionUID = 2513574389899327209
      $$$tc$$$ = class com.ibm.websphere.ras.TraceComponent@16545dbd
      listeners = class com.ibm.wsspi.kernel.service.utils.ConcurrentServiceReferenceSet@7d1f3844
      metaDataIDs = class com.ibm.ws.container.service.metadata.internal.IndexList@51a0f057
      metaDatas = class java.util.ArrayList@4e7ba64
      slotIDs = class com.ibm.ws.container.service.metadata.internal.IndexList@553b2c8
      serialVersionUID = 5464421863354792977
      $$$tc$$$ = class com.ibm.websphere.ras.TraceComponent@3050a3e5
    componentMetaDataManager = class com.ibm.ws.container.service.metadata.internal.ComponentMetaDataManager@6628defb
      serialVersionUID = 8629793739641703882
      $$$tc$$$ = class com.ibm.websphere.ras.TraceComponent@7fff6889
      listeners = class com.ibm.wsspi.kernel.service.utils.ConcurrentServiceReferenceSet@785fbb2b
      metaDataIDs = class com.ibm.ws.container.service.metadata.internal.IndexList@28debee1
      metaDatas = class java.util.ArrayList@460b69e1
      slotIDs = class com.ibm.ws.container.service.metadata.internal.IndexList@a37106a
      serialVersionUID = 5464421863354792977
      $$$tc$$$ = class com.ibm.websphere.ras.TraceComponent@3050a3e5
    methodMetaDataManager = class com.ibm.ws.container.service.metadata.internal.MethodMetaDataManager@fba6bda
      serialVersionUID = -8002489041502300640
      $$$tc$$$ = class com.ibm.websphere.ras.TraceComponent@126bd71d
      listeners = class com.ibm.wsspi.kernel.service.utils.ConcurrentServiceReferenceSet@351c0450
      metaDataIDs = class com.ibm.ws.container.service.metadata.internal.IndexList@4b181add
      metaDatas = class java.util.ArrayList@2734c5d5
      slotIDs = class com.ibm.ws.container.service.metadata.internal.IndexList@d3a599e
      serialVersionUID = 5464421863354792977
      $$$tc$$$ = class com.ibm.websphere.ras.TraceComponent@3050a3e5
    appModuleNameToModuleContainer = class java.util.concurrent.ConcurrentHashMap@68462c17
      serialVersionUID = "/* Could not access serialVersionUID */"
      MAXIMUM_CAPACITY = "/* Could not access MAXIMUM_CAPACITY */"
      DEFAULT_CAPACITY = "/* Could not access DEFAULT_CAPACITY */"
      MAX_ARRAY_SIZE = "/* Could not access MAX_ARRAY_SIZE */"
      DEFAULT_CONCURRENCY_LEVEL = "/* Could not access DEFAULT_CONCURRENCY_LEVEL */"
      LOAD_FACTOR = "/* Could not access LOAD_FACTOR */"
      TREEIFY_THRESHOLD = "/* Could not access TREEIFY_THRESHOLD */"
      UNTREEIFY_THRESHOLD = "/* Could not access UNTREEIFY_THRESHOLD */"
      MIN_TREEIFY_CAPACITY = "/* Could not access MIN_TREEIFY_CAPACITY */"
      MIN_TRANSFER_STRIDE = "/* Could not access MIN_TRANSFER_STRIDE */"
      RESIZE_STAMP_BITS = "/* Could not access RESIZE_STAMP_BITS */"
      MAX_RESIZERS = "/* Could not access MAX_RESIZERS */"
      RESIZE_STAMP_SHIFT = "/* Could not access RESIZE_STAMP_SHIFT */"
      MOVED = "/* Could not access MOVED */"
      TREEBIN = "/* Could not access TREEBIN */"
      RESERVED = "/* Could not access RESERVED */"
      HASH_BITS = "/* Could not access HASH_BITS */"
      NCPU = "/* Could not access NCPU */"
      serialPersistentFields = "/* Could not access serialPersistentFields */"
      table = "/* Could not access table */"
      nextTable = "/* Could not access nextTable */"
      baseCount = "/* Could not access baseCount */"
      sizeCtl = "/* Could not access sizeCtl */"
      transferIndex = "/* Could not access transferIndex */"
      cellsBusy = "/* Could not access cellsBusy */"
      counterCells = "/* Could not access counterCells */"
      keySet = "/* Could not access keySet */"
      values = "/* Could not access values */"
      entrySet = "/* Could not access entrySet */"
      U = "/* Could not access U */"
      SIZECTL = "/* Could not access SIZECTL */"
      TRANSFERINDEX = "/* Could not access TRANSFERINDEX */"
      BASECOUNT = "/* Could not access BASECOUNT */"
      CELLSBUSY = "/* Could not access CELLSBUSY */"
      CELLVALUE = "/* Could not access CELLVALUE */"
      ABASE = "/* Could not access ABASE */"
      ASHIFT = "/* Could not access ASHIFT */"
      keySet = "/* Could not access keySet */"
      values = "/* Could not access values */"
    jeeNameToComponentMetaData = class java.util.concurrent.ConcurrentHashMap@61371bd7
      serialVersionUID = "/* Could not access serialVersionUID */"
      MAXIMUM_CAPACITY = "/* Could not access MAXIMUM_CAPACITY */"
      DEFAULT_CAPACITY = "/* Could not access DEFAULT_CAPACITY */"
      MAX_ARRAY_SIZE = "/* Could not access MAX_ARRAY_SIZE */"
      DEFAULT_CONCURRENCY_LEVEL = "/* Could not access DEFAULT_CONCURRENCY_LEVEL */"
      LOAD_FACTOR = "/* Could not access LOAD_FACTOR */"
      TREEIFY_THRESHOLD = "/* Could not access TREEIFY_THRESHOLD */"
      UNTREEIFY_THRESHOLD = "/* Could not access UNTREEIFY_THRESHOLD */"
      MIN_TREEIFY_CAPACITY = "/* Could not access MIN_TREEIFY_CAPACITY */"
      MIN_TRANSFER_STRIDE = "/* Could not access MIN_TRANSFER_STRIDE */"
      RESIZE_STAMP_BITS = "/* Could not access RESIZE_STAMP_BITS */"
      MAX_RESIZERS = "/* Could not access MAX_RESIZERS */"
      RESIZE_STAMP_SHIFT = "/* Could not access RESIZE_STAMP_SHIFT */"
      MOVED = "/* Could not access MOVED */"
      TREEBIN = "/* Could not access TREEBIN */"
      RESERVED = "/* Could not access RESERVED */"
      HASH_BITS = "/* Could not access HASH_BITS */"
      NCPU = "/* Could not access NCPU */"
      serialPersistentFields = "/* Could not access serialPersistentFields */"
      table = "/* Could not access table */"
      nextTable = "/* Could not access nextTable */"
      baseCount = "/* Could not access baseCount */"
      sizeCtl = "/* Could not access sizeCtl */"
      transferIndex = "/* Could not access transferIndex */"
      cellsBusy = "/* Could not access cellsBusy */"
      counterCells = "/* Could not access counterCells */"
      keySet = "/* Could not access keySet */"
      values = "/* Could not access values */"
      entrySet = "/* Could not access entrySet */"
      U = "/* Could not access U */"
      SIZECTL = "/* Could not access SIZECTL */"
      TRANSFERINDEX = "/* Could not access TRANSFERINDEX */"
      BASECOUNT = "/* Could not access BASECOUNT */"
      CELLSBUSY = "/* Could not access CELLSBUSY */"
      CELLVALUE = "/* Could not access CELLVALUE */"
      ABASE = "/* Could not access ABASE */"
      ASHIFT = "/* Could not access ASHIFT */"
      keySet = "/* Could not access keySet */"
      values = "/* Could not access values */"
    deferredMetaDataFactories = class com.ibm.wsspi.kernel.service.utils.ConcurrentServiceReferenceSet@41c8de0c
      referenceName = "deferredMetaDataFactory"
      contextRef = class java.util.concurrent.atomic.AtomicReference@6174fa75
      elementMap = class java.util.LinkedHashMap@18890b1a
      elementSet = class java.util.concurrent.ConcurrentSkipListSet@4df479f2
      elementSetUnsorted = false
      serialVersionUID = 756240983881166148
      $$$tc$$$ = class com.ibm.websphere.ras.TraceComponent@2d20b3da
    deferredMetaDataInitializers = class com.ibm.wsspi.kernel.service.utils.ConcurrentServiceReferenceMap@1df09954
      referenceName = "deferredMetaDataFactory"
      context = class org.apache.felix.scr.impl.manager.ComponentContextImpl@2c4a779a
      elementMap = class java.util.concurrent.ConcurrentHashMap@3449a9a8
      serialVersionUID = 6980924785166233786
      $$$tc$$$ = class com.ibm.websphere.ras.TraceComponent@6b85f1b
    serialVersionUID = -2494605732980966097
    $$$tc$$$ = class com.ibm.websphere.ras.TraceComponent@511a78ab
      strings[0] = "TraceComponent[com.ibm.ws.container.service.metadata.internal.MetaDataServiceImpl,class com.ibm.ws.container.service.metadata.internal.MetaDataServiceImpl,[Runtime],null,null]"
  stateChangeService = class com.ibm.ws.container.service.state.internal.StateChangeServiceImpl@564394b
    applicationStateManager = class com.ibm.ws.container.service.state.internal.ApplicationStateManager@1a54ceef
      serialVersionUID = -6685368059484454124
      $$$tc$$$ = class com.ibm.websphere.ras.TraceComponent@522b0b88
      listeners = class com.ibm.wsspi.kernel.service.utils.ConcurrentServiceReferenceSet@11ecd18e
      serialVersionUID = 2284273176985484160
      $$$tc$$$ = class com.ibm.websphere.ras.TraceComponent@6ac8b8f8
    moduleStateManager = class com.ibm.ws.container.service.state.internal.ModuleStateManager@4aab7ec9
      serialVersionUID = -5540260902341249963
      $$$tc$$$ = class com.ibm.websphere.ras.TraceComponent@72d08672
      listeners = class com.ibm.wsspi.kernel.service.utils.ConcurrentServiceReferenceSet@5851e2ed
      serialVersionUID = 2284273176985484160
      $$$tc$$$ = class com.ibm.websphere.ras.TraceComponent@6ac8b8f8
    serialVersionUID = -537917915330350560
    $$$tc$$$ = class com.ibm.websphere.ras.TraceComponent@3b46664d
      strings[0] = "TraceComponent[com.ibm.ws.container.service.state.internal.StateChangeServiceImpl,class com.ibm.ws.container.service.state.internal.StateChangeServiceImpl,[Runtime],null,null]"
  moduleClassesInfo = class com.ibm.ws.app.manager.module.internal.SimpleDeployedAppInfoBase$ModuleClassesInfoProvider@2401fd35
    entryContainerInfosMap = class java.util.HashMap@49c2c52
      serialVersionUID = "/* Could not access serialVersionUID */"
      DEFAULT_INITIAL_CAPACITY = "/* Could not access DEFAULT_INITIAL_CAPACITY */"
      MAXIMUM_CAPACITY = "/* Could not access MAXIMUM_CAPACITY */"
      DEFAULT_LOAD_FACTOR = "/* Could not access DEFAULT_LOAD_FACTOR */"
      TREEIFY_THRESHOLD = "/* Could not access TREEIFY_THRESHOLD */"
      UNTREEIFY_THRESHOLD = "/* Could not access UNTREEIFY_THRESHOLD */"
      MIN_TREEIFY_CAPACITY = "/* Could not access MIN_TREEIFY_CAPACITY */"
      table = "/* Could not access table */"
      entrySet = "/* Could not access entrySet */"
      size = "/* Could not access size */"
      modCount = "/* Could not access modCount */"
      threshold = "/* Could not access threshold */"
      loadFactor = "/* Could not access loadFactor */"
      keySet = "/* Could not access keySet */"
      values = "/* Could not access values */"
    serialVersionUID = -70332790531324534
    $$$tc$$$ = class com.ibm.websphere.ras.TraceComponent@9318023
      strings[0] = "TraceComponent[com.ibm.ws.app.manager.module.internal.SimpleDeployedAppInfoBase$ModuleClassesInfoProvider,class com.ibm.ws.app.manager.module.internal.SimpleDeployedAppInfoBase$ModuleClassesInfoProvider,[applications, app.manager],null,null]"
  moduleContainerInfos = class java.util.ArrayList@102bbbd3
    serialVersionUID = "/* Could not access serialVersionUID */"
    DEFAULT_CAPACITY = "/* Could not access DEFAULT_CAPACITY */"
    EMPTY_ELEMENTDATA = "/* Could not access EMPTY_ELEMENTDATA */"
    DEFAULTCAPACITY_EMPTY_ELEMENTDATA = "/* Could not access DEFAULTCAPACITY_EMPTY_ELEMENTDATA */"
    elementData = "/* Could not access elementData */"
    size = "/* Could not access size */"
    modCount = "/* Could not access modCount */"
  activeModuleHandlers = class java.util.IdentityHashMap@b282108
    DEFAULT_CAPACITY = "/* Could not access DEFAULT_CAPACITY */"
    MINIMUM_CAPACITY = "/* Could not access MINIMUM_CAPACITY */"
    MAXIMUM_CAPACITY = "/* Could not access MAXIMUM_CAPACITY */"
    table = "/* Could not access table */"
    size = "/* Could not access size */"
    modCount = "/* Could not access modCount */"
    NULL_KEY = "/* Could not access NULL_KEY */"
    entrySet = "/* Could not access entrySet */"
    serialVersionUID = "/* Could not access serialVersionUID */"
    keySet = "/* Could not access keySet */"
    values = "/* Could not access values */"
  serialVersionUID = -2685719801501752993
  $$$tc$$$ = class com.ibm.websphere.ras.TraceComponent@64712181
    strings[0] = "TraceComponent[com.ibm.ws.app.manager.module.internal.SimpleDeployedAppInfoBase,class com.ibm.ws.app.manager.module.internal.SimpleDeployedAppInfoBase,[applications, app.manager],null,null]"

Dump of objectArray[0]
Object type = com.ibm.ws.threading.internal.NonCancelableResultFuture
  _done = false
  _result = null
  _failure = null
  _listeners = class java.util.concurrent.ConcurrentLinkedQueue@6bafd42e
    serialVersionUID = "/* Could not access serialVersionUID */"
    head = "/* Could not access head */"
    tail = "/* Could not access tail */"
    MAX_HOPS = "/* Could not access MAX_HOPS */"
    HEAD = "/* Could not access HEAD */"
    TAIL = "/* Could not access TAIL */"
    ITEM = "/* Could not access ITEM */"
    NEXT = "/* Could not access NEXT */"
  _notifiedListeners = class java.util.concurrent.atomic.AtomicBoolean@41e74468
    serialVersionUID = "/* Could not access serialVersionUID */"
    VALUE = "/* Could not access VALUE */"
    value = "/* Could not access value */"
  serialVersionUID = -296387658814354272
  $$$tc$$$ = class com.ibm.websphere.ras.TraceComponent@30dac818
    strings[0] = "TraceComponent[com.ibm.ws.threading.internal.NonCancelableResultFuture,class com.ibm.ws.threading.internal.NonCancelableResultFuture,[Threading],com.ibm.ws.threading.internal.resources.ThreadingMessages,null]"

