------Start of DE processing------ = [01/05/2022 12:53:39:377 BRT]
Exception = com.ibm.ws.container.service.state.StateChangeException
Source = com.ibm.ws.container.service.state.internal.ApplicationStateManager
probeid = 52
Stack Dump = com.ibm.ws.container.service.state.StateChangeException: com.ibm.ws.cdi.CDIException: com.ibm.wsspi.injectionengine.InjectionException: com.ibm.ejs.container.EJBConfigurationException: EJB class com.cruznobre.rest.core.persistence.BrandDAO must have a public constructor that takes no parameters : restapi#restapi.war#BrandDAO
	at com.ibm.ws.cdi.liberty.CDIRuntimeImpl.applicationStarting(CDIRuntimeImpl.java:485)
	at com.ibm.ws.container.service.state.internal.ApplicationStateManager.fireStarting(ApplicationStateManager.java:51)
	at com.ibm.ws.container.service.state.internal.StateChangeServiceImpl.fireApplicationStarting(StateChangeServiceImpl.java:50)
	at com.ibm.ws.app.manager.module.internal.SimpleDeployedAppInfoBase.preDeployApp(SimpleDeployedAppInfoBase.java:547)
	at com.ibm.ws.app.manager.module.internal.SimpleDeployedAppInfoBase.installApp(SimpleDeployedAppInfoBase.java:508)
	at com.ibm.ws.app.manager.module.internal.DeployedAppInfoBase.deployApp(DeployedAppInfoBase.java:349)
	at com.ibm.ws.app.manager.war.internal.WARApplicationHandlerImpl.install(WARApplicationHandlerImpl.java:65)
	at com.ibm.ws.app.manager.internal.statemachine.StartAction.execute(StartAction.java:161)
	at com.ibm.ws.app.manager.internal.statemachine.ApplicationStateMachineImpl.enterState(ApplicationStateMachineImpl.java:1357)
	at com.ibm.ws.app.manager.internal.statemachine.ApplicationStateMachineImpl.run(ApplicationStateMachineImpl.java:901)
	at com.ibm.ws.threading.internal.ExecutorServiceImpl$RunnableWrapper.run(ExecutorServiceImpl.java:245)
	at java.base/java.util.concurrent.ThreadPoolExecutor.runWorker(ThreadPoolExecutor.java:1136)
	at java.base/java.util.concurrent.ThreadPoolExecutor$Worker.run(ThreadPoolExecutor.java:635)
	at java.base/java.lang.Thread.run(Thread.java:833)
Caused by: com.ibm.ws.cdi.CDIException: com.ibm.wsspi.injectionengine.InjectionException: com.ibm.ejs.container.EJBConfigurationException: EJB class com.cruznobre.rest.core.persistence.BrandDAO must have a public constructor that takes no parameters : restapi#restapi.war#BrandDAO
	at com.ibm.ws.cdi.impl.weld.WebSphereCDIDeploymentImpl.initializeInjectionServices(WebSphereCDIDeploymentImpl.java:668)
	at com.ibm.ws.cdi.impl.CDIContainerImpl.startInitialization(CDIContainerImpl.java:145)
	at com.ibm.ws.cdi.liberty.CDIRuntimeImpl.applicationStarting(CDIRuntimeImpl.java:480)
	... 13 more
Caused by: com.ibm.wsspi.injectionengine.InjectionException: com.ibm.ejs.container.EJBConfigurationException: EJB class com.cruznobre.rest.core.persistence.BrandDAO must have a public constructor that takes no parameters : restapi#restapi.war#BrandDAO
	at com.ibm.ws.ejbcontainer.runtime.ComponentNameSpaceConfigurationProviderImpl.getComponentNameSpaceConfiguration(ComponentNameSpaceConfigurationProviderImpl.java:49)
	at com.ibm.ws.injectionengine.ReferenceContextImpl.processImpl(ReferenceContextImpl.java:326)
	at com.ibm.ws.injectionengine.ReferenceContextImpl.process(ReferenceContextImpl.java:287)
	at com.ibm.ws.injectionengine.osgi.internal.OSGiReferenceContextImpl.process(OSGiReferenceContextImpl.java:30)
	at com.ibm.ws.cdi.impl.weld.WebSphereCDIDeploymentImpl.initializeInjectionServices(WebSphereCDIDeploymentImpl.java:666)
	... 15 more
Caused by: com.ibm.ejs.container.EJBConfigurationException: EJB class com.cruznobre.rest.core.persistence.BrandDAO must have a public constructor that takes no parameters : restapi#restapi.war#BrandDAO
	at com.ibm.ws.ejbcontainer.jitdeploy.EJBUtils.validateEjbClass(EJBUtils.java:346)
	at com.ibm.ws.ejbcontainer.jitdeploy.JITDeploy.validateInterfaceBasics(JITDeploy.java:203)
	at com.ibm.ws.metadata.ejb.EJBMDOrchestrator.loadCustomerProvidedClasses(EJBMDOrchestrator.java:3655)
	at com.ibm.ws.metadata.ejb.EJBMDOrchestrator.finishBMDInitForReferenceContext(EJBMDOrchestrator.java:6832)
	at com.ibm.ws.ejbcontainer.osgi.internal.EJBMDOrchestratorImpl.finishBMDInitForReferenceContextPrivileged(EJBMDOrchestratorImpl.java:1138)
	at com.ibm.ws.ejbcontainer.osgi.internal.EJBMDOrchestratorImpl.access$000(EJBMDOrchestratorImpl.java:70)
	at com.ibm.ws.ejbcontainer.osgi.internal.EJBMDOrchestratorImpl$1.run(EJBMDOrchestratorImpl.java:1151)
	at com.ibm.ws.ejbcontainer.osgi.internal.EJBMDOrchestratorImpl$1.run(EJBMDOrchestratorImpl.java:1148)
	at java.base/java.security.AccessController.doPrivileged(AccessController.java:569)
	at com.ibm.ws.ejbcontainer.osgi.internal.EJBMDOrchestratorImpl.finishBMDInitForReferenceContext(EJBMDOrchestratorImpl.java:1148)
	at com.ibm.ws.ejbcontainer.runtime.AbstractEJBRuntime.finishBMDInitForReferenceContext(AbstractEJBRuntime.java:1524)
	at com.ibm.ws.ejbcontainer.runtime.ComponentNameSpaceConfigurationProviderImpl.getComponentNameSpaceConfiguration(ComponentNameSpaceConfigurationProviderImpl.java:43)
	... 19 more
Caused by: java.lang.NoSuchMethodException: com.cruznobre.rest.core.persistence.BrandDAO.<init>()
	at java.base/java.lang.Class.getConstructor0(Class.java:3585)
	at java.base/java.lang.Class.getConstructor(Class.java:2271)
	at com.ibm.ws.ejbcontainer.jitdeploy.EJBUtils.validateEjbClass(EJBUtils.java:337)
	... 30 more

Dump of callerThis
Object type = com.ibm.ws.container.service.state.internal.ApplicationStateManager
  serialVersionUID = -6685368059484454124
  $$$tc$$$ = class com.ibm.websphere.ras.TraceComponent@2121f969
    strings[0] = "TraceComponent[com.ibm.ws.container.service.state.internal.ApplicationStateManager,class com.ibm.ws.container.service.state.internal.ApplicationStateManager,[Runtime],null,null]"
  listeners = class com.ibm.wsspi.kernel.service.utils.ConcurrentServiceReferenceSet@22c81ff5
    referenceName = "applicationStateListeners"
    contextRef = class java.util.concurrent.atomic.AtomicReference@4e3a508f
      serialVersionUID = "/* Could not access serialVersionUID */"
      VALUE = "/* Could not access VALUE */"
      value = "/* Could not access value */"
    elementMap = class java.util.LinkedHashMap@46094de9
      serialVersionUID = "/* Could not access serialVersionUID */"
      head = "/* Could not access head */"
      tail = "/* Could not access tail */"
      accessOrder = "/* Could not access accessOrder */"
      serialVersionUID = "/* Could not access serialVersionUID */"
      DEFAULT_INITIAL_CAPACITY = "/* Could not access DEFAULT_INITIAL_CAPACITY */"
      MAXIMUM_CAPACITY = "/* Could not access MAXIMUM_CAPACITY */"
      DEFAULT_LOAD_FACTOR = "/* Could not access DEFAULT_LOAD_FACTOR */"
      TREEIFY_THRESHOLD = "/* Could not access TREEIFY_THRESHOLD */"
      UNTREEIFY_THRESHOLD = "/* Could not access UNTREEIFY_THRESHOLD */"
      MIN_TREEIFY_CAPACITY = "/* Could not access MIN_TREEIFY_CAPACITY */"
      table = "/* Could not access table */"
      entrySet = "/* Could not access entrySet */"
      size = "/* Could not access size */"
      modCount = "/* Could not access modCount */"
      threshold = "/* Could not access threshold */"
      loadFactor = "/* Could not access loadFactor */"
      keySet = "/* Could not access keySet */"
      values = "/* Could not access values */"
    elementSet = class java.util.concurrent.ConcurrentSkipListSet@1d0af9c4
      serialVersionUID = "/* Could not access serialVersionUID */"
      m = "/* Could not access m */"
    elementSetUnsorted = false
    serialVersionUID = 756240983881166148
    $$$tc$$$ = class com.ibm.websphere.ras.TraceComponent@580ef059
      strings[0] = "TraceComponent[com.ibm.wsspi.kernel.service.utils.ConcurrentServiceReferenceSet,class com.ibm.wsspi.kernel.service.utils.ConcurrentServiceReferenceSet,[kernelUtils],com.ibm.ws.kernel.service.utils.resources.ServiceMessages,null]"
  serialVersionUID = 2284273176985484160
  $$$tc$$$ = class com.ibm.websphere.ras.TraceComponent@57b1f32f
    strings[0] = "TraceComponent[com.ibm.ws.container.service.state.internal.StateChangeManager,class com.ibm.ws.container.service.state.internal.StateChangeManager,[Runtime],null,null]"

Dump of objectArray[0]
Object type = com.ibm.ws.container.service.app.deploy.internal.ApplicationInfoImpl
  appName = "restapi"
  appMetaData = class com.ibm.ws.container.service.app.deploy.internal.ApplicationMetaDataImpl@2118d97a
    j2eeName = class com.ibm.ws.container.service.metadata.internal.J2EENameImpl@21cc449f
      serialVersionUID = 7488184044073147667
      application = "restapi"
      module = null
      component = null
      string = "restapi"
      j2eeNameBytes = null
      $$$tc$$$ = class com.ibm.websphere.ras.TraceComponent@7cfe6417
    serialVersionUID = -7906531148367236579
    $$$tc$$$ = class com.ibm.websphere.ras.TraceComponent@5080c537
      strings[0] = "TraceComponent[com.ibm.ws.container.service.app.deploy.internal.ApplicationMetaDataImpl,class com.ibm.ws.container.service.app.deploy.internal.ApplicationMetaDataImpl,[container.service],com.ibm.ws.container.service.resources.Messages,null]"
    tc = class com.ibm.websphere.ras.TraceComponent@4ed993d9
      strings[0] = "TraceComponent[com.ibm.ws.runtime.metadata.MetaDataImpl,class com.ibm.ws.runtime.metadata.MetaDataImpl,[Runtime],null,null]"
    NUM_STATIC_SLOTS = 4
    ID_UNINITIALIZED = -1
    id = 8
    metaDataInterface = class java.lang.Class@55f2d8a1
      ANNOTATION = "/* Could not access ANNOTATION */"
      ENUM = "/* Could not access ENUM */"
      SYNTHETIC = "/* Could not access SYNTHETIC */"
      cachedConstructor = "/* Could not access cachedConstructor */"
      name = "/* Could not access name */"
      module = "/* Could not access module */"
      packageName = "/* Could not access packageName */"
      componentType = "/* Could not access componentType */"
      allPermDomain = "/* Could not access allPermDomain */"
      reflectionData = "/* Could not access reflectionData */"
      classRedefinedCount = "/* Could not access classRedefinedCount */"
      genericInfo = "/* Could not access genericInfo */"
      EMPTY_CLASS_ARRAY = "/* Could not access EMPTY_CLASS_ARRAY */"
      serialVersionUID = "/* Could not access serialVersionUID */"
      serialPersistentFields = "/* Could not access serialPersistentFields */"
      reflectionFactory = "/* Could not access reflectionFactory */"
      enumConstants = "/* Could not access enumConstants */"
      enumConstantDirectory = "/* Could not access enumConstantDirectory */"
      annotationData = "/* Could not access annotationData */"
      annotationType = "/* Could not access annotationType */"
      classValueMap = "/* Could not access classValueMap */"
    staticSlots = class java.lang.Object[4]
      Object[0] = null
      Object[1] = class com.ibm.ws.injectionengine.osgi.internal.OSGiInjectionScopeData@1a8cf4aa
      Object[2] = null
      Object[3] = class com.ibm.ws.ejbcontainer.osgi.internal.metadata.OSGiEJBApplicationMetaData@6d2ecd5e
    dynamicSlots = class java.lang.Object[4]
      Object[0] = class com.ibm.ws.cdi.impl.weld.WebSphereCDIDeploymentImpl@6b223722
      Object[1] = "restapi"
      Object[2] = null
      Object[3] = null
  appContainer = class com.ibm.ws.adaptable.module.internal.AdaptableContainerImpl@2012ff6
    root = class com.ibm.ws.adaptable.module.internal.AdaptableContainerImpl@2012ff6
    rootOverlay = class com.ibm.ws.artifact.overlay.internal.DirectoryBasedOverlayContainerImpl@468169d7
      base = class com.ibm.ws.artifact.loose.internal.LooseArchive@7c0ef2b1
      maskSet = class java.util.HashSet@29a4201
      cfHolder = class com.ibm.ws.artifact.overlay.internal.OverlayContainerFactoryImpl@51c5f5e4
      fileOverlayContainer = class com.ibm.ws.artifact.file.internal.FileContainer@1cab9383
      overlayDirectory = class java.io.File@5ecee9c6
      cacheDirForOverlay = class java.io.File@555e03d4
      overlayNotifier = class com.ibm.ws.artifact.overlay.internal.DirectoryBasedOverlayNotifier@4a1a96bf
      enclosingContainer = null
      entryInEnclosingContainer = null
      nestedOverlays = class java.util.concurrent.ConcurrentHashMap@584c934
      cacheStore = class com.ibm.ws.artifact.overlay.internal.OverlayCache@45f3758c
      parentOverlay = null
      isPassThroughMode = true
      serialVersionUID = -6650153487216279998
      $$$tc$$$ = class com.ibm.websphere.ras.TraceComponent@15e87a68
    factoryHolder = class com.ibm.ws.adaptable.module.internal.AdaptableModuleFactoryImpl@1145cc8b
      adapterFactoryService = class com.ibm.ws.adaptable.module.internal.AdapterFactoryServiceImpl@1450b11b
      containerFactory = class com.ibm.ws.artifact.internal.ArtifactContainerFactoryService@2c117d68
      overlayContainerFactory = class com.ibm.ws.artifact.overlay.internal.OverlayContainerFactoryImpl@51c5f5e4
      serialVersionUID = 4200251809856292987
      $$$tc$$$ = class com.ibm.websphere.ras.TraceComponent@11848125
    delegate = class com.ibm.ws.artifact.overlay.internal.DirectoryBasedOverlayContainerImpl@468169d7
    notifier = class com.ibm.ws.adaptable.module.internal.NotifierImpl@1ccd6ebd
      root = class com.ibm.ws.adaptable.module.internal.AdaptableContainerImpl@2012ff6
      delegateNotifier = class com.ibm.ws.artifact.overlay.internal.DirectoryBasedOverlayNotifier@4a1a96bf
      delegateRoot = class com.ibm.ws.artifact.overlay.internal.DirectoryBasedOverlayContainerImpl@468169d7
      listenerDelegates = class java.util.HashMap@5b532e8e
      serialVersionUID = 6839382523957017880
      $$$tc$$$ = class com.ibm.websphere.ras.TraceComponent@3b93b148
    serialVersionUID = -5950528200509051684
    $$$tc$$$ = class com.ibm.websphere.ras.TraceComponent@121197f9
      strings[0] = "TraceComponent[com.ibm.ws.adaptable.module.internal.AdaptableContainerImpl,class com.ibm.ws.adaptable.module.internal.AdaptableContainerImpl,[archive.adaptable],null,null]"
  configHelper = class com.ibm.ws.app.manager.module.ApplicationNestedConfigHelper@508362a
    appInfo = class com.ibm.ws.app.manager.internal.ApplicationInstallInfo@3beb7a56
    serialVersionUID = -3174031738676705046
    $$$tc$$$ = class com.ibm.websphere.ras.TraceComponent@61ecf49c
      strings[0] = "TraceComponent[com.ibm.ws.app.manager.module.ApplicationNestedConfigHelper,class com.ibm.ws.app.manager.module.ApplicationNestedConfigHelper,[applications, app.manager],null,null]"
  applicationInformation = class com.ibm.ws.app.manager.internal.ApplicationInstallInfo@3beb7a56
    _config = class com.ibm.ws.app.manager.internal.ApplicationConfig@4c7fdb98
      tc = class com.ibm.websphere.ras.TraceComponent@6c0e67ce
      _configPid = "com.ibm.ws.app.manager_35"
      _config = class com.ibm.ws.config.admin.ConfigurationDictionary@3c500468
      _applicationManager = class com.ibm.ws.app.manager.ApplicationManager@eaf2f5a
      _location = "restapi.war"
      _type = "war"
      _name = "restapi"
      _notificationBroadcasterSupport = class javax.management.NotificationBroadcasterSupport@4737d606
      ONE_TIME_JANDEX_MSGS_DISPLAYED = true
      serialVersionUID = -2151423388299667431
    _handlerInfo = class java.util.concurrent.atomic.AtomicReference@52121e2c
      serialVersionUID = "/* Could not access serialVersionUID */"
      VALUE = "/* Could not access VALUE */"
      value = "/* Could not access value */"
    _container = class java.util.concurrent.atomic.AtomicReference@1651c64f
      serialVersionUID = "/* Could not access serialVersionUID */"
      VALUE = "/* Could not access VALUE */"
      value = "/* Could not access value */"
    _resolvedLocation = class java.util.concurrent.atomic.AtomicReference@6483fbfb
      serialVersionUID = "/* Could not access serialVersionUID */"
      VALUE = "/* Could not access VALUE */"
      value = "/* Could not access value */"
    _handler = class com.ibm.ws.app.manager.war.internal.WARApplicationHandlerImpl@56125fe8
      futureMonitor = class com.ibm.ws.threading.internal.FutureMonitorImpl@c47d753
      deployedAppFactory = class com.ibm.ws.app.manager.war.internal.WARDeployedAppInfoFactoryImpl@57be93f6
      serialVersionUID = 4622845147410944782
      $$$tc$$$ = class com.ibm.websphere.ras.TraceComponent@776b5477
    _ami = class java.util.concurrent.atomic.AtomicReference@14b3d878
      serialVersionUID = "/* Could not access serialVersionUID */"
      VALUE = "/* Could not access VALUE */"
      value = "/* Could not access value */"
    _updateHandler = class com.ibm.ws.app.manager.internal.statemachine.ApplicationStateMachineImpl@cc8171f
      _tc = class com.ibm.websphere.ras.TraceComponent@7a207041
      EMPTY_FUTURE_ARRAY = interface java.util.concurrent.Future[0]
      asmSequenceNumber = class java.util.concurrent.atomic.AtomicLong@6c5a242d
      _qscaCounter = class java.util.concurrent.atomic.AtomicInteger@49bfcad1
      _failedThrowable = null
      _interruptibleLock = class com.ibm.ws.app.manager.internal.statemachine.ApplicationStateMachineImpl$2@6a5177bb
      _interruptible = false
      _performingQueuedActions = true
      _queuedActions = class java.util.concurrent.ConcurrentLinkedQueue@34d02068
      _callbackState = class java.util.concurrent.atomic.AtomicReference@9161193
      blockAppStartingFutures = class java.util.Collections$SetFromMap@3ec8ab22
      waitingForAppHandlerFuture = class java.util.concurrent.atomic.AtomicReference@5f45ffef
      waitingForExplicitStartFuture = class java.util.concurrent.atomic.AtomicReference@6a23570f
      startAfterFutures = class java.util.Collections$SetFromMap@53804951
      completionListener = class java.util.concurrent.atomic.AtomicReference@28ea69b8
      _notifyAppStopped = class java.util.concurrent.ConcurrentLinkedQueue@58a041cd
      _notifyAppStarting = class java.util.concurrent.ConcurrentLinkedQueue@284bfef9
      _notifyAppInstallCalled = class java.util.concurrent.ConcurrentLinkedQueue@79d0f060
      _notifyAppStarted = class java.util.concurrent.ConcurrentLinkedQueue@28cf14b
      _notifyAppRemoved = class java.util.concurrent.ConcurrentLinkedQueue@587866fe
      _stateLock = class com.ibm.ws.app.manager.internal.statemachine.ApplicationStateMachineImpl$3@2fb3f73e
      _internalState = class java.util.concurrent.atomic.AtomicReference@511e4158
      _currentAction = class java.util.concurrent.atomic.AtomicReference@34fde499
      _rfa = class java.util.concurrent.atomic.AtomicReference@2fa92b6e
      _appInstallInfo = class java.util.concurrent.atomic.AtomicReference@1f9333a2
      _update = class java.util.concurrent.atomic.AtomicBoolean@3c24b589
      _appConfig = class java.util.concurrent.atomic.AtomicReference@67a647b8
      _nextAppConfig = class java.util.concurrent.atomic.AtomicReference@1b2e279
      _appContainer = class java.util.concurrent.atomic.AtomicReference@7badfce
      _resolvedLocation = class java.util.concurrent.atomic.AtomicReference@1e2bba4d
      _handler = class java.util.concurrent.atomic.AtomicReference@4be5b5b7
      _asmSeqNo = 0
      _ctx = class org.eclipse.osgi.internal.framework.BundleContextImpl@5186df9f
      _locAdmin = class com.ibm.ws.kernel.service.location.internal.WsLocationAdminImpl@5d522798
      _futureMonitor = class com.ibm.ws.threading.internal.FutureMonitorImpl@c47d753
      _artifactFactory = class com.ibm.ws.artifact.internal.ArtifactContainerFactoryService@2c117d68
      _moduleFactory = class com.ibm.ws.adaptable.module.internal.AdaptableModuleFactoryImpl@1145cc8b
      _executorService = class com.ibm.ws.threading.internal.ExecutorServiceImpl@43de21af
      _scheduledExecutorService = class com.ibm.ws.threading.internal.ScheduledExecutorImpl@4f7ded44
      _asmHelper = class com.ibm.ws.app.manager.internal.ApplicationConfigurator$NamedApplication@33b70030
      _appMonitor = class com.ibm.ws.app.manager.internal.monitor.ApplicationMonitor@29d3a111
      _configurator = class com.ibm.ws.app.manager.internal.ApplicationConfigurator@3e0948f2
      enterStateCalled = class java.util.concurrent.atomic.AtomicBoolean@65f13d54
      serialVersionUID = 4458043999335554711
      serialVersionUID = -8760483717533387753
      $$$tc$$$ = class com.ibm.websphere.ras.TraceComponent@3e9fa5ef
    serialVersionUID = 2630639237123415755
    $$$tc$$$ = class com.ibm.websphere.ras.TraceComponent@4e7b8a31
      strings[0] = "TraceComponent[com.ibm.ws.app.manager.internal.ApplicationInstallInfo,class com.ibm.ws.app.manager.internal.ApplicationInstallInfo,[applications, app.manager],com.ibm.ws.app.manager.internal.resources.AppManagerMessages,null]"
  serialVersionUID = 5227817860647895780
  $$$tc$$$ = class com.ibm.websphere.ras.TraceComponent@4784310
    strings[0] = "TraceComponent[com.ibm.ws.container.service.app.deploy.internal.ApplicationInfoImpl,class com.ibm.ws.container.service.app.deploy.internal.ApplicationInfoImpl,[container.service],com.ibm.ws.container.service.resources.Messages,null]"

