------Start of DE processing------ = [02/05/2022 11:25:51:932 BRT]
Exception = com.ibm.ws.container.service.state.StateChangeException
Source = com.ibm.ws.app.manager.module.internal.SimpleDeployedAppInfoBase
probeid = 548
Stack Dump = com.ibm.ws.container.service.state.StateChangeException: java.util.concurrent.RejectedExecutionException: CWWKE1202E: Uma tarefa não pode ser enviada porque o executor managedExecutorService[DefaultManagedExecutorService] (concurrencyPolicy[defaultConcurrencyPolicy]) foi encerrado.
	at com.ibm.ws.container.service.state.internal.ApplicationStateManager.fireStarting(ApplicationStateManager.java:55)
	at com.ibm.ws.container.service.state.internal.StateChangeServiceImpl.fireApplicationStarting(StateChangeServiceImpl.java:50)
	at com.ibm.ws.app.manager.module.internal.SimpleDeployedAppInfoBase.preDeployApp(SimpleDeployedAppInfoBase.java:547)
	at com.ibm.ws.app.manager.module.internal.SimpleDeployedAppInfoBase.installApp(SimpleDeployedAppInfoBase.java:508)
	at com.ibm.ws.app.manager.module.internal.DeployedAppInfoBase.deployApp(DeployedAppInfoBase.java:349)
	at com.ibm.ws.app.manager.war.internal.WARApplicationHandlerImpl.install(WARApplicationHandlerImpl.java:65)
	at com.ibm.ws.app.manager.internal.statemachine.StartAction.execute(StartAction.java:161)
	at com.ibm.ws.app.manager.internal.statemachine.ApplicationStateMachineImpl.enterState(ApplicationStateMachineImpl.java:1357)
	at com.ibm.ws.app.manager.internal.statemachine.ApplicationStateMachineImpl.performAction(ApplicationStateMachineImpl.java:1222)
	at com.ibm.ws.app.manager.internal.statemachine.ApplicationStateMachineImpl.run(ApplicationStateMachineImpl.java:909)
	at com.ibm.ws.threading.internal.ExecutorServiceImpl$RunnableWrapper.run(ExecutorServiceImpl.java:245)
	at java.base/java.util.concurrent.ThreadPoolExecutor.runWorker(ThreadPoolExecutor.java:1136)
	at java.base/java.util.concurrent.ThreadPoolExecutor$Worker.run(ThreadPoolExecutor.java:635)
	at java.base/java.lang.Thread.run(Thread.java:833)
Caused by: java.util.concurrent.RejectedExecutionException: CWWKE1202E: Uma tarefa não pode ser enviada porque o executor managedExecutorService[DefaultManagedExecutorService] (concurrencyPolicy[defaultConcurrencyPolicy]) foi encerrado.
	at com.ibm.ws.threading.internal.PolicyExecutorImpl.enqueue(PolicyExecutorImpl.java:532)
	at com.ibm.ws.threading.internal.PolicyExecutorImpl.invokeAll(PolicyExecutorImpl.java:675)
	at com.ibm.ws.concurrent.internal.ManagedExecutorServiceImpl.invokeAll(ManagedExecutorServiceImpl.java:585)
	at org.jboss.weld.executor.AbstractExecutorServices.invokeAllAndCheckForExceptions(AbstractExecutorServices.java:59)
	at org.jboss.weld.executor.AbstractExecutorServices.invokeAllAndCheckForExceptions(AbstractExecutorServices.java:67)
	at org.jboss.weld.bootstrap.ConcurrentBeanDeployer.addClasses(ConcurrentBeanDeployer.java:52)
	at org.jboss.weld.bootstrap.BeanDeployment.createClasses(BeanDeployment.java:198)
	at org.jboss.weld.bootstrap.WeldStartup.startInitialization(WeldStartup.java:417)
	at org.jboss.weld.bootstrap.WeldBootstrap.startInitialization(WeldBootstrap.java:79)
	at com.ibm.ws.cdi.impl.CDIContainerImpl$2.run(CDIContainerImpl.java:156)
	at com.ibm.ws.cdi.impl.CDIContainerImpl$2.run(CDIContainerImpl.java:153)
	at java.base/java.security.AccessController.doPrivileged(AccessController.java:318)
	at com.ibm.ws.cdi.impl.CDIContainerImpl.startInitialization(CDIContainerImpl.java:153)
	at com.ibm.ws.cdi.liberty.CDIRuntimeImpl.applicationStarting(CDIRuntimeImpl.java:480)
	at com.ibm.ws.container.service.state.internal.ApplicationStateManager.fireStarting(ApplicationStateManager.java:51)
	... 13 more

Dump of callerThis
Object type = com.ibm.ws.app.manager.war.internal.WARDeployedAppInfo
  CONTEXT_ROOT = "context-root"
  webContainerModuleInfo = class com.ibm.ws.app.manager.module.internal.SimpleDeployedAppInfoBase$WebModuleContainerInfo@1c8aaffa
    contextRoot = "/restapi"
    defaultContextRoot = "restapi"
    serialVersionUID = 4617657913043497664
    $$$tc$$$ = class com.ibm.websphere.ras.TraceComponent@f609722
      strings[0] = "TraceComponent[com.ibm.ws.app.manager.module.internal.SimpleDeployedAppInfoBase$WebModuleContainerInfo,class com.ibm.ws.app.manager.module.internal.SimpleDeployedAppInfoBase$WebModuleContainerInfo,[applications, app.manager],null,null]"
    moduleHandler = class com.ibm.ws.app.manager.web.internal.WebModuleHandlerImpl@2e2760ae
      serialVersionUID = 4795602325763828210
      $$$tc$$$ = class com.ibm.websphere.ras.TraceComponent@569e8f54
      futureMonitor = class com.ibm.ws.threading.internal.FutureMonitorImpl@360531e3
      metaDataService = class com.ibm.ws.container.service.metadata.internal.MetaDataServiceImpl@798a964a
      stateChangeService = class com.ibm.ws.container.service.state.internal.StateChangeServiceImpl@c5e44a
      moduleRuntimeContainer = class com.ibm.ws.webcontainer.osgi.WebContainer@463a1450
      firstFailure = null
      serialVersionUID = -4563697739413190872
      $$$tc$$$ = class com.ibm.websphere.ras.TraceComponent@30278e68
    moduleMetaDataExtenders = class java.util.Collections$UnmodifiableRandomAccessList@3acff031
      serialVersionUID = "/* Could not access serialVersionUID */"
      serialVersionUID = "/* Could not access serialVersionUID */"
      list = "/* Could not access list */"
      serialVersionUID = "/* Could not access serialVersionUID */"
      c = "/* Could not access c */"
    nestedModuleMetaDataFactories = class java.util.Collections$UnmodifiableRandomAccessList@3ed9fd77
      serialVersionUID = "/* Could not access serialVersionUID */"
      serialVersionUID = "/* Could not access serialVersionUID */"
      list = "/* Could not access list */"
      serialVersionUID = "/* Could not access serialVersionUID */"
      c = "/* Could not access c */"
    nestedModules = null
    moduleName = "restapi"
    moduleDD = null
    moduleInfo = class com.ibm.ws.app.manager.module.internal.WebModuleInfoImpl@166019bb
      contextRoot = "/restapi"
      isDefaultContextRootUsed = false
      defaultContextRoot = "restapi"
      serialVersionUID = -6699247856069243844
      $$$tc$$$ = class com.ibm.websphere.ras.TraceComponent@41e5242f
      tc = class com.ibm.websphere.ras.TraceComponent@10a2c95
      appInfo = class com.ibm.ws.container.service.app.deploy.internal.ApplicationInfoImpl@36a8d127
      moduleName = "restapi"
      path = "restapi.war"
      moduleContainer = class com.ibm.ws.adaptable.module.internal.AdaptableContainerImpl@3306d155
      altDDEntry = null
      moduleClassesContainers = class java.util.ArrayList@49f49dbc
      classLoaderFactory = class com.ibm.ws.app.manager.war.internal.WARDeployedAppInfo@504ba603
      containerInfoType = class com.ibm.ws.container.service.app.deploy.ContainerInfo$Type@7459ceaf
      classLoader = class com.ibm.ws.classloading.internal.AppClassLoader@5e89902f
      moduleMetaData = class com.ibm.ws.webcontainer.osgi.metadata.WebModuleMetaDataImpl@60fd9bfc
      nestedModuleMetaDataTypes = class java.util.ArrayList@54abb9b6
      nestedModuleMetaDataValues = class java.util.ArrayList@570e5100
      serialVersionUID = 3986734351620206554
    serialVersionUID = 5122721995888983779
    $$$tc$$$ = class com.ibm.websphere.ras.TraceComponent@53a6ae3a
      strings[0] = "TraceComponent[com.ibm.ws.app.manager.module.internal.SimpleDeployedAppInfoBase$ModuleContainerInfoBase,class com.ibm.ws.app.manager.module.internal.SimpleDeployedAppInfoBase$ModuleContainerInfoBase,[applications, app.manager],null,null]"
    type = class com.ibm.ws.container.service.app.deploy.ContainerInfo$Type@7459ceaf
      MANIFEST_CLASSPATH = class com.ibm.ws.container.service.app.deploy.ContainerInfo$Type@1a6827e4
      WEB_INF_CLASSES = class com.ibm.ws.container.service.app.deploy.ContainerInfo$Type@a7d36bd
      WEB_INF_LIB = class com.ibm.ws.container.service.app.deploy.ContainerInfo$Type@68509bb2
      EAR_LIB = class com.ibm.ws.container.service.app.deploy.ContainerInfo$Type@310e27ce
      WEB_MODULE = class com.ibm.ws.container.service.app.deploy.ContainerInfo$Type@7459ceaf
      EJB_MODULE = class com.ibm.ws.container.service.app.deploy.ContainerInfo$Type@6a82710c
      CLIENT_MODULE = class com.ibm.ws.container.service.app.deploy.ContainerInfo$Type@9a97a3f
      RAR_MODULE = class com.ibm.ws.container.service.app.deploy.ContainerInfo$Type@6548fdb3
      JAR_MODULE = class com.ibm.ws.container.service.app.deploy.ContainerInfo$Type@25389683
      SHARED_LIB = class com.ibm.ws.container.service.app.deploy.ContainerInfo$Type@5ccb8939
      $VALUES = class com.ibm.ws.container.service.app.deploy.ContainerInfo$Type[10]
      name = "/* Could not access name */"
      ordinal = "/* Could not access ordinal */"
    name = "restapi.war"
    container = class com.ibm.ws.adaptable.module.internal.AdaptableContainerImpl@3306d155
    moduleClassLoaderFactory = class com.ibm.ws.app.manager.war.internal.WARDeployedAppInfo@504ba603
    altDDEntry = null
    classesContainerInfo = class java.util.ArrayList@49f49dbc
      serialVersionUID = "/* Could not access serialVersionUID */"
      DEFAULT_CAPACITY = "/* Could not access DEFAULT_CAPACITY */"
      EMPTY_ELEMENTDATA = "/* Could not access EMPTY_ELEMENTDATA */"
      DEFAULTCAPACITY_EMPTY_ELEMENTDATA = "/* Could not access DEFAULTCAPACITY_EMPTY_ELEMENTDATA */"
      elementData = "/* Could not access elementData */"
      size = "/* Could not access size */"
      modCount = "/* Could not access modCount */"
    serialVersionUID = 4636874131959542427
    $$$tc$$$ = class com.ibm.websphere.ras.TraceComponent@38c42daa
      strings[0] = "TraceComponent[com.ibm.ws.app.manager.module.internal.SimpleDeployedAppInfoBase$ExtendedContainerInfo,class com.ibm.ws.app.manager.module.internal.SimpleDeployedAppInfoBase$ExtendedContainerInfo,[applications, app.manager],null,null]"
  DYNAMIC_IMPORT_PACKAGE_LIST = class java.util.Collections$UnmodifiableRandomAccessList@5f3fe7c3
    serialVersionUID = "/* Could not access serialVersionUID */"
    serialVersionUID = "/* Could not access serialVersionUID */"
    list = "/* Could not access list */"
    serialVersionUID = "/* Could not access serialVersionUID */"
    c = "/* Could not access c */"
  serialVersionUID = 6176035338244935179
  $$$tc$$$ = class com.ibm.websphere.ras.TraceComponent@60c18765
    strings[0] = "TraceComponent[com.ibm.ws.app.manager.war.internal.WARDeployedAppInfo,class com.ibm.ws.app.manager.war.internal.WARDeployedAppInfo,[webcontainer, applications, app.manager],com.ibm.ws.app.manager.war.internal.resources.Messages,null]"
  _tc = class com.ibm.websphere.ras.TraceComponent@781dc3d4
    strings[0] = "TraceComponent[com.ibm.ws.app.manager.module.internal.DeployedAppInfoBase,class com.ibm.ws.app.manager.module.internal.DeployedAppInfoBase,[app.manager],com.ibm.ws.app.manager.module.internal.resources.Messages,null]"
  PERMISSION_XML = "permissions.xml"
  applicationInformation = class com.ibm.ws.app.manager.internal.ApplicationInstallInfo@60998733
    _config = class com.ibm.ws.app.manager.internal.ApplicationConfig@7c12bcff
      tc = class com.ibm.websphere.ras.TraceComponent@6faf5010
      _configPid = "com.ibm.ws.app.manager_37"
      _config = class com.ibm.ws.config.admin.ConfigurationDictionary@1dab0236
      _applicationManager = class com.ibm.ws.app.manager.ApplicationManager@5081c8e6
      _location = "restapi.war"
      _type = "war"
      _name = "restapi"
      _notificationBroadcasterSupport = class javax.management.NotificationBroadcasterSupport@2c1bccc8
      ONE_TIME_JANDEX_MSGS_DISPLAYED = true
      serialVersionUID = -2151423388299667431
    _handlerInfo = class java.util.concurrent.atomic.AtomicReference@3b04c914
      serialVersionUID = "/* Could not access serialVersionUID */"
      VALUE = "/* Could not access VALUE */"
      value = "/* Could not access value */"
    _container = class java.util.concurrent.atomic.AtomicReference@6265d59
      serialVersionUID = "/* Could not access serialVersionUID */"
      VALUE = "/* Could not access VALUE */"
      value = "/* Could not access value */"
    _resolvedLocation = class java.util.concurrent.atomic.AtomicReference@2a2ae2b1
      serialVersionUID = "/* Could not access serialVersionUID */"
      VALUE = "/* Could not access VALUE */"
      value = "/* Could not access value */"
    _handler = class com.ibm.ws.app.manager.war.internal.WARApplicationHandlerImpl@6cda2d57
      futureMonitor = class com.ibm.ws.threading.internal.FutureMonitorImpl@360531e3
      deployedAppFactory = class com.ibm.ws.app.manager.war.internal.WARDeployedAppInfoFactoryImpl@5808545c
      serialVersionUID = 4622845147410944782
      $$$tc$$$ = class com.ibm.websphere.ras.TraceComponent@ce872e5
    _ami = class java.util.concurrent.atomic.AtomicReference@f47ffe3
      serialVersionUID = "/* Could not access serialVersionUID */"
      VALUE = "/* Could not access VALUE */"
      value = "/* Could not access value */"
    _updateHandler = class com.ibm.ws.app.manager.internal.statemachine.ApplicationStateMachineImpl@6eaae2ee
      _tc = class com.ibm.websphere.ras.TraceComponent@2bbedf19
      EMPTY_FUTURE_ARRAY = interface java.util.concurrent.Future[0]
      asmSequenceNumber = class java.util.concurrent.atomic.AtomicLong@6ba4858f
      _qscaCounter = class java.util.concurrent.atomic.AtomicInteger@4fcd3ef6
      _failedThrowable = null
      _interruptibleLock = class com.ibm.ws.app.manager.internal.statemachine.ApplicationStateMachineImpl$2@1d761e37
      _interruptible = false
      _performingQueuedActions = true
      _queuedActions = class java.util.concurrent.ConcurrentLinkedQueue@20689f56
      _callbackState = class java.util.concurrent.atomic.AtomicReference@6fafee29
      blockAppStartingFutures = class java.util.Collections$SetFromMap@493357a4
      waitingForAppHandlerFuture = class java.util.concurrent.atomic.AtomicReference@64996f13
      waitingForExplicitStartFuture = class java.util.concurrent.atomic.AtomicReference@6fcef9
      startAfterFutures = class java.util.Collections$SetFromMap@10a1a67b
      completionListener = class java.util.concurrent.atomic.AtomicReference@437c4dbc
      _notifyAppStopped = class java.util.concurrent.ConcurrentLinkedQueue@6cb24337
      _notifyAppStarting = class java.util.concurrent.ConcurrentLinkedQueue@1254405e
      _notifyAppInstallCalled = class java.util.concurrent.ConcurrentLinkedQueue@f5bae11
      _notifyAppStarted = class java.util.concurrent.ConcurrentLinkedQueue@2e6b03eb
      _notifyAppRemoved = class java.util.concurrent.ConcurrentLinkedQueue@50be46ea
      _stateLock = class com.ibm.ws.app.manager.internal.statemachine.ApplicationStateMachineImpl$3@6058ba13
      _internalState = class java.util.concurrent.atomic.AtomicReference@3221bb2f
      _currentAction = class java.util.concurrent.atomic.AtomicReference@44a392db
      _rfa = class java.util.concurrent.atomic.AtomicReference@660815b3
      _appInstallInfo = class java.util.concurrent.atomic.AtomicReference@4325a343
      _update = class java.util.concurrent.atomic.AtomicBoolean@7ce290cb
      _appConfig = class java.util.concurrent.atomic.AtomicReference@240fe0c6
      _nextAppConfig = class java.util.concurrent.atomic.AtomicReference@20cdc79
      _appContainer = class java.util.concurrent.atomic.AtomicReference@6c5d58c0
      _resolvedLocation = class java.util.concurrent.atomic.AtomicReference@451f948
      _handler = class java.util.concurrent.atomic.AtomicReference@5f8320d4
      _asmSeqNo = 0
      _ctx = class org.eclipse.osgi.internal.framework.BundleContextImpl@7253642f
      _locAdmin = class com.ibm.ws.kernel.service.location.internal.WsLocationAdminImpl@3d1514b0
      _futureMonitor = class com.ibm.ws.threading.internal.FutureMonitorImpl@360531e3
      _artifactFactory = class com.ibm.ws.artifact.internal.ArtifactContainerFactoryService@70462277
      _moduleFactory = class com.ibm.ws.adaptable.module.internal.AdaptableModuleFactoryImpl@5fac473
      _executorService = class com.ibm.ws.threading.internal.ExecutorServiceImpl@5c2a2793
      _scheduledExecutorService = class com.ibm.ws.threading.internal.ScheduledExecutorImpl@db1aebe
      _asmHelper = class com.ibm.ws.app.manager.internal.ApplicationConfigurator$NamedApplication@6fdabdc6
      _appMonitor = class com.ibm.ws.app.manager.internal.monitor.ApplicationMonitor@18949b2c
      _configurator = class com.ibm.ws.app.manager.internal.ApplicationConfigurator@4510b523
      enterStateCalled = class java.util.concurrent.atomic.AtomicBoolean@7813bf4
      serialVersionUID = 4458043999335554711
      serialVersionUID = -8760483717533387753
      $$$tc$$$ = class com.ibm.websphere.ras.TraceComponent@1e4ac857
    serialVersionUID = 2630639237123415755
    $$$tc$$$ = class com.ibm.websphere.ras.TraceComponent@e6d5463
      strings[0] = "TraceComponent[com.ibm.ws.app.manager.internal.ApplicationInstallInfo,class com.ibm.ws.app.manager.internal.ApplicationInstallInfo,[applications, app.manager],com.ibm.ws.app.manager.internal.resources.AppManagerMessages,null]"
  location = "/Users/iratuan/Documents/Projetos/estudos/udemy_jaxrs/target/liberty/wlp/usr/servers/defaultServer/apps/restapi.war.xml"
  classLoadingService = class com.ibm.ws.classloading.internal.ClassLoadingServiceImpl@7d603429
    tc = class com.ibm.websphere.ras.TraceComponent@45714799
      strings[0] = "TraceComponent[com.ibm.ws.classloading.internal.ClassLoadingServiceImpl,class com.ibm.ws.classloading.internal.ClassLoadingServiceImpl,[ClassLoadingService],com.ibm.ws.classloading.internal.resources.ClassLoadingServiceMessages,null]"
    leakDetectionMap = class java.util.HashMap@1a447d6f
      serialVersionUID = "/* Could not access serialVersionUID */"
      DEFAULT_INITIAL_CAPACITY = "/* Could not access DEFAULT_INITIAL_CAPACITY */"
      MAXIMUM_CAPACITY = "/* Could not access MAXIMUM_CAPACITY */"
      DEFAULT_LOAD_FACTOR = "/* Could not access DEFAULT_LOAD_FACTOR */"
      TREEIFY_THRESHOLD = "/* Could not access TREEIFY_THRESHOLD */"
      UNTREEIFY_THRESHOLD = "/* Could not access UNTREEIFY_THRESHOLD */"
      MIN_TREEIFY_CAPACITY = "/* Could not access MIN_TREEIFY_CAPACITY */"
      table = "/* Could not access table */"
      entrySet = "/* Could not access entrySet */"
      size = "/* Could not access size */"
      modCount = "/* Could not access modCount */"
      threshold = "/* Could not access threshold */"
      loadFactor = "/* Could not access loadFactor */"
      keySet = "/* Could not access keySet */"
      values = "/* Could not access values */"
    appClassLoaders = class java.util.Collections$SetFromMap@38d2edaa
      m = "/* Could not access m */"
      s = "/* Could not access s */"
      serialVersionUID = "/* Could not access serialVersionUID */"
    TCCL_LOCK_WAIT = 15000
    REFERENCE_GENERATORS = "generators"
    bundleContext = class org.eclipse.osgi.internal.framework.BundleContextImpl@faf4dec
      valid = true
      bundle = class org.eclipse.osgi.internal.framework.EquinoxBundle@22de1c17
      container = class org.eclipse.osgi.internal.framework.EquinoxContainer@3073fa64
      debug = class org.eclipse.osgi.internal.debug.Debug@39513d79
      servicesInUse = class java.util.HashMap@61a7f93b
      activator = null
      contextLock = class java.lang.Object@25515074
    aclStore = class com.ibm.ws.classloading.internal.util.CanonicalStore@60fdaab3
      map = class java.util.concurrent.ConcurrentHashMap@226f829b
      q = class com.ibm.ws.classloading.internal.util.RefQueue@68c3974
      serialVersionUID = 6715157558227169968
      $$$tc$$$ = class com.ibm.websphere.ras.TraceComponent@19a653bb
    tcclStore = class com.ibm.ws.classloading.internal.util.CanonicalStore@5eb9c761
      map = class java.util.concurrent.ConcurrentHashMap@28457c67
      q = class com.ibm.ws.classloading.internal.util.RefQueue@1db3dd32
      serialVersionUID = 6715157558227169968
      $$$tc$$$ = class com.ibm.websphere.ras.TraceComponent@19a653bb
    tcclStoreLock = class java.util.concurrent.locks.ReentrantLock@672f66dc
      serialVersionUID = "/* Could not access serialVersionUID */"
      sync = "/* Could not access sync */"
    digraph = class org.eclipse.equinox.internal.region.StandardRegionDigraph@483f682e
      EMPTY_EDGE_SET = class java.util.Collections$UnmodifiableSet@3616eab4
      monitor = class java.lang.Object@11e635de
      regions = class java.util.HashMap@3ec5475f
      bundleIdToRegionMapping = class org.eclipse.equinox.internal.region.StandardBundleIdToRegionMapping@793fc22
      edges = class java.util.HashMap@651e52e
      bundleContext = class org.eclipse.osgi.internal.framework.BundleContextImpl@796d3c9f
      threadLocal = class java.lang.ThreadLocal@263968ff
      subgraphTraverser = class org.eclipse.equinox.internal.region.SubgraphTraverser@32d22cd8
      bundleCollisionHook = class org.eclipse.equinox.internal.region.hook.RegionBundleCollisionHook@2ab8b44c
      bundleEventHook = class org.eclipse.equinox.internal.region.hook.RegionBundleEventHook@23495ca0
      bundleFindHook = class org.eclipse.equinox.internal.region.hook.RegionBundleFindHook@4edaa6a6
      serviceEventHook = class org.eclipse.equinox.internal.region.hook.RegionServiceEventHook@6dcdf749
      serviceFindHook = class org.eclipse.equinox.internal.region.hook.RegionServiceFindHook@2382468
      resolverHookFactory = class org.eclipse.equinox.internal.region.hook.RegionResolverHookFactory@6b7dd4d3
      origin = null
      originUpdateCount = -1
      updateCount = class java.util.concurrent.atomic.AtomicLong@7009b08c
      defaultRegion = null
    redefiner = class com.ibm.ws.classloading.internal.util.ClassRedefiner@5d60e743
      tc = class com.ibm.websphere.ras.TraceComponent@2afa5210
      LS = "
"
      inst = class jdk.proxy2.$Proxy3@203ebc63
      serialVersionUID = 2420101865139508526
    listener = class com.ibm.ws.classloading.internal.ClassLoadingServiceImpl$1@451aeba8
      this$0 = class com.ibm.ws.classloading.internal.ClassLoadingServiceImpl@7d603429
      serialVersionUID = -9159707349812113172
      $$$tc$$$ = class com.ibm.websphere.ras.TraceComponent@3ffc8028
    classloaders = class java.util.Collections$SynchronizedMap@5508aea5
      serialVersionUID = "/* Could not access serialVersionUID */"
      m = "/* Could not access m */"
      mutex = "/* Could not access mutex */"
      keySet = "/* Could not access keySet */"
      entrySet = "/* Could not access entrySet */"
      values = "/* Could not access values */"
    resourceProviders = class com.ibm.ws.classloading.internal.CompositeResourceProvider@6b6c4c29
      lockFactory = class java.util.concurrent.locks.ReentrantReadWriteLock@2cce9734
      providerMap = class com.ibm.ws.classloading.internal.util.MultiMap@1b24abd6
      serialVersionUID = -5576435894946156347
      $$$tc$$$ = class com.ibm.websphere.ras.TraceComponent@25943f81
    rememberedBundles = class java.util.concurrent.ConcurrentHashMap@490d2b5e
      serialVersionUID = "/* Could not access serialVersionUID */"
      MAXIMUM_CAPACITY = "/* Could not access MAXIMUM_CAPACITY */"
      DEFAULT_CAPACITY = "/* Could not access DEFAULT_CAPACITY */"
      MAX_ARRAY_SIZE = "/* Could not access MAX_ARRAY_SIZE */"
      DEFAULT_CONCURRENCY_LEVEL = "/* Could not access DEFAULT_CONCURRENCY_LEVEL */"
      LOAD_FACTOR = "/* Could not access LOAD_FACTOR */"
      TREEIFY_THRESHOLD = "/* Could not access TREEIFY_THRESHOLD */"
      UNTREEIFY_THRESHOLD = "/* Could not access UNTREEIFY_THRESHOLD */"
      MIN_TREEIFY_CAPACITY = "/* Could not access MIN_TREEIFY_CAPACITY */"
      MIN_TRANSFER_STRIDE = "/* Could not access MIN_TRANSFER_STRIDE */"
      RESIZE_STAMP_BITS = "/* Could not access RESIZE_STAMP_BITS */"
      MAX_RESIZERS = "/* Could not access MAX_RESIZERS */"
      RESIZE_STAMP_SHIFT = "/* Could not access RESIZE_STAMP_SHIFT */"
      MOVED = "/* Could not access MOVED */"
      TREEBIN = "/* Could not access TREEBIN */"
      RESERVED = "/* Could not access RESERVED */"
      HASH_BITS = "/* Could not access HASH_BITS */"
      NCPU = "/* Could not access NCPU */"
      serialPersistentFields = "/* Could not access serialPersistentFields */"
      table = "/* Could not access table */"
      nextTable = "/* Could not access nextTable */"
      baseCount = "/* Could not access baseCount */"
      sizeCtl = "/* Could not access sizeCtl */"
      transferIndex = "/* Could not access transferIndex */"
      cellsBusy = "/* Could not access cellsBusy */"
      counterCells = "/* Could not access counterCells */"
      keySet = "/* Could not access keySet */"
      values = "/* Could not access values */"
      entrySet = "/* Could not access entrySet */"
      U = "/* Could not access U */"
      SIZECTL = "/* Could not access SIZECTL */"
      TRANSFERINDEX = "/* Could not access TRANSFERINDEX */"
      BASECOUNT = "/* Could not access BASECOUNT */"
      CELLSBUSY = "/* Could not access CELLSBUSY */"
      CELLVALUE = "/* Could not access CELLVALUE */"
      ABASE = "/* Could not access ABASE */"
      ASHIFT = "/* Could not access ASHIFT */"
      keySet = "/* Could not access keySet */"
      values = "/* Could not access values */"
    collectedBundles = class java.lang.ref.ReferenceQueue@7a405449
      NULL = "/* Could not access NULL */"
      ENQUEUED = "/* Could not access ENQUEUED */"
      lock = "/* Could not access lock */"
      head = "/* Could not access head */"
      queueLength = "/* Could not access queueLength */"
      $assertionsDisabled = "/* Could not access $assertionsDisabled */"
    generatorRefs = class com.ibm.wsspi.kernel.service.utils.ConcurrentServiceReferenceSet@66010a30
      referenceName = "generators"
      contextRef = class java.util.concurrent.atomic.AtomicReference@2ea17cf9
      elementMap = class java.util.LinkedHashMap@45a3076f
      elementSet = class java.util.concurrent.ConcurrentSkipListSet@133f4dbc
      elementSetUnsorted = false
      serialVersionUID = 756240983881166148
      $$$tc$$$ = class com.ibm.websphere.ras.TraceComponent@642533b2
    generatorManager = class com.ibm.ws.classloading.internal.ClassGeneratorManager@51588dc
      tc = class com.ibm.websphere.ras.TraceComponent@18a598b9
      generatorRefs = class com.ibm.wsspi.kernel.service.utils.ConcurrentServiceReferenceSet@66010a30
      serialVersionUID = 4152663586056483310
    appExtLibs = class java.util.concurrent.CopyOnWriteArrayList@6895a702
      serialVersionUID = "/* Could not access serialVersionUID */"
      lock = "/* Could not access lock */"
      array = "/* Could not access array */"
    globalConfig = class com.ibm.ws.classloading.configuration.GlobalClassloadingConfiguration@78785133
      properties = class org.apache.felix.scr.impl.helper.ReadOnlyDictionary@d12a1bd
      serialVersionUID = 452562347104713756
      $$$tc$$$ = class com.ibm.websphere.ras.TraceComponent@1e4b740
    systemTransformers = class java.util.concurrent.CopyOnWriteArrayList@588fc2b9
      serialVersionUID = "/* Could not access serialVersionUID */"
      lock = "/* Could not access lock */"
      array = "/* Could not access array */"
    isBeta = false
    metaInfServicesProviders = class java.util.concurrent.ConcurrentHashMap@209537fd
      serialVersionUID = "/* Could not access serialVersionUID */"
      MAXIMUM_CAPACITY = "/* Could not access MAXIMUM_CAPACITY */"
      DEFAULT_CAPACITY = "/* Could not access DEFAULT_CAPACITY */"
      MAX_ARRAY_SIZE = "/* Could not access MAX_ARRAY_SIZE */"
      DEFAULT_CONCURRENCY_LEVEL = "/* Could not access DEFAULT_CONCURRENCY_LEVEL */"
      LOAD_FACTOR = "/* Could not access LOAD_FACTOR */"
      TREEIFY_THRESHOLD = "/* Could not access TREEIFY_THRESHOLD */"
      UNTREEIFY_THRESHOLD = "/* Could not access UNTREEIFY_THRESHOLD */"
      MIN_TREEIFY_CAPACITY = "/* Could not access MIN_TREEIFY_CAPACITY */"
      MIN_TRANSFER_STRIDE = "/* Could not access MIN_TRANSFER_STRIDE */"
      RESIZE_STAMP_BITS = "/* Could not access RESIZE_STAMP_BITS */"
      MAX_RESIZERS = "/* Could not access MAX_RESIZERS */"
      RESIZE_STAMP_SHIFT = "/* Could not access RESIZE_STAMP_SHIFT */"
      MOVED = "/* Could not access MOVED */"
      TREEBIN = "/* Could not access TREEBIN */"
      RESERVED = "/* Could not access RESERVED */"
      HASH_BITS = "/* Could not access HASH_BITS */"
      NCPU = "/* Could not access NCPU */"
      serialPersistentFields = "/* Could not access serialPersistentFields */"
      table = "/* Could not access table */"
      nextTable = "/* Could not access nextTable */"
      baseCount = "/* Could not access baseCount */"
      sizeCtl = "/* Could not access sizeCtl */"
      transferIndex = "/* Could not access transferIndex */"
      cellsBusy = "/* Could not access cellsBusy */"
      counterCells = "/* Could not access counterCells */"
      keySet = "/* Could not access keySet */"
      values = "/* Could not access values */"
      entrySet = "/* Could not access entrySet */"
      U = "/* Could not access U */"
      SIZECTL = "/* Could not access SIZECTL */"
      TRANSFERINDEX = "/* Could not access TRANSFERINDEX */"
      BASECOUNT = "/* Could not access BASECOUNT */"
      CELLSBUSY = "/* Could not access CELLSBUSY */"
      CELLVALUE = "/* Could not access CELLVALUE */"
      ABASE = "/* Could not access ABASE */"
      ASHIFT = "/* Could not access ASHIFT */"
      keySet = "/* Could not access keySet */"
      values = "/* Could not access values */"
    metaInfServicesRefs = class com.ibm.wsspi.kernel.service.utils.ConcurrentServiceReferenceMap@65fd395a
      referenceName = "MetaInfServicesProvider"
      context = class org.apache.felix.scr.impl.manager.ComponentContextImpl@2fd124d9
      elementMap = class java.util.concurrent.ConcurrentHashMap@400e7043
      serialVersionUID = 6980924785166233786
      $$$tc$$$ = class com.ibm.websphere.ras.TraceComponent@6b942ad0
    protectionDomainMap = class java.util.HashMap@5f360d1f
      serialVersionUID = "/* Could not access serialVersionUID */"
      DEFAULT_INITIAL_CAPACITY = "/* Could not access DEFAULT_INITIAL_CAPACITY */"
      MAXIMUM_CAPACITY = "/* Could not access MAXIMUM_CAPACITY */"
      DEFAULT_LOAD_FACTOR = "/* Could not access DEFAULT_LOAD_FACTOR */"
      TREEIFY_THRESHOLD = "/* Could not access TREEIFY_THRESHOLD */"
      UNTREEIFY_THRESHOLD = "/* Could not access UNTREEIFY_THRESHOLD */"
      MIN_TREEIFY_CAPACITY = "/* Could not access MIN_TREEIFY_CAPACITY */"
      table = "/* Could not access table */"
      entrySet = "/* Could not access entrySet */"
      size = "/* Could not access size */"
      modCount = "/* Could not access modCount */"
      threshold = "/* Could not access threshold */"
      loadFactor = "/* Could not access loadFactor */"
      keySet = "/* Could not access keySet */"
      values = "/* Could not access values */"
    metadataIdentifierService = class com.ibm.ws.container.service.metadata.internal.MetaDataServiceImpl@798a964a
    globalSharedLibrary = class java.util.concurrent.atomic.AtomicReference@70a96c59
      serialVersionUID = "/* Could not access serialVersionUID */"
      VALUE = "/* Could not access VALUE */"
      value = "/* Could not access value */"
    serialVersionUID = 4843536364694456982
  globalSharedLibrary = class com.ibm.ws.library.internal.SharedLibraryImpl@2b563c85
    tc = class com.ibm.websphere.ras.TraceComponent@ce6b55e
      strings[0] = "TraceComponent[com.ibm.ws.library.internal.SharedLibraryImpl,class com.ibm.ws.library.internal.SharedLibraryImpl,[SharedLibrary],com.ibm.ws.classloading.internal.resources.ClassLoadingServiceMessages,null]"
    EMPTY_LIBRARY_LISTENERS = interface com.ibm.wsspi.library.LibraryChangeListener[0]
    deleted = false
    libraryListenersTracker = class org.osgi.util.tracker.ServiceTracker@7d3cd466
      DEBUG = false
      context = class org.eclipse.osgi.internal.framework.BundleContextImpl@faf4dec
      filter = class org.eclipse.osgi.internal.framework.FilterImpl$And@36a1f936
      customizer = class org.osgi.util.tracker.ServiceTracker@7d3cd466
      listenerFilter = "(&(objectClass=com.ibm.wsspi.library.LibraryChangeListener)(|(library=global)(libraryRef=*com.ibm.ws.classloading.sharedlibrary_19*)))"
      trackClass = null
      trackReference = null
      tracked = class org.osgi.util.tracker.ServiceTracker$Tracked@2555441
      cachedReference = null
      cachedService = null
    libraryReg = class org.eclipse.osgi.internal.serviceregistry.ServiceRegistrationImpl@50d6a8b9
      registry = class org.eclipse.osgi.internal.serviceregistry.ServiceRegistry@1c9589f4
      context = class org.eclipse.osgi.internal.framework.BundleContextImpl@faf4dec
      bundle = class org.eclipse.osgi.internal.framework.EquinoxBundle@22de1c17
      clazzes = class java.lang.String[1]
      service = class com.ibm.ws.library.internal.SharedLibraryImpl@2b563c85
      reference = class org.eclipse.osgi.internal.serviceregistry.ServiceReferenceImpl@49e8c412
      contextsUsing = class java.util.ArrayList@4aa65e98
      properties = class java.util.Collections$UnmodifiableMap@7accb411
      serviceid = 406
      serviceranking = 0
      registrationLock = class java.lang.Object@2ebe4181
      state = 0
      REGISTERED = 0
      UNREGISTERING = 1
      UNREGISTERED = 2
      FRAMEWORK_SET_SERVICE_PROPERTIES_COUNT = 4
      $assertionsDisabled = true
    ctx = class org.eclipse.osgi.internal.framework.BundleContextImpl@faf4dec
    classLoadingService = class com.ibm.ws.classloading.internal.ClassLoadingServiceImpl@7d603429
    configAdmin = class com.ibm.ws.config.admin.internal.ConfigurationAdminImpl@47aa41d8
      tc = class com.ibm.websphere.ras.TraceComponent@4adb5525
      bundle = class org.eclipse.osgi.internal.framework.EquinoxBundle@22de1c17
      caFactory = class com.ibm.ws.config.admin.internal.ConfigAdminServiceFactory@cffb2cb
      serialVersionUID = -2875522750804142523
    resolvedBasePath = "/Users/iratuan/Documents/Projetos/estudos/udemy_jaxrs/target/liberty/wlp/usr/servers/defaultServer/"
    generationLock = class com.ibm.ws.library.internal.SharedLibraryImpl$1@2ade3dec
      this$0 = class com.ibm.ws.library.internal.SharedLibraryImpl@2b563c85
      serialVersionUID = 2483639803450672373
      $$$tc$$$ = class com.ibm.websphere.ras.TraceComponent@3b05ab6e
    currentGeneration = class com.ibm.ws.library.internal.LibraryGeneration@5bc6ab96
      tc = class com.ibm.websphere.ras.TraceComponent@360a009b
      nextInt = class java.util.concurrent.atomic.AtomicInteger@42ccd19a
      libraryId = "global"
      genId = 0
      libraryProps = class java.util.Hashtable@5a4b9f37
      filesetRefs = class java.util.Collections$UnmodifiableRandomAccessList@4eeb5bf
      apiTypeVisibility = class java.util.RegularEnumSet@634e7bcf
      files = class java.util.Collections$EmptyList@7f572390
      folders = class java.util.ArrayList@47aa363d
      fileAndFolderContainers = class java.util.LinkedList@411ebbd8
      filesets = class java.util.concurrent.ArrayBlockingQueue@30acad09
      filesetListenerRegs = class java.util.concurrent.ConcurrentLinkedQueue@202c38d0
      cancelled = false
      library = class com.ibm.ws.library.internal.SharedLibraryImpl@2b563c85
      serialVersionUID = 6965220007121905717
    nextGeneration = class com.ibm.ws.library.internal.LibraryGeneration@5bc6ab96
    artifactContainerFactory = class com.ibm.ws.library.internal.SharedLibraryFactory$1@40c2cb6c
      this$0 = class com.ibm.ws.library.internal.SharedLibraryFactory@52f42c29
      serialVersionUID = 7730244564205089330
      $$$tc$$$ = class com.ibm.websphere.ras.TraceComponent@43fb00f2
    packageExporter = class com.ibm.ws.library.internal.LibraryPackageExporter@55f3e62d
      EXPORTER_POSTFIX = "_library_exporter"
      REGION_EXPORT_TO_LIBERTY = "liberty.library.export.to.liberty"
      REGION_EXPORT_TO_OSGI_APPS = "liberty.library.export.to.osgi.app"
      REGION_KERNEL = "org.eclipse.equinox.region.kernel"
      counter = class java.util.concurrent.atomic.AtomicLong@54574c9e
      context = class org.eclipse.osgi.internal.framework.BundleContextImpl@faf4dec
      digraph = class org.eclipse.equinox.internal.region.StandardRegionDigraph@483f682e
      bundleToLibrary = class java.util.concurrent.ConcurrentHashMap@58791f93
      libraryToVisibility = class java.util.concurrent.ConcurrentHashMap@51167b23
      serialVersionUID = 8074378969667956573
      $$$tc$$$ = class com.ibm.websphere.ras.TraceComponent@447b9286
    serialVersionUID = 6288237618632180389
  sharedLibDeploymentInfo = class com.ibm.ws.app.manager.module.internal.DeployedAppInfoBase$SharedLibDeploymentInfo@1001c9a
    locAdmin = class com.ibm.ws.kernel.service.location.internal.WsLocationAdminImpl@3d1514b0
    artifactFactory = class com.ibm.ws.artifact.internal.ArtifactContainerFactoryService@70462277
    moduleFactory = class com.ibm.ws.adaptable.module.internal.AdaptableModuleFactoryImpl@5fac473
    classesContainerInfo = class java.util.ArrayList@36223ea6
      serialVersionUID = "/* Could not access serialVersionUID */"
      DEFAULT_CAPACITY = "/* Could not access DEFAULT_CAPACITY */"
      EMPTY_ELEMENTDATA = "/* Could not access EMPTY_ELEMENTDATA */"
      DEFAULTCAPACITY_EMPTY_ELEMENTDATA = "/* Could not access DEFAULTCAPACITY_EMPTY_ELEMENTDATA */"
      elementData = "/* Could not access elementData */"
      size = "/* Could not access size */"
      modCount = "/* Could not access modCount */"
    serialVersionUID = 5154735746662585226
    $$$tc$$$ = class com.ibm.websphere.ras.TraceComponent@1c2a295f
      strings[0] = "TraceComponent[com.ibm.ws.app.manager.module.internal.DeployedAppInfoBase$SharedLibDeploymentInfo,class com.ibm.ws.app.manager.module.internal.DeployedAppInfoBase$SharedLibDeploymentInfo,[applications, app.manager],null,null]"
  configAdmin = class com.ibm.ws.config.admin.internal.ConfigurationAdminImpl@2d33d1a1
    tc = class com.ibm.websphere.ras.TraceComponent@4adb5525
      strings[0] = "TraceComponent[com.ibm.ws.config.admin.internal.ConfigurationAdminImpl,class com.ibm.ws.config.admin.internal.ConfigurationAdminImpl,[config],com.ibm.ws.config.internal.resources.ConfigMessages,null]"
    bundle = class org.eclipse.osgi.internal.framework.EquinoxBundle@6c4e6320
      equinoxContainer = class org.eclipse.osgi.internal.framework.EquinoxContainer@3073fa64
      module = class org.eclipse.osgi.internal.framework.EquinoxBundle$EquinoxModule@761b02f
      monitor = class java.lang.Object@737e0679
      context = class org.eclipse.osgi.internal.framework.BundleContextImpl@25b16da
      signedContent = null
      $SWITCH_TABLE$org$eclipse$osgi$container$Module$State = {1,2,3,4,5,6,7} /* array length = 7 */
    caFactory = class com.ibm.ws.config.admin.internal.ConfigAdminServiceFactory@cffb2cb
      tc = class com.ibm.websphere.ras.TraceComponent@24323e53
      configurationPermission = class org.osgi.service.cm.ConfigurationPermission@72fc767b
      INDEX_DICTIONARY = 0
      INDEX_LOCATION = 1
      INDEX_METATYPE_PROCESSED = 2
      INDEX_IN_OVERRIDES_FILE = 3
      INDEX_REFERENCES = 4
      INDEX_UNIQUES = 5
      bundleContext = class org.eclipse.osgi.internal.framework.BundleContextImpl@d9437bb
      msTracker = class com.ibm.ws.config.admin.internal.ManagedServiceTracker@31241728
      msfTracker = class com.ibm.ws.config.admin.internal.ManagedServiceFactoryTracker@34fa8693
      pluginManager = class com.ibm.ws.config.admin.internal.PluginManager@94add50
      configurationStore = class com.ibm.ws.config.admin.internal.ConfigurationStore@18143dac
      updateQueue = class com.ibm.ws.config.admin.internal.UpdateQueue@998f4d1
      ced = class com.ibm.ws.config.admin.internal.ConfigEventDispatcher@69b6256f
      idMap = class java.util.Collections$SynchronizedMap@3649c554
      referenceMap = class java.util.Collections$SynchronizedMap@f09776c
      variableRegistryTracker = class org.osgi.util.tracker.ServiceTracker@41f93420
      variableRegistry = class com.ibm.ws.kernel.service.location.internal.VariableRegistryHelper@193cec2d
      configurationAdminRef = class org.eclipse.osgi.internal.serviceregistry.ServiceRegistrationImpl@5a4924b9
      serialVersionUID = 6695202270027014725
    serialVersionUID = -2875522750804142523
  libraryConfigHelper = class com.ibm.ws.classloading.ClassLoaderConfigHelper@204511ba
    tc = class com.ibm.websphere.ras.TraceComponent@f11c93a
      strings[0] = "TraceComponent[com.ibm.ws.classloading.ClassLoaderConfigHelper,class com.ibm.ws.classloading.ClassLoaderConfigHelper,[ClassLoadingService],com.ibm.ws.classloading.internal.resources.ClassLoadingServiceMessages,null]"
    DEFAULT_API_TYPES = class java.util.RegularEnumSet@3ef0e3f6
      serialVersionUID = "/* Could not access serialVersionUID */"
      elements = "/* Could not access elements */"
      serialVersionUID = "/* Could not access serialVersionUID */"
      elementType = "/* Could not access elementType */"
      universe = "/* Could not access universe */"
    sharedLibraries = class java.util.Collections$EmptyList@7f572390
      serialVersionUID = "/* Could not access serialVersionUID */"
      modCount = "/* Could not access modCount */"
    commonLibraries = class java.util.Collections$EmptyList@7f572390
    classProviders = class java.util.Collections$EmptyList@7f572390
    sharedLibrariesPids = null
    commonLibrariesPids = null
    isDelegateLast = false
    apiTypes = class java.util.RegularEnumSet@3ef0e3f6
    classLoaderConfigProps = null
    serialVersionUID = 7643888529935916418
  isDelegateLast = false
  permissionManager = class com.ibm.ws.classloading.java2sec.PermissionManager@3aedb323
    tc = class com.ibm.websphere.ras.TraceComponent@68b5d9e3
      strings[0] = "TraceComponent[com.ibm.ws.classloading.java2sec.PermissionManager,class com.ibm.ws.classloading.java2sec.PermissionManager,[Java2SecurityUtil],com.ibm.ws.classloading.internal.resources.Java2SecurityUtilMessages,null]"
    bundleContext = class org.eclipse.osgi.internal.framework.BundleContextImpl@faf4dec
    classLoadingService = class com.ibm.ws.classloading.internal.ClassLoadingServiceImpl@7d603429
    DEFAULT_SERVER_RESTRICTABLE_PERMISSIONS = class java.security.Permission[4]
      Permission[0] = class java.lang.RuntimePermission@303a3089
      Permission[1] = class java.lang.RuntimePermission@26451779
      Permission[2] = class java.security.SecurityPermission@940884
      Permission[3] = class javax.security.auth.AuthPermission@332becbd
    DEFAULT_CLIENT_RESTRICTABLE_PERMISSIONS = class java.security.Permission[3]
      Permission[0] = class java.lang.RuntimePermission@70361a75
      Permission[1] = class java.security.SecurityPermission@1f5633e9
      Permission[2] = class javax.security.auth.AuthPermission@2828ab72
    isServer = true
    wsjarUrlStreamHandlerAvailable = true
    restrictablePermissions = class java.util.ArrayList@12268f53
      serialVersionUID = "/* Could not access serialVersionUID */"
      DEFAULT_CAPACITY = "/* Could not access DEFAULT_CAPACITY */"
      EMPTY_ELEMENTDATA = "/* Could not access EMPTY_ELEMENTDATA */"
      DEFAULTCAPACITY_EMPTY_ELEMENTDATA = "/* Could not access DEFAULTCAPACITY_EMPTY_ELEMENTDATA */"
      elementData = "/* Could not access elementData */"
      size = "/* Could not access size */"
      modCount = "/* Could not access modCount */"
    javaAllCodeBasePermissions = class java.util.ArrayList@7db95c24
      serialVersionUID = "/* Could not access serialVersionUID */"
      DEFAULT_CAPACITY = "/* Could not access DEFAULT_CAPACITY */"
      EMPTY_ELEMENTDATA = "/* Could not access EMPTY_ELEMENTDATA */"
      DEFAULTCAPACITY_EMPTY_ELEMENTDATA = "/* Could not access DEFAULTCAPACITY_EMPTY_ELEMENTDATA */"
      elementData = "/* Could not access elementData */"
      size = "/* Could not access size */"
      modCount = "/* Could not access modCount */"
    expandProps = true
    grantedPermissions = class java.util.ArrayList@380a142b
      serialVersionUID = "/* Could not access serialVersionUID */"
      DEFAULT_CAPACITY = "/* Could not access DEFAULT_CAPACITY */"
      EMPTY_ELEMENTDATA = "/* Could not access EMPTY_ELEMENTDATA */"
      DEFAULTCAPACITY_EMPTY_ELEMENTDATA = "/* Could not access DEFAULTCAPACITY_EMPTY_ELEMENTDATA */"
      elementData = "/* Could not access elementData */"
      size = "/* Could not access size */"
      modCount = "/* Could not access modCount */"
    KEY_PERMISSION = "permission"
    INCORRECT_PERMISSION_CONFIGURATION = "INCORRECT_PERMISSION_CONFIGURATION"
    PERMISSION_CLASSNOTFOUND = "PERMISSION_CLASSNOTFOUND"
    SERVER_XML = "server.xml"
    CLIENT_XML = "client.xml"
    JAVA_POLICY = "java.policy"
    os_name = "Mac OS X"
    os_version = "12.3.1"
    originationFile = "server.xml"
    permissions = class com.ibm.wsspi.kernel.service.utils.ConcurrentServiceReferenceSet@33e86d3e
      referenceName = "permission"
      contextRef = class java.util.concurrent.atomic.AtomicReference@44fe37ba
      elementMap = class java.util.LinkedHashMap@6183961e
      elementSet = class java.util.concurrent.ConcurrentSkipListSet@469489
      elementSetUnsorted = false
      serialVersionUID = 756240983881166148
      $$$tc$$$ = class com.ibm.websphere.ras.TraceComponent@642533b2
    codeBasePermissionMap = class java.util.HashMap@15122007
      serialVersionUID = "/* Could not access serialVersionUID */"
      DEFAULT_INITIAL_CAPACITY = "/* Could not access DEFAULT_INITIAL_CAPACITY */"
      MAXIMUM_CAPACITY = "/* Could not access MAXIMUM_CAPACITY */"
      DEFAULT_LOAD_FACTOR = "/* Could not access DEFAULT_LOAD_FACTOR */"
      TREEIFY_THRESHOLD = "/* Could not access TREEIFY_THRESHOLD */"
      UNTREEIFY_THRESHOLD = "/* Could not access UNTREEIFY_THRESHOLD */"
      MIN_TREEIFY_CAPACITY = "/* Could not access MIN_TREEIFY_CAPACITY */"
      table = "/* Could not access table */"
      entrySet = "/* Could not access entrySet */"
      size = "/* Could not access size */"
      modCount = "/* Could not access modCount */"
      threshold = "/* Could not access threshold */"
      loadFactor = "/* Could not access loadFactor */"
      keySet = "/* Could not access keySet */"
      values = "/* Could not access values */"
    permissionXMLPermissionMap = class java.util.HashMap@227d16fd
      serialVersionUID = "/* Could not access serialVersionUID */"
      DEFAULT_INITIAL_CAPACITY = "/* Could not access DEFAULT_INITIAL_CAPACITY */"
      MAXIMUM_CAPACITY = "/* Could not access MAXIMUM_CAPACITY */"
      DEFAULT_LOAD_FACTOR = "/* Could not access DEFAULT_LOAD_FACTOR */"
      TREEIFY_THRESHOLD = "/* Could not access TREEIFY_THRESHOLD */"
      UNTREEIFY_THRESHOLD = "/* Could not access UNTREEIFY_THRESHOLD */"
      MIN_TREEIFY_CAPACITY = "/* Could not access MIN_TREEIFY_CAPACITY */"
      table = "/* Could not access table */"
      entrySet = "/* Could not access entrySet */"
      size = "/* Could not access size */"
      modCount = "/* Could not access modCount */"
      threshold = "/* Could not access threshold */"
      loadFactor = "/* Could not access loadFactor */"
      keySet = "/* Could not access keySet */"
      values = "/* Could not access values */"
    serialVersionUID = 8583289148510585888
  permissionsConfig = null
  serialVersionUID = 1131686356392279747
  appInfo = class com.ibm.ws.container.service.app.deploy.internal.ApplicationInfoImpl@36a8d127
    appName = "restapi"
    appMetaData = class com.ibm.ws.container.service.app.deploy.internal.ApplicationMetaDataImpl@6804286a
      j2eeName = class com.ibm.ws.container.service.metadata.internal.J2EENameImpl@1296cb76
      serialVersionUID = -7906531148367236579
      $$$tc$$$ = class com.ibm.websphere.ras.TraceComponent@4170faf7
      tc = class com.ibm.websphere.ras.TraceComponent@43040622
      NUM_STATIC_SLOTS = 4
      ID_UNINITIALIZED = -1
      id = 8
      metaDataInterface = class java.lang.Class@7ec54318
      staticSlots = class java.lang.Object[4]
      dynamicSlots = class java.lang.Object[4]
    appContainer = class com.ibm.ws.adaptable.module.internal.AdaptableContainerImpl@3306d155
      root = class com.ibm.ws.adaptable.module.internal.AdaptableContainerImpl@3306d155
      rootOverlay = class com.ibm.ws.artifact.overlay.internal.DirectoryBasedOverlayContainerImpl@614dc077
      factoryHolder = class com.ibm.ws.adaptable.module.internal.AdaptableModuleFactoryImpl@5fac473
      delegate = class com.ibm.ws.artifact.overlay.internal.DirectoryBasedOverlayContainerImpl@614dc077
      notifier = class com.ibm.ws.adaptable.module.internal.NotifierImpl@728af857
      serialVersionUID = -5950528200509051684
      $$$tc$$$ = class com.ibm.websphere.ras.TraceComponent@4279d75c
    configHelper = class com.ibm.ws.app.manager.module.ApplicationNestedConfigHelper@493e9431
      appInfo = class com.ibm.ws.app.manager.internal.ApplicationInstallInfo@60998733
      serialVersionUID = -3174031738676705046
      $$$tc$$$ = class com.ibm.websphere.ras.TraceComponent@1259f941
    applicationInformation = class com.ibm.ws.app.manager.internal.ApplicationInstallInfo@60998733
    serialVersionUID = 5227817860647895780
    $$$tc$$$ = class com.ibm.websphere.ras.TraceComponent@37c195d4
      strings[0] = "TraceComponent[com.ibm.ws.container.service.app.deploy.internal.ApplicationInfoImpl,class com.ibm.ws.container.service.app.deploy.internal.ApplicationInfoImpl,[container.service],com.ibm.ws.container.service.resources.Messages,null]"
  appInfoRegistration = null
  modulesDeployed = class java.util.ArrayList@3b089c28
    serialVersionUID = "/* Could not access serialVersionUID */"
    DEFAULT_CAPACITY = "/* Could not access DEFAULT_CAPACITY */"
    EMPTY_ELEMENTDATA = "/* Could not access EMPTY_ELEMENTDATA */"
    DEFAULTCAPACITY_EMPTY_ELEMENTDATA = "/* Could not access DEFAULTCAPACITY_EMPTY_ELEMENTDATA */"
    elementData = "/* Could not access elementData */"
    size = "/* Could not access size */"
    modCount = "/* Could not access modCount */"
  starting = true
  started = false
  deployedAppServices = class com.ibm.ws.app.manager.module.internal.DeployedAppServicesImpl@47db4e30
    SERVER_APPS_DIR = "${server.output.dir}/apps/"
    EXPANDED_APPS_DIR = "${server.output.dir}/apps/expanded/"
    bundleContext = class org.eclipse.osgi.internal.framework.BundleContextImpl@25b16da
      valid = true
      bundle = class org.eclipse.osgi.internal.framework.EquinoxBundle@6c4e6320
      container = class org.eclipse.osgi.internal.framework.EquinoxContainer@3073fa64
      debug = class org.eclipse.osgi.internal.debug.Debug@39513d79
      servicesInUse = class java.util.HashMap@75984a23
      activator = null
      contextLock = class java.lang.Object@348b5ef1
    applicationInfoFactory = class com.ibm.ws.container.service.app.deploy.internal.ApplicationInfoFactoryImpl@805fc31
    futureMonitor = class com.ibm.ws.threading.internal.FutureMonitorImpl@360531e3
    classLoadingService = class com.ibm.ws.classloading.internal.ClassLoadingServiceImpl@7d603429
    globalSharedLibrary = class com.ibm.ws.library.internal.SharedLibraryImpl@2b563c85
    globalSharedLibraryPid = "com.ibm.ws.classloading.sharedlibrary_19"
    configAdmin = class com.ibm.ws.config.admin.internal.ConfigurationAdminImpl@2d33d1a1
    metaDataService = class com.ibm.ws.container.service.metadata.internal.MetaDataServiceImpl@798a964a
    stateChangeService = class com.ibm.ws.container.service.state.internal.StateChangeServiceImpl@c5e44a
    allModuleTypes = class java.lang.String[4]
      String[0] = "ejb"
      String[1] = "web"
      String[2] = "client"
      String[3] = "connector"
    moduleMetaDataExtenders = class java.util.concurrent.ConcurrentHashMap@24b63280
      serialVersionUID = "/* Could not access serialVersionUID */"
      MAXIMUM_CAPACITY = "/* Could not access MAXIMUM_CAPACITY */"
      DEFAULT_CAPACITY = "/* Could not access DEFAULT_CAPACITY */"
      MAX_ARRAY_SIZE = "/* Could not access MAX_ARRAY_SIZE */"
      DEFAULT_CONCURRENCY_LEVEL = "/* Could not access DEFAULT_CONCURRENCY_LEVEL */"
      LOAD_FACTOR = "/* Could not access LOAD_FACTOR */"
      TREEIFY_THRESHOLD = "/* Could not access TREEIFY_THRESHOLD */"
      UNTREEIFY_THRESHOLD = "/* Could not access UNTREEIFY_THRESHOLD */"
      MIN_TREEIFY_CAPACITY = "/* Could not access MIN_TREEIFY_CAPACITY */"
      MIN_TRANSFER_STRIDE = "/* Could not access MIN_TRANSFER_STRIDE */"
      RESIZE_STAMP_BITS = "/* Could not access RESIZE_STAMP_BITS */"
      MAX_RESIZERS = "/* Could not access MAX_RESIZERS */"
      RESIZE_STAMP_SHIFT = "/* Could not access RESIZE_STAMP_SHIFT */"
      MOVED = "/* Could not access MOVED */"
      TREEBIN = "/* Could not access TREEBIN */"
      RESERVED = "/* Could not access RESERVED */"
      HASH_BITS = "/* Could not access HASH_BITS */"
      NCPU = "/* Could not access NCPU */"
      serialPersistentFields = "/* Could not access serialPersistentFields */"
      table = "/* Could not access table */"
      nextTable = "/* Could not access nextTable */"
      baseCount = "/* Could not access baseCount */"
      sizeCtl = "/* Could not access sizeCtl */"
      transferIndex = "/* Could not access transferIndex */"
      cellsBusy = "/* Could not access cellsBusy */"
      counterCells = "/* Could not access counterCells */"
      keySet = "/* Could not access keySet */"
      values = "/* Could not access values */"
      entrySet = "/* Could not access entrySet */"
      U = "/* Could not access U */"
      SIZECTL = "/* Could not access SIZECTL */"
      TRANSFERINDEX = "/* Could not access TRANSFERINDEX */"
      BASECOUNT = "/* Could not access BASECOUNT */"
      CELLSBUSY = "/* Could not access CELLSBUSY */"
      CELLVALUE = "/* Could not access CELLVALUE */"
      ABASE = "/* Could not access ABASE */"
      ASHIFT = "/* Could not access ASHIFT */"
      keySet = "/* Could not access keySet */"
      values = "/* Could not access values */"
    nestedModuleMetaDataFactories = class java.util.concurrent.ConcurrentHashMap@2ef82102
      serialVersionUID = "/* Could not access serialVersionUID */"
      MAXIMUM_CAPACITY = "/* Could not access MAXIMUM_CAPACITY */"
      DEFAULT_CAPACITY = "/* Could not access DEFAULT_CAPACITY */"
      MAX_ARRAY_SIZE = "/* Could not access MAX_ARRAY_SIZE */"
      DEFAULT_CONCURRENCY_LEVEL = "/* Could not access DEFAULT_CONCURRENCY_LEVEL */"
      LOAD_FACTOR = "/* Could not access LOAD_FACTOR */"
      TREEIFY_THRESHOLD = "/* Could not access TREEIFY_THRESHOLD */"
      UNTREEIFY_THRESHOLD = "/* Could not access UNTREEIFY_THRESHOLD */"
      MIN_TREEIFY_CAPACITY = "/* Could not access MIN_TREEIFY_CAPACITY */"
      MIN_TRANSFER_STRIDE = "/* Could not access MIN_TRANSFER_STRIDE */"
      RESIZE_STAMP_BITS = "/* Could not access RESIZE_STAMP_BITS */"
      MAX_RESIZERS = "/* Could not access MAX_RESIZERS */"
      RESIZE_STAMP_SHIFT = "/* Could not access RESIZE_STAMP_SHIFT */"
      MOVED = "/* Could not access MOVED */"
      TREEBIN = "/* Could not access TREEBIN */"
      RESERVED = "/* Could not access RESERVED */"
      HASH_BITS = "/* Could not access HASH_BITS */"
      NCPU = "/* Could not access NCPU */"
      serialPersistentFields = "/* Could not access serialPersistentFields */"
      table = "/* Could not access table */"
      nextTable = "/* Could not access nextTable */"
      baseCount = "/* Could not access baseCount */"
      sizeCtl = "/* Could not access sizeCtl */"
      transferIndex = "/* Could not access transferIndex */"
      cellsBusy = "/* Could not access cellsBusy */"
      counterCells = "/* Could not access counterCells */"
      keySet = "/* Could not access keySet */"
      values = "/* Could not access values */"
      entrySet = "/* Could not access entrySet */"
      U = "/* Could not access U */"
      SIZECTL = "/* Could not access SIZECTL */"
      TRANSFERINDEX = "/* Could not access TRANSFERINDEX */"
      BASECOUNT = "/* Could not access BASECOUNT */"
      CELLSBUSY = "/* Could not access CELLSBUSY */"
      CELLVALUE = "/* Could not access CELLVALUE */"
      ABASE = "/* Could not access ABASE */"
      ASHIFT = "/* Could not access ASHIFT */"
      keySet = "/* Could not access keySet */"
      values = "/* Could not access values */"
    permissionManager = class com.ibm.ws.classloading.java2sec.PermissionManager@3aedb323
    locAdmin = class com.ibm.ws.kernel.service.location.internal.WsLocationAdminImpl@3d1514b0
      tc = class com.ibm.websphere.ras.TraceComponent@a83c8e0
      LOC_INTERNAL_LIB_DIR = "wlp.lib.dir"
      LOC_INTERNAL_WORKAREA_DIR = "wlp.workarea.dir"
      LOC_AREA_NAME_APPS = "shared/apps/"
      LOC_AREA_NAME_CONFIG = "shared/config/"
      LOC_AREA_NAME_RESC = "shared/resources/"
      LOC_AREA_NAME_STATE = "logs/state/"
      LOC_AREA_NAME_SERVERS = "servers/"
      LOC_AREA_NAME_CLIENTS = "clients/"
      LOC_AREA_NAME_WORKING = "workarea/"
      LOC_AREA_NAME_LOGS = "logs/"
      LOC_AREA_NAME_EXTENSION = "extension/"
      instance = class com.ibm.ws.kernel.service.location.internal.WsLocationAdminImpl@3d1514b0
      installRoot = class com.ibm.ws.kernel.service.location.internal.SymbolicRootResource@33fbdfc7
      installParentRoot = class com.ibm.ws.kernel.service.location.internal.SymbolicRootResource@56945d69
      userRoot = class com.ibm.ws.kernel.service.location.internal.SymbolicRootResource@74404827
      usrExtensionRoot = class com.ibm.ws.kernel.service.location.internal.SymbolicRootResource@1596886a
      serverConfigDir = class com.ibm.ws.kernel.service.location.internal.SymbolicRootResource@787e68f8
      serverOutputDir = class com.ibm.ws.kernel.service.location.internal.SymbolicRootResource@787e68f8
      bootstrapLib = class com.ibm.ws.kernel.service.location.internal.LocalFileResource@c751d8b
      serverWorkarea = class com.ibm.ws.kernel.service.location.internal.LocalFileResource@7a027d52
      serverState = class com.ibm.ws.kernel.service.location.internal.LocalFileResource@5b766fa0
      sharedAppsRoot = class com.ibm.ws.kernel.service.location.internal.SymbolicRootResource@5044f59e
      sharedConfigRoot = class com.ibm.ws.kernel.service.location.internal.SymbolicRootResource@74f92358
      sharedResourceRoot = class com.ibm.ws.kernel.service.location.internal.SymbolicRootResource@1df82878
      tmpRoot = class com.ibm.ws.kernel.service.location.internal.SymbolicRootResource@751b5f08
      serverName = "defaultServer"
      resourcePaths = class java.util.ArrayList@284bc30
      resourceGroups = class java.util.HashMap@3fdabcdb
      commonRoot = class com.ibm.ws.kernel.service.location.internal.VirtualRootResource@633df8b0
      serverCfgDirStr = "/Users/iratuan/Documents/Projetos/estudos/udemy_jaxrs/target/liberty/wlp/usr/servers/defaultServer/"
      variableSourceDirs = "/Users/iratuan/Documents/Projetos/estudos/udemy_jaxrs/target/liberty/wlp/usr/servers/defaultServer/variables/"
      serialVersionUID = 7963438175177362522
    artifactFactory = class com.ibm.ws.artifact.internal.ArtifactContainerFactoryService@70462277
      CATEGORY_PROP_NAME = "category"
      ENTRY_KEY = "com.ibm.wsspi.artifact.ArtifactEntry"
      helperMap = class com.ibm.wsspi.kernel.service.utils.ConcurrentServiceReferenceSetMap@3945ee45
      contributorMap = class com.ibm.wsspi.kernel.service.utils.ConcurrentServiceReferenceSetMap@1a64db63
      helperCategoryMap = class com.ibm.wsspi.kernel.service.utils.ConcurrentServiceReferenceSetMap@6eca0e11
      contributorCategoryMap = class com.ibm.wsspi.kernel.service.utils.ConcurrentServiceReferenceSetMap@335524be
      categories = class java.util.Collections$SynchronizedSet@25f4d357
      baseProperties = class org.apache.felix.scr.impl.helper.ReadOnlyDictionary@19f7bb49
      registration = class com.ibm.ws.kernel.service.util.ServiceRegistrationModifier@27f384e0
      serialVersionUID = 6566424214406946230
      $$$tc$$$ = class com.ibm.websphere.ras.TraceComponent@54d14e1a
    moduleFactory = class com.ibm.ws.adaptable.module.internal.AdaptableModuleFactoryImpl@5fac473
      adapterFactoryService = class com.ibm.ws.adaptable.module.internal.AdapterFactoryServiceImpl@7aa0c8c6
      containerFactory = class com.ibm.ws.artifact.internal.ArtifactContainerFactoryService@70462277
      overlayContainerFactory = class com.ibm.ws.artifact.overlay.internal.OverlayContainerFactoryImpl@747002fd
      serialVersionUID = 4200251809856292987
      $$$tc$$$ = class com.ibm.websphere.ras.TraceComponent@6efd6678
    serialVersionUID = 8537801607979767986
    $$$tc$$$ = class com.ibm.websphere.ras.TraceComponent@24b2f390
      strings[0] = "TraceComponent[com.ibm.ws.app.manager.module.internal.DeployedAppServicesImpl,class com.ibm.ws.app.manager.module.internal.DeployedAppServicesImpl,[applications, app.manager],null,null]"
  futureMonitor = class com.ibm.ws.threading.internal.FutureMonitorImpl@360531e3
    _monitor = class java.util.concurrent.ConcurrentLinkedQueue@7cab8639
      serialVersionUID = "/* Could not access serialVersionUID */"
      head = "/* Could not access head */"
      tail = "/* Could not access tail */"
      MAX_HOPS = "/* Could not access MAX_HOPS */"
      HEAD = "/* Could not access HEAD */"
      TAIL = "/* Could not access TAIL */"
      ITEM = "/* Could not access ITEM */"
      NEXT = "/* Could not access NEXT */"
    _executor = class com.ibm.ws.threading.internal.ScheduledExecutorImpl@db1aebe
      threadGroupName = "Scheduled Executor Thread Group"
      executor = class com.ibm.ws.threading.internal.ExecutorServiceImpl@5c2a2793
      serialVersionUID = -9110693807503469597
      $$$tc$$$ = class com.ibm.websphere.ras.TraceComponent@2258415d
      continueExistingPeriodicTasksAfterShutdown = "/* Could not access continueExistingPeriodicTasksAfterShutdown */"
      executeExistingDelayedTasksAfterShutdown = "/* Could not access executeExistingDelayedTasksAfterShutdown */"
      removeOnCancel = "/* Could not access removeOnCancel */"
      sequencer = "/* Could not access sequencer */"
      DEFAULT_KEEPALIVE_MILLIS = "/* Could not access DEFAULT_KEEPALIVE_MILLIS */"
      ctl = "/* Could not access ctl */"
      COUNT_BITS = "/* Could not access COUNT_BITS */"
      COUNT_MASK = "/* Could not access COUNT_MASK */"
      RUNNING = "/* Could not access RUNNING */"
      SHUTDOWN = "/* Could not access SHUTDOWN */"
      STOP = "/* Could not access STOP */"
      TIDYING = "/* Could not access TIDYING */"
      TERMINATED = "/* Could not access TERMINATED */"
      workQueue = "/* Could not access workQueue */"
      mainLock = "/* Could not access mainLock */"
      workers = "/* Could not access workers */"
      termination = "/* Could not access termination */"
      largestPoolSize = "/* Could not access largestPoolSize */"
      completedTaskCount = "/* Could not access completedTaskCount */"
      threadFactory = "/* Could not access threadFactory */"
      handler = "/* Could not access handler */"
      keepAliveTime = "/* Could not access keepAliveTime */"
      allowCoreThreadTimeOut = "/* Could not access allowCoreThreadTimeOut */"
      corePoolSize = "/* Could not access corePoolSize */"
      maximumPoolSize = "/* Could not access maximumPoolSize */"
      defaultHandler = "/* Could not access defaultHandler */"
      shutdownPerm = "/* Could not access shutdownPerm */"
      ONLY_ONE = "/* Could not access ONLY_ONE */"
      $assertionsDisabled = "/* Could not access $assertionsDisabled */"
    _threadRunning = class java.util.concurrent.atomic.AtomicBoolean@691cab12
      serialVersionUID = "/* Could not access serialVersionUID */"
      VALUE = "/* Could not access VALUE */"
      value = "/* Could not access value */"
    _thread = class com.ibm.ws.threading.internal.FutureMonitorImpl$1@2aba361e
      this$0 = class com.ibm.ws.threading.internal.FutureMonitorImpl@360531e3
      serialVersionUID = 2422512430832938099
      $$$tc$$$ = class com.ibm.websphere.ras.TraceComponent@1e97d42f
    serialVersionUID = 2765238413969174390
    $$$tc$$$ = class com.ibm.websphere.ras.TraceComponent@26a4a39b
      strings[0] = "TraceComponent[com.ibm.ws.threading.internal.FutureMonitorImpl,class com.ibm.ws.threading.internal.FutureMonitorImpl,[Threading],com.ibm.ws.threading.internal.resources.ThreadingMessages,null]"
  appInfoFactory = class com.ibm.ws.container.service.app.deploy.internal.ApplicationInfoFactoryImpl@805fc31
    j2eeNameFactory = class com.ibm.wsspi.kernel.service.utils.AtomicServiceReference@e999022
      referenceName = "j2eeNameFactory"
      tuple = class java.util.concurrent.atomic.AtomicReference@5c0407d1
      serialVersionUID = 2226592364007985000
      $$$tc$$$ = class com.ibm.websphere.ras.TraceComponent@fb09f1c
    names = class java.util.HashSet@60ed007c
      serialVersionUID = "/* Could not access serialVersionUID */"
      map = "/* Could not access map */"
      PRESENT = "/* Could not access PRESENT */"
    serialVersionUID = 6232436640731165768
    $$$tc$$$ = class com.ibm.websphere.ras.TraceComponent@86bace5
      strings[0] = "TraceComponent[com.ibm.ws.container.service.app.deploy.internal.ApplicationInfoFactoryImpl,class com.ibm.ws.container.service.app.deploy.internal.ApplicationInfoFactoryImpl,[container.service],com.ibm.ws.container.service.resources.Messages,null]"
  metaDataService = class com.ibm.ws.container.service.metadata.internal.MetaDataServiceImpl@798a964a
    applicationMetaDataManager = class com.ibm.ws.container.service.metadata.internal.ApplicationMetaDataManager@207bd381
      serialVersionUID = 1843747281024490904
      $$$tc$$$ = class com.ibm.websphere.ras.TraceComponent@60abc809
      listeners = class com.ibm.wsspi.kernel.service.utils.ConcurrentServiceReferenceSet@3c76bb15
      metaDataIDs = class com.ibm.ws.container.service.metadata.internal.IndexList@5d1bae96
      metaDatas = class java.util.ArrayList@5d19664d
      slotIDs = class com.ibm.ws.container.service.metadata.internal.IndexList@48bd4c73
      serialVersionUID = 5464421863354792977
      $$$tc$$$ = class com.ibm.websphere.ras.TraceComponent@1156c155
    moduleMetaDataManager = class com.ibm.ws.container.service.metadata.internal.ModuleMetaDataManager@462584af
      serialVersionUID = 2513574389899327209
      $$$tc$$$ = class com.ibm.websphere.ras.TraceComponent@7420a1ca
      listeners = class com.ibm.wsspi.kernel.service.utils.ConcurrentServiceReferenceSet@69f5b50
      metaDataIDs = class com.ibm.ws.container.service.metadata.internal.IndexList@28f8f911
      metaDatas = class java.util.ArrayList@4566b447
      slotIDs = class com.ibm.ws.container.service.metadata.internal.IndexList@53e8a02f
      serialVersionUID = 5464421863354792977
      $$$tc$$$ = class com.ibm.websphere.ras.TraceComponent@1156c155
    componentMetaDataManager = class com.ibm.ws.container.service.metadata.internal.ComponentMetaDataManager@6e5b4e2d
      serialVersionUID = 8629793739641703882
      $$$tc$$$ = class com.ibm.websphere.ras.TraceComponent@611de94f
      listeners = class com.ibm.wsspi.kernel.service.utils.ConcurrentServiceReferenceSet@21f9c810
      metaDataIDs = class com.ibm.ws.container.service.metadata.internal.IndexList@59530029
      metaDatas = class java.util.ArrayList@46204b2e
      slotIDs = class com.ibm.ws.container.service.metadata.internal.IndexList@1acea822
      serialVersionUID = 5464421863354792977
      $$$tc$$$ = class com.ibm.websphere.ras.TraceComponent@1156c155
    methodMetaDataManager = class com.ibm.ws.container.service.metadata.internal.MethodMetaDataManager@7df73536
      serialVersionUID = -8002489041502300640
      $$$tc$$$ = class com.ibm.websphere.ras.TraceComponent@392f573
      listeners = class com.ibm.wsspi.kernel.service.utils.ConcurrentServiceReferenceSet@7c74f4fd
      metaDataIDs = class com.ibm.ws.container.service.metadata.internal.IndexList@1056a1ca
      metaDatas = class java.util.ArrayList@6330428d
      slotIDs = class com.ibm.ws.container.service.metadata.internal.IndexList@1f76fbb5
      serialVersionUID = 5464421863354792977
      $$$tc$$$ = class com.ibm.websphere.ras.TraceComponent@1156c155
    appModuleNameToModuleContainer = class java.util.concurrent.ConcurrentHashMap@36e16d2
      serialVersionUID = "/* Could not access serialVersionUID */"
      MAXIMUM_CAPACITY = "/* Could not access MAXIMUM_CAPACITY */"
      DEFAULT_CAPACITY = "/* Could not access DEFAULT_CAPACITY */"
      MAX_ARRAY_SIZE = "/* Could not access MAX_ARRAY_SIZE */"
      DEFAULT_CONCURRENCY_LEVEL = "/* Could not access DEFAULT_CONCURRENCY_LEVEL */"
      LOAD_FACTOR = "/* Could not access LOAD_FACTOR */"
      TREEIFY_THRESHOLD = "/* Could not access TREEIFY_THRESHOLD */"
      UNTREEIFY_THRESHOLD = "/* Could not access UNTREEIFY_THRESHOLD */"
      MIN_TREEIFY_CAPACITY = "/* Could not access MIN_TREEIFY_CAPACITY */"
      MIN_TRANSFER_STRIDE = "/* Could not access MIN_TRANSFER_STRIDE */"
      RESIZE_STAMP_BITS = "/* Could not access RESIZE_STAMP_BITS */"
      MAX_RESIZERS = "/* Could not access MAX_RESIZERS */"
      RESIZE_STAMP_SHIFT = "/* Could not access RESIZE_STAMP_SHIFT */"
      MOVED = "/* Could not access MOVED */"
      TREEBIN = "/* Could not access TREEBIN */"
      RESERVED = "/* Could not access RESERVED */"
      HASH_BITS = "/* Could not access HASH_BITS */"
      NCPU = "/* Could not access NCPU */"
      serialPersistentFields = "/* Could not access serialPersistentFields */"
      table = "/* Could not access table */"
      nextTable = "/* Could not access nextTable */"
      baseCount = "/* Could not access baseCount */"
      sizeCtl = "/* Could not access sizeCtl */"
      transferIndex = "/* Could not access transferIndex */"
      cellsBusy = "/* Could not access cellsBusy */"
      counterCells = "/* Could not access counterCells */"
      keySet = "/* Could not access keySet */"
      values = "/* Could not access values */"
      entrySet = "/* Could not access entrySet */"
      U = "/* Could not access U */"
      SIZECTL = "/* Could not access SIZECTL */"
      TRANSFERINDEX = "/* Could not access TRANSFERINDEX */"
      BASECOUNT = "/* Could not access BASECOUNT */"
      CELLSBUSY = "/* Could not access CELLSBUSY */"
      CELLVALUE = "/* Could not access CELLVALUE */"
      ABASE = "/* Could not access ABASE */"
      ASHIFT = "/* Could not access ASHIFT */"
      keySet = "/* Could not access keySet */"
      values = "/* Could not access values */"
    jeeNameToComponentMetaData = class java.util.concurrent.ConcurrentHashMap@6904faec
      serialVersionUID = "/* Could not access serialVersionUID */"
      MAXIMUM_CAPACITY = "/* Could not access MAXIMUM_CAPACITY */"
      DEFAULT_CAPACITY = "/* Could not access DEFAULT_CAPACITY */"
      MAX_ARRAY_SIZE = "/* Could not access MAX_ARRAY_SIZE */"
      DEFAULT_CONCURRENCY_LEVEL = "/* Could not access DEFAULT_CONCURRENCY_LEVEL */"
      LOAD_FACTOR = "/* Could not access LOAD_FACTOR */"
      TREEIFY_THRESHOLD = "/* Could not access TREEIFY_THRESHOLD */"
      UNTREEIFY_THRESHOLD = "/* Could not access UNTREEIFY_THRESHOLD */"
      MIN_TREEIFY_CAPACITY = "/* Could not access MIN_TREEIFY_CAPACITY */"
      MIN_TRANSFER_STRIDE = "/* Could not access MIN_TRANSFER_STRIDE */"
      RESIZE_STAMP_BITS = "/* Could not access RESIZE_STAMP_BITS */"
      MAX_RESIZERS = "/* Could not access MAX_RESIZERS */"
      RESIZE_STAMP_SHIFT = "/* Could not access RESIZE_STAMP_SHIFT */"
      MOVED = "/* Could not access MOVED */"
      TREEBIN = "/* Could not access TREEBIN */"
      RESERVED = "/* Could not access RESERVED */"
      HASH_BITS = "/* Could not access HASH_BITS */"
      NCPU = "/* Could not access NCPU */"
      serialPersistentFields = "/* Could not access serialPersistentFields */"
      table = "/* Could not access table */"
      nextTable = "/* Could not access nextTable */"
      baseCount = "/* Could not access baseCount */"
      sizeCtl = "/* Could not access sizeCtl */"
      transferIndex = "/* Could not access transferIndex */"
      cellsBusy = "/* Could not access cellsBusy */"
      counterCells = "/* Could not access counterCells */"
      keySet = "/* Could not access keySet */"
      values = "/* Could not access values */"
      entrySet = "/* Could not access entrySet */"
      U = "/* Could not access U */"
      SIZECTL = "/* Could not access SIZECTL */"
      TRANSFERINDEX = "/* Could not access TRANSFERINDEX */"
      BASECOUNT = "/* Could not access BASECOUNT */"
      CELLSBUSY = "/* Could not access CELLSBUSY */"
      CELLVALUE = "/* Could not access CELLVALUE */"
      ABASE = "/* Could not access ABASE */"
      ASHIFT = "/* Could not access ASHIFT */"
      keySet = "/* Could not access keySet */"
      values = "/* Could not access values */"
    deferredMetaDataFactories = class com.ibm.wsspi.kernel.service.utils.ConcurrentServiceReferenceSet@5d9aebc7
      referenceName = "deferredMetaDataFactory"
      contextRef = class java.util.concurrent.atomic.AtomicReference@57c465e7
      elementMap = class java.util.LinkedHashMap@166f2d77
      elementSet = class java.util.concurrent.ConcurrentSkipListSet@2fbe1ec5
      elementSetUnsorted = false
      serialVersionUID = 756240983881166148
      $$$tc$$$ = class com.ibm.websphere.ras.TraceComponent@642533b2
    deferredMetaDataInitializers = class com.ibm.wsspi.kernel.service.utils.ConcurrentServiceReferenceMap@19803bc7
      referenceName = "deferredMetaDataFactory"
      context = class org.apache.felix.scr.impl.manager.ComponentContextImpl@2d0138ca
      elementMap = class java.util.concurrent.ConcurrentHashMap@5322e4c3
      serialVersionUID = 6980924785166233786
      $$$tc$$$ = class com.ibm.websphere.ras.TraceComponent@6b942ad0
    serialVersionUID = -2494605732980966097
    $$$tc$$$ = class com.ibm.websphere.ras.TraceComponent@69f30ff1
      strings[0] = "TraceComponent[com.ibm.ws.container.service.metadata.internal.MetaDataServiceImpl,class com.ibm.ws.container.service.metadata.internal.MetaDataServiceImpl,[Runtime],null,null]"
  stateChangeService = class com.ibm.ws.container.service.state.internal.StateChangeServiceImpl@c5e44a
    applicationStateManager = class com.ibm.ws.container.service.state.internal.ApplicationStateManager@110f0b82
      serialVersionUID = -6685368059484454124
      $$$tc$$$ = class com.ibm.websphere.ras.TraceComponent@56df531c
      listeners = class com.ibm.wsspi.kernel.service.utils.ConcurrentServiceReferenceSet@72c04cb1
      serialVersionUID = 2284273176985484160
      $$$tc$$$ = class com.ibm.websphere.ras.TraceComponent@7afbb4bb
    moduleStateManager = class com.ibm.ws.container.service.state.internal.ModuleStateManager@4a3ee5d5
      serialVersionUID = -5540260902341249963
      $$$tc$$$ = class com.ibm.websphere.ras.TraceComponent@25f2e5d5
      listeners = class com.ibm.wsspi.kernel.service.utils.ConcurrentServiceReferenceSet@74b5a650
      serialVersionUID = 2284273176985484160
      $$$tc$$$ = class com.ibm.websphere.ras.TraceComponent@7afbb4bb
    serialVersionUID = -537917915330350560
    $$$tc$$$ = class com.ibm.websphere.ras.TraceComponent@6debd4f7
      strings[0] = "TraceComponent[com.ibm.ws.container.service.state.internal.StateChangeServiceImpl,class com.ibm.ws.container.service.state.internal.StateChangeServiceImpl,[Runtime],null,null]"
  moduleClassesInfo = class com.ibm.ws.app.manager.module.internal.SimpleDeployedAppInfoBase$ModuleClassesInfoProvider@57e62bda
    entryContainerInfosMap = class java.util.HashMap@7caa74c1
      serialVersionUID = "/* Could not access serialVersionUID */"
      DEFAULT_INITIAL_CAPACITY = "/* Could not access DEFAULT_INITIAL_CAPACITY */"
      MAXIMUM_CAPACITY = "/* Could not access MAXIMUM_CAPACITY */"
      DEFAULT_LOAD_FACTOR = "/* Could not access DEFAULT_LOAD_FACTOR */"
      TREEIFY_THRESHOLD = "/* Could not access TREEIFY_THRESHOLD */"
      UNTREEIFY_THRESHOLD = "/* Could not access UNTREEIFY_THRESHOLD */"
      MIN_TREEIFY_CAPACITY = "/* Could not access MIN_TREEIFY_CAPACITY */"
      table = "/* Could not access table */"
      entrySet = "/* Could not access entrySet */"
      size = "/* Could not access size */"
      modCount = "/* Could not access modCount */"
      threshold = "/* Could not access threshold */"
      loadFactor = "/* Could not access loadFactor */"
      keySet = "/* Could not access keySet */"
      values = "/* Could not access values */"
    serialVersionUID = -70332790531324534
    $$$tc$$$ = class com.ibm.websphere.ras.TraceComponent@72a48052
      strings[0] = "TraceComponent[com.ibm.ws.app.manager.module.internal.SimpleDeployedAppInfoBase$ModuleClassesInfoProvider,class com.ibm.ws.app.manager.module.internal.SimpleDeployedAppInfoBase$ModuleClassesInfoProvider,[applications, app.manager],null,null]"
  moduleContainerInfos = class java.util.ArrayList@287004d2
    serialVersionUID = "/* Could not access serialVersionUID */"
    DEFAULT_CAPACITY = "/* Could not access DEFAULT_CAPACITY */"
    EMPTY_ELEMENTDATA = "/* Could not access EMPTY_ELEMENTDATA */"
    DEFAULTCAPACITY_EMPTY_ELEMENTDATA = "/* Could not access DEFAULTCAPACITY_EMPTY_ELEMENTDATA */"
    elementData = "/* Could not access elementData */"
    size = "/* Could not access size */"
    modCount = "/* Could not access modCount */"
  activeModuleHandlers = class java.util.IdentityHashMap@f338199
    DEFAULT_CAPACITY = "/* Could not access DEFAULT_CAPACITY */"
    MINIMUM_CAPACITY = "/* Could not access MINIMUM_CAPACITY */"
    MAXIMUM_CAPACITY = "/* Could not access MAXIMUM_CAPACITY */"
    table = "/* Could not access table */"
    size = "/* Could not access size */"
    modCount = "/* Could not access modCount */"
    NULL_KEY = "/* Could not access NULL_KEY */"
    entrySet = "/* Could not access entrySet */"
    serialVersionUID = "/* Could not access serialVersionUID */"
    keySet = "/* Could not access keySet */"
    values = "/* Could not access values */"
  serialVersionUID = -2685719801501752993
  $$$tc$$$ = class com.ibm.websphere.ras.TraceComponent@156f297d
    strings[0] = "TraceComponent[com.ibm.ws.app.manager.module.internal.SimpleDeployedAppInfoBase,class com.ibm.ws.app.manager.module.internal.SimpleDeployedAppInfoBase,[applications, app.manager],null,null]"

Dump of objectArray[0]
Object type = com.ibm.ws.threading.internal.NonCancelableResultFuture
  _done = false
  _result = null
  _failure = null
  _listeners = class java.util.concurrent.ConcurrentLinkedQueue@6de6516f
    serialVersionUID = "/* Could not access serialVersionUID */"
    head = "/* Could not access head */"
    tail = "/* Could not access tail */"
    MAX_HOPS = "/* Could not access MAX_HOPS */"
    HEAD = "/* Could not access HEAD */"
    TAIL = "/* Could not access TAIL */"
    ITEM = "/* Could not access ITEM */"
    NEXT = "/* Could not access NEXT */"
  _notifiedListeners = class java.util.concurrent.atomic.AtomicBoolean@17d174b1
    serialVersionUID = "/* Could not access serialVersionUID */"
    VALUE = "/* Could not access VALUE */"
    value = "/* Could not access value */"
  serialVersionUID = -296387658814354272
  $$$tc$$$ = class com.ibm.websphere.ras.TraceComponent@4ce21a6a
    strings[0] = "TraceComponent[com.ibm.ws.threading.internal.NonCancelableResultFuture,class com.ibm.ws.threading.internal.NonCancelableResultFuture,[Threading],com.ibm.ws.threading.internal.resources.ThreadingMessages,null]"

