------Start of DE processing------ = [01/05/2022 10:27:56:482 BRT]
Exception = org.xml.sax.SAXParseException
Source = com.ibm.ws.jpa.management.JaxbUnmarshaller.unmarshal
probeid = 109
Stack Dump = org.xml.sax.SAXParseException; lineNumber: 1; columnNumber: 1; Fim prematuro do arquivo.
	at java.xml/com.sun.org.apache.xerces.internal.util.ErrorHandlerWrapper.createSAXParseException(ErrorHandlerWrapper.java:204)
	at java.xml/com.sun.org.apache.xerces.internal.util.ErrorHandlerWrapper.fatalError(ErrorHandlerWrapper.java:178)
	at java.xml/com.sun.org.apache.xerces.internal.impl.XMLErrorReporter.reportError(XMLErrorReporter.java:400)
	at java.xml/com.sun.org.apache.xerces.internal.impl.XMLErrorReporter.reportError(XMLErrorReporter.java:327)
	at java.xml/com.sun.org.apache.xerces.internal.impl.XMLScanner.reportFatalError(XMLScanner.java:1465)
	at java.xml/com.sun.org.apache.xerces.internal.impl.XMLDocumentScannerImpl$PrologDriver.next(XMLDocumentScannerImpl.java:1013)
	at java.xml/com.sun.org.apache.xerces.internal.impl.XMLDocumentScannerImpl.next(XMLDocumentScannerImpl.java:605)
	at java.xml/com.sun.org.apache.xerces.internal.impl.XMLNSDocumentScannerImpl.next(XMLNSDocumentScannerImpl.java:112)
	at java.xml/com.sun.org.apache.xerces.internal.impl.XMLDocumentFragmentScannerImpl.scanDocument(XMLDocumentFragmentScannerImpl.java:542)
	at java.xml/com.sun.org.apache.xerces.internal.parsers.XML11Configuration.parse(XML11Configuration.java:889)
	at java.xml/com.sun.org.apache.xerces.internal.parsers.XML11Configuration.parse(XML11Configuration.java:825)
	at java.xml/com.sun.org.apache.xerces.internal.parsers.XMLParser.parse(XMLParser.java:141)
	at java.xml/com.sun.org.apache.xerces.internal.parsers.AbstractSAXParser.parse(AbstractSAXParser.java:1224)
	at java.xml/com.sun.org.apache.xerces.internal.jaxp.SAXParserImpl$JAXPSAXParser.parse(SAXParserImpl.java:637)
	at java.xml/com.sun.org.apache.xerces.internal.jaxp.SAXParserImpl.parse(SAXParserImpl.java:326)
	at java.xml/javax.xml.parsers.SAXParser.parse(SAXParser.java:197)
	at com.ibm.ws.jpa.management.JaxbUnmarshaller.unmarshal(JaxbUnmarshaller.java:90)
	at com.ibm.ws.jpa.management.JPAPxmlInfo.extractPersistenceUnits(JPAPxmlInfo.java:82)
	at com.ibm.ws.jpa.management.JPAScopeInfo.processPersistenceUnit(JPAScopeInfo.java:88)
	at com.ibm.ws.jpa.management.JPAApplInfo.addPersistenceUnits(JPAApplInfo.java:119)
	at com.ibm.ws.jpa.container.osgi.internal.JPAComponentImpl.processWebModulePersistenceXml(JPAComponentImpl.java:575)
	at com.ibm.ws.jpa.container.osgi.internal.JPAComponentImpl.applicationStarting(JPAComponentImpl.java:362)
	at com.ibm.ws.container.service.state.internal.ApplicationStateManager.fireStarting(ApplicationStateManager.java:51)
	at com.ibm.ws.container.service.state.internal.StateChangeServiceImpl.fireApplicationStarting(StateChangeServiceImpl.java:50)
	at com.ibm.ws.app.manager.module.internal.SimpleDeployedAppInfoBase.preDeployApp(SimpleDeployedAppInfoBase.java:547)
	at com.ibm.ws.app.manager.module.internal.SimpleDeployedAppInfoBase.installApp(SimpleDeployedAppInfoBase.java:508)
	at com.ibm.ws.app.manager.module.internal.DeployedAppInfoBase.deployApp(DeployedAppInfoBase.java:349)
	at com.ibm.ws.app.manager.war.internal.WARApplicationHandlerImpl.install(WARApplicationHandlerImpl.java:65)
	at com.ibm.ws.app.manager.internal.statemachine.StartAction.execute(StartAction.java:161)
	at com.ibm.ws.app.manager.internal.statemachine.ApplicationStateMachineImpl.enterState(ApplicationStateMachineImpl.java:1357)
	at com.ibm.ws.app.manager.internal.statemachine.ApplicationStateMachineImpl.performAction(ApplicationStateMachineImpl.java:1222)
	at com.ibm.ws.app.manager.internal.statemachine.ApplicationStateMachineImpl.run(ApplicationStateMachineImpl.java:909)
	at com.ibm.ws.threading.internal.ExecutorServiceImpl$RunnableWrapper.run(ExecutorServiceImpl.java:245)
	at java.base/java.util.concurrent.ThreadPoolExecutor.runWorker(ThreadPoolExecutor.java:1136)
	at java.base/java.util.concurrent.ThreadPoolExecutor$Worker.run(ThreadPoolExecutor.java:635)
	at java.base/java.lang.Thread.run(Thread.java:833)

Dump of callerThis
Object type = com.ibm.ws.jpa.container.osgi.internal.OSGiJPAPXml
  tc = class com.ibm.websphere.ras.TraceComponent@615fd640
    strings[0] = "TraceComponent[com.ibm.ws.jpa.container.osgi.internal.OSGiJPAPXml,class com.ibm.ws.jpa.container.osgi.internal.OSGiJPAPXml,[JPA],com.ibm.ws.jpa.jpa,null]"
  ivPxml = class com.ibm.ws.adaptable.module.internal.AdaptableEntryImpl@3864cbf5
    root = class com.ibm.ws.adaptable.module.internal.AdaptableContainerImpl@64ab6d26
      root = class com.ibm.ws.adaptable.module.internal.AdaptableContainerImpl@64ab6d26
      rootOverlay = class com.ibm.ws.artifact.overlay.internal.DirectoryBasedOverlayContainerImpl@680a7741
      factoryHolder = class com.ibm.ws.adaptable.module.internal.AdaptableModuleFactoryImpl@41badd7f
      delegate = class com.ibm.ws.artifact.overlay.internal.DirectoryBasedOverlayContainerImpl@680a7741
      notifier = class com.ibm.ws.adaptable.module.internal.NotifierImpl@770ea313
      serialVersionUID = -5950528200509051684
      $$$tc$$$ = class com.ibm.websphere.ras.TraceComponent@3e108988
    rootOverlay = class com.ibm.ws.artifact.overlay.internal.DirectoryBasedOverlayContainerImpl@680a7741
      base = class com.ibm.ws.artifact.loose.internal.LooseArchive@247a5e66
      maskSet = class java.util.HashSet@402b74ee
      cfHolder = class com.ibm.ws.artifact.overlay.internal.OverlayContainerFactoryImpl@6cce2c9a
      fileOverlayContainer = class com.ibm.ws.artifact.file.internal.FileContainer@12d767c9
      overlayDirectory = class java.io.File@4332867d
      cacheDirForOverlay = class java.io.File@35cd7913
      overlayNotifier = class com.ibm.ws.artifact.overlay.internal.DirectoryBasedOverlayNotifier@2edae740
      enclosingContainer = null
      entryInEnclosingContainer = null
      nestedOverlays = class java.util.concurrent.ConcurrentHashMap@79a247d
      cacheStore = class com.ibm.ws.artifact.overlay.internal.OverlayCache@50cc5b9d
      parentOverlay = null
      isPassThroughMode = true
      serialVersionUID = -6650153487216279998
      $$$tc$$$ = class com.ibm.websphere.ras.TraceComponent@7988fc7e
    factoryHolder = class com.ibm.ws.adaptable.module.internal.AdaptableModuleFactoryImpl@41badd7f
      adapterFactoryService = class com.ibm.ws.adaptable.module.internal.AdapterFactoryServiceImpl@290889d7
      containerFactory = class com.ibm.ws.artifact.internal.ArtifactContainerFactoryService@53210e28
      overlayContainerFactory = class com.ibm.ws.artifact.overlay.internal.OverlayContainerFactoryImpl@6cce2c9a
      serialVersionUID = 4200251809856292987
      $$$tc$$$ = class com.ibm.websphere.ras.TraceComponent@4832d5ec
    delegate = class com.ibm.ws.artifact.overlay.internal.DirectoryBasedOverlayContainerImpl$OverlayDelegatingEntry@1d991520
      delegate = class com.ibm.ws.artifact.loose.internal.LooseEntry@7172542b
      root = class com.ibm.ws.artifact.overlay.internal.DirectoryBasedOverlayContainerImpl@680a7741
      name = "persistence.xml"
      path = "/WEB-INF/classes/META-INF/persistence.xml"
      fileContainer = class com.ibm.ws.artifact.file.internal.FileContainer@12d767c9
      serialVersionUID = 8024630399631050688
      $$$tc$$$ = class com.ibm.websphere.ras.TraceComponent@3a66407a
    serialVersionUID = 165222222331875857
    $$$tc$$$ = class com.ibm.websphere.ras.TraceComponent@1744fff7
      strings[0] = "TraceComponent[com.ibm.ws.adaptable.module.internal.AdaptableEntryImpl,class com.ibm.ws.adaptable.module.internal.AdaptableEntryImpl,[archive.adaptable],null,null]"
  serialVersionUID = -9074873679607276460
  tc = class com.ibm.websphere.ras.TraceComponent@629e82cf
    strings[0] = "TraceComponent[com.ibm.ws.jpa.management.JPAPXml,class com.ibm.ws.jpa.management.JPAPXml,[JPA],com.ibm.ws.jpa.jpa,null]"
  ivApplInfo = class com.ibm.ws.jpa.container.osgi.internal.OSGiJPAApplInfo@70c58757
    appInfo = class com.ibm.ws.container.service.app.deploy.internal.ApplicationInfoImpl@757d4274
      appName = "restapi"
      appMetaData = class com.ibm.ws.container.service.app.deploy.internal.ApplicationMetaDataImpl@f6d6b0c
      appContainer = class com.ibm.ws.adaptable.module.internal.AdaptableContainerImpl@64ab6d26
      configHelper = class com.ibm.ws.app.manager.module.ApplicationNestedConfigHelper@62c61d07
      applicationInformation = class com.ibm.ws.app.manager.internal.ApplicationInstallInfo@39cd1f39
      serialVersionUID = 5227817860647895780
      $$$tc$$$ = class com.ibm.websphere.ras.TraceComponent@77bea347
    serialVersionUID = 4444074326423067409
    $$$tc$$$ = class com.ibm.websphere.ras.TraceComponent@562a7128
      strings[0] = "TraceComponent[com.ibm.ws.jpa.container.osgi.internal.OSGiJPAApplInfo,class com.ibm.ws.jpa.container.osgi.internal.OSGiJPAApplInfo,[JPA],com.ibm.ws.jpa.jpa,null]"
    tc = class com.ibm.websphere.ras.TraceComponent@79b2039e
      strings[0] = "TraceComponent[com.ibm.ws.jpa.management.JPAApplInfo,class com.ibm.ws.jpa.management.JPAApplInfo,[JPA],com.ibm.ws.jpa.jpa,null]"
    ivJPAComponent = class com.ibm.ws.jpa.container.osgi.internal.JPAComponentImpl@56b16d1f
      tc = class com.ibm.websphere.ras.TraceComponent@4f62ce93
      priv = class com.ibm.ws.kernel.service.util.SecureAction@2eed26ec
      REFERENCE_JPA_RUNTIME = "jpaRuntime"
      REFERENCE_TRANSACTION_MANAGER = "transactionManager"
      REFERENCE_CONTEXT_ACCESSOR = "contextAccessor"
      REFERENCE_RESOURCE_BINDING_LISTENERS = "resourceBindingListeners"
      REFERENCE_JPA_PROVIDER = "jpaProvider"
      REFERENCE_JPA_PROPS_PROVIDER = "jpaPropsProvider"
      REFERENCE_APP_COORD = "appCoord"
      REFERENCE_CLASSLOADING_SERVICE = "classLoadingService"
      DEFAULT_PROPS_PREFIX = "defaultProperties.0.property."
      DEFAULT_PROPS_NAME = ".name"
      DEFAULT_PROPS_VALUE = ".value"
      context = class org.apache.felix.scr.impl.manager.ComponentContextImpl@5586d2ba
      props = class org.apache.felix.scr.impl.helper.ReadOnlyDictionary@63b33d64
      defaultProps = class java.util.HashMap@4156d45c
      server = true
      stuckApps = class java.util.concurrent.ConcurrentSkipListSet@6cb50dc
      jpaRuntime = class com.ibm.wsspi.kernel.service.utils.AtomicServiceReference@65bb51bd
      ivTransactionManagerSR = class com.ibm.wsspi.kernel.service.utils.AtomicServiceReference@1f190873
      ivContextAccessorSR = class com.ibm.wsspi.kernel.service.utils.AtomicServiceReference@689acbf8
      resourceBindingListeners = class com.ibm.wsspi.kernel.service.utils.ConcurrentServiceReferenceSet@340b3b87
      providerIntegrationSR = class com.ibm.wsspi.kernel.service.utils.AtomicServiceReference@b02a202
      propProviderSRs = class com.ibm.wsspi.kernel.service.utils.ConcurrentServiceReferenceSet@5c8f7981
      classLoadingService = class com.ibm.ws.classloading.internal.ClassLoadingServiceImpl@62f4bce3
      serialVersionUID = -2370793881760414845
      tc = class com.ibm.websphere.ras.TraceComponent@3dfa1814
      PASSWORD_PROPS = class java.util.Arrays$ArrayList@fce7439
      applList = class java.util.Collections$SynchronizedMap@1142d570
      ivCallBackHandler = class com.ibm.ws.jpa.management.JPAUserTxCallBackHandler@3626f5a8
      ivTxCallbackRegistered = false
    applName = "restapi"
    puScopes = class java.util.HashMap@41771393
      serialVersionUID = "/* Could not access serialVersionUID */"
      DEFAULT_INITIAL_CAPACITY = "/* Could not access DEFAULT_INITIAL_CAPACITY */"
      MAXIMUM_CAPACITY = "/* Could not access MAXIMUM_CAPACITY */"
      DEFAULT_LOAD_FACTOR = "/* Could not access DEFAULT_LOAD_FACTOR */"
      TREEIFY_THRESHOLD = "/* Could not access TREEIFY_THRESHOLD */"
      UNTREEIFY_THRESHOLD = "/* Could not access UNTREEIFY_THRESHOLD */"
      MIN_TREEIFY_CAPACITY = "/* Could not access MIN_TREEIFY_CAPACITY */"
      table = "/* Could not access table */"
      entrySet = "/* Could not access entrySet */"
      size = "/* Could not access size */"
      modCount = "/* Could not access modCount */"
      threshold = "/* Could not access threshold */"
      loadFactor = "/* Could not access loadFactor */"
      keySet = "/* Could not access keySet */"
      values = "/* Could not access values */"
  ivArchiveName = "restapi.war"
  ivPuScope = class com.ibm.ws.jpa.management.JPAPuScope@218930af
    EJB_Scope = class com.ibm.ws.jpa.management.JPAPuScope@14122e88
      EJB_Scope = class com.ibm.ws.jpa.management.JPAPuScope@14122e88
      Web_Scope = class com.ibm.ws.jpa.management.JPAPuScope@218930af
      EAR_Scope = class com.ibm.ws.jpa.management.JPAPuScope@be3b09c
      Client_Scope = class com.ibm.ws.jpa.management.JPAPuScope@56e7fd6a
      $VALUES = class com.ibm.ws.jpa.management.JPAPuScope[4]
      name = "/* Could not access name */"
      ordinal = "/* Could not access ordinal */"
    Web_Scope = class com.ibm.ws.jpa.management.JPAPuScope@218930af
    EAR_Scope = class com.ibm.ws.jpa.management.JPAPuScope@be3b09c
      EJB_Scope = class com.ibm.ws.jpa.management.JPAPuScope@14122e88
      Web_Scope = class com.ibm.ws.jpa.management.JPAPuScope@218930af
      EAR_Scope = class com.ibm.ws.jpa.management.JPAPuScope@be3b09c
      Client_Scope = class com.ibm.ws.jpa.management.JPAPuScope@56e7fd6a
      $VALUES = class com.ibm.ws.jpa.management.JPAPuScope[4]
      name = "/* Could not access name */"
      ordinal = "/* Could not access ordinal */"
    Client_Scope = class com.ibm.ws.jpa.management.JPAPuScope@56e7fd6a
      EJB_Scope = class com.ibm.ws.jpa.management.JPAPuScope@14122e88
      Web_Scope = class com.ibm.ws.jpa.management.JPAPuScope@218930af
      EAR_Scope = class com.ibm.ws.jpa.management.JPAPuScope@be3b09c
      Client_Scope = class com.ibm.ws.jpa.management.JPAPuScope@56e7fd6a
      $VALUES = class com.ibm.ws.jpa.management.JPAPuScope[4]
      name = "/* Could not access name */"
      ordinal = "/* Could not access ordinal */"
    $VALUES = class com.ibm.ws.jpa.management.JPAPuScope[4]
      JPAPuScope[0] = class com.ibm.ws.jpa.management.JPAPuScope@14122e88
      JPAPuScope[1] = class com.ibm.ws.jpa.management.JPAPuScope@218930af
      JPAPuScope[2] = class com.ibm.ws.jpa.management.JPAPuScope@be3b09c
      JPAPuScope[3] = class com.ibm.ws.jpa.management.JPAPuScope@56e7fd6a
    name = "/* Could not access name */"
    ordinal = "/* Could not access ordinal */"
  ivClassLoader = class com.ibm.ws.classloading.internal.AppClassLoader@1cb49fc
    tc = class com.ibm.websphere.ras.TraceComponent@625abae9
      strings[0] = "TraceComponent[com.ibm.ws.classloading.internal.AppClassLoader,class com.ibm.ws.classloading.internal.AppClassLoader,[ClassLoadingService],com.ibm.ws.classloading.internal.resources.ClassLoadingServiceMessages,null]"
    forbiddenClassNames = class java.util.Collections$UnmodifiableSet@55820e63
      serialVersionUID = "/* Could not access serialVersionUID */"
      serialVersionUID = "/* Could not access serialVersionUID */"
      c = "/* Could not access c */"
    FORBIDDEN_PROPERTIES = "forbidden.properties"
    disableSharedClassesCache = false
    PARENT_FIRST_SEARCH_ORDER = class java.util.Collections$UnmodifiableRandomAccessList@4814d85f
      serialVersionUID = "/* Could not access serialVersionUID */"
      serialVersionUID = "/* Could not access serialVersionUID */"
      list = "/* Could not access list */"
      serialVersionUID = "/* Could not access serialVersionUID */"
      c = "/* Could not access c */"
    packagesDefined = class java.util.Collections$SetFromMap@49338f8d
      m = "/* Could not access m */"
      s = "/* Could not access s */"
      serialVersionUID = "/* Could not access serialVersionUID */"
    CLASS_LOADING_TRACE_PREFIX = "com.ibm.ws.class.load."
    DEFAULT_PACKAGE = "default.package"
    perPackageClassLoadingTraceComponents = class java.util.concurrent.ConcurrentHashMap@c8771de
      serialVersionUID = "/* Could not access serialVersionUID */"
      MAXIMUM_CAPACITY = "/* Could not access MAXIMUM_CAPACITY */"
      DEFAULT_CAPACITY = "/* Could not access DEFAULT_CAPACITY */"
      MAX_ARRAY_SIZE = "/* Could not access MAX_ARRAY_SIZE */"
      DEFAULT_CONCURRENCY_LEVEL = "/* Could not access DEFAULT_CONCURRENCY_LEVEL */"
      LOAD_FACTOR = "/* Could not access LOAD_FACTOR */"
      TREEIFY_THRESHOLD = "/* Could not access TREEIFY_THRESHOLD */"
      UNTREEIFY_THRESHOLD = "/* Could not access UNTREEIFY_THRESHOLD */"
      MIN_TREEIFY_CAPACITY = "/* Could not access MIN_TREEIFY_CAPACITY */"
      MIN_TRANSFER_STRIDE = "/* Could not access MIN_TRANSFER_STRIDE */"
      RESIZE_STAMP_BITS = "/* Could not access RESIZE_STAMP_BITS */"
      MAX_RESIZERS = "/* Could not access MAX_RESIZERS */"
      RESIZE_STAMP_SHIFT = "/* Could not access RESIZE_STAMP_SHIFT */"
      MOVED = "/* Could not access MOVED */"
      TREEBIN = "/* Could not access TREEBIN */"
      RESERVED = "/* Could not access RESERVED */"
      HASH_BITS = "/* Could not access HASH_BITS */"
      NCPU = "/* Could not access NCPU */"
      serialPersistentFields = "/* Could not access serialPersistentFields */"
      table = "/* Could not access table */"
      nextTable = "/* Could not access nextTable */"
      baseCount = "/* Could not access baseCount */"
      sizeCtl = "/* Could not access sizeCtl */"
      transferIndex = "/* Could not access transferIndex */"
      cellsBusy = "/* Could not access cellsBusy */"
      counterCells = "/* Could not access counterCells */"
      keySet = "/* Could not access keySet */"
      values = "/* Could not access values */"
      entrySet = "/* Could not access entrySet */"
      U = "/* Could not access U */"
      SIZECTL = "/* Could not access SIZECTL */"
      TRANSFERINDEX = "/* Could not access TRANSFERINDEX */"
      BASECOUNT = "/* Could not access BASECOUNT */"
      CELLSBUSY = "/* Could not access CELLSBUSY */"
      CELLVALUE = "/* Could not access CELLVALUE */"
      ABASE = "/* Could not access ABASE */"
      ASHIFT = "/* Could not access ASHIFT */"
      keySet = "/* Could not access keySet */"
      values = "/* Could not access values */"
    config = class com.ibm.ws.classloading.internal.ClassLoaderConfigurationImpl@17899e2f
      DEFAULT_PROTECTION_DOMAIN = class java.security.ProtectionDomain@13437f51
      delegateLast = false
      includeAppExtensions = true
      id = class com.ibm.ws.classloading.serializable.ClassLoaderIdentityImpl@20cc545a
      parentId = null
      sharedLibraries = class java.util.ArrayList@22586d6b
      commonLibraries = class java.util.Collections$EmptyList@79b17aa1
      providers = class java.util.Collections$EmptyList@79b17aa1
      nativeLibraryContainers = class java.util.Collections$EmptyList@79b17aa1
      protectionDomain = class java.security.ProtectionDomain@d541ab3
      serialVersionUID = 9091690180200375339
      $$$tc$$$ = class com.ibm.websphere.ras.TraceComponent@5923065b
    privateLibraries = class java.util.Collections$EmptyList@79b17aa1
      serialVersionUID = "/* Could not access serialVersionUID */"
      modCount = "/* Could not access modCount */"
    delegateLoaders = class com.ibm.ws.classloading.internal.util.CompositeIterable@2cabddfd
      iterables = class java.util.Arrays$ArrayList@21e1c843
      serialVersionUID = -1227195994638150837
      $$$tc$$$ = class com.ibm.websphere.ras.TraceComponent@29a268aa
    nativeLibraryFiles = class java.util.ArrayList@1b155037
      serialVersionUID = "/* Could not access serialVersionUID */"
      DEFAULT_CAPACITY = "/* Could not access DEFAULT_CAPACITY */"
      EMPTY_ELEMENTDATA = "/* Could not access EMPTY_ELEMENTDATA */"
      DEFAULTCAPACITY_EMPTY_ELEMENTDATA = "/* Could not access DEFAULTCAPACITY_EMPTY_ELEMENTDATA */"
      elementData = "/* Could not access elementData */"
      size = "/* Could not access size */"
      modCount = "/* Could not access modCount */"
    transformers = class java.util.ArrayList@40b6dd9c
      serialVersionUID = "/* Could not access serialVersionUID */"
      DEFAULT_CAPACITY = "/* Could not access DEFAULT_CAPACITY */"
      EMPTY_ELEMENTDATA = "/* Could not access EMPTY_ELEMENTDATA */"
      DEFAULTCAPACITY_EMPTY_ELEMENTDATA = "/* Could not access DEFAULTCAPACITY_EMPTY_ELEMENTDATA */"
      elementData = "/* Could not access elementData */"
      size = "/* Could not access size */"
      modCount = "/* Could not access modCount */"
    systemTransformers = class java.util.Collections$EmptyList@79b17aa1
    apiAccess = class com.ibm.ws.classloading.internal.GatewayClassLoader@4e1ae3
      config = class com.ibm.ws.classloading.internal.GatewayConfigurationImpl@5e545bf
      wiringMonitor = class com.ibm.ws.classloading.internal.GatewayClassLoader$1@4749bfdd
      bundle = class org.eclipse.osgi.internal.framework.EquinoxBundle@707a55f6
      wiring = class org.eclipse.osgi.container.ModuleWiring@269bb16a
      cl = null
      bLoader = class org.eclipse.osgi.internal.loader.BundleLoader@b37a688
      resourceProviders = class com.ibm.ws.classloading.internal.CompositeResourceProvider@2450c2ec
      serialVersionUID = -5503641212193211983
      $$$tc$$$ = class com.ibm.websphere.ras.TraceComponent@59de3f61
    generator = class com.ibm.ws.classloading.internal.ClassGeneratorManager@3220c359
      tc = class com.ibm.websphere.ras.TraceComponent@64034bea
      generatorRefs = class com.ibm.wsspi.kernel.service.utils.ConcurrentServiceReferenceSet@d619980
      serialVersionUID = 4152663586056483310
    protectionDomains = class java.util.concurrent.ConcurrentHashMap@4016a4d5
      serialVersionUID = "/* Could not access serialVersionUID */"
      MAXIMUM_CAPACITY = "/* Could not access MAXIMUM_CAPACITY */"
      DEFAULT_CAPACITY = "/* Could not access DEFAULT_CAPACITY */"
      MAX_ARRAY_SIZE = "/* Could not access MAX_ARRAY_SIZE */"
      DEFAULT_CONCURRENCY_LEVEL = "/* Could not access DEFAULT_CONCURRENCY_LEVEL */"
      LOAD_FACTOR = "/* Could not access LOAD_FACTOR */"
      TREEIFY_THRESHOLD = "/* Could not access TREEIFY_THRESHOLD */"
      UNTREEIFY_THRESHOLD = "/* Could not access UNTREEIFY_THRESHOLD */"
      MIN_TREEIFY_CAPACITY = "/* Could not access MIN_TREEIFY_CAPACITY */"
      MIN_TRANSFER_STRIDE = "/* Could not access MIN_TRANSFER_STRIDE */"
      RESIZE_STAMP_BITS = "/* Could not access RESIZE_STAMP_BITS */"
      MAX_RESIZERS = "/* Could not access MAX_RESIZERS */"
      RESIZE_STAMP_SHIFT = "/* Could not access RESIZE_STAMP_SHIFT */"
      MOVED = "/* Could not access MOVED */"
      TREEBIN = "/* Could not access TREEBIN */"
      RESERVED = "/* Could not access RESERVED */"
      HASH_BITS = "/* Could not access HASH_BITS */"
      NCPU = "/* Could not access NCPU */"
      serialPersistentFields = "/* Could not access serialPersistentFields */"
      table = "/* Could not access table */"
      nextTable = "/* Could not access nextTable */"
      baseCount = "/* Could not access baseCount */"
      sizeCtl = "/* Could not access sizeCtl */"
      transferIndex = "/* Could not access transferIndex */"
      cellsBusy = "/* Could not access cellsBusy */"
      counterCells = "/* Could not access counterCells */"
      keySet = "/* Could not access keySet */"
      values = "/* Could not access values */"
      entrySet = "/* Could not access entrySet */"
      U = "/* Could not access U */"
      SIZECTL = "/* Could not access SIZECTL */"
      TRANSFERINDEX = "/* Could not access TRANSFERINDEX */"
      BASECOUNT = "/* Could not access BASECOUNT */"
      CELLSBUSY = "/* Could not access CELLSBUSY */"
      CELLVALUE = "/* Could not access CELLVALUE */"
      ABASE = "/* Could not access ABASE */"
      ASHIFT = "/* Could not access ASHIFT */"
      keySet = "/* Could not access keySet */"
      values = "/* Could not access values */"
    hook = null
    serialVersionUID = 6298584331839778391
    tc = class com.ibm.websphere.ras.TraceComponent@51912e3e
      strings[0] = "TraceComponent[com.ibm.ws.classloading.internal.ContainerClassLoader,class com.ibm.ws.classloading.internal.ContainerClassLoader,[ClassLoadingService],com.ibm.ws.classloading.internal.resources.ClassLoadingServiceMessages,null]"
    smartClassPath = class com.ibm.ws.classloading.internal.ContainerClassLoader$UnreadSmartClassPath@71b3c008
      delegate = class com.ibm.ws.classloading.internal.ContainerClassLoader$SmartClassPathImpl@a0f3409
      this$0 = class com.ibm.ws.classloading.internal.AppClassLoader@1cb49fc
      serialVersionUID = 3470871228674917801
      $$$tc$$$ = class com.ibm.websphere.ras.TraceComponent@66f0d856
    nativeLibraryContainers = class java.util.ArrayList@71fb99f
      serialVersionUID = "/* Could not access serialVersionUID */"
      DEFAULT_CAPACITY = "/* Could not access DEFAULT_CAPACITY */"
      EMPTY_ELEMENTDATA = "/* Could not access EMPTY_ELEMENTDATA */"
      DEFAULTCAPACITY_EMPTY_ELEMENTDATA = "/* Could not access DEFAULTCAPACITY_EMPTY_ELEMENTDATA */"
      elementData = "/* Could not access elementData */"
      size = "/* Could not access size */"
      modCount = "/* Could not access modCount */"
    redefiner = class com.ibm.ws.classloading.internal.util.ClassRedefiner@3391882e
      tc = class com.ibm.websphere.ras.TraceComponent@58ede35e
      LS = "
"
      inst = class jdk.proxy2.$Proxy3@b050b55
      serialVersionUID = 2420101865139508526
    jarProtocol = "wsjar:"
    mapCreationQueue = class java.util.concurrent.Executors$FinalizableDelegatedExecutorService@46d4a285
      e = "/* Could not access e */"
    serialVersionUID = 2907229643147424365
    parent = class com.ibm.ws.classloading.internal.GatewayClassLoader@4e1ae3
    serialVersionUID = 7632539847817580154
    $$$tc$$$ = class com.ibm.websphere.ras.TraceComponent@1e992696
      strings[0] = "TraceComponent[com.ibm.ws.classloading.internal.LibertyLoader,class com.ibm.ws.classloading.internal.LibertyLoader,[ClassLoadingService],com.ibm.ws.classloading.internal.resources.ClassLoadingServiceMessages,null]"
    pdcache = "/* Could not access pdcache */"
  ivRootUrl = class java.net.URL@5f1f9e0a
    BUILTIN_HANDLERS_PREFIX = "/* Could not access BUILTIN_HANDLERS_PREFIX */"
    serialVersionUID = "/* Could not access serialVersionUID */"
    protocolPathProp = "/* Could not access protocolPathProp */"
    protocol = "/* Could not access protocol */"
    host = "/* Could not access host */"
    port = "/* Could not access port */"
    file = "/* Could not access file */"
    query = "/* Could not access query */"
    authority = "/* Could not access authority */"
    path = "/* Could not access path */"
    userInfo = "/* Could not access userInfo */"
    ref = "/* Could not access ref */"
    hostAddress = "/* Could not access hostAddress */"
    handler = "/* Could not access handler */"
    hashCode = "/* Could not access hashCode */"
    tempState = "/* Could not access tempState */"
    factory = "/* Could not access factory */"
    defaultFactory = "/* Could not access defaultFactory */"
    gate = "/* Could not access gate */"
    handlers = "/* Could not access handlers */"
    streamHandlerLock = "/* Could not access streamHandlerLock */"
    serialPersistentFields = "/* Could not access serialPersistentFields */"

