********************************************************************************
product = Open Liberty 22.0.0.4 (wlp-1.0.63.cl220420220328-1303)
wlp.install.dir = /Users/iratuan/Documents/Projetos/estudos/udemy_jaxrs/target/liberty/wlp/
java.home = /usr/local/Cellar/openjdk/17.0.2/libexec/openjdk.jdk/Contents/Home
java.version = 17.0.2
java.runtime = OpenJDK Runtime Environment (17.0.2+0)
os = Mac OS X (12.3.1; x86_64) (pt_BR)
process = 12131@as-MacBook-Pro.local
Classpath = /Users/iratuan/Documents/Projetos/estudos/udemy_jaxrs/target/liberty/wlp/bin/tools/ws-server.jar
Java Library path = /Users/iratuan/Library/Java/Extensions:/Library/Java/Extensions:/Network/Library/Java/Extensions:/System/Library/Java/Extensions:/usr/lib/java:.
********************************************************************************
[02/05/2022 12:40:16:474 BRT] 00000001 com.ibm.ws.kernel.launch.internal.FrameworkManager           A CWWKE0001I: O servidor defaultServer foi ativado.
[02/05/2022 12:40:17:230 BRT] 00000001 com.ibm.ws.kernel.launch.internal.FrameworkManager           I CWWKE0002I: O kernel foi iniciado após 1,1 segundos
[02/05/2022 12:40:17:257 BRT] 00000026 com.ibm.ws.kernel.feature.internal.FeatureManager            I CWWKF0007I: Atualização do recurso iniciada.
[02/05/2022 12:40:17:863 BRT] 00000019 com.ibm.ws.security.registry.basic.internal.BasicRegistry    W CWWKS3103W: Não existem usuários definidos para a configuração BasicRegistry do ID com.ibm.ws.security.registry.basic.config[basic].
[02/05/2022 12:40:17:922 BRT] 00000019 com.ibm.ws.security.ready.internal.SecurityReadyServiceImpl  I CWWKS0007I: O serviço de segurança está iniciando...
[02/05/2022 12:40:18:075 BRT] 0000001a com.ibm.ws.app.manager.internal.monitor.DropinMonitor        A CWWKZ0058I: Monitorando dropins para aplicativos.
[02/05/2022 12:40:18:340 BRT] 0000001c com.ibm.ws.cache.ServerCache                                 I DYNA1001I: A instância de Cache Dinâmico do WebSphere denominada baseCache foi inicializada com êxito.
[02/05/2022 12:40:18:343 BRT] 0000001c com.ibm.ws.cache.ServerCache                                 I DYNA1071I: O provedor de cache default está sendo usado.
[02/05/2022 12:40:18:344 BRT] 0000001c com.ibm.ws.cache.CacheServiceImpl                            I DYNA1056I: Cache Dinâmico (cache de objeto) inicializado com êxito.
[02/05/2022 12:40:18:762 BRT] 0000001d cxf.cxf.core.3.2.jakarta:1.0.63.cl220420220328-1303(id=280)] I Aries Blueprint packages not available. So namespaces will not be registered
[02/05/2022 12:40:18:948 BRT] 0000001d .ws.security.mp.jwt.v11.config.impl.MpConfigProxyServiceImpl I CWWKS5775I: O mpConfigProxy do MicroProfile JWT versão 1.1 foi processado com sucesso.
[02/05/2022 12:40:18:950 BRT] 0000001c rty.security.mp.jwt.v12.config.impl.MpConfigProxyServiceImpl I CWWKS5780I: O MicroProfile JWT versão 1.2 mpConfigProxy foi processado com sucesso.
[02/05/2022 12:40:19:345 BRT] 0000001a com.ibm.ws.sib.utils.ras.SibMessage                          I  CWSID0108I: O servidor JMS foi iniciado.  
[02/05/2022 12:40:19:764 BRT] 00000022 com.ibm.ws.ssl.config.WSKeyStore                             A CWPKI0820A: O keystore padrão foi criado usando a variável de ambiente 'keystore_password'.
[02/05/2022 12:40:19:803 BRT] 00000028 com.ibm.ws.security.ready.internal.SecurityReadyServiceImpl  I CWWKS0008I: O serviço de segurança está pronto.
[02/05/2022 12:40:19:804 BRT] 00000028 com.ibm.ws.security.token.ltpa.internal.LTPAKeyCreateTask    I CWWKS4105I: A configuração de LTPA fica pronta após 0,034 segundos.
[02/05/2022 12:40:19:821 BRT] 00000019 ibm.ws.security.authentication.internal.jaas.JAASServiceImpl I CWWKS1123I: O plug-in de autenticação coletivo com o nome de classe NullCollectiveAuthenticationPlugin foi ativado. 
[02/05/2022 12:40:19:914 BRT] 00000022 com.ibm.ws.ssl.config.WSKeyStore                             I Successfully loaded default keystore: /Users/iratuan/Documents/Projetos/estudos/udemy_jaxrs/target/liberty/wlp/usr/servers/defaultServer/resources/security/key.p12 of type: PKCS12
[02/05/2022 12:40:19:939 BRT] 00000022 com.ibm.ws.security.mp.jwt.impl.MicroProfileJwtServiceImpl   I CWWKS5500I: A configuração do MicroProfile JWT [MicroProfileJwtService] foi processada com sucesso.
[02/05/2022 12:40:19:940 BRT] 00000022 com.ibm.ws.security.mp.jwt.impl.MicroProfileJwtConfigImpl    I CWWKS5500I: A configuração do MicroProfile JWT [defaultMpJwt] foi processada com sucesso.
[02/05/2022 12:40:20:103 BRT] 00000019 com.ibm.ws.security.jaspi.AuthConfigFactoryWrapper           I CWWKS1655I: A classe AuthConfigFactory com.ibm.ws.security.jaspi.ProviderRegistry padrão do Java Authentication SPI for Containers (JASPIC) está sendo usada porque a propriedade de segurança Java authconfigprovider.factory não está configurada. 
[02/05/2022 12:40:20:121 BRT] 00000019 com.ibm.ws.security.jwt.internal.ConsumerImpl                I CWWKS6012I: O serviço do consumidor JSON Web Token (JWT) está disponível.
[02/05/2022 12:40:20:135 BRT] 00000019 com.ibm.ws.security.jwt.web.JwtEndpointServices              I CWWKS6002I: O trabalho de terminal JSON Web Token (JWT) está disponível.
[02/05/2022 12:40:20:518 BRT] 00000019 com.ibm.ws.session.WASSessionCore                            I SESN8501I: O gerenciador de sessões não localizou um local de armazenamento persistente; objetos HttpSession serão armazenados na memória do servidor de aplicativos local.
[02/05/2022 12:40:20:598 BRT] 00000019 .microprofile.metrics.internal.monitor.MonitorMetricsHandler I CWPMI2003I: Métricas de monitoramento podem ser recuperadas por meio do mpMetrics.
[02/05/2022 12:40:20:685 BRT] 0000001c cxf.cxf.core.3.2.jakarta:1.0.63.cl220420220328-1303(id=280)] I Adding the extensions from bundle com.ibm.ws.org.apache.cxf.cxf.rt.bindings.soap.3.2.jakarta (278) [org.apache.cxf.binding.soap.SoapBindingFactory, org.apache.cxf.binding.soap.SoapTransportFactory]
[02/05/2022 12:40:20:686 BRT] 0000001c cxf.cxf.core.3.2.jakarta:1.0.63.cl220420220328-1303(id=280)] I Adding the extensions from bundle com.ibm.ws.org.apache.cxf.cxf.rt.bindings.xml.3.2.jakarta (279) [org.apache.cxf.binding.xml.XMLBindingFactory, org.apache.cxf.binding.xml.wsdl11.XMLWSDLExtensionLoader]
[02/05/2022 12:40:20:687 BRT] 0000001c cxf.cxf.core.3.2.jakarta:1.0.63.cl220420220328-1303(id=280)] I Adding the extensions from bundle com.ibm.ws.org.apache.cxf.cxf.core.3.2.jakarta (280) [org.apache.cxf.phase.PhaseManager, org.apache.cxf.workqueue.WorkQueueManager, org.apache.cxf.buslifecycle.BusLifeCycleManager, org.apache.cxf.endpoint.ServerRegistry, org.apache.cxf.endpoint.EndpointResolverRegistry, org.apache.cxf.headers.HeaderManager, org.apache.cxf.service.factory.FactoryBeanListenerManager, org.apache.cxf.endpoint.ServerLifeCycleManager, org.apache.cxf.endpoint.ClientLifeCycleManager, org.apache.cxf.resource.ResourceManager, org.apache.cxf.catalog.OASISCatalogManager, org.apache.cxf.transport.http.HTTPTransportFactory, org.apache.cxf.common.util.ASMHelper, org.apache.cxf.common.spi.ClassLoaderService, org.apache.cxf.transport.http.HTTPConduitFactory, org.apache.cxf.transport.ConduitInitiator]
[02/05/2022 12:40:20:687 BRT] 0000001c cxf.cxf.core.3.2.jakarta:1.0.63.cl220420220328-1303(id=280)] I Adding the extensions from bundle com.ibm.ws.org.apache.cxf.cxf.rt.databinding.jaxb.3.2.jakarta (281) [org.apache.cxf.jaxb.WrapperHelperCreator, org.apache.cxf.jaxb.FactoryClassCreator]
[02/05/2022 12:40:20:691 BRT] 0000001c cxf.cxf.core.3.2.jakarta:1.0.63.cl220420220328-1303(id=280)] I Adding the extensions from bundle com.ibm.ws.org.apache.cxf.cxf.rt.features.logging.3.2 (282) [org.apache.cxf.ext.logging.LoggingFactoryBeanListener, org.apache.cxf.ext.logging.OldLoggingFactoryBeanListener, org.apache.cxf.ext.logging.LoggingBusLifecycleListener]
[02/05/2022 12:40:20:692 BRT] 0000001c cxf.cxf.core.3.2.jakarta:1.0.63.cl220420220328-1303(id=280)] I Adding the extensions from bundle com.ibm.ws.org.apache.cxf.cxf.rt.frontend.jaxws.3.2.jakarta (283) [org.apache.cxf.jaxws.context.WebServiceContextResourceResolver, org.apache.cxf.jaxws.spi.WrapperClassCreator]
[02/05/2022 12:40:20:694 BRT] 0000001c cxf.cxf.core.3.2.jakarta:1.0.63.cl220420220328-1303(id=280)] I Adding the extensions from bundle com.ibm.ws.org.apache.cxf.cxf.rt.frontend.simple.3.2.jakarta (284) [org.apache.cxf.endpoint.dynamic.ExceptionClassCreator]
[02/05/2022 12:40:20:694 BRT] 0000001c cxf.cxf.core.3.2.jakarta:1.0.63.cl220420220328-1303(id=280)] I Adding the extensions from bundle com.ibm.ws.org.apache.cxf.cxf.rt.management.3.2.jakarta (285) [org.apache.cxf.management.InstrumentationManager]
[02/05/2022 12:40:20:695 BRT] 0000001c cxf.cxf.core.3.2.jakarta:1.0.63.cl220420220328-1303(id=280)] I Adding the extensions from bundle com.ibm.ws.org.apache.cxf.cxf.rt.transports.http.3.2.jakarta (286) [org.apache.cxf.transport.http.HTTPTransportFactory, org.apache.cxf.transport.http.HTTPWSDLExtensionLoader, org.apache.cxf.transport.http.policy.HTTPClientAssertionBuilder, org.apache.cxf.transport.http.policy.HTTPServerAssertionBuilder, org.apache.cxf.transport.http.policy.NoOpPolicyInterceptorProvider]
[02/05/2022 12:40:20:695 BRT] 0000001c cxf.cxf.core.3.2.jakarta:1.0.63.cl220420220328-1303(id=280)] I Adding the extensions from bundle com.ibm.ws.org.apache.cxf.cxf.rt.wsdl.3.2.jakarta (288) [org.apache.cxf.wsdl.WSDLManager, org.apache.cxf.wsdl.ExtensionClassCreator]
[02/05/2022 12:40:20:696 BRT] 0000001c cxf.cxf.core.3.2.jakarta:1.0.63.cl220420220328-1303(id=280)] I Adding the extensions from bundle com.ibm.ws.org.apache.cxf.cxf.rt.ws.addr.3.2.jakarta (289) [org.apache.cxf.ws.addressing.policy.AddressingAssertionBuilder, org.apache.cxf.ws.addressing.policy.UsingAddressingAssertionBuilder, org.apache.cxf.ws.addressing.policy.AddressingPolicyInterceptorProvider, org.apache.cxf.ws.addressing.impl.AddressingWSDLExtensionLoader, org.apache.cxf.ws.addressing.WSAddressingFeature$WSAddressingFeatureApplier, org.apache.cxf.ws.addressing.MAPAggregator$MAPAggregatorLoader]
[02/05/2022 12:40:20:696 BRT] 0000001c cxf.cxf.core.3.2.jakarta:1.0.63.cl220420220328-1303(id=280)] I Adding the extensions from bundle com.ibm.ws.org.apache.cxf.cxf.rt.ws.policy.3.2.jakarta (290) [org.apache.cxf.ws.policy.PolicyEngine, org.apache.cxf.policy.PolicyDataEngine, org.apache.cxf.ws.policy.AssertionBuilderRegistry, org.apache.cxf.ws.policy.PolicyInterceptorProviderRegistry, org.apache.cxf.ws.policy.PolicyBuilder, org.apache.cxf.ws.policy.PolicyAnnotationListener, org.apache.cxf.ws.policy.attachment.ServiceModelPolicyProvider, org.apache.cxf.ws.policy.attachment.external.DomainExpressionBuilderRegistry, org.apache.cxf.ws.policy.attachment.external.EndpointReferenceDomainExpressionBuilder, org.apache.cxf.ws.policy.attachment.external.URIDomainExpressionBuilder, org.apache.cxf.ws.policy.attachment.wsdl11.Wsdl11AttachmentPolicyProvider, org.apache.cxf.ws.policy.mtom.MTOMAssertionBuilder, org.apache.cxf.ws.policy.mtom.MTOMPolicyInterceptorProvider]
[02/05/2022 12:40:20:722 BRT] 0000001c cxf.cxf.core.3.2.jakarta:1.0.63.cl220420220328-1303(id=280)] I Aries Blueprint packages not available. So namespaces will not be registered
[02/05/2022 12:40:20:726 BRT] 0000001c cxf.cxf.core.3.2.jakarta:1.0.63.cl220420220328-1303(id=280)] I Aries Blueprint packages not available. So namespaces will not be registered
[02/05/2022 12:40:20:728 BRT] 0000001c cxf.cxf.core.3.2.jakarta:1.0.63.cl220420220328-1303(id=280)] I Aries Blueprint packages not available. So namespaces will not be registered
[02/05/2022 12:40:20:734 BRT] 0000001c cxf.cxf.core.3.2.jakarta:1.0.63.cl220420220328-1303(id=280)] I Aries Blueprint packages not available. So namespaces will not be registered
[02/05/2022 12:40:20:750 BRT] 00000022 org.apache.cxf.ext.logging.osgi.Activator                    I CXF message logging feature disabled
[02/05/2022 12:40:20:799 BRT] 0000001c cxf.cxf.core.3.2.jakarta:1.0.63.cl220420220328-1303(id=280)] W Could not create a secure Stax XMLInputFactory.  Found class com.sun.xml.internal.stream.XMLInputFactoryImpl.  Suggest Woodstox 4.2.0 or newer.
[02/05/2022 12:40:21:061 BRT] 0000001d com.ibm.ws.transport.iiop.internal.ORBWrapperInternal        A CWWKI0001I: O servidor de nome CORBA está agora disponível em corbaloc:iiop:localhost:2809/NameService.
[02/05/2022 12:40:21:826 BRT] 0000004c com.ibm.ws.app.manager.AppMessageHelper                      I CWWKZ0018I: Iniciando o aplicativo restapi.
[02/05/2022 12:40:21:827 BRT] 0000004c bm.ws.app.manager.war.internal.WARDeployedAppInfoFactoryImpl I CWWKZ0134I: O aplicativo restapi está usando a definição de aplicativo indefinido no local /Users/iratuan/Documents/Projetos/estudos/udemy_jaxrs/target/liberty/wlp/usr/servers/defaultServer/apps/restapi.war.xml.
[02/05/2022 12:40:22:046 BRT] 00000039 com.ibm.ws.webcontainer.osgi.webapp.WebGroup                 I SRVE0169I: Carregando o Módulo da Web: health.
[02/05/2022 12:40:22:045 BRT] 00000027 com.ibm.ws.webcontainer.osgi.webapp.WebGroup                 I SRVE0169I: Carregando o Módulo da Web: /openapi/platform.
[02/05/2022 12:40:22:050 BRT] 00000039 com.ibm.ws.webcontainer                                      I SRVE0250I: O Módulo da Web health foi ligado ao default_host.
[02/05/2022 12:40:22:050 BRT] 00000027 com.ibm.ws.webcontainer                                      I SRVE0250I: O Módulo da Web /openapi/platform foi ligado ao default_host.
[02/05/2022 12:40:22:046 BRT] 00000034 com.ibm.ws.webcontainer.osgi.webapp.WebGroup                 I SRVE0169I: Carregando o Módulo da Web: ibm/api.
[02/05/2022 12:40:22:045 BRT] 0000004b com.ibm.ws.webcontainer.osgi.webapp.WebGroup                 I SRVE0169I: Carregando o Módulo da Web: PrivateMicroProfileMetrics.
[02/05/2022 12:40:22:050 BRT] 00000034 com.ibm.ws.webcontainer                                      I SRVE0250I: O Módulo da Web ibm/api foi ligado ao default_host.
[02/05/2022 12:40:22:046 BRT] 00000048 com.ibm.ws.webcontainer.osgi.webapp.WebGroup                 I SRVE0169I: Carregando o Módulo da Web: OpenAPIUI.
[02/05/2022 12:40:22:045 BRT] 00000035 com.ibm.ws.webcontainer.osgi.webapp.WebGroup                 I SRVE0169I: Carregando o Módulo da Web: IBMJMXConnectorREST.
[02/05/2022 12:40:22:050 BRT] 00000048 com.ibm.ws.webcontainer                                      I SRVE0250I: O Módulo da Web OpenAPIUI foi ligado ao default_host.
[02/05/2022 12:40:22:050 BRT] 0000004b com.ibm.ws.webcontainer                                      I SRVE0250I: O Módulo da Web PrivateMicroProfileMetrics foi ligado ao default_host.
[02/05/2022 12:40:22:045 BRT] 00000044 com.ibm.ws.webcontainer.osgi.webapp.WebGroup                 I SRVE0169I: Carregando o Módulo da Web: io.openliberty.security.jwt.internal.
[02/05/2022 12:40:22:051 BRT] 00000044 com.ibm.ws.webcontainer                                      I SRVE0250I: O Módulo da Web io.openliberty.security.jwt.internal foi ligado ao default_host.
[02/05/2022 12:40:22:050 BRT] 00000035 com.ibm.ws.webcontainer                                      I SRVE0250I: O Módulo da Web IBMJMXConnectorREST foi ligado ao default_host.
[02/05/2022 12:40:22:046 BRT] 00000045 com.ibm.ws.webcontainer.osgi.webapp.WebGroup                 I SRVE0169I: Carregando o Módulo da Web: MicroProfileOpenAPI.
[02/05/2022 12:40:22:051 BRT] 00000045 com.ibm.ws.webcontainer                                      I SRVE0250I: O Módulo da Web MicroProfileOpenAPI foi ligado ao default_host.
[02/05/2022 12:40:22:052 BRT] 00000039 com.ibm.ws.http.internal.VirtualHostImpl                     A CWWKT0016I: Aplicativo da Web disponível (default_host): http://localhost:9080/health/
[02/05/2022 12:40:22:054 BRT] 00000045 com.ibm.ws.http.internal.VirtualHostImpl                     A CWWKT0016I: Aplicativo da Web disponível (default_host): http://localhost:9080/openapi/
[02/05/2022 12:40:22:054 BRT] 00000035 com.ibm.ws.http.internal.VirtualHostImpl                     A CWWKT0016I: Aplicativo da Web disponível (default_host): http://localhost:9080/IBMJMXConnectorREST/
[02/05/2022 12:40:22:058 BRT] 00000035 com.ibm.ws.jmx.connector.server.rest.RESTAppListener         I CWWKX0103I: O conector JMX REST está em execução e está disponível na seguinte URL de serviço: service:jmx:rest://localhost:9443/IBMJMXConnectorREST
[02/05/2022 12:40:22:061 BRT] 00000035 com.ibm.ws.jmx.connector.server.rest.RESTAppListener         I CWWKX0103I: O conector JMX REST está em execução e está disponível na seguinte URL de serviço: service:jmx:rest://localhost:9443/IBMJMXConnectorREST
[02/05/2022 12:40:22:062 BRT] 00000044 com.ibm.ws.http.internal.VirtualHostImpl                     A CWWKT0016I: Aplicativo da Web disponível (default_host): http://localhost:9080/jwt/
[02/05/2022 12:40:22:064 BRT] 0000004b com.ibm.ws.http.internal.VirtualHostImpl                     A CWWKT0016I: Aplicativo da Web disponível (default_host): http://localhost:9080/metrics/
[02/05/2022 12:40:22:066 BRT] 00000048 com.ibm.ws.http.internal.VirtualHostImpl                     A CWWKT0016I: Aplicativo da Web disponível (default_host): http://localhost:9080/openapi/ui/
[02/05/2022 12:40:22:067 BRT] 00000034 com.ibm.ws.http.internal.VirtualHostImpl                     A CWWKT0016I: Aplicativo da Web disponível (default_host): http://localhost:9080/ibm/api/
[02/05/2022 12:40:22:068 BRT] 00000027 com.ibm.ws.http.internal.VirtualHostImpl                     A CWWKT0016I: Aplicativo da Web disponível (default_host): http://localhost:9080/openapi/platform/
[02/05/2022 12:40:22:110 BRT] 0000002d com.ibm.ws.session.WASSessionCore                            I SESN0176I: Um novo contexto de sessão será criado para a chave do aplicativo default_host/metrics
[02/05/2022 12:40:22:110 BRT] 00000039 com.ibm.ws.session.WASSessionCore                            I SESN0176I: Um novo contexto de sessão será criado para a chave do aplicativo default_host/openapi/ui
[02/05/2022 12:40:22:111 BRT] 0000002c com.ibm.ws.session.WASSessionCore                            I SESN0176I: Um novo contexto de sessão será criado para a chave do aplicativo default_host/IBMJMXConnectorREST
[02/05/2022 12:40:22:111 BRT] 00000031 com.ibm.ws.session.WASSessionCore                            I SESN0176I: Um novo contexto de sessão será criado para a chave do aplicativo default_host/jwt
[02/05/2022 12:40:22:111 BRT] 0000002a com.ibm.ws.session.WASSessionCore                            I SESN0176I: Um novo contexto de sessão será criado para a chave do aplicativo default_host/openapi
[02/05/2022 12:40:22:111 BRT] 00000028 com.ibm.ws.session.WASSessionCore                            I SESN0176I: Um novo contexto de sessão será criado para a chave do aplicativo default_host/health
[02/05/2022 12:40:22:111 BRT] 00000048 com.ibm.ws.session.WASSessionCore                            I SESN0176I: Um novo contexto de sessão será criado para a chave do aplicativo default_host/openapi/platform
[02/05/2022 12:40:22:111 BRT] 0000004b com.ibm.ws.session.WASSessionCore                            I SESN0176I: Um novo contexto de sessão será criado para a chave do aplicativo default_host/ibm/api
[02/05/2022 12:40:22:156 BRT] 00000044 com.ibm.ws.webcontainer.osgi.mbeans.PluginGenerator          I SRVE9103I: Um arquivo de configuração para um plug-in de servidor da web foi automaticamente gerado para este servidor em /Users/iratuan/Documents/Projetos/estudos/udemy_jaxrs/target/liberty/wlp/usr/servers/defaultServer/logs/state/plugin-cfg.xml.
[02/05/2022 12:40:22:162 BRT] 0000002d com.ibm.ws.util                                              I SESN0172I: O gerenciador de sessões está usando a implementação SecureRandom padrão Java para geração do ID de sessão.
[02/05/2022 12:40:22:169 BRT] 0000004b com.ibm.ws.util                                              I SESN0172I: O gerenciador de sessões está usando a implementação SecureRandom padrão Java para geração do ID de sessão.
[02/05/2022 12:40:22:170 BRT] 00000048 com.ibm.ws.util                                              I SESN0172I: O gerenciador de sessões está usando a implementação SecureRandom padrão Java para geração do ID de sessão.
[02/05/2022 12:40:22:171 BRT] 00000028 com.ibm.ws.util                                              I SESN0172I: O gerenciador de sessões está usando a implementação SecureRandom padrão Java para geração do ID de sessão.
[02/05/2022 12:40:22:171 BRT] 0000002a com.ibm.ws.util                                              I SESN0172I: O gerenciador de sessões está usando a implementação SecureRandom padrão Java para geração do ID de sessão.
[02/05/2022 12:40:22:172 BRT] 00000031 com.ibm.ws.util                                              I SESN0172I: O gerenciador de sessões está usando a implementação SecureRandom padrão Java para geração do ID de sessão.
[02/05/2022 12:40:22:172 BRT] 0000002c com.ibm.ws.util                                              I SESN0172I: O gerenciador de sessões está usando a implementação SecureRandom padrão Java para geração do ID de sessão.
[02/05/2022 12:40:22:173 BRT] 00000039 com.ibm.ws.util                                              I SESN0172I: O gerenciador de sessões está usando a implementação SecureRandom padrão Java para geração do ID de sessão.
[02/05/2022 12:40:22:188 BRT] 00000048 org.hibernate.validator.internal.util.Version                I HV000001: Hibernate Validator 7.0.0.Final
[02/05/2022 12:40:22:364 BRT] 00000039 com.ibm.ws.cache.CacheServiceImpl                            I DYNA1056I: Cache Dinâmico (cache de objeto) inicializado com êxito.
[02/05/2022 12:40:22:382 BRT] 00000039 org.apache.myfaces.ee.MyFacesContainerInitializer            I Using org.apache.myfaces.ee.MyFacesContainerInitializer
[02/05/2022 12:40:22:422 BRT] 00000031 org.apache.myfaces.ee.MyFacesContainerInitializer            I Using org.apache.myfaces.ee.MyFacesContainerInitializer
[02/05/2022 12:40:22:424 BRT] 0000004b org.apache.myfaces.ee.MyFacesContainerInitializer            I Using org.apache.myfaces.ee.MyFacesContainerInitializer
[02/05/2022 12:40:22:426 BRT] 0000002c org.apache.myfaces.ee.MyFacesContainerInitializer            I Using org.apache.myfaces.ee.MyFacesContainerInitializer
[02/05/2022 12:40:22:429 BRT] 0000002d org.apache.myfaces.ee.MyFacesContainerInitializer            I Using org.apache.myfaces.ee.MyFacesContainerInitializer
[02/05/2022 12:40:22:436 BRT] 0000002a org.apache.myfaces.ee.MyFacesContainerInitializer            I Using org.apache.myfaces.ee.MyFacesContainerInitializer
[02/05/2022 12:40:22:449 BRT] 00000048 org.apache.myfaces.ee.MyFacesContainerInitializer            I Using org.apache.myfaces.ee.MyFacesContainerInitializer
[02/05/2022 12:40:22:477 BRT] 00000028 org.apache.myfaces.ee.MyFacesContainerInitializer            I Using org.apache.myfaces.ee.MyFacesContainerInitializer
[02/05/2022 12:40:22:551 BRT] 00000028 com.ibm.ws.webcontainer.servlet                              I SRVE0242I: [io.openliberty.microprofile.health.3.1.internal.jakarta] [/health] [HealthCheckReadinessServlet]: Inicialização bem sucedida.
[02/05/2022 12:40:22:557 BRT] 0000002c com.ibm.ws.webcontainer.servlet                              I SRVE0242I: [com.ibm.ws.jmx.connector.server.rest.jakarta] [/IBMJMXConnectorREST] [JMXRESTProxyServlet]: Inicialização bem sucedida.
[02/05/2022 12:40:22:558 BRT] 00000028 com.ibm.ws.webcontainer.servlet                              I SRVE0242I: [io.openliberty.microprofile.health.3.1.internal.jakarta] [/health] [HealthCheckServlet]: Inicialização bem sucedida.
[02/05/2022 12:40:22:562 BRT] 0000002a com.ibm.ws.webcontainer.servlet                              I SRVE0242I: [io.openliberty.microprofile.openapi.2.0.internal.jakarta] [/openapi] [ApplicationServlet]: Inicialização bem sucedida.
[02/05/2022 12:40:22:563 BRT] 00000028 com.ibm.ws.webcontainer.servlet                              I SRVE0242I: [io.openliberty.microprofile.health.3.1.internal.jakarta] [/health] [HealthCheckStartupServlet]: Inicialização bem sucedida.
[02/05/2022 12:40:22:566 BRT] 0000002d com.ibm.ws.webcontainer.servlet                              I SRVE0242I: [io.openliberty.microprofile.metrics.internal.private] [/metrics] [PrivateMetricsRESTProxyServlet]: Inicialização bem sucedida.
[02/05/2022 12:40:22:566 BRT] 00000028 com.ibm.ws.webcontainer.servlet                              I SRVE0242I: [io.openliberty.microprofile.health.3.1.internal.jakarta] [/health] [HealthCheckLivenessServlet]: Inicialização bem sucedida.
[02/05/2022 12:40:23:532 BRT] 0000004c t.management.3.2.jakarta:1.0.63.cl220420220328-1303(id=285)] I registering MBean org.apache.cxf:bus.id=restapi-Server-Bus,type=Bus,instance.id=548944363: org.apache.cxf.bus.ManagedBus@7747b666
[02/05/2022 12:40:23:541 BRT] 0000004c t.management.3.2.jakarta:1.0.63.cl220420220328-1303(id=285)] I registered org.apache.cxf:bus.id=restapi-Server-Bus,type=Bus,instance.id=548944363
[02/05/2022 12:40:23:596 BRT] 0000004c t.management.3.2.jakarta:1.0.63.cl220420220328-1303(id=285)] I registering MBean org.apache.cxf:bus.id=restapi-Server-Bus,WorkQueueManager=Bus.WorkQueueManager,type=WorkQueueManager,instance.id=431379477: org.apache.cxf.bus.managers.WorkQueueManagerImplMBeanWrapper@10b2d962
[02/05/2022 12:40:23:855 BRT] 0000004c com.ibm.ws.jca.cm.ConnectorService                           I J2CA8050I: Um alias de autenticação deveria ser usado em vez de definir um nome de usuário e senha em dataSource[datasource].
[02/05/2022 12:40:24:079 BRT] 0000004c com.ibm.ws.recoverylog.spi.RecoveryDirectorImpl              I CWRLS0010I: Realizando processamento de recuperação para o servidor WebSphere local (defaultServer).
[02/05/2022 12:40:24:110 BRT] 0000004c com.ibm.ws.recoverylog.spi.RecoveryDirectorImpl              I CWRLS0012I: Todos os serviços persistentes foram direcionados para realizar o processamento de recuperação para este servidor WebSphere (defaultServer).
[02/05/2022 12:40:24:109 BRT] 0000005b com.ibm.tx.jta.impl.RecoveryManager                          I WTRN0135I: O serviço de transações não está recuperando nenhuma transação.
[02/05/2022 12:40:28:399 BRT] 0000004c liberty.microprofile.openapi20.internal.ApplicationProcessor I CWWKO1660I: O aplicativo restapi foi processado e um documento OpenAPI foi produzido.
[02/05/2022 12:40:28:436 BRT] 0000004c org.jboss.weld.Version                                       I WELD-000900: 4.0.3 (Final)
[02/05/2022 12:40:30:246 BRT] 0000004c org.jboss.weld.Event                                         I WELD-000411: Observer method [BackedAnnotatedMethod] org.apache.myfaces.cdi.JsfArtifactProducerExtension.processAnnotatedType(@Observes ProcessAnnotatedType<T>, BeanManager) receives events for all annotated types. Consider restricting events using @WithAnnotations or a generic type with bounds.
[02/05/2022 12:40:30:286 BRT] 0000004c org.jboss.weld.Event                                         I WELD-000411: Observer method [BackedAnnotatedMethod] org.apache.myfaces.config.annotation.CdiAnnotationProviderExtension.processAnnotatedType(@Observes ProcessAnnotatedType<T>) receives events for all annotated types. Consider restricting events using @WithAnnotations or a generic type with bounds.
[02/05/2022 12:40:31:508 BRT] 0000004c com.ibm.ws.ejbcontainer.osgi.internal.EJBRuntimeImpl         I CNTR4000I: O módulo EJB restapi.war no aplicativo restapi está iniciando.
[02/05/2022 12:40:31:521 BRT] 0000004c com.ibm.ws.ejbcontainer.osgi.internal.NameSpaceBinderImpl    I CNTR0167I: O servidor está ligando a interface com.cruznobre.rest.core.service.BrandService do enterprise bean BrandService no módulo restapi.war do aplicativo restapi.  O local de ligação é: ejblocal:restapi/restapi.war/BrandService#com.cruznobre.rest.core.service.BrandService
[02/05/2022 12:40:31:529 BRT] 0000004c com.ibm.ws.ejbcontainer.osgi.internal.NameSpaceBinderImpl    I CNTR0167I: O servidor está ligando a interface com.cruznobre.rest.core.service.BrandService do enterprise bean BrandService no módulo restapi.war do aplicativo restapi.  O local de ligação é: ejblocal:com.cruznobre.rest.core.service.BrandService
[02/05/2022 12:40:31:529 BRT] 0000004c com.ibm.ws.ejbcontainer.runtime.AbstractEJBRuntime           I CNTR0167I: O servidor está ligando a interface com.cruznobre.rest.core.service.BrandService do enterprise bean BrandService no módulo restapi.war do aplicativo restapi.  O local de ligação é: java:global/restapi/BrandService!com.cruznobre.rest.core.service.BrandService
[02/05/2022 12:40:31:529 BRT] 0000004c com.ibm.ws.ejbcontainer.osgi.internal.NameSpaceBinderImpl    I CNTR0167I: O servidor está ligando a interface com.cruznobre.rest.core.persistence.BrandDAO do enterprise bean BrandDAO no módulo restapi.war do aplicativo restapi.  O local de ligação é: ejblocal:restapi/restapi.war/BrandDAO#com.cruznobre.rest.core.persistence.BrandDAO
[02/05/2022 12:40:31:530 BRT] 0000004c com.ibm.ws.ejbcontainer.osgi.internal.NameSpaceBinderImpl    I CNTR0167I: O servidor está ligando a interface com.cruznobre.rest.core.persistence.BrandDAO do enterprise bean BrandDAO no módulo restapi.war do aplicativo restapi.  O local de ligação é: ejblocal:com.cruznobre.rest.core.persistence.BrandDAO
[02/05/2022 12:40:31:530 BRT] 0000004c com.ibm.ws.ejbcontainer.runtime.AbstractEJBRuntime           I CNTR0167I: O servidor está ligando a interface com.cruznobre.rest.core.persistence.BrandDAO do enterprise bean BrandDAO no módulo restapi.war do aplicativo restapi.  O local de ligação é: java:global/restapi/BrandDAO!com.cruznobre.rest.core.persistence.BrandDAO
[02/05/2022 12:40:31:530 BRT] 0000004c com.ibm.ws.ejbcontainer.osgi.internal.EJBRuntimeImpl         I CNTR4001I: O módulo EJB restapi.war no aplicativo restapi foi iniciado com êxito.
[02/05/2022 12:40:31:530 BRT] 0000004c com.ibm.ws.webcontainer.osgi.webapp.WebGroup                 I SRVE0169I: Carregando o Módulo da Web: restapi.
[02/05/2022 12:40:31:530 BRT] 0000004c com.ibm.ws.webcontainer                                      I SRVE0250I: O Módulo da Web restapi foi ligado ao default_host.
[02/05/2022 12:40:31:530 BRT] 0000004c com.ibm.ws.http.internal.VirtualHostImpl                     A CWWKT0016I: Aplicativo da Web disponível (default_host): http://localhost:9080/restapi/
[02/05/2022 12:40:31:532 BRT] 0000002d com.ibm.ws.session.WASSessionCore                            I SESN0176I: Um novo contexto de sessão será criado para a chave do aplicativo default_host/restapi
[02/05/2022 12:40:31:532 BRT] 0000002d com.ibm.ws.util                                              I SESN0172I: O gerenciador de sessões está usando a implementação SecureRandom padrão Java para geração do ID de sessão.
[02/05/2022 12:40:31:674 BRT] 0000002d org.apache.myfaces.ee.MyFacesContainerInitializer            I Using org.apache.myfaces.ee.MyFacesContainerInitializer
[02/05/2022 12:40:31:674 BRT] 00000031 com.ibm.ws.webcontainer.osgi.mbeans.PluginGenerator          I SRVE9103I: Um arquivo de configuração para um plug-in de servidor da web foi automaticamente gerado para este servidor em /Users/iratuan/Documents/Projetos/estudos/udemy_jaxrs/target/liberty/wlp/usr/servers/defaultServer/logs/state/plugin-cfg.xml.
[02/05/2022 12:40:31:808 BRT] 0000002d com.ibm.ws.app.manager.AppMessageHelper                      A CWWKZ0001I: O aplicativo restapi foi iniciado em 9,981 segundos.
[02/05/2022 12:40:31:832 BRT] 00000026 com.ibm.ws.tcpchannel.internal.TCPPort                       I CWWKO0219I: O Canal TCP defaultHttpEndpoint foi iniciado e agora está atendendo solicitações no host localhost  (IPv4: 127.0.0.1) porta 9080.
[02/05/2022 12:40:31:835 BRT] 00000026 com.ibm.ws.tcpchannel.internal.TCPPort                       I CWWKO0219I: O Canal TCP wasJmsEndpoint462 foi iniciado e agora está atendendo solicitações no host localhost  (IPv4: 127.0.0.1) porta 7276.
[02/05/2022 12:40:31:836 BRT] 00000026 com.ibm.ws.tcpchannel.internal.TCPPort                       I CWWKO0219I: O Canal TCP defaultHttpEndpoint-ssl foi iniciado e agora está atendendo solicitações no host localhost  (IPv4: 127.0.0.1) porta 9443.
[02/05/2022 12:40:31:836 BRT] 00000026 com.ibm.ws.tcpchannel.internal.TCPPort                       I CWWKO0219I: O Canal TCP wasJmsEndpoint462-ssl foi iniciado e agora está atendendo solicitações no host localhost  (IPv4: 127.0.0.1) porta 7286.
[02/05/2022 12:40:31:847 BRT] 00000026 com.ibm.ws.kernel.feature.internal.FeatureManager            A CWWKF0012I: O servidor instalou os recursos a seguir: [appAuthentication-2.0, appAuthorization-2.0, appClientSupport-2.0, appSecurity-4.0, batch-2.0, beanValidation-3.0, cdi-3.0, concurrent-2.0, connectors-2.0, connectorsInboundSecurity-2.0, distributedMap-1.0, enterpriseBeans-4.0, enterpriseBeansHome-4.0, enterpriseBeansLite-4.0, enterpriseBeansPersistentTimer-4.0, enterpriseBeansRemote-4.0, expressionLanguage-4.0, faces-3.0, jakartaee-9.1, jdbc-4.2, jndi-1.0, json-1.0, jsonb-2.0, jsonp-2.0, jwt-1.0, mail-2.0, managedBeans-2.0, mdb-4.0, messaging-3.0, messagingClient-3.0, messagingSecurity-3.0, messagingServer-3.0, microProfile-5.0, monitor-1.0, mpConfig-3.0, mpFaultTolerance-4.0, mpHealth-4.0, mpJwt-2.0, mpMetrics-4.0, mpOpenAPI-3.0, mpOpenTracing-3.0, mpRestClient-3.0, pages-3.0, persistence-3.0, persistenceContainer-3.0, restConnector-2.0, restfulWS-3.0, restfulWSClient-3.0, servlet-5.0, ssl-1.0, transportSecurity-1.0, webProfile-9.1, websocket-2.0, xmlBinding-3.0, xmlWS-3.0].
[02/05/2022 12:40:31:848 BRT] 00000026 com.ibm.ws.kernel.feature.internal.FeatureManager            I CWWKF0008I: Atualização do recurso concluída em 14,618 segundos.
[02/05/2022 12:40:31:848 BRT] 00000026 com.ibm.ws.kernel.feature.internal.FeatureManager            A CWWKF0011I: O servidor defaultServer está pronto para gerenciar um planeta mais inteligente. O servidor defaultServer foi iniciado em 15,719 segundos.
[02/05/2022 12:40:32:058 BRT] 0000002d org.jboss.resteasy.resteasy_jaxrs.i18n                       I RESTEASY002225: Deploying jakarta.ws.rs.core.Application: class com.cruznobre.rest.v1.RestApplication$Proxy$_$$_WeldClientProxy
[02/05/2022 12:40:32:128 BRT] 0000002d com.ibm.ws.webcontainer.servlet                              I SRVE0242I: [restapi] [/restapi] [com.cruznobre.rest.v1.RestApplication]: Inicialização bem sucedida.
[02/05/2022 12:40:34:380 BRT] 00000045 com.ibm.ws.http.internal.VirtualHostImpl                     A CWWKT0017I: Aplicativo da Web removido (default_host): http://localhost:9080/restapi/
[02/05/2022 12:40:34:382 BRT] 00000045 com.ibm.ws.webcontainer.servlet                              I SRVE0253I: [restapi] [/restapi] [com.cruznobre.rest.v1.RestApplication]: Destruição bem sucedida.
[02/05/2022 12:40:34:394 BRT] 00000045 com.ibm.ws.ejbcontainer.osgi.internal.EJBRuntimeImpl         I CNTR4003I: O módulo EJB restapi.war no aplicativo restapi está parando.
[02/05/2022 12:40:34:395 BRT] 00000045 com.ibm.ws.ejbcontainer.osgi.internal.EJBRuntimeImpl         I CNTR4004I: O módulo EJB restapi.war no aplicativo restapi parou com êxito.
[02/05/2022 12:40:34:396 BRT] 00000045 t.management.3.2.jakarta:1.0.63.cl220420220328-1303(id=285)] I unregistering MBean org.apache.cxf:bus.id=restapi-Server-Bus,type=Bus,instance.id=548944363
[02/05/2022 12:40:34:396 BRT] 00000045 t.management.3.2.jakarta:1.0.63.cl220420220328-1303(id=285)] I unregistering MBean org.apache.cxf:bus.id=restapi-Server-Bus,WorkQueueManager=Bus.WorkQueueManager,type=WorkQueueManager,instance.id=431379477
[02/05/2022 12:40:34:415 BRT] 00000045 com.ibm.ws.app.manager.AppMessageHelper                      A CWWKZ0009I: O aplicativo restapi foi interrompido com sucesso.
[02/05/2022 12:40:34:430 BRT] 00000045 com.ibm.ws.app.manager.AppMessageHelper                      I CWWKZ0018I: Iniciando o aplicativo restapi.
[02/05/2022 12:40:34:430 BRT] 00000045 bm.ws.app.manager.war.internal.WARDeployedAppInfoFactoryImpl I CWWKZ0134I: O aplicativo restapi está usando a definição de aplicativo indefinido no local /Users/iratuan/Documents/Projetos/estudos/udemy_jaxrs/target/liberty/wlp/usr/servers/defaultServer/apps/restapi.war.xml.
[02/05/2022 12:40:34:442 BRT] 00000035 com.ibm.ws.webcontainer.osgi.mbeans.PluginGenerator          I SRVE9103I: Um arquivo de configuração para um plug-in de servidor da web foi automaticamente gerado para este servidor em /Users/iratuan/Documents/Projetos/estudos/udemy_jaxrs/target/liberty/wlp/usr/servers/defaultServer/logs/state/plugin-cfg.xml.
[02/05/2022 12:40:34:893 BRT] 00000045 t.management.3.2.jakarta:1.0.63.cl220420220328-1303(id=285)] I registering MBean org.apache.cxf:bus.id=restapi-Server-Bus,type=Bus,instance.id=207105620: org.apache.cxf.bus.ManagedBus@3da0db8b
[02/05/2022 12:40:34:895 BRT] 00000045 t.management.3.2.jakarta:1.0.63.cl220420220328-1303(id=285)] I registered org.apache.cxf:bus.id=restapi-Server-Bus,type=Bus,instance.id=207105620
[02/05/2022 12:40:34:898 BRT] 00000045 t.management.3.2.jakarta:1.0.63.cl220420220328-1303(id=285)] I registering MBean org.apache.cxf:bus.id=restapi-Server-Bus,WorkQueueManager=Bus.WorkQueueManager,type=WorkQueueManager,instance.id=1578184848: org.apache.cxf.bus.managers.WorkQueueManagerImplMBeanWrapper@13769f88
[02/05/2022 12:40:37:819 BRT] 00000045 liberty.microprofile.openapi20.internal.ApplicationProcessor I CWWKO1660I: O aplicativo restapi foi processado e um documento OpenAPI foi produzido.
[02/05/2022 12:40:38:665 BRT] 00000045 org.jboss.weld.Event                                         I WELD-000411: Observer method [BackedAnnotatedMethod] org.apache.myfaces.config.annotation.CdiAnnotationProviderExtension.processAnnotatedType(@Observes ProcessAnnotatedType<T>) receives events for all annotated types. Consider restricting events using @WithAnnotations or a generic type with bounds.
[02/05/2022 12:40:38:671 BRT] 00000045 org.jboss.weld.Event                                         I WELD-000411: Observer method [BackedAnnotatedMethod] org.apache.myfaces.cdi.JsfArtifactProducerExtension.processAnnotatedType(@Observes ProcessAnnotatedType<T>, BeanManager) receives events for all annotated types. Consider restricting events using @WithAnnotations or a generic type with bounds.
[02/05/2022 12:40:39:436 BRT] 00000045 com.ibm.ws.ejbcontainer.osgi.internal.EJBRuntimeImpl         I CNTR4000I: O módulo EJB restapi.war no aplicativo restapi está iniciando.
[02/05/2022 12:40:39:437 BRT] 00000045 com.ibm.ws.ejbcontainer.osgi.internal.NameSpaceBinderImpl    I CNTR0167I: O servidor está ligando a interface com.cruznobre.rest.core.persistence.BrandDAO do enterprise bean BrandDAO no módulo restapi.war do aplicativo restapi.  O local de ligação é: ejblocal:restapi/restapi.war/BrandDAO#com.cruznobre.rest.core.persistence.BrandDAO
[02/05/2022 12:40:39:437 BRT] 00000045 com.ibm.ws.ejbcontainer.osgi.internal.NameSpaceBinderImpl    I CNTR0167I: O servidor está ligando a interface com.cruznobre.rest.core.persistence.BrandDAO do enterprise bean BrandDAO no módulo restapi.war do aplicativo restapi.  O local de ligação é: ejblocal:com.cruznobre.rest.core.persistence.BrandDAO
[02/05/2022 12:40:39:437 BRT] 00000045 com.ibm.ws.ejbcontainer.runtime.AbstractEJBRuntime           I CNTR0167I: O servidor está ligando a interface com.cruznobre.rest.core.persistence.BrandDAO do enterprise bean BrandDAO no módulo restapi.war do aplicativo restapi.  O local de ligação é: java:global/restapi/BrandDAO!com.cruznobre.rest.core.persistence.BrandDAO
[02/05/2022 12:40:39:437 BRT] 00000045 com.ibm.ws.ejbcontainer.osgi.internal.NameSpaceBinderImpl    I CNTR0167I: O servidor está ligando a interface com.cruznobre.rest.core.service.BrandService do enterprise bean BrandService no módulo restapi.war do aplicativo restapi.  O local de ligação é: ejblocal:restapi/restapi.war/BrandService#com.cruznobre.rest.core.service.BrandService
[02/05/2022 12:40:39:437 BRT] 00000045 com.ibm.ws.ejbcontainer.osgi.internal.NameSpaceBinderImpl    I CNTR0167I: O servidor está ligando a interface com.cruznobre.rest.core.service.BrandService do enterprise bean BrandService no módulo restapi.war do aplicativo restapi.  O local de ligação é: ejblocal:com.cruznobre.rest.core.service.BrandService
[02/05/2022 12:40:39:437 BRT] 00000045 com.ibm.ws.ejbcontainer.runtime.AbstractEJBRuntime           I CNTR0167I: O servidor está ligando a interface com.cruznobre.rest.core.service.BrandService do enterprise bean BrandService no módulo restapi.war do aplicativo restapi.  O local de ligação é: java:global/restapi/BrandService!com.cruznobre.rest.core.service.BrandService
[02/05/2022 12:40:39:437 BRT] 00000045 com.ibm.ws.ejbcontainer.osgi.internal.EJBRuntimeImpl         I CNTR4001I: O módulo EJB restapi.war no aplicativo restapi foi iniciado com êxito.
[02/05/2022 12:40:39:437 BRT] 00000045 com.ibm.ws.webcontainer.osgi.webapp.WebGroup                 I SRVE0169I: Carregando o Módulo da Web: restapi.
[02/05/2022 12:40:39:438 BRT] 00000045 com.ibm.ws.webcontainer                                      I SRVE0250I: O Módulo da Web restapi foi ligado ao default_host.
[02/05/2022 12:40:39:438 BRT] 00000045 com.ibm.ws.http.internal.VirtualHostImpl                     A CWWKT0016I: Aplicativo da Web disponível (default_host): http://localhost:9080/restapi/
[02/05/2022 12:40:39:438 BRT] 00000039 com.ibm.ws.session.WASSessionCore                            I SESN0176I: Um novo contexto de sessão será criado para a chave do aplicativo default_host/restapi
[02/05/2022 12:40:39:438 BRT] 00000039 com.ibm.ws.util                                              I SESN0172I: O gerenciador de sessões está usando a implementação SecureRandom padrão Java para geração do ID de sessão.
[02/05/2022 12:40:39:454 BRT] 00000044 com.ibm.ws.webcontainer.osgi.mbeans.PluginGenerator          I SRVE9103I: Um arquivo de configuração para um plug-in de servidor da web foi automaticamente gerado para este servidor em /Users/iratuan/Documents/Projetos/estudos/udemy_jaxrs/target/liberty/wlp/usr/servers/defaultServer/logs/state/plugin-cfg.xml.
[02/05/2022 12:40:39:576 BRT] 00000039 org.apache.myfaces.ee.MyFacesContainerInitializer            I Using org.apache.myfaces.ee.MyFacesContainerInitializer
[02/05/2022 12:40:39:659 BRT] 00000039 com.ibm.ws.app.manager.AppMessageHelper                      A CWWKZ0003I: O aplicativo restapi foi atualizado em 5,228 segundos.
[02/05/2022 12:40:39:739 BRT] 00000039 org.jboss.resteasy.resteasy_jaxrs.i18n                       I RESTEASY002225: Deploying jakarta.ws.rs.core.Application: class com.cruznobre.rest.v1.RestApplication$Proxy$_$$_WeldClientProxy
[02/05/2022 12:40:39:746 BRT] 00000039 com.ibm.ws.webcontainer.servlet                              I SRVE0242I: [restapi] [/restapi] [com.cruznobre.rest.v1.RestApplication]: Inicialização bem sucedida.
