********************************************************************************
product = Open Liberty 22.0.0.4 (wlp-1.0.63.cl220420220328-1303)
wlp.install.dir = /Users/iratuan/Documents/Projetos/estudos/udemy_jaxrs/target/liberty/wlp/
java.home = /usr/local/Cellar/openjdk/17.0.2/libexec/openjdk.jdk/Contents/Home
java.version = 17.0.2
java.runtime = OpenJDK Runtime Environment (17.0.2+0)
os = Mac OS X (12.3.1; x86_64) (pt_BR)
process = 8904@as-MacBook-Pro.local
Classpath = /Users/iratuan/Documents/Projetos/estudos/udemy_jaxrs/target/liberty/wlp/bin/tools/ws-server.jar
Java Library path = /Users/iratuan/Library/Java/Extensions:/Library/Java/Extensions:/Network/Library/Java/Extensions:/System/Library/Java/Extensions:/usr/lib/java:.
********************************************************************************
[02/05/2022 12:14:48:452 BRT] 00000001 com.ibm.ws.kernel.launch.internal.FrameworkManager           A CWWKE0001I: O servidor defaultServer foi ativado.
[02/05/2022 12:14:49:285 BRT] 00000001 com.ibm.ws.kernel.launch.internal.FrameworkManager           I CWWKE0002I: O kernel foi iniciado após 1,253 segundos
[02/05/2022 12:14:49:305 BRT] 00000026 com.ibm.ws.kernel.feature.internal.FeatureManager            I CWWKF0007I: Atualização do recurso iniciada.
[02/05/2022 12:14:50:027 BRT] 00000019 com.ibm.ws.security.registry.basic.internal.BasicRegistry    W CWWKS3103W: Não existem usuários definidos para a configuração BasicRegistry do ID com.ibm.ws.security.registry.basic.config[basic].
[02/05/2022 12:14:50:069 BRT] 00000019 com.ibm.ws.security.ready.internal.SecurityReadyServiceImpl  I CWWKS0007I: O serviço de segurança está iniciando...
[02/05/2022 12:14:50:295 BRT] 0000001c com.ibm.ws.app.manager.internal.monitor.DropinMonitor        A CWWKZ0058I: Monitorando dropins para aplicativos.
[02/05/2022 12:14:50:603 BRT] 0000001d com.ibm.ws.cache.ServerCache                                 I DYNA1001I: A instância de Cache Dinâmico do WebSphere denominada baseCache foi inicializada com êxito.
[02/05/2022 12:14:50:611 BRT] 0000001d com.ibm.ws.cache.ServerCache                                 I DYNA1071I: O provedor de cache default está sendo usado.
[02/05/2022 12:14:50:612 BRT] 0000001d com.ibm.ws.cache.CacheServiceImpl                            I DYNA1056I: Cache Dinâmico (cache de objeto) inicializado com êxito.
[02/05/2022 12:14:51:038 BRT] 0000001d cxf.cxf.core.3.2.jakarta:1.0.63.cl220420220328-1303(id=280)] I Aries Blueprint packages not available. So namespaces will not be registered
[02/05/2022 12:14:51:213 BRT] 0000001d rty.security.mp.jwt.v12.config.impl.MpConfigProxyServiceImpl I CWWKS5780I: O MicroProfile JWT versão 1.2 mpConfigProxy foi processado com sucesso.
[02/05/2022 12:14:51:214 BRT] 0000001b .ws.security.mp.jwt.v11.config.impl.MpConfigProxyServiceImpl I CWWKS5775I: O mpConfigProxy do MicroProfile JWT versão 1.1 foi processado com sucesso.
[02/05/2022 12:14:51:985 BRT] 0000001a com.ibm.ws.sib.utils.ras.SibMessage                          I  CWSID0108I: O servidor JMS foi iniciado.  
[02/05/2022 12:14:52:049 BRT] 00000022 com.ibm.ws.ssl.config.WSKeyStore                             A CWPKI0820A: O keystore padrão foi criado usando a variável de ambiente 'keystore_password'.
[02/05/2022 12:14:52:103 BRT] 00000019 ibm.ws.security.authentication.internal.jaas.JAASServiceImpl I CWWKS1123I: O plug-in de autenticação coletivo com o nome de classe NullCollectiveAuthenticationPlugin foi ativado. 
[02/05/2022 12:14:52:138 BRT] 00000028 com.ibm.ws.security.ready.internal.SecurityReadyServiceImpl  I CWWKS0008I: O serviço de segurança está pronto.
[02/05/2022 12:14:52:138 BRT] 00000028 com.ibm.ws.security.token.ltpa.internal.LTPAKeyCreateTask    I CWWKS4105I: A configuração de LTPA fica pronta após 0,082 segundos.
[02/05/2022 12:14:52:439 BRT] 00000022 com.ibm.ws.ssl.config.WSKeyStore                             I Successfully loaded default keystore: /Users/iratuan/Documents/Projetos/estudos/udemy_jaxrs/target/liberty/wlp/usr/servers/defaultServer/resources/security/key.p12 of type: PKCS12
[02/05/2022 12:14:52:479 BRT] 00000022 com.ibm.ws.security.mp.jwt.impl.MicroProfileJwtServiceImpl   I CWWKS5500I: A configuração do MicroProfile JWT [MicroProfileJwtService] foi processada com sucesso.
[02/05/2022 12:14:52:481 BRT] 00000022 com.ibm.ws.security.mp.jwt.impl.MicroProfileJwtConfigImpl    I CWWKS5500I: A configuração do MicroProfile JWT [defaultMpJwt] foi processada com sucesso.
[02/05/2022 12:14:52:547 BRT] 00000019 com.ibm.ws.security.jaspi.AuthConfigFactoryWrapper           I CWWKS1655I: A classe AuthConfigFactory com.ibm.ws.security.jaspi.ProviderRegistry padrão do Java Authentication SPI for Containers (JASPIC) está sendo usada porque a propriedade de segurança Java authconfigprovider.factory não está configurada. 
[02/05/2022 12:14:52:577 BRT] 00000019 com.ibm.ws.security.jwt.internal.ConsumerImpl                I CWWKS6012I: O serviço do consumidor JSON Web Token (JWT) está disponível.
[02/05/2022 12:14:52:593 BRT] 00000019 com.ibm.ws.security.jwt.web.JwtEndpointServices              I CWWKS6002I: O trabalho de terminal JSON Web Token (JWT) está disponível.
[02/05/2022 12:14:53:021 BRT] 00000019 com.ibm.ws.session.WASSessionCore                            I SESN8501I: O gerenciador de sessões não localizou um local de armazenamento persistente; objetos HttpSession serão armazenados na memória do servidor de aplicativos local.
[02/05/2022 12:14:53:152 BRT] 00000019 .microprofile.metrics.internal.monitor.MonitorMetricsHandler I CWPMI2003I: Métricas de monitoramento podem ser recuperadas por meio do mpMetrics.
[02/05/2022 12:14:53:259 BRT] 0000001c cxf.cxf.core.3.2.jakarta:1.0.63.cl220420220328-1303(id=280)] I Adding the extensions from bundle com.ibm.ws.org.apache.cxf.cxf.rt.bindings.soap.3.2.jakarta (278) [org.apache.cxf.binding.soap.SoapBindingFactory, org.apache.cxf.binding.soap.SoapTransportFactory]
[02/05/2022 12:14:53:262 BRT] 0000001c cxf.cxf.core.3.2.jakarta:1.0.63.cl220420220328-1303(id=280)] I Adding the extensions from bundle com.ibm.ws.org.apache.cxf.cxf.rt.bindings.xml.3.2.jakarta (279) [org.apache.cxf.binding.xml.XMLBindingFactory, org.apache.cxf.binding.xml.wsdl11.XMLWSDLExtensionLoader]
[02/05/2022 12:14:53:263 BRT] 0000001c cxf.cxf.core.3.2.jakarta:1.0.63.cl220420220328-1303(id=280)] I Adding the extensions from bundle com.ibm.ws.org.apache.cxf.cxf.core.3.2.jakarta (280) [org.apache.cxf.phase.PhaseManager, org.apache.cxf.workqueue.WorkQueueManager, org.apache.cxf.buslifecycle.BusLifeCycleManager, org.apache.cxf.endpoint.ServerRegistry, org.apache.cxf.endpoint.EndpointResolverRegistry, org.apache.cxf.headers.HeaderManager, org.apache.cxf.service.factory.FactoryBeanListenerManager, org.apache.cxf.endpoint.ServerLifeCycleManager, org.apache.cxf.endpoint.ClientLifeCycleManager, org.apache.cxf.resource.ResourceManager, org.apache.cxf.catalog.OASISCatalogManager, org.apache.cxf.transport.http.HTTPTransportFactory, org.apache.cxf.common.util.ASMHelper, org.apache.cxf.common.spi.ClassLoaderService, org.apache.cxf.transport.http.HTTPConduitFactory, org.apache.cxf.transport.ConduitInitiator]
[02/05/2022 12:14:53:264 BRT] 0000001c cxf.cxf.core.3.2.jakarta:1.0.63.cl220420220328-1303(id=280)] I Adding the extensions from bundle com.ibm.ws.org.apache.cxf.cxf.rt.databinding.jaxb.3.2.jakarta (281) [org.apache.cxf.jaxb.WrapperHelperCreator, org.apache.cxf.jaxb.FactoryClassCreator]
[02/05/2022 12:14:53:265 BRT] 0000001c cxf.cxf.core.3.2.jakarta:1.0.63.cl220420220328-1303(id=280)] I Adding the extensions from bundle com.ibm.ws.org.apache.cxf.cxf.rt.features.logging.3.2 (282) [org.apache.cxf.ext.logging.LoggingFactoryBeanListener, org.apache.cxf.ext.logging.OldLoggingFactoryBeanListener, org.apache.cxf.ext.logging.LoggingBusLifecycleListener]
[02/05/2022 12:14:53:266 BRT] 0000001c cxf.cxf.core.3.2.jakarta:1.0.63.cl220420220328-1303(id=280)] I Adding the extensions from bundle com.ibm.ws.org.apache.cxf.cxf.rt.frontend.jaxws.3.2.jakarta (283) [org.apache.cxf.jaxws.context.WebServiceContextResourceResolver, org.apache.cxf.jaxws.spi.WrapperClassCreator]
[02/05/2022 12:14:53:267 BRT] 0000001c cxf.cxf.core.3.2.jakarta:1.0.63.cl220420220328-1303(id=280)] I Adding the extensions from bundle com.ibm.ws.org.apache.cxf.cxf.rt.frontend.simple.3.2.jakarta (284) [org.apache.cxf.endpoint.dynamic.ExceptionClassCreator]
[02/05/2022 12:14:53:268 BRT] 0000001c cxf.cxf.core.3.2.jakarta:1.0.63.cl220420220328-1303(id=280)] I Adding the extensions from bundle com.ibm.ws.org.apache.cxf.cxf.rt.management.3.2.jakarta (285) [org.apache.cxf.management.InstrumentationManager]
[02/05/2022 12:14:53:271 BRT] 0000001c cxf.cxf.core.3.2.jakarta:1.0.63.cl220420220328-1303(id=280)] I Adding the extensions from bundle com.ibm.ws.org.apache.cxf.cxf.rt.transports.http.3.2.jakarta (286) [org.apache.cxf.transport.http.HTTPTransportFactory, org.apache.cxf.transport.http.HTTPWSDLExtensionLoader, org.apache.cxf.transport.http.policy.HTTPClientAssertionBuilder, org.apache.cxf.transport.http.policy.HTTPServerAssertionBuilder, org.apache.cxf.transport.http.policy.NoOpPolicyInterceptorProvider]
[02/05/2022 12:14:53:272 BRT] 0000001c cxf.cxf.core.3.2.jakarta:1.0.63.cl220420220328-1303(id=280)] I Adding the extensions from bundle com.ibm.ws.org.apache.cxf.cxf.rt.wsdl.3.2.jakarta (288) [org.apache.cxf.wsdl.WSDLManager, org.apache.cxf.wsdl.ExtensionClassCreator]
[02/05/2022 12:14:53:273 BRT] 0000001c cxf.cxf.core.3.2.jakarta:1.0.63.cl220420220328-1303(id=280)] I Adding the extensions from bundle com.ibm.ws.org.apache.cxf.cxf.rt.ws.addr.3.2.jakarta (289) [org.apache.cxf.ws.addressing.policy.AddressingAssertionBuilder, org.apache.cxf.ws.addressing.policy.UsingAddressingAssertionBuilder, org.apache.cxf.ws.addressing.policy.AddressingPolicyInterceptorProvider, org.apache.cxf.ws.addressing.impl.AddressingWSDLExtensionLoader, org.apache.cxf.ws.addressing.WSAddressingFeature$WSAddressingFeatureApplier, org.apache.cxf.ws.addressing.MAPAggregator$MAPAggregatorLoader]
[02/05/2022 12:14:53:274 BRT] 0000001c cxf.cxf.core.3.2.jakarta:1.0.63.cl220420220328-1303(id=280)] I Adding the extensions from bundle com.ibm.ws.org.apache.cxf.cxf.rt.ws.policy.3.2.jakarta (290) [org.apache.cxf.ws.policy.PolicyEngine, org.apache.cxf.policy.PolicyDataEngine, org.apache.cxf.ws.policy.AssertionBuilderRegistry, org.apache.cxf.ws.policy.PolicyInterceptorProviderRegistry, org.apache.cxf.ws.policy.PolicyBuilder, org.apache.cxf.ws.policy.PolicyAnnotationListener, org.apache.cxf.ws.policy.attachment.ServiceModelPolicyProvider, org.apache.cxf.ws.policy.attachment.external.DomainExpressionBuilderRegistry, org.apache.cxf.ws.policy.attachment.external.EndpointReferenceDomainExpressionBuilder, org.apache.cxf.ws.policy.attachment.external.URIDomainExpressionBuilder, org.apache.cxf.ws.policy.attachment.wsdl11.Wsdl11AttachmentPolicyProvider, org.apache.cxf.ws.policy.mtom.MTOMAssertionBuilder, org.apache.cxf.ws.policy.mtom.MTOMPolicyInterceptorProvider]
[02/05/2022 12:14:53:312 BRT] 0000001c cxf.cxf.core.3.2.jakarta:1.0.63.cl220420220328-1303(id=280)] I Aries Blueprint packages not available. So namespaces will not be registered
[02/05/2022 12:14:53:317 BRT] 0000001c cxf.cxf.core.3.2.jakarta:1.0.63.cl220420220328-1303(id=280)] I Aries Blueprint packages not available. So namespaces will not be registered
[02/05/2022 12:14:53:340 BRT] 0000001c cxf.cxf.core.3.2.jakarta:1.0.63.cl220420220328-1303(id=280)] I Aries Blueprint packages not available. So namespaces will not be registered
[02/05/2022 12:14:53:362 BRT] 0000001c cxf.cxf.core.3.2.jakarta:1.0.63.cl220420220328-1303(id=280)] I Aries Blueprint packages not available. So namespaces will not be registered
[02/05/2022 12:14:53:386 BRT] 00000022 org.apache.cxf.ext.logging.osgi.Activator                    I CXF message logging feature disabled
[02/05/2022 12:14:53:445 BRT] 0000001c cxf.cxf.core.3.2.jakarta:1.0.63.cl220420220328-1303(id=280)] W Could not create a secure Stax XMLInputFactory.  Found class com.sun.xml.internal.stream.XMLInputFactoryImpl.  Suggest Woodstox 4.2.0 or newer.
[02/05/2022 12:14:53:762 BRT] 0000001d com.ibm.ws.transport.iiop.internal.ORBWrapperInternal        A CWWKI0001I: O servidor de nome CORBA está agora disponível em corbaloc:iiop:localhost:2809/NameService.
[02/05/2022 12:14:54:744 BRT] 00000031 com.ibm.ws.app.manager.AppMessageHelper                      I CWWKZ0018I: Iniciando o aplicativo restapi.
[02/05/2022 12:14:54:745 BRT] 00000031 bm.ws.app.manager.war.internal.WARDeployedAppInfoFactoryImpl I CWWKZ0134I: O aplicativo restapi está usando a definição de aplicativo indefinido no local /Users/iratuan/Documents/Projetos/estudos/udemy_jaxrs/target/liberty/wlp/usr/servers/defaultServer/apps/restapi.war.xml.
[02/05/2022 12:14:55:022 BRT] 0000002d com.ibm.ws.webcontainer.osgi.webapp.WebGroup                 I SRVE0169I: Carregando o Módulo da Web: /openapi/platform.
[02/05/2022 12:14:55:002 BRT] 00000029 com.ibm.ws.webcontainer.osgi.webapp.WebGroup                 I SRVE0169I: Carregando o Módulo da Web: OpenAPIUI.
[02/05/2022 12:14:55:023 BRT] 0000003d com.ibm.ws.webcontainer.osgi.webapp.WebGroup                 I SRVE0169I: Carregando o Módulo da Web: ibm/api.
[02/05/2022 12:14:55:026 BRT] 0000002d com.ibm.ws.webcontainer                                      I SRVE0250I: O Módulo da Web /openapi/platform foi ligado ao default_host.
[02/05/2022 12:14:55:027 BRT] 0000003d com.ibm.ws.webcontainer                                      I SRVE0250I: O Módulo da Web ibm/api foi ligado ao default_host.
[02/05/2022 12:14:55:026 BRT] 00000029 com.ibm.ws.webcontainer                                      I SRVE0250I: O Módulo da Web OpenAPIUI foi ligado ao default_host.
[02/05/2022 12:14:55:024 BRT] 0000003f com.ibm.ws.webcontainer.osgi.webapp.WebGroup                 I SRVE0169I: Carregando o Módulo da Web: health.
[02/05/2022 12:14:55:027 BRT] 0000003f com.ibm.ws.webcontainer                                      I SRVE0250I: O Módulo da Web health foi ligado ao default_host.
[02/05/2022 12:14:55:022 BRT] 0000003e com.ibm.ws.webcontainer.osgi.webapp.WebGroup                 I SRVE0169I: Carregando o Módulo da Web: IBMJMXConnectorREST.
[02/05/2022 12:14:55:028 BRT] 0000003e com.ibm.ws.webcontainer                                      I SRVE0250I: O Módulo da Web IBMJMXConnectorREST foi ligado ao default_host.
[02/05/2022 12:14:55:029 BRT] 0000002d com.ibm.ws.http.internal.VirtualHostImpl                     A CWWKT0016I: Aplicativo da Web disponível (default_host): http://localhost:9080/openapi/platform/
[02/05/2022 12:14:55:032 BRT] 0000003e com.ibm.ws.http.internal.VirtualHostImpl                     A CWWKT0016I: Aplicativo da Web disponível (default_host): http://localhost:9080/IBMJMXConnectorREST/
[02/05/2022 12:14:55:033 BRT] 0000003e com.ibm.ws.jmx.connector.server.rest.RESTAppListener         I CWWKX0103I: O conector JMX REST está em execução e está disponível na seguinte URL de serviço: service:jmx:rest://localhost:9443/IBMJMXConnectorREST
[02/05/2022 12:14:55:035 BRT] 0000003e com.ibm.ws.jmx.connector.server.rest.RESTAppListener         I CWWKX0103I: O conector JMX REST está em execução e está disponível na seguinte URL de serviço: service:jmx:rest://localhost:9443/IBMJMXConnectorREST
[02/05/2022 12:14:55:036 BRT] 0000003f com.ibm.ws.http.internal.VirtualHostImpl                     A CWWKT0016I: Aplicativo da Web disponível (default_host): http://localhost:9080/health/
[02/05/2022 12:14:55:038 BRT] 00000029 com.ibm.ws.http.internal.VirtualHostImpl                     A CWWKT0016I: Aplicativo da Web disponível (default_host): http://localhost:9080/openapi/ui/
[02/05/2022 12:14:55:040 BRT] 0000003d com.ibm.ws.http.internal.VirtualHostImpl                     A CWWKT0016I: Aplicativo da Web disponível (default_host): http://localhost:9080/ibm/api/
[02/05/2022 12:14:55:079 BRT] 00000037 com.ibm.ws.session.WASSessionCore                            I SESN0176I: Um novo contexto de sessão será criado para a chave do aplicativo default_host/openapi/platform
[02/05/2022 12:14:55:008 BRT] 0000002a com.ibm.ws.webcontainer.osgi.webapp.WebGroup                 I SRVE0169I: Carregando o Módulo da Web: PrivateMicroProfileMetrics.
[02/05/2022 12:14:55:123 BRT] 0000002a com.ibm.ws.webcontainer                                      I SRVE0250I: O Módulo da Web PrivateMicroProfileMetrics foi ligado ao default_host.
[02/05/2022 12:14:55:124 BRT] 00000033 com.ibm.ws.session.WASSessionCore                            I SESN0176I: Um novo contexto de sessão será criado para a chave do aplicativo default_host/openapi/ui
[02/05/2022 12:14:55:124 BRT] 0000002a com.ibm.ws.http.internal.VirtualHostImpl                     A CWWKT0016I: Aplicativo da Web disponível (default_host): http://localhost:9080/metrics/
[02/05/2022 12:14:55:124 BRT] 00000032 com.ibm.ws.session.WASSessionCore                            I SESN0176I: Um novo contexto de sessão será criado para a chave do aplicativo default_host/health
[02/05/2022 12:14:55:124 BRT] 00000038 com.ibm.ws.session.WASSessionCore                            I SESN0176I: Um novo contexto de sessão será criado para a chave do aplicativo default_host/IBMJMXConnectorREST
[02/05/2022 12:14:55:124 BRT] 00000036 com.ibm.ws.session.WASSessionCore                            I SESN0176I: Um novo contexto de sessão será criado para a chave do aplicativo default_host/ibm/api
[02/05/2022 12:14:55:002 BRT] 00000027 com.ibm.ws.webcontainer.osgi.webapp.WebGroup                 I SRVE0169I: Carregando o Módulo da Web: io.openliberty.security.jwt.internal.
[02/05/2022 12:14:55:125 BRT] 00000027 com.ibm.ws.webcontainer                                      I SRVE0250I: O Módulo da Web io.openliberty.security.jwt.internal foi ligado ao default_host.
[02/05/2022 12:14:55:125 BRT] 00000027 com.ibm.ws.http.internal.VirtualHostImpl                     A CWWKT0016I: Aplicativo da Web disponível (default_host): http://localhost:9080/jwt/
[02/05/2022 12:14:55:129 BRT] 0000002a com.ibm.ws.session.WASSessionCore                            I SESN0176I: Um novo contexto de sessão será criado para a chave do aplicativo default_host/metrics
[02/05/2022 12:14:55:007 BRT] 00000028 com.ibm.ws.webcontainer.osgi.webapp.WebGroup                 I SRVE0169I: Carregando o Módulo da Web: MicroProfileOpenAPI.
[02/05/2022 12:14:55:130 BRT] 00000028 com.ibm.ws.webcontainer                                      I SRVE0250I: O Módulo da Web MicroProfileOpenAPI foi ligado ao default_host.
[02/05/2022 12:14:55:130 BRT] 00000028 com.ibm.ws.http.internal.VirtualHostImpl                     A CWWKT0016I: Aplicativo da Web disponível (default_host): http://localhost:9080/openapi/
[02/05/2022 12:14:55:133 BRT] 00000037 com.ibm.ws.util                                              I SESN0172I: O gerenciador de sessões está usando a implementação SecureRandom padrão Java para geração do ID de sessão.
[02/05/2022 12:14:55:138 BRT] 00000029 com.ibm.ws.session.WASSessionCore                            I SESN0176I: Um novo contexto de sessão será criado para a chave do aplicativo default_host/openapi
[02/05/2022 12:14:55:150 BRT] 0000003e com.ibm.ws.session.WASSessionCore                            I SESN0176I: Um novo contexto de sessão será criado para a chave do aplicativo default_host/jwt
[02/05/2022 12:14:55:150 BRT] 0000003e com.ibm.ws.util                                              I SESN0172I: O gerenciador de sessões está usando a implementação SecureRandom padrão Java para geração do ID de sessão.
[02/05/2022 12:14:55:151 BRT] 00000029 com.ibm.ws.util                                              I SESN0172I: O gerenciador de sessões está usando a implementação SecureRandom padrão Java para geração do ID de sessão.
[02/05/2022 12:14:55:151 BRT] 0000002a com.ibm.ws.util                                              I SESN0172I: O gerenciador de sessões está usando a implementação SecureRandom padrão Java para geração do ID de sessão.
[02/05/2022 12:14:55:151 BRT] 00000036 com.ibm.ws.util                                              I SESN0172I: O gerenciador de sessões está usando a implementação SecureRandom padrão Java para geração do ID de sessão.
[02/05/2022 12:14:55:152 BRT] 00000038 com.ibm.ws.util                                              I SESN0172I: O gerenciador de sessões está usando a implementação SecureRandom padrão Java para geração do ID de sessão.
[02/05/2022 12:14:55:152 BRT] 00000032 com.ibm.ws.util                                              I SESN0172I: O gerenciador de sessões está usando a implementação SecureRandom padrão Java para geração do ID de sessão.
[02/05/2022 12:14:55:152 BRT] 00000033 com.ibm.ws.util                                              I SESN0172I: O gerenciador de sessões está usando a implementação SecureRandom padrão Java para geração do ID de sessão.
[02/05/2022 12:14:55:185 BRT] 0000003f com.ibm.ws.webcontainer.osgi.mbeans.PluginGenerator          I SRVE9103I: Um arquivo de configuração para um plug-in de servidor da web foi automaticamente gerado para este servidor em /Users/iratuan/Documents/Projetos/estudos/udemy_jaxrs/target/liberty/wlp/usr/servers/defaultServer/logs/state/plugin-cfg.xml.
[02/05/2022 12:14:55:203 BRT] 00000033 org.hibernate.validator.internal.util.Version                I HV000001: Hibernate Validator 7.0.0.Final
[02/05/2022 12:14:55:452 BRT] 00000033 com.ibm.ws.cache.CacheServiceImpl                            I DYNA1056I: Cache Dinâmico (cache de objeto) inicializado com êxito.
[02/05/2022 12:14:55:468 BRT] 00000033 org.apache.myfaces.ee.MyFacesContainerInitializer            I Using org.apache.myfaces.ee.MyFacesContainerInitializer
[02/05/2022 12:14:55:468 BRT] 0000002a org.apache.myfaces.ee.MyFacesContainerInitializer            I Using org.apache.myfaces.ee.MyFacesContainerInitializer
[02/05/2022 12:14:55:468 BRT] 00000037 org.apache.myfaces.ee.MyFacesContainerInitializer            I Using org.apache.myfaces.ee.MyFacesContainerInitializer
[02/05/2022 12:14:55:468 BRT] 00000029 org.apache.myfaces.ee.MyFacesContainerInitializer            I Using org.apache.myfaces.ee.MyFacesContainerInitializer
[02/05/2022 12:14:55:468 BRT] 00000038 org.apache.myfaces.ee.MyFacesContainerInitializer            I Using org.apache.myfaces.ee.MyFacesContainerInitializer
[02/05/2022 12:14:55:468 BRT] 0000003e org.apache.myfaces.ee.MyFacesContainerInitializer            I Using org.apache.myfaces.ee.MyFacesContainerInitializer
[02/05/2022 12:14:55:468 BRT] 00000036 org.apache.myfaces.ee.MyFacesContainerInitializer            I Using org.apache.myfaces.ee.MyFacesContainerInitializer
[02/05/2022 12:14:55:468 BRT] 00000032 org.apache.myfaces.ee.MyFacesContainerInitializer            I Using org.apache.myfaces.ee.MyFacesContainerInitializer
[02/05/2022 12:14:55:606 BRT] 00000038 com.ibm.ws.webcontainer.servlet                              I SRVE0242I: [com.ibm.ws.jmx.connector.server.rest.jakarta] [/IBMJMXConnectorREST] [JMXRESTProxyServlet]: Inicialização bem sucedida.
[02/05/2022 12:14:55:612 BRT] 00000032 com.ibm.ws.webcontainer.servlet                              I SRVE0242I: [io.openliberty.microprofile.health.3.1.internal.jakarta] [/health] [HealthCheckReadinessServlet]: Inicialização bem sucedida.
[02/05/2022 12:14:55:614 BRT] 00000032 com.ibm.ws.webcontainer.servlet                              I SRVE0242I: [io.openliberty.microprofile.health.3.1.internal.jakarta] [/health] [HealthCheckServlet]: Inicialização bem sucedida.
[02/05/2022 12:14:55:614 BRT] 00000032 com.ibm.ws.webcontainer.servlet                              I SRVE0242I: [io.openliberty.microprofile.health.3.1.internal.jakarta] [/health] [HealthCheckStartupServlet]: Inicialização bem sucedida.
[02/05/2022 12:14:55:619 BRT] 00000032 com.ibm.ws.webcontainer.servlet                              I SRVE0242I: [io.openliberty.microprofile.health.3.1.internal.jakarta] [/health] [HealthCheckLivenessServlet]: Inicialização bem sucedida.
[02/05/2022 12:14:55:622 BRT] 00000029 com.ibm.ws.webcontainer.servlet                              I SRVE0242I: [io.openliberty.microprofile.openapi.2.0.internal.jakarta] [/openapi] [ApplicationServlet]: Inicialização bem sucedida.
[02/05/2022 12:14:55:625 BRT] 0000002a com.ibm.ws.webcontainer.servlet                              I SRVE0242I: [io.openliberty.microprofile.metrics.internal.private] [/metrics] [PrivateMetricsRESTProxyServlet]: Inicialização bem sucedida.
[02/05/2022 12:14:57:098 BRT] 00000031 t.management.3.2.jakarta:1.0.63.cl220420220328-1303(id=285)] I registering MBean org.apache.cxf:bus.id=restapi-Server-Bus,type=Bus,instance.id=663493888: org.apache.cxf.bus.ManagedBus@5903041
[02/05/2022 12:14:57:108 BRT] 00000031 t.management.3.2.jakarta:1.0.63.cl220420220328-1303(id=285)] I registered org.apache.cxf:bus.id=restapi-Server-Bus,type=Bus,instance.id=663493888
[02/05/2022 12:14:57:263 BRT] 00000031 t.management.3.2.jakarta:1.0.63.cl220420220328-1303(id=285)] I registering MBean org.apache.cxf:bus.id=restapi-Server-Bus,WorkQueueManager=Bus.WorkQueueManager,type=WorkQueueManager,instance.id=419406238: org.apache.cxf.bus.managers.WorkQueueManagerImplMBeanWrapper@4265f476
[02/05/2022 12:14:57:597 BRT] 00000031 com.ibm.ws.jca.cm.ConnectorService                           I J2CA8050I: Um alias de autenticação deveria ser usado em vez de definir um nome de usuário e senha em dataSource[datasource].
[02/05/2022 12:14:57:856 BRT] 00000031 com.ibm.ws.recoverylog.spi.RecoveryDirectorImpl              I CWRLS0010I: Realizando processamento de recuperação para o servidor WebSphere local (defaultServer).
[02/05/2022 12:14:57:890 BRT] 00000031 com.ibm.ws.recoverylog.spi.RecoveryDirectorImpl              I CWRLS0012I: Todos os serviços persistentes foram direcionados para realizar o processamento de recuperação para este servidor WebSphere (defaultServer).
[02/05/2022 12:14:57:890 BRT] 0000005b com.ibm.tx.jta.impl.RecoveryManager                          I WTRN0135I: O serviço de transações não está recuperando nenhuma transação.
[02/05/2022 12:15:02:623 BRT] 00000031 liberty.microprofile.openapi20.internal.ApplicationProcessor I CWWKO1660I: O aplicativo restapi foi processado e um documento OpenAPI foi produzido.
[02/05/2022 12:15:02:659 BRT] 00000031 org.jboss.weld.Version                                       I WELD-000900: 4.0.3 (Final)
[02/05/2022 12:15:04:630 BRT] 00000031 org.jboss.weld.Event                                         I WELD-000411: Observer method [BackedAnnotatedMethod] org.apache.myfaces.cdi.JsfArtifactProducerExtension.processAnnotatedType(@Observes ProcessAnnotatedType<T>, BeanManager) receives events for all annotated types. Consider restricting events using @WithAnnotations or a generic type with bounds.
[02/05/2022 12:15:04:650 BRT] 00000031 org.jboss.weld.Event                                         I WELD-000411: Observer method [BackedAnnotatedMethod] org.apache.myfaces.config.annotation.CdiAnnotationProviderExtension.processAnnotatedType(@Observes ProcessAnnotatedType<T>) receives events for all annotated types. Consider restricting events using @WithAnnotations or a generic type with bounds.
[02/05/2022 12:15:05:360 BRT] 00000031 com.ibm.ws.logging.internal.impl.IncidentImpl                I FFDC1015I: Um Incidente de FFDC foi criado: "org.jboss.weld.exceptions.DefinitionException: HV000151: A method overriding another method must not redefine the parameter constraint configuration, but method BrandDAO#save(Brand) redefines the configuration of GenericDAO#save(Object). com.ibm.ws.container.service.state.internal.ApplicationStateManager 54" em ffdc_22.05.02_12.15.05.0.log
[02/05/2022 12:15:05:489 BRT] 00000031 com.ibm.ws.logging.internal.impl.IncidentImpl                I FFDC1015I: Um Incidente de FFDC foi criado: "com.ibm.ws.container.service.state.StateChangeException: org.jboss.weld.exceptions.DefinitionException: HV000151: A method overriding another method must not redefine the parameter constraint configuration, but method BrandDAO#save(Brand) redefines the configuration of GenericDAO#save(Object). com.ibm.ws.app.manager.module.internal.SimpleDeployedAppInfoBase 548" em ffdc_22.05.02_12.15.05.1.log
[02/05/2022 12:15:05:490 BRT] 00000031 t.management.3.2.jakarta:1.0.63.cl220420220328-1303(id=285)] I unregistering MBean org.apache.cxf:bus.id=restapi-Server-Bus,type=Bus,instance.id=663493888
[02/05/2022 12:15:05:491 BRT] 00000031 t.management.3.2.jakarta:1.0.63.cl220420220328-1303(id=285)] I unregistering MBean org.apache.cxf:bus.id=restapi-Server-Bus,WorkQueueManager=Bus.WorkQueueManager,type=WorkQueueManager,instance.id=419406238
[02/05/2022 12:15:05:523 BRT] 00000031 com.ibm.ws.app.manager.AppMessageHelper                      E CWWKZ0002E: Ocorreu uma exceção ao iniciar o aplicativo restapi. A mensagem de exceção foi: com.ibm.ws.container.service.state.StateChangeException: org.jboss.weld.exceptions.DefinitionException: HV000151: A method overriding another method must not redefine the parameter constraint configuration, but method BrandDAO#save(Brand) redefines the configuration of GenericDAO#save(Object).
[02/05/2022 12:15:05:551 BRT] 00000026 com.ibm.ws.tcpchannel.internal.TCPPort                       I CWWKO0219I: O Canal TCP defaultHttpEndpoint foi iniciado e agora está atendendo solicitações no host localhost  (IPv4: 127.0.0.1) porta 9080.
[02/05/2022 12:15:05:555 BRT] 00000026 com.ibm.ws.tcpchannel.internal.TCPPort                       I CWWKO0219I: O Canal TCP wasJmsEndpoint464 foi iniciado e agora está atendendo solicitações no host localhost  (IPv4: 127.0.0.1) porta 7276.
[02/05/2022 12:15:05:556 BRT] 00000026 com.ibm.ws.tcpchannel.internal.TCPPort                       I CWWKO0219I: O Canal TCP defaultHttpEndpoint-ssl foi iniciado e agora está atendendo solicitações no host localhost  (IPv4: 127.0.0.1) porta 9443.
[02/05/2022 12:15:05:557 BRT] 00000026 com.ibm.ws.tcpchannel.internal.TCPPort                       I CWWKO0219I: O Canal TCP wasJmsEndpoint464-ssl foi iniciado e agora está atendendo solicitações no host localhost  (IPv4: 127.0.0.1) porta 7286.
[02/05/2022 12:15:05:566 BRT] 00000026 com.ibm.ws.kernel.feature.internal.FeatureManager            A CWWKF0012I: O servidor instalou os recursos a seguir: [appAuthentication-2.0, appAuthorization-2.0, appClientSupport-2.0, appSecurity-4.0, batch-2.0, beanValidation-3.0, cdi-3.0, concurrent-2.0, connectors-2.0, connectorsInboundSecurity-2.0, distributedMap-1.0, enterpriseBeans-4.0, enterpriseBeansHome-4.0, enterpriseBeansLite-4.0, enterpriseBeansPersistentTimer-4.0, enterpriseBeansRemote-4.0, expressionLanguage-4.0, faces-3.0, jakartaee-9.1, jdbc-4.2, jndi-1.0, json-1.0, jsonb-2.0, jsonp-2.0, jwt-1.0, mail-2.0, managedBeans-2.0, mdb-4.0, messaging-3.0, messagingClient-3.0, messagingSecurity-3.0, messagingServer-3.0, microProfile-5.0, monitor-1.0, mpConfig-3.0, mpFaultTolerance-4.0, mpHealth-4.0, mpJwt-2.0, mpMetrics-4.0, mpOpenAPI-3.0, mpOpenTracing-3.0, mpRestClient-3.0, pages-3.0, persistence-3.0, persistenceContainer-3.0, restConnector-2.0, restfulWS-3.0, restfulWSClient-3.0, servlet-5.0, ssl-1.0, transportSecurity-1.0, webProfile-9.1, websocket-2.0, xmlBinding-3.0, xmlWS-3.0].
[02/05/2022 12:15:05:566 BRT] 00000026 com.ibm.ws.kernel.feature.internal.FeatureManager            I CWWKF0008I: Atualização do recurso concluída em 16,280 segundos.
[02/05/2022 12:15:05:566 BRT] 00000026 com.ibm.ws.kernel.feature.internal.FeatureManager            A CWWKF0011I: O servidor defaultServer está pronto para gerenciar um planeta mais inteligente. O servidor defaultServer foi iniciado em 17,535 segundos.
[02/05/2022 12:15:08:666 BRT] 00000026 com.ibm.ws.app.manager.AppMessageHelper                      I CWWKZ0018I: Iniciando o aplicativo restapi.
[02/05/2022 12:15:08:666 BRT] 00000026 bm.ws.app.manager.war.internal.WARDeployedAppInfoFactoryImpl I CWWKZ0134I: O aplicativo restapi está usando a definição de aplicativo indefinido no local /Users/iratuan/Documents/Projetos/estudos/udemy_jaxrs/target/liberty/wlp/usr/servers/defaultServer/apps/restapi.war.xml.
[02/05/2022 12:15:09:652 BRT] 00000026 t.management.3.2.jakarta:1.0.63.cl220420220328-1303(id=285)] I registering MBean org.apache.cxf:bus.id=restapi-Server-Bus,type=Bus,instance.id=1340493636: org.apache.cxf.bus.ManagedBus@4f528c44
[02/05/2022 12:15:09:655 BRT] 00000026 t.management.3.2.jakarta:1.0.63.cl220420220328-1303(id=285)] I registered org.apache.cxf:bus.id=restapi-Server-Bus,type=Bus,instance.id=1340493636
[02/05/2022 12:15:09:666 BRT] 00000026 t.management.3.2.jakarta:1.0.63.cl220420220328-1303(id=285)] I registering MBean org.apache.cxf:bus.id=restapi-Server-Bus,WorkQueueManager=Bus.WorkQueueManager,type=WorkQueueManager,instance.id=404289719: org.apache.cxf.bus.managers.WorkQueueManagerImplMBeanWrapper@65f9189f
[02/05/2022 12:15:13:198 BRT] 00000026 liberty.microprofile.openapi20.internal.ApplicationProcessor I CWWKO1660I: O aplicativo restapi foi processado e um documento OpenAPI foi produzido.
[02/05/2022 12:15:14:064 BRT] 00000026 org.jboss.weld.Event                                         I WELD-000411: Observer method [BackedAnnotatedMethod] org.apache.myfaces.config.annotation.CdiAnnotationProviderExtension.processAnnotatedType(@Observes ProcessAnnotatedType<T>) receives events for all annotated types. Consider restricting events using @WithAnnotations or a generic type with bounds.
[02/05/2022 12:15:14:074 BRT] 00000026 org.jboss.weld.Event                                         I WELD-000411: Observer method [BackedAnnotatedMethod] org.apache.myfaces.cdi.JsfArtifactProducerExtension.processAnnotatedType(@Observes ProcessAnnotatedType<T>, BeanManager) receives events for all annotated types. Consider restricting events using @WithAnnotations or a generic type with bounds.
[02/05/2022 12:15:14:266 BRT] 00000026 t.management.3.2.jakarta:1.0.63.cl220420220328-1303(id=285)] I unregistering MBean org.apache.cxf:bus.id=restapi-Server-Bus,WorkQueueManager=Bus.WorkQueueManager,type=WorkQueueManager,instance.id=404289719
[02/05/2022 12:15:14:266 BRT] 00000026 t.management.3.2.jakarta:1.0.63.cl220420220328-1303(id=285)] I unregistering MBean org.apache.cxf:bus.id=restapi-Server-Bus,type=Bus,instance.id=1340493636
[02/05/2022 12:15:14:271 BRT] 00000026 com.ibm.ws.app.manager.AppMessageHelper                      E CWWKZ0004E: Ocorreu uma exceção ao iniciar o aplicativo restapi. A mensagem de exceção foi: com.ibm.ws.container.service.state.StateChangeException: org.jboss.weld.exceptions.DefinitionException: HV000151: A method overriding another method must not redefine the parameter constraint configuration, but method BrandDAO#save(Brand) redefines the configuration of GenericDAO#save(Object).
[02/05/2022 12:15:14:279 BRT] 00000026 com.ibm.ws.app.manager.AppMessageHelper                      I CWWKZ0018I: Iniciando o aplicativo restapi.
[02/05/2022 12:15:14:279 BRT] 00000026 bm.ws.app.manager.war.internal.WARDeployedAppInfoFactoryImpl I CWWKZ0134I: O aplicativo restapi está usando a definição de aplicativo indefinido no local /Users/iratuan/Documents/Projetos/estudos/udemy_jaxrs/target/liberty/wlp/usr/servers/defaultServer/apps/restapi.war.xml.
[02/05/2022 12:15:14:695 BRT] 00000026 t.management.3.2.jakarta:1.0.63.cl220420220328-1303(id=285)] I registering MBean org.apache.cxf:bus.id=restapi-Server-Bus,type=Bus,instance.id=1576197581: org.apache.cxf.bus.ManagedBus@5b2fa130
[02/05/2022 12:15:14:696 BRT] 00000026 t.management.3.2.jakarta:1.0.63.cl220420220328-1303(id=285)] I registered org.apache.cxf:bus.id=restapi-Server-Bus,type=Bus,instance.id=1576197581
[02/05/2022 12:15:14:699 BRT] 00000026 t.management.3.2.jakarta:1.0.63.cl220420220328-1303(id=285)] I registering MBean org.apache.cxf:bus.id=restapi-Server-Bus,WorkQueueManager=Bus.WorkQueueManager,type=WorkQueueManager,instance.id=450383691: org.apache.cxf.bus.managers.WorkQueueManagerImplMBeanWrapper@518ff568
[02/05/2022 12:15:17:139 BRT] 00000026 liberty.microprofile.openapi20.internal.ApplicationProcessor I CWWKO1660I: O aplicativo restapi foi processado e um documento OpenAPI foi produzido.
[02/05/2022 12:15:17:796 BRT] 00000026 org.jboss.weld.Event                                         I WELD-000411: Observer method [BackedAnnotatedMethod] org.apache.myfaces.cdi.JsfArtifactProducerExtension.processAnnotatedType(@Observes ProcessAnnotatedType<T>, BeanManager) receives events for all annotated types. Consider restricting events using @WithAnnotations or a generic type with bounds.
[02/05/2022 12:15:17:800 BRT] 00000026 org.jboss.weld.Event                                         I WELD-000411: Observer method [BackedAnnotatedMethod] org.apache.myfaces.config.annotation.CdiAnnotationProviderExtension.processAnnotatedType(@Observes ProcessAnnotatedType<T>) receives events for all annotated types. Consider restricting events using @WithAnnotations or a generic type with bounds.
[02/05/2022 12:15:17:912 BRT] 00000026 t.management.3.2.jakarta:1.0.63.cl220420220328-1303(id=285)] I unregistering MBean org.apache.cxf:bus.id=restapi-Server-Bus,WorkQueueManager=Bus.WorkQueueManager,type=WorkQueueManager,instance.id=450383691
[02/05/2022 12:15:17:913 BRT] 00000026 t.management.3.2.jakarta:1.0.63.cl220420220328-1303(id=285)] I unregistering MBean org.apache.cxf:bus.id=restapi-Server-Bus,type=Bus,instance.id=1576197581
[02/05/2022 12:15:17:917 BRT] 00000026 com.ibm.ws.app.manager.AppMessageHelper                      E CWWKZ0004E: Ocorreu uma exceção ao iniciar o aplicativo restapi. A mensagem de exceção foi: com.ibm.ws.container.service.state.StateChangeException: org.jboss.weld.exceptions.DefinitionException: HV000151: A method overriding another method must not redefine the parameter constraint configuration, but method BrandDAO#save(Brand) redefines the configuration of GenericDAO#save(Object).
[02/05/2022 12:17:52:189 BRT] 0000007b com.ibm.ws.app.manager.AppMessageHelper                      I CWWKZ0018I: Iniciando o aplicativo restapi.
[02/05/2022 12:17:52:190 BRT] 0000007b bm.ws.app.manager.war.internal.WARDeployedAppInfoFactoryImpl I CWWKZ0134I: O aplicativo restapi está usando a definição de aplicativo indefinido no local /Users/iratuan/Documents/Projetos/estudos/udemy_jaxrs/target/liberty/wlp/usr/servers/defaultServer/apps/restapi.war.xml.
[02/05/2022 12:17:53:898 BRT] 0000007b t.management.3.2.jakarta:1.0.63.cl220420220328-1303(id=285)] I registering MBean org.apache.cxf:bus.id=restapi-Server-Bus,type=Bus,instance.id=702007167: org.apache.cxf.bus.ManagedBus@5ed23654
[02/05/2022 12:17:53:900 BRT] 0000007b t.management.3.2.jakarta:1.0.63.cl220420220328-1303(id=285)] I registered org.apache.cxf:bus.id=restapi-Server-Bus,type=Bus,instance.id=702007167
[02/05/2022 12:17:53:905 BRT] 0000007b t.management.3.2.jakarta:1.0.63.cl220420220328-1303(id=285)] I registering MBean org.apache.cxf:bus.id=restapi-Server-Bus,WorkQueueManager=Bus.WorkQueueManager,type=WorkQueueManager,instance.id=1703376880: org.apache.cxf.bus.managers.WorkQueueManagerImplMBeanWrapper@727ca800
[02/05/2022 12:17:57:351 BRT] 0000007b liberty.microprofile.openapi20.internal.ApplicationProcessor I CWWKO1660I: O aplicativo restapi foi processado e um documento OpenAPI foi produzido.
[02/05/2022 12:17:58:447 BRT] 0000007b org.jboss.weld.Event                                         I WELD-000411: Observer method [BackedAnnotatedMethod] org.apache.myfaces.config.annotation.CdiAnnotationProviderExtension.processAnnotatedType(@Observes ProcessAnnotatedType<T>) receives events for all annotated types. Consider restricting events using @WithAnnotations or a generic type with bounds.
[02/05/2022 12:17:58:452 BRT] 0000007b org.jboss.weld.Event                                         I WELD-000411: Observer method [BackedAnnotatedMethod] org.apache.myfaces.cdi.JsfArtifactProducerExtension.processAnnotatedType(@Observes ProcessAnnotatedType<T>, BeanManager) receives events for all annotated types. Consider restricting events using @WithAnnotations or a generic type with bounds.
[02/05/2022 12:17:58:627 BRT] 0000007b t.management.3.2.jakarta:1.0.63.cl220420220328-1303(id=285)] I unregistering MBean org.apache.cxf:bus.id=restapi-Server-Bus,WorkQueueManager=Bus.WorkQueueManager,type=WorkQueueManager,instance.id=1703376880
[02/05/2022 12:17:58:627 BRT] 0000007b t.management.3.2.jakarta:1.0.63.cl220420220328-1303(id=285)] I unregistering MBean org.apache.cxf:bus.id=restapi-Server-Bus,type=Bus,instance.id=702007167
[02/05/2022 12:17:58:632 BRT] 0000007b com.ibm.ws.app.manager.AppMessageHelper                      E CWWKZ0004E: Ocorreu uma exceção ao iniciar o aplicativo restapi. A mensagem de exceção foi: com.ibm.ws.container.service.state.StateChangeException: org.jboss.weld.exceptions.DefinitionException: HV000151: A method overriding another method must not redefine the parameter constraint configuration, but method BrandDAO#save(Brand) redefines the configuration of GenericDAO#save(Object).
[02/05/2022 12:17:58:637 BRT] 0000007b com.ibm.ws.app.manager.AppMessageHelper                      I CWWKZ0018I: Iniciando o aplicativo restapi.
[02/05/2022 12:17:58:638 BRT] 0000007b bm.ws.app.manager.war.internal.WARDeployedAppInfoFactoryImpl I CWWKZ0134I: O aplicativo restapi está usando a definição de aplicativo indefinido no local /Users/iratuan/Documents/Projetos/estudos/udemy_jaxrs/target/liberty/wlp/usr/servers/defaultServer/apps/restapi.war.xml.
[02/05/2022 12:17:59:333 BRT] 0000007b t.management.3.2.jakarta:1.0.63.cl220420220328-1303(id=285)] I registering MBean org.apache.cxf:bus.id=restapi-Server-Bus,type=Bus,instance.id=1398481883: org.apache.cxf.bus.ManagedBus@500e698a
[02/05/2022 12:17:59:334 BRT] 0000007b t.management.3.2.jakarta:1.0.63.cl220420220328-1303(id=285)] I registered org.apache.cxf:bus.id=restapi-Server-Bus,type=Bus,instance.id=1398481883
[02/05/2022 12:17:59:338 BRT] 0000007b t.management.3.2.jakarta:1.0.63.cl220420220328-1303(id=285)] I registering MBean org.apache.cxf:bus.id=restapi-Server-Bus,WorkQueueManager=Bus.WorkQueueManager,type=WorkQueueManager,instance.id=1441402287: org.apache.cxf.bus.managers.WorkQueueManagerImplMBeanWrapper@5f25a932
[02/05/2022 12:18:02:295 BRT] 0000007b liberty.microprofile.openapi20.internal.ApplicationProcessor I CWWKO1660I: O aplicativo restapi foi processado e um documento OpenAPI foi produzido.
[02/05/2022 12:18:03:527 BRT] 0000007b org.jboss.weld.Event                                         I WELD-000411: Observer method [BackedAnnotatedMethod] org.apache.myfaces.cdi.JsfArtifactProducerExtension.processAnnotatedType(@Observes ProcessAnnotatedType<T>, BeanManager) receives events for all annotated types. Consider restricting events using @WithAnnotations or a generic type with bounds.
[02/05/2022 12:18:03:538 BRT] 0000007b org.jboss.weld.Event                                         I WELD-000411: Observer method [BackedAnnotatedMethod] org.apache.myfaces.config.annotation.CdiAnnotationProviderExtension.processAnnotatedType(@Observes ProcessAnnotatedType<T>) receives events for all annotated types. Consider restricting events using @WithAnnotations or a generic type with bounds.
[02/05/2022 12:18:03:743 BRT] 0000007b t.management.3.2.jakarta:1.0.63.cl220420220328-1303(id=285)] I unregistering MBean org.apache.cxf:bus.id=restapi-Server-Bus,type=Bus,instance.id=1398481883
[02/05/2022 12:18:03:744 BRT] 0000007b t.management.3.2.jakarta:1.0.63.cl220420220328-1303(id=285)] I unregistering MBean org.apache.cxf:bus.id=restapi-Server-Bus,WorkQueueManager=Bus.WorkQueueManager,type=WorkQueueManager,instance.id=1441402287
[02/05/2022 12:18:03:749 BRT] 0000007b com.ibm.ws.app.manager.AppMessageHelper                      E CWWKZ0004E: Ocorreu uma exceção ao iniciar o aplicativo restapi. A mensagem de exceção foi: com.ibm.ws.container.service.state.StateChangeException: org.jboss.weld.exceptions.DefinitionException: HV000151: A method overriding another method must not redefine the parameter constraint configuration, but method BrandDAO#save(Brand) redefines the configuration of GenericDAO#save(Object).
[02/05/2022 12:18:03:761 BRT] 0000007b com.ibm.ws.app.manager.AppMessageHelper                      I CWWKZ0018I: Iniciando o aplicativo restapi.
[02/05/2022 12:18:03:761 BRT] 0000007b bm.ws.app.manager.war.internal.WARDeployedAppInfoFactoryImpl I CWWKZ0134I: O aplicativo restapi está usando a definição de aplicativo indefinido no local /Users/iratuan/Documents/Projetos/estudos/udemy_jaxrs/target/liberty/wlp/usr/servers/defaultServer/apps/restapi.war.xml.
[02/05/2022 12:18:04:224 BRT] 0000007b t.management.3.2.jakarta:1.0.63.cl220420220328-1303(id=285)] I registering MBean org.apache.cxf:bus.id=restapi-Server-Bus,type=Bus,instance.id=156261366: org.apache.cxf.bus.ManagedBus@1b0c33c3
[02/05/2022 12:18:04:225 BRT] 0000007b t.management.3.2.jakarta:1.0.63.cl220420220328-1303(id=285)] I registered org.apache.cxf:bus.id=restapi-Server-Bus,type=Bus,instance.id=156261366
[02/05/2022 12:18:04:227 BRT] 0000007b t.management.3.2.jakarta:1.0.63.cl220420220328-1303(id=285)] I registering MBean org.apache.cxf:bus.id=restapi-Server-Bus,WorkQueueManager=Bus.WorkQueueManager,type=WorkQueueManager,instance.id=1034727635: org.apache.cxf.bus.managers.WorkQueueManagerImplMBeanWrapper@3628c37b
[02/05/2022 12:18:06:282 BRT] 0000007b liberty.microprofile.openapi20.internal.ApplicationProcessor I CWWKO1660I: O aplicativo restapi foi processado e um documento OpenAPI foi produzido.
[02/05/2022 12:18:07:033 BRT] 0000007b org.jboss.weld.Event                                         I WELD-000411: Observer method [BackedAnnotatedMethod] org.apache.myfaces.cdi.JsfArtifactProducerExtension.processAnnotatedType(@Observes ProcessAnnotatedType<T>, BeanManager) receives events for all annotated types. Consider restricting events using @WithAnnotations or a generic type with bounds.
[02/05/2022 12:18:07:043 BRT] 0000007b org.jboss.weld.Event                                         I WELD-000411: Observer method [BackedAnnotatedMethod] org.apache.myfaces.config.annotation.CdiAnnotationProviderExtension.processAnnotatedType(@Observes ProcessAnnotatedType<T>) receives events for all annotated types. Consider restricting events using @WithAnnotations or a generic type with bounds.
[02/05/2022 12:18:07:178 BRT] 0000007b t.management.3.2.jakarta:1.0.63.cl220420220328-1303(id=285)] I unregistering MBean org.apache.cxf:bus.id=restapi-Server-Bus,type=Bus,instance.id=156261366
[02/05/2022 12:18:07:178 BRT] 0000007b t.management.3.2.jakarta:1.0.63.cl220420220328-1303(id=285)] I unregistering MBean org.apache.cxf:bus.id=restapi-Server-Bus,WorkQueueManager=Bus.WorkQueueManager,type=WorkQueueManager,instance.id=1034727635
[02/05/2022 12:18:07:182 BRT] 0000007b com.ibm.ws.app.manager.AppMessageHelper                      E CWWKZ0004E: Ocorreu uma exceção ao iniciar o aplicativo restapi. A mensagem de exceção foi: com.ibm.ws.container.service.state.StateChangeException: org.jboss.weld.exceptions.DefinitionException: HV000151: A method overriding another method must not redefine the parameter constraint configuration, but method BrandDAO#save(Brand) redefines the configuration of GenericDAO#save(Object).
[02/05/2022 12:18:21:474 BRT] 00000015 com.ibm.ws.kernel.launch.internal.FrameworkManager           A CWWKE0085I: O servidor defaultServer está parando porque a JVM está saindo.
[02/05/2022 12:18:21:476 BRT] 00000093 com.ibm.ws.runtime.update.internal.RuntimeUpdateManagerImpl  A CWWKE1100I: Aguardando até 30 segundos para o servidor ser colocado em modo quiesce.
[02/05/2022 12:18:21:486 BRT] 00000078 com.ibm.ws.tcpchannel.internal.TCPChannel                    I CWWKO0220I: O Canal TCP defaultHttpEndpoint-ssl interrompeu o atendimento das solicitações no host localhost  (IPv4: 127.0.0.1) porta 9443.
[02/05/2022 12:18:21:490 BRT] 00000078 com.ibm.ws.tcpchannel.internal.TCPChannel                    I CWWKO0220I: O Canal TCP wasJmsEndpoint464 interrompeu o atendimento das solicitações no host localhost  (IPv4: 127.0.0.1) porta 7276.
[02/05/2022 12:18:21:490 BRT] 00000078 com.ibm.ws.tcpchannel.internal.TCPChannel                    I CWWKO0220I: O Canal TCP defaultHttpEndpoint interrompeu o atendimento das solicitações no host localhost  (IPv4: 127.0.0.1) porta 9080.
[02/05/2022 12:18:21:491 BRT] 00000078 com.ibm.ws.http.internal.VirtualHostImpl                     A CWWKT0017I: Aplicativo da Web removido (default_host): http://localhost:9080/jwt/
[02/05/2022 12:18:21:491 BRT] 00000078 com.ibm.ws.http.internal.VirtualHostImpl                     A CWWKT0017I: Aplicativo da Web removido (default_host): http://localhost:9080/openapi/platform/
[02/05/2022 12:18:21:491 BRT] 00000078 com.ibm.ws.http.internal.VirtualHostImpl                     A CWWKT0017I: Aplicativo da Web removido (default_host): http://localhost:9080/openapi/ui/
[02/05/2022 12:18:21:491 BRT] 00000078 com.ibm.ws.http.internal.VirtualHostImpl                     A CWWKT0017I: Aplicativo da Web removido (default_host): http://localhost:9080/health/
[02/05/2022 12:18:21:491 BRT] 00000078 com.ibm.ws.http.internal.VirtualHostImpl                     A CWWKT0017I: Aplicativo da Web removido (default_host): http://localhost:9080/metrics/
[02/05/2022 12:18:21:491 BRT] 00000078 com.ibm.ws.http.internal.VirtualHostImpl                     A CWWKT0017I: Aplicativo da Web removido (default_host): http://localhost:9080/IBMJMXConnectorREST/
[02/05/2022 12:18:21:491 BRT] 00000078 com.ibm.ws.http.internal.VirtualHostImpl                     A CWWKT0017I: Aplicativo da Web removido (default_host): http://localhost:9080/ibm/api/
[02/05/2022 12:18:21:491 BRT] 00000078 com.ibm.ws.http.internal.VirtualHostImpl                     A CWWKT0017I: Aplicativo da Web removido (default_host): http://localhost:9080/openapi/
[02/05/2022 12:18:21:493 BRT] 00000078 com.ibm.ws.tcpchannel.internal.TCPChannel                    I CWWKO0220I: O Canal TCP wasJmsEndpoint464-ssl interrompeu o atendimento das solicitações no host localhost  (IPv4: 127.0.0.1) porta 7286.
[02/05/2022 12:18:21:836 BRT] 00000016 com.ibm.ws.kernel.launch.internal.ServerCommandListener      A CWWKE0055I: Encerramento do servidor solicitado em segunda-feira, 2 de maio de 2022 às 12:18. O servidor defaultServer está sendo encerrado.
[02/05/2022 12:18:22:498 BRT] 00000093 com.ibm.ws.runtime.update.internal.RuntimeUpdateManagerImpl  I CWWKE1101I: Colocação em modo quiesce do servidor concluída.
[02/05/2022 12:18:22:805 BRT] 00000093 com.ibm.ws.transport.iiop.internal.ORBWrapperInternal        A CWWKI0002I: O servidor de nome CORBA não está mais disponível em corbaloc:iiop:localhost:2809/NameService.
[02/05/2022 12:18:22:873 BRT] 00000093 com.ibm.tx.jta.impl.FailureScopeController                   A WTRN0105I: O serviço de transações foi encerrado com êxito sem necessidade de recuperação de transações.
[02/05/2022 12:18:23:028 BRT] 00000093 .microprofile.metrics.internal.monitor.MonitorMetricsHandler I CWPMI2004I: Todas as métricas de monitoramento tiveram seu registro cancelado do mpMetrics.
[02/05/2022 12:18:23:069 BRT] 00000093 rty.security.mp.jwt.v12.config.impl.MpConfigProxyServiceImpl I CWWKS5782I: O MicroProfile JWT versão 1.2 mpConfigProxy foi desativado com sucesso.
[02/05/2022 12:18:23:072 BRT] 00000093 .ws.security.mp.jwt.v11.config.impl.MpConfigProxyServiceImpl I CWWKS5777I: O mpConfigProxy do MicroProfile JWT versão 1.1 foi desativado com sucesso.
[02/05/2022 12:18:23:078 BRT] 00000093 com.ibm.ws.security.mp.jwt.impl.MicroProfileJwtConfigImpl    I CWWKS5502I: A configuração do MicroProfile JWT [defaultMpJwt] foi desativada com sucesso.
[02/05/2022 12:18:23:079 BRT] 00000093 com.ibm.ws.security.mp.jwt.impl.MicroProfileJwtServiceImpl   I CWWKS5502I: A configuração do MicroProfile JWT [MicroProfileJwtService] foi desativada com sucesso.
[02/05/2022 12:18:23:283 BRT] 00000093 ibm.ws.security.authentication.internal.jaas.JAASServiceImpl I CWWKS1124I: O plug-in de autenticação coletivo com o nome de classe NullCollectiveAuthenticationPlugin foi desativado. 
[02/05/2022 12:18:23:301 BRT] 00000093 com.ibm.ws.security.ready.internal.SecurityReadyServiceImpl  I CWWKS0009I: O serviço de segurança parou.
[02/05/2022 12:18:23:925 BRT] 00000093 com.ibm.ws.sib.utils.ras.SibMessage                          I  CWSIS1589I: O armazenamento de arquivos foi parado com êxito.
[02/05/2022 12:18:24:077 BRT] 00000093 com.ibm.ws.sib.utils.ras.SibMessage                          I  CWSID0121I: Servidor JMS interrompido.  
[02/05/2022 12:18:25:139 BRT] 00000001 com.ibm.ws.kernel.launch.internal.FrameworkManager           A CWWKE0036I: O servidor defaultServer foi interrompido depois de 3 minutos, 37,104 segundos.
